#
# There is insufficient memory for the Java Runtime Environment to continue.
# Native memory allocation (mmap) failed to map 198705152 bytes for committing reserved memory.
# Possible reasons:
#   The system is out of physical RAM or swap space
#   In 32 bit mode, the process size limit was hit
# Possible solutions:
#   Reduce memory load on the system
#   Increase physical memory or swap space
#   Check if swap backing store is full
#   Use 64 bit Java on a 64 bit OS
#   Decrease Java heap size (-Xmx/-Xms)
#   Decrease number of Java threads
#   Decrease Java thread stack sizes (-Xss)
#   Set larger code cache with -XX:ReservedCodeCacheSize=
# This output file may be truncated or incomplete.
#
#  Out of Memory Error (os_linux.cpp:2643), pid=891, tid=0x00007f5e0ebeb700
#
# JRE version: OpenJDK Runtime Environment (8.0_144-b01) (build 1.8.0_144-8u144-b01-2-b01)
# Java VM: OpenJDK 64-Bit Server VM (25.144-b01 mixed mode linux-amd64 compressed oops)
# Failed to write core dump. Core dumps have been disabled. To enable core dumping, try "ulimit -c unlimited" before starting Java again
#

---------------  T H R E A D  ---------------

Current thread (0x00007f5e241c7800):  VMThread [stack: 0x00007f5e0eaeb000,0x00007f5e0ebec000] [id=903]

Stack: [0x00007f5e0eaeb000,0x00007f5e0ebec000],  sp=0x00007f5e0ebea490,  free space=1021k
Native frames: (J=compiled Java code, j=interpreted, Vv=VM code, C=native code)
V  [libjvm.so+0xaa6172]
V  [libjvm.so+0x4d6d67]
V  [libjvm.so+0x8e2730]
V  [libjvm.so+0x8dcd9e]
V  [libjvm.so+0x95cc06]
V  [libjvm.so+0x95df78]
V  [libjvm.so+0x95a576]
V  [libjvm.so+0x95a90c]
V  [libjvm.so+0x909458]
V  [libjvm.so+0xaa7de2]
V  [libjvm.so+0xaac8b6]
V  [libjvm.so+0xaaac35]
V  [libjvm.so+0xaab5ad]
V  [libjvm.so+0xaab987]
V  [libjvm.so+0x8dfc82]

VM_Operation (0x00007f5e04ffd500): ParallelGCFailedAllocation, mode: safepoint, requested by thread 0x00007f5e2598d800


---------------  P R O C E S S  ---------------

Java Threads: ( => current thread )
  0x00007f5e2598d800 JavaThread "MemoryStore snapshot cleanup" daemon [_thread_blocked, id=1157, stack(0x00007f5e04efe000,0x00007f5e04fff000)]
  0x00007f5e24214800 JavaThread "Service Thread" daemon [_thread_blocked, id=911, stack(0x00007f5e0e006000,0x00007f5e0e107000)]
  0x00007f5e24207000 JavaThread "C1 CompilerThread3" daemon [_thread_blocked, id=910, stack(0x00007f5e0e107000,0x00007f5e0e208000)]
  0x00007f5e24203000 JavaThread "C2 CompilerThread2" daemon [_thread_blocked, id=909, stack(0x00007f5e0e208000,0x00007f5e0e309000)]
  0x00007f5e24201000 JavaThread "C2 CompilerThread1" daemon [_thread_blocked, id=908, stack(0x00007f5e0e309000,0x00007f5e0e40a000)]
  0x00007f5e241fe000 JavaThread "C2 CompilerThread0" daemon [_thread_blocked, id=907, stack(0x00007f5e0e40a000,0x00007f5e0e50b000)]
  0x00007f5e241fc000 JavaThread "Signal Dispatcher" daemon [_thread_blocked, id=906, stack(0x00007f5e0e50b000,0x00007f5e0e60c000)]
  0x00007f5e241d3800 JavaThread "Finalizer" daemon [_thread_blocked, id=905, stack(0x00007f5e0e8e9000,0x00007f5e0e9ea000)]
  0x00007f5e241cf000 JavaThread "Reference Handler" daemon [_thread_blocked, id=904, stack(0x00007f5e0e9ea000,0x00007f5e0eaeb000)]
  0x00007f5e2400a800 JavaThread "main" [_thread_blocked, id=894, stack(0x00007f5e2da1e000,0x00007f5e2db1f000)]

Other Threads:
=>0x00007f5e241c7800 VMThread [stack: 0x00007f5e0eaeb000,0x00007f5e0ebec000] [id=903]
  0x00007f5e24217000 WatcherThread [stack: 0x00007f5e0df05000,0x00007f5e0e006000] [id=912]

VM state:at safepoint (normal execution)

VM Mutex/Monitor currently owned by a thread:  ([mutex/lock_event])
[0x00007f5e24006e40] Threads_lock - owner thread: 0x00007f5e241c7800
[0x00007f5e24007340] Heap_lock - owner thread: 0x00007f5e2598d800

Heap:
 PSYoungGen      total 1140736K, used 19237K [0x000000076cf00000, 0x00000007b4280000, 0x00000007c0000000)
  eden space 1117696K, 0% used [0x000000076cf00000,0x000000076cf00000,0x00000007b1280000)
  from space 23040K, 83% used [0x00000007b1280000,0x00000007b2549670,0x00000007b2900000)
  to   space 20992K, 0% used [0x00000007b2900000,0x00000007b2900000,0x00000007b3d80000)
 ParOldGen       total 144384K, used 19199K [0x00000006c6c00000, 0x00000006cf900000, 0x000000076cf00000)
  object space 144384K, 13% used [0x00000006c6c00000,0x00000006c7ebfe40,0x00000006cf900000)
 Metaspace       used 37164K, capacity 38804K, committed 38912K, reserved 1083392K
  class space    used 4225K, capacity 4509K, committed 4608K, reserved 1048576K

Card table byte_map: [0x00007f5e29872000,0x00007f5e2a03d000] byte_map_base: 0x00007f5e2623c000

Marking Bits: (ParMarkBitMap*) 0x00007f5e2ccdd0e0
 Begin Bits: [0x00007f5dd8360000, 0x00007f5ddc1b0000)
 End Bits:   [0x00007f5ddc1b0000, 0x00007f5de0000000)

Polling page: 0x00007f5e2db4c000

CodeCache: size=245760Kb used=34300Kb max_used=34300Kb free=211459Kb
 bounds [0x00007f5e15000000, 0x00007f5e171b0000, 0x00007f5e24000000]
 total_blobs=8938 nmethods=8458 adapters=393
 compilation: enabled

Compilation events (10 events):
Event: 23,767 Thread 0x00007f5e24207000 nmethod 10764 0x00007f5e17190a10 code [0x00007f5e17190b60, 0x00007f5e17190cb0]
Event: 23,767 Thread 0x00007f5e24207000 10765   !   3       org.eclipse.rdf4j.sail.memory.MemorySailStore$MemorySailSink::close (63 bytes)
Event: 23,768 Thread 0x00007f5e24207000 nmethod 10765 0x00007f5e17199cd0 code [0x00007f5e17199e80, 0x00007f5e1719a3a8]
Event: 23,776 Thread 0x00007f5e24207000 10766       3       org.eclipse.rdf4j.model.impl.SimpleLiteral::calendarValue (8 bytes)
Event: 23,776 Thread 0x00007f5e24207000 nmethod 10766 0x00007f5e1719c110 code [0x00007f5e1719c280, 0x00007f5e1719c588]
Event: 23,776 Thread 0x00007f5e24207000 10767       3       org.eclipse.rdf4j.model.datatypes.XMLDatatypeUtil::parseCalendar (8 bytes)
Event: 23,777 Thread 0x00007f5e24207000 nmethod 10767 0x00007f5e171947d0 code [0x00007f5e17194940, 0x00007f5e17194b48]
Event: 23,777 Thread 0x00007f5e24207000 10768       3       com.sun.org.apache.xerces.internal.jaxp.datatype.DatatypeFactoryImpl::newXMLGregorianCalendar (9 bytes)
Event: 23,777 Thread 0x00007f5e24207000 nmethod 10768 0x00007f5e171998d0 code [0x00007f5e17199a40, 0x00007f5e17199c28]
Event: 23,777 Thread 0x00007f5e24207000 10769       3       com.sun.org.apache.xerces.internal.jaxp.datatype.XMLGregorianCalendarImpl::<init> (293 bytes)

GC Heap History (10 events):
Event: 16,467 GC heap after
Heap after GC invocations=20 (full 2):
 PSYoungGen      total 898560K, used 14954K [0x000000076cf00000, 0x00000007a5000000, 0x00000007c0000000)
  eden space 881664K, 0% used [0x000000076cf00000,0x000000076cf00000,0x00000007a2c00000)
  from space 16896K, 88% used [0x00000007a3d80000,0x00000007a4c1abe8,0x00000007a4e00000)
  to   space 17920K, 0% used [0x00000007a2c00000,0x00000007a2c00000,0x00000007a3d80000)
 ParOldGen       total 144384K, used 19159K [0x00000006c6c00000, 0x00000006cf900000, 0x000000076cf00000)
  object space 144384K, 13% used [0x00000006c6c00000,0x00000006c7eb5e40,0x00000006cf900000)
 Metaspace       used 36661K, capacity 38118K, committed 38272K, reserved 1083392K
  class space    used 4208K, capacity 4480K, committed 4480K, reserved 1048576K
}
Event: 17,931 GC heap before
{Heap before GC invocations=21 (full 2):
 PSYoungGen      total 898560K, used 896618K [0x000000076cf00000, 0x00000007a5000000, 0x00000007c0000000)
  eden space 881664K, 100% used [0x000000076cf00000,0x00000007a2c00000,0x00000007a2c00000)
  from space 16896K, 88% used [0x00000007a3d80000,0x00000007a4c1abe8,0x00000007a4e00000)
  to   space 17920K, 0% used [0x00000007a2c00000,0x00000007a2c00000,0x00000007a3d80000)
 ParOldGen       total 144384K, used 19159K [0x00000006c6c00000, 0x00000006cf900000, 0x000000076cf00000)
  object space 144384K, 13% used [0x00000006c6c00000,0x00000006c7eb5e40,0x00000006cf900000)
 Metaspace       used 36756K, capacity 38246K, committed 38272K, reserved 1083392K
  class space    used 4209K, capacity 4480K, committed 4480K, reserved 1048576K
Event: 17,941 GC heap after
Heap after GC invocations=21 (full 2):
 PSYoungGen      total 899584K, used 14778K [0x000000076cf00000, 0x00000007abe80000, 0x00000007c0000000)
  eden space 881664K, 0% used [0x000000076cf00000,0x000000076cf00000,0x00000007a2c00000)
  from space 17920K, 82% used [0x00000007a2c00000,0x00000007a3a6eb38,0x00000007a3d80000)
  to   space 18944K, 0% used [0x00000007aac00000,0x00000007aac00000,0x00000007abe80000)
 ParOldGen       total 144384K, used 19167K [0x00000006c6c00000, 0x00000006cf900000, 0x000000076cf00000)
  object space 144384K, 13% used [0x00000006c6c00000,0x00000006c7eb7e40,0x00000006cf900000)
 Metaspace       used 36756K, capacity 38246K, committed 38272K, reserved 1083392K
  class space    used 4209K, capacity 4480K, committed 4480K, reserved 1048576K
}
Event: 19,228 GC heap before
{Heap before GC invocations=22 (full 2):
 PSYoungGen      total 899584K, used 896442K [0x000000076cf00000, 0x00000007abe80000, 0x00000007c0000000)
  eden space 881664K, 100% used [0x000000076cf00000,0x00000007a2c00000,0x00000007a2c00000)
  from space 17920K, 82% used [0x00000007a2c00000,0x00000007a3a6eb38,0x00000007a3d80000)
  to   space 18944K, 0% used [0x00000007aac00000,0x00000007aac00000,0x00000007abe80000)
 ParOldGen       total 144384K, used 19167K [0x00000006c6c00000, 0x00000006cf900000, 0x000000076cf00000)
  object space 144384K, 13% used [0x00000006c6c00000,0x00000006c7eb7e40,0x00000006cf900000)
 Metaspace       used 36962K, capacity 38444K, committed 38656K, reserved 1083392K
  class space    used 4209K, capacity 4481K, committed 4608K, reserved 1048576K
Event: 19,240 GC heap after
Heap after GC invocations=22 (full 2):
 PSYoungGen      total 1011712K, used 16474K [0x000000076cf00000, 0x00000007ac100000, 0x00000007c0000000)
  eden space 992768K, 0% used [0x000000076cf00000,0x000000076cf00000,0x00000007a9880000)
  from space 18944K, 86% used [0x00000007aac00000,0x00000007abc169d8,0x00000007abe80000)
  to   space 19968K, 0% used [0x00000007a9880000,0x00000007a9880000,0x00000007aac00000)
 ParOldGen       total 144384K, used 19175K [0x00000006c6c00000, 0x00000006cf900000, 0x000000076cf00000)
  object space 144384K, 13% used [0x00000006c6c00000,0x00000006c7eb9e40,0x00000006cf900000)
 Metaspace       used 36962K, capacity 38444K, committed 38656K, reserved 1083392K
  class space    used 4209K, capacity 4481K, committed 4608K, reserved 1048576K
}
Event: 20,676 GC heap before
{Heap before GC invocations=23 (full 2):
 PSYoungGen      total 1011712K, used 1009242K [0x000000076cf00000, 0x00000007ac100000, 0x00000007c0000000)
  eden space 992768K, 100% used [0x000000076cf00000,0x00000007a9880000,0x00000007a9880000)
  from space 18944K, 86% used [0x00000007aac00000,0x00000007abc169d8,0x00000007abe80000)
  to   space 19968K, 0% used [0x00000007a9880000,0x00000007a9880000,0x00000007aac00000)
 ParOldGen       total 144384K, used 19175K [0x00000006c6c00000, 0x00000006cf900000, 0x000000076cf00000)
  object space 144384K, 13% used [0x00000006c6c00000,0x00000006c7eb9e40,0x00000006cf900000)
 Metaspace       used 37023K, capacity 38514K, committed 38656K, reserved 1083392K
  class space    used 4211K, capacity 4482K, committed 4608K, reserved 1048576K
Event: 20,688 GC heap after
Heap after GC invocations=23 (full 2):
 PSYoungGen      total 1012736K, used 17258K [0x000000076cf00000, 0x00000007b3d80000, 0x00000007c0000000)
  eden space 992768K, 0% used [0x000000076cf00000,0x000000076cf00000,0x00000007a9880000)
  from space 19968K, 86% used [0x00000007a9880000,0x00000007aa95aa88,0x00000007aac00000)
  to   space 20992K, 0% used [0x00000007b2900000,0x00000007b2900000,0x00000007b3d80000)
 ParOldGen       total 144384K, used 19183K [0x00000006c6c00000, 0x00000006cf900000, 0x000000076cf00000)
  object space 144384K, 13% used [0x00000006c6c00000,0x00000006c7ebbe40,0x00000006cf900000)
 Metaspace       used 37023K, capacity 38514K, committed 38656K, reserved 1083392K
  class space    used 4211K, capacity 4482K, committed 4608K, reserved 1048576K
}
Event: 22,223 GC heap before
{Heap before GC invocations=24 (full 2):
 PSYoungGen      total 1012736K, used 1010026K [0x000000076cf00000, 0x00000007b3d80000, 0x00000007c0000000)
  eden space 992768K, 100% used [0x000000076cf00000,0x00000007a9880000,0x00000007a9880000)
  from space 19968K, 86% used [0x00000007a9880000,0x00000007aa95aa88,0x00000007aac00000)
  to   space 20992K, 0% used [0x00000007b2900000,0x00000007b2900000,0x00000007b3d80000)
 ParOldGen       total 144384K, used 19183K [0x00000006c6c00000, 0x00000006cf900000, 0x000000076cf00000)
  object space 144384K, 13% used [0x00000006c6c00000,0x00000006c7ebbe40,0x00000006cf900000)
 Metaspace       used 37085K, capacity 38518K, committed 38656K, reserved 1083392K
  class space    used 4211K, capacity 4482K, committed 4608K, reserved 1048576K
Event: 22,237 GC heap after
Heap after GC invocations=24 (full 2):
 PSYoungGen      total 1138688K, used 19834K [0x000000076cf00000, 0x00000007b4280000, 0x00000007c0000000)
  eden space 1117696K, 0% used [0x000000076cf00000,0x000000076cf00000,0x00000007b1280000)
  from space 20992K, 94% used [0x00000007b2900000,0x00000007b3c5e9d8,0x00000007b3d80000)
  to   space 23040K, 0% used [0x00000007b1280000,0x00000007b1280000,0x00000007b2900000)
 ParOldGen       total 144384K, used 19191K [0x00000006c6c00000, 0x00000006cf900000, 0x000000076cf00000)
  object space 144384K, 13% used [0x00000006c6c00000,0x00000006c7ebde40,0x00000006cf900000)
 Metaspace       used 37085K, capacity 38518K, committed 38656K, reserved 1083392K
  class space    used 4211K, capacity 4482K, committed 4608K, reserved 1048576K
}
Event: 23,779 GC heap before
{Heap before GC invocations=25 (full 2):
 PSYoungGen      total 1138688K, used 1137530K [0x000000076cf00000, 0x00000007b4280000, 0x00000007c0000000)
  eden space 1117696K, 100% used [0x000000076cf00000,0x00000007b1280000,0x00000007b1280000)
  from space 20992K, 94% used [0x00000007b2900000,0x00000007b3c5e9d8,0x00000007b3d80000)
  to   space 23040K, 0% used [0x00000007b1280000,0x00000007b1280000,0x00000007b2900000)
 ParOldGen       total 144384K, used 19191K [0x00000006c6c00000, 0x00000006cf900000, 0x000000076cf00000)
  object space 144384K, 13% used [0x00000006c6c00000,0x00000006c7ebde40,0x00000006cf900000)
 Metaspace       used 37164K, capacity 38804K, committed 38912K, reserved 1083392K
  class space    used 4225K, capacity 4509K, committed 4608K, reserved 1048576K

Deoptimization events (10 events):
Event: 22,220 Thread 0x00007f5e2400a800 Uncommon trap: reason=class_check action=maybe_recompile pc=0x00007f5e17023a40 method=com.google.common.collect.ImmutableList.copyOf(Ljava/lang/Iterable;)Lcom/google/common/collect/ImmutableList; @ 23
Event: 22,238 Thread 0x00007f5e2400a800 Uncommon trap: reason=class_check action=maybe_recompile pc=0x00007f5e17023a40 method=com.google.common.collect.ImmutableList.copyOf(Ljava/lang/Iterable;)Lcom/google/common/collect/ImmutableList; @ 23
Event: 22,242 Thread 0x00007f5e2400a800 Uncommon trap: reason=class_check action=maybe_recompile pc=0x00007f5e15bcdcdc method=com.google.common.collect.ImmutableList.copyOf(Ljava/lang/Iterable;)Lcom/google/common/collect/ImmutableList; @ 23
Event: 22,573 Thread 0x00007f5e2400a800 Uncommon trap: reason=null_check action=make_not_entrant pc=0x00007f5e170fbbb8 method=org.springframework.beans.factory.support.DisposableBeanAdapter.hasDestroyMethod(Ljava/lang/Object;Lorg/springframework/beans/factory/support/RootBeanDefinition;)Z @ 24
Event: 22,697 Thread 0x00007f5e2400a800 Uncommon trap: reason=class_check action=maybe_recompile pc=0x00007f5e15560074 method=org.eclipse.rdf4j.model.util.LexicalValueComparator.compare(Lorg/eclipse/rdf4j/model/Value;Lorg/eclipse/rdf4j/model/Value;)I @ 92
Event: 22,697 Thread 0x00007f5e2400a800 Uncommon trap: reason=class_check action=maybe_recompile pc=0x00007f5e15560074 method=org.eclipse.rdf4j.model.util.LexicalValueComparator.compare(Lorg/eclipse/rdf4j/model/Value;Lorg/eclipse/rdf4j/model/Value;)I @ 92
Event: 22,697 Thread 0x00007f5e2400a800 Uncommon trap: reason=class_check action=maybe_recompile pc=0x00007f5e15560074 method=org.eclipse.rdf4j.model.util.LexicalValueComparator.compare(Lorg/eclipse/rdf4j/model/Value;Lorg/eclipse/rdf4j/model/Value;)I @ 92
Event: 22,697 Thread 0x00007f5e2400a800 Uncommon trap: reason=class_check action=maybe_recompile pc=0x00007f5e15560074 method=org.eclipse.rdf4j.model.util.LexicalValueComparator.compare(Lorg/eclipse/rdf4j/model/Value;Lorg/eclipse/rdf4j/model/Value;)I @ 92
Event: 22,698 Thread 0x00007f5e2400a800 Uncommon trap: reason=class_check action=maybe_recompile pc=0x00007f5e15c895c0 method=org.eclipse.rdf4j.sail.memory.model.MemValueFactory.getOrCreateMemResource(Lorg/eclipse/rdf4j/model/Resource;)Lorg/eclipse/rdf4j/sail/memory/model/MemResource; @ 1
Event: 23,300 Thread 0x00007f5e2400a800 Uncommon trap: reason=null_check action=make_not_entrant pc=0x00007f5e17171cc0 method=springfox.documentation.spring.web.readers.operation.OperationParameterReader$3.apply(Ljava/lang/Class;)Z @ 3

Internal exceptions (10 events):
Event: 23,681 Thread 0x00007f5e2400a800 Exception <a 'java/lang/ClassNotFoundException': org/springframework/web/servlet/ViewResolverCustomizer> (0x00000007adf27b00) thrown at [/build/openjdk-8-Kjblax/openjdk-8-8u144-b01/src/hotspot/src/share/vm/classfile/systemDictionary.cpp, line 210]
Event: 23,681 Thread 0x00007f5e2400a800 Exception <a 'java/lang/ClassNotFoundException': org/springframework/web/context/ServletContextAwareCustomizer> (0x00000007adf4f218) thrown at [/build/openjdk-8-Kjblax/openjdk-8-8u144-b01/src/hotspot/src/share/vm/classfile/systemDictionary.cpp, line 210]
Event: 23,681 Thread 0x00007f5e2400a800 Exception <a 'java/lang/ClassNotFoundException': org/springframework/context/ApplicationContextAwareCustomizer> (0x00000007adf77018) thrown at [/build/openjdk-8-Kjblax/openjdk-8-8u144-b01/src/hotspot/src/share/vm/classfile/systemDictionary.cpp, line 210]
Event: 23,682 Thread 0x00007f5e2400a800 Exception <a 'java/lang/ClassNotFoundException': org/springframework/web/servlet/ViewResolverCustomizer> (0x00000007adfccc78) thrown at [/build/openjdk-8-Kjblax/openjdk-8-8u144-b01/src/hotspot/src/share/vm/classfile/systemDictionary.cpp, line 210]
Event: 23,682 Thread 0x00007f5e2400a800 Exception <a 'java/lang/ClassNotFoundException': org/springframework/core/OrderedCustomizer> (0x00000007adfea8d0) thrown at [/build/openjdk-8-Kjblax/openjdk-8-8u144-b01/src/hotspot/src/share/vm/classfile/systemDictionary.cpp, line 210]
Event: 23,683 Thread 0x00007f5e2400a800 Exception <a 'java/lang/ClassNotFoundException': org/springframework/beans/factory/InitializingBeanCustomizer> (0x00000007ae011688) thrown at [/build/openjdk-8-Kjblax/openjdk-8-8u144-b01/src/hotspot/src/share/vm/classfile/systemDictionary.cpp, line 210]
Event: 23,683 Thread 0x00007f5e2400a800 Exception <a 'java/lang/ClassNotFoundException': org/springframework/context/ApplicationContextAwareCustomizer> (0x00000007ae038a08) thrown at [/build/openjdk-8-Kjblax/openjdk-8-8u144-b01/src/hotspot/src/share/vm/classfile/systemDictionary.cpp, line 210]
Event: 23,683 Thread 0x00007f5e2400a800 Exception <a 'java/lang/ClassNotFoundException': org/springframework/web/context/ServletContextAwareCustomizer> (0x00000007ae060b90) thrown at [/build/openjdk-8-Kjblax/openjdk-8-8u144-b01/src/hotspot/src/share/vm/classfile/systemDictionary.cpp, line 210]
Event: 23,684 Thread 0x00007f5e2400a800 Exception <a 'java/lang/ClassNotFoundException': org/springframework/context/annotation/ConfigurationClassEnhancer$EnhancedConfigurationCustomizer> (0x00000007ae0ad9a0) thrown at [/build/openjdk-8-Kjblax/openjdk-8-8u144-b01/src/hotspot/src/share/vm/classf
Event: 23,684 Thread 0x00007f5e2400a800 Exception <a 'java/lang/ClassNotFoundException': springfox/documentation/spi/service/DocumentationPluginCustomizer> (0x00000007ae0e51f8) thrown at [/build/openjdk-8-Kjblax/openjdk-8-8u144-b01/src/hotspot/src/share/vm/classfile/systemDictionary.cpp, line 2

Events (10 events):
Event: 23,707 loading class org/joda/time/DateTime
Event: 23,707 loading class org/joda/time/DateTime done
Event: 23,707 loading class org/joda/time/ReadableDateTime
Event: 23,707 loading class org/joda/time/ReadableDateTime done
Event: 23,707 loading class org/joda/time/ReadableInstant
Event: 23,707 loading class org/joda/time/ReadableInstant done
Event: 23,707 loading class org/joda/time/DateMidnight
Event: 23,707 loading class org/joda/time/DateMidnight done
Event: 23,775 Thread 0x00007f5e2598d800 Thread added: 0x00007f5e2598d800
Event: 23,777 Executing VM operation: ParallelGCFailedAllocation


Dynamic libraries:
6c6c00000-6cf900000 rw-p 00000000 00:00 0 
6cf900000-76cf00000 ---p 00000000 00:00 0 
76cf00000-7b4280000 rw-p 00000000 00:00 0 
7c0000000-7c0480000 rw-p 00000000 00:00 0 
7c0480000-800000000 ---p 00000000 00:00 0 
5592fa0c7000-5592fa0c8000 r-xp 00000000 08:02 28311598                   /usr/lib/jvm/java-8-openjdk-amd64/jre/bin/java
5592fa2c7000-5592fa2c8000 r--p 00000000 08:02 28311598                   /usr/lib/jvm/java-8-openjdk-amd64/jre/bin/java
5592fa2c8000-5592fa2c9000 rw-p 00001000 08:02 28311598                   /usr/lib/jvm/java-8-openjdk-amd64/jre/bin/java
5592fb967000-5592fb988000 rw-p 00000000 00:00 0                          [heap]
7f5dac000000-7f5dac021000 rw-p 00000000 00:00 0 
7f5dac021000-7f5db0000000 ---p 00000000 00:00 0 
7f5db0000000-7f5db0021000 rw-p 00000000 00:00 0 
7f5db0021000-7f5db4000000 ---p 00000000 00:00 0 
7f5db4000000-7f5db5edb000 rw-p 00000000 00:00 0 
7f5db5edb000-7f5db8000000 ---p 00000000 00:00 0 
7f5db8000000-7f5db8021000 rw-p 00000000 00:00 0 
7f5db8021000-7f5dbc000000 ---p 00000000 00:00 0 
7f5dbc000000-7f5dbe2a4000 rw-p 00000000 00:00 0 
7f5dbe2a4000-7f5dc0000000 ---p 00000000 00:00 0 
7f5dc0000000-7f5dc1f79000 rw-p 00000000 00:00 0 
7f5dc1f79000-7f5dc4000000 ---p 00000000 00:00 0 
7f5dc4000000-7f5dc4021000 rw-p 00000000 00:00 0 
7f5dc4021000-7f5dc8000000 ---p 00000000 00:00 0 
7f5dc8000000-7f5dca1ae000 rw-p 00000000 00:00 0 
7f5dca1ae000-7f5dcc000000 ---p 00000000 00:00 0 
7f5dcc000000-7f5dcc021000 rw-p 00000000 00:00 0 
7f5dcc021000-7f5dd0000000 ---p 00000000 00:00 0 
7f5dd0000000-7f5dd0021000 rw-p 00000000 00:00 0 
7f5dd0021000-7f5dd4000000 ---p 00000000 00:00 0 
7f5dd4000000-7f5dd402c000 rw-p 00000000 00:00 0 
7f5dd402c000-7f5dd8000000 ---p 00000000 00:00 0 
7f5dd8360000-7f5de0000000 rw-p 00000000 00:00 0 
7f5de0000000-7f5de0021000 rw-p 00000000 00:00 0 
7f5de0021000-7f5de4000000 ---p 00000000 00:00 0 
7f5de4000000-7f5de4021000 rw-p 00000000 00:00 0 
7f5de4021000-7f5de8000000 ---p 00000000 00:00 0 
7f5de8000000-7f5de8021000 rw-p 00000000 00:00 0 
7f5de8021000-7f5dec000000 ---p 00000000 00:00 0 
7f5df0000000-7f5df0021000 rw-p 00000000 00:00 0 
7f5df0021000-7f5df4000000 ---p 00000000 00:00 0 
7f5df8000000-7f5df8021000 rw-p 00000000 00:00 0 
7f5df8021000-7f5dfc000000 ---p 00000000 00:00 0 
7f5e00000000-7f5e00021000 rw-p 00000000 00:00 0 
7f5e00021000-7f5e04000000 ---p 00000000 00:00 0 
7f5e04afe000-7f5e04c7e000 rw-p 00000000 00:00 0 
7f5e04c7e000-7f5e04cfe000 ---p 00000000 00:00 0 
7f5e04cfe000-7f5e04efe000 rw-p 00000000 00:00 0 
7f5e04efe000-7f5e04f01000 ---p 00000000 00:00 0 
7f5e04f01000-7f5e08000000 rw-p 00000000 00:00 0 
7f5e08000000-7f5e08021000 rw-p 00000000 00:00 0 
7f5e08021000-7f5e0c000000 ---p 00000000 00:00 0 
7f5e0c00a000-7f5e0c20a000 rw-p 00000000 00:00 0 
7f5e0c20a000-7f5e0c40a000 rw-p 00000000 00:00 0 
7f5e0c40a000-7f5e0c60a000 rw-p 00000000 00:00 0 
7f5e0c60a000-7f5e0c80a000 rw-p 00000000 00:00 0 
7f5e0c80a000-7f5e0ca0a000 rw-p 00000000 00:00 0 
7f5e0cace000-7f5e0ccce000 rw-p 00000000 00:00 0 
7f5e0ccce000-7f5e0cece000 rw-p 00000000 00:00 0 
7f5e0cece000-7f5e0d0ce000 rw-p 00000000 00:00 0 
7f5e0d16e000-7f5e0d173000 r--s 0009a000 08:02 28318851                   /usr/lib/jvm/java-8-openjdk-amd64/jre/lib/jsse.jar
7f5e0d173000-7f5e0d373000 rw-p 00000000 00:00 0 
7f5e0d373000-7f5e0d573000 rw-p 00000000 00:00 0 
7f5e0d573000-7f5e0d584000 r-xp 00000000 08:02 28318064                   /usr/lib/jvm/java-8-openjdk-amd64/jre/lib/amd64/libnio.so
7f5e0d584000-7f5e0d784000 ---p 00011000 08:02 28318064                   /usr/lib/jvm/java-8-openjdk-amd64/jre/lib/amd64/libnio.so
7f5e0d784000-7f5e0d785000 r--p 00011000 08:02 28318064                   /usr/lib/jvm/java-8-openjdk-amd64/jre/lib/amd64/libnio.so
7f5e0d785000-7f5e0d786000 rw-p 00012000 08:02 28318064                   /usr/lib/jvm/java-8-openjdk-amd64/jre/lib/amd64/libnio.so
7f5e0d786000-7f5e0d986000 rw-p 00000000 00:00 0 
7f5e0d986000-7f5e0d99c000 r-xp 00000000 08:02 28318061                   /usr/lib/jvm/java-8-openjdk-amd64/jre/lib/amd64/libnet.so
7f5e0d99c000-7f5e0db9c000 ---p 00016000 08:02 28318061                   /usr/lib/jvm/java-8-openjdk-amd64/jre/lib/amd64/libnet.so
7f5e0db9c000-7f5e0db9d000 r--p 00016000 08:02 28318061                   /usr/lib/jvm/java-8-openjdk-amd64/jre/lib/amd64/libnet.so
7f5e0db9d000-7f5e0db9e000 rw-p 00017000 08:02 28318061                   /usr/lib/jvm/java-8-openjdk-amd64/jre/lib/amd64/libnet.so
7f5e0db9e000-7f5e0dba7000 r-xp 00000000 08:02 28317592                   /usr/lib/jvm/java-8-openjdk-amd64/jre/lib/amd64/libmanagement.so
7f5e0dba7000-7f5e0dda6000 ---p 00009000 08:02 28317592                   /usr/lib/jvm/java-8-openjdk-amd64/jre/lib/amd64/libmanagement.so
7f5e0dda6000-7f5e0dda7000 r--p 00008000 08:02 28317592                   /usr/lib/jvm/java-8-openjdk-amd64/jre/lib/amd64/libmanagement.so
7f5e0dda7000-7f5e0dda8000 rw-p 00009000 08:02 28317592                   /usr/lib/jvm/java-8-openjdk-amd64/jre/lib/amd64/libmanagement.so
7f5e0dda8000-7f5e0ddaa000 r--s 00007000 08:02 21239737                   /home/rajaram/.m2/repository/org/apache/maven/surefire/surefire-junit4/2.10/surefire-junit4-2.10.jar
7f5e0ddaa000-7f5e0ddb1000 r--s 0003f000 08:02 24648057                   /home/rajaram/.m2/repository/org/yaml/snakeyaml/1.18/snakeyaml-1.18.jar
7f5e0ddb1000-7f5e0ddb3000 r--s 0006e000 08:02 25432033                   /home/rajaram/.m2/repository/io/springfox/springfox-swagger-ui/2.6.1/springfox-swagger-ui-2.6.1.jar
7f5e0ddb3000-7f5e0ddc0000 r--s 00082000 08:02 28311895                   /home/rajaram/.m2/repository/org/springframework/spring-test/5.0.0.RELEASE/spring-test-5.0.0.RELEASE.jar
7f5e0ddc0000-7f5e0ddc3000 r--s 0000b000 08:02 21497628                   /home/rajaram/.m2/repository/org/objenesis/objenesis/2.5/objenesis-2.5.jar
7f5e0ddc3000-7f5e0ddc5000 r--s 00006000 08:02 23070773                   /home/rajaram/.m2/repository/net/bytebuddy/byte-buddy-agent/1.6.11/byte-buddy-agent-1.6.11.jar
7f5e0ddc5000-7f5e0de00000 r--s 0026d000 08:02 22945661                   /home/rajaram/.m2/repository/net/bytebuddy/byte-buddy/1.6.11/byte-buddy-1.6.11.jar
7f5e0de00000-7f5e0de10000 r--s 00073000 08:02 21504148                   /home/rajaram/.m2/repository/org/mockito/mockito-core/2.7.19/mockito-core-2.7.19.jar
7f5e0de10000-7f5e0de12000 r--s 00009000 08:02 21497325                   /home/rajaram/.m2/repository/org/hamcrest/hamcrest-core/1.3/hamcrest-core-1.3.jar
7f5e0de12000-7f5e0de1a000 r--s 00045000 08:02 22020111                   /home/rajaram/.m2/repository/junit/junit/4.12/junit-4.12.jar
7f5e0de1a000-7f5e0de1d000 r--s 00015000 08:02 21497606                   /home/rajaram/.m2/repository/javax/servlet/javax.servlet-api/3.1.0/javax.servlet-api-3.1.0.jar
7f5e0de1d000-7f5e0de2a000 r--s 00109000 08:02 24774160                   /home/rajaram/.m2/repository/org/mozilla/rhino/1.7R4/rhino-1.7R4.jar
7f5e0de2a000-7f5e0de30000 r--s 00044000 08:02 21117058                   /home/rajaram/.m2/repository/org/antlr/antlr4-runtime/4.5.1-1/antlr4-runtime-4.5.1-1.jar
7f5e0de30000-7f5e0de36000 r--s 00048000 08:02 22284271                   /home/rajaram/.m2/repository/org/apache/commons/commons-lang3/3.1/commons-lang3-3.1.jar
7f5e0de36000-7f5e0de3d000 r--s 0004b000 08:02 21374557                   /home/rajaram/.m2/repository/com/github/jknack/handlebars/4.0.6/handlebars-4.0.6.jar
7f5e0de3d000-7f5e0de3f000 r--s 00002000 08:02 21628121                   /home/rajaram/.m2/repository/com/github/jknack/handlebars-springmvc/4.0.6/handlebars-springmvc-4.0.6.jar
7f5e0de3f000-7f5e0de51000 r--s 0012a000 08:02 21504145                   /home/rajaram/.m2/repository/com/fasterxml/jackson/core/jackson-databind/2.9.0.pr2/jackson-databind-2.9.0.pr2.jar
7f5e0de51000-7f5e0de54000 r--s 0000d000 08:02 21504144                   /home/rajaram/.m2/repository/com/fasterxml/jackson/core/jackson-annotations/2.9.0.pr2/jackson-annotations-2.9.0.pr2.jar
7f5e0de54000-7f5e0de56000 r--s 0000d000 08:02 24648023                   /home/rajaram/.m2/repository/org/eclipse/rdf4j/rdf4j-query/2.2/rdf4j-query-2.2.jar
7f5e0de56000-7f5e0de5a000 r--s 00022000 08:02 24648032                   /home/rajaram/.m2/repository/org/eclipse/rdf4j/rdf4j-queryalgebra-model/2.2/rdf4j-queryalgebra-model-2.2.jar
7f5e0de5a000-7f5e0de5f000 r--s 00061000 08:02 26219931                   /home/rajaram/.m2/repository/org/mapdb/mapdb/1.0.8/mapdb-1.0.8.jar
7f5e0de5f000-7f5e0de67000 r--s 0004c000 08:02 25954990                   /home/rajaram/.m2/repository/org/eclipse/rdf4j/rdf4j-queryalgebra-evaluation/2.2/rdf4j-queryalgebra-evaluation-2.2.jar
7f5e0de67000-7f5e0de69000 r--s 0000e000 08:02 25955010                   /home/rajaram/.m2/repository/org/eclipse/rdf4j/rdf4j-sail-base/2.2/rdf4j-sail-base-2.2.jar
7f5e0de69000-7f5e0de6c000 r--s 0001f000 08:02 26092079                   /home/rajaram/.m2/repository/org/eclipse/rdf4j/rdf4j-sail-nativerdf/2.2/rdf4j-sail-nativerdf-2.2.jar
7f5e0de6c000-7f5e0de6f000 r--s 00015000 08:02 24648050                   /home/rajaram/.m2/repository/org/eclipse/rdf4j/rdf4j-util/2.2/rdf4j-util-2.2.jar
7f5e0de6f000-7f5e0de71000 r--s 0000f000 08:02 24648049                   /home/rajaram/.m2/repository/org/eclipse/rdf4j/rdf4j-rio-api/2.2/rdf4j-rio-api-2.2.jar
7f5e0de71000-7f5e0de73000 r--s 0000a000 08:02 26092078                   /home/rajaram/.m2/repository/org/eclipse/rdf4j/rdf4j-queryrender/2.2/rdf4j-queryrender-2.2.jar
7f5e0de73000-7f5e0de78000 r--s 00041000 08:02 21234549                   /home/rajaram/.m2/repository/commons-lang/commons-lang/2.6/commons-lang-2.6.jar
7f5e0de78000-7f5e0de7c000 r--s 0003b000 08:02 26092082                   /home/rajaram/.m2/repository/org/eclipse/rdf4j/rdf4j-spin/2.2/rdf4j-spin-2.2.jar
7f5e0de7c000-7f5e0de7e000 r--s 0000d000 08:02 26092076                   /home/rajaram/.m2/repository/org/eclipse/rdf4j/rdf4j-sail-spin/2.2/rdf4j-sail-spin-2.2.jar
7f5e0de7e000-7f5e0de80000 r--s 0000d000 08:02 25955009                   /home/rajaram/.m2/repository/org/eclipse/rdf4j/rdf4j-sail-memory/2.2/rdf4j-sail-memory-2.2.jar
7f5e0de80000-7f5e0de84000 r--s 00026000 08:02 30156795                   /home/rajaram/.m2/repository/org/apache/lucene/lucene-misc/5.2.1/lucene-misc-5.2.1.jar
7f5e0de84000-7f5e0de8a000 r--s 00042000 08:02 26220002                   /home/rajaram/.m2/repository/org/apache/lucene/lucene-spatial/5.2.1/lucene-spatial-5.2.1.jar
7f5e0de8a000-7f5e0de8d000 r--s 00018000 08:02 26220001                   /home/rajaram/.m2/repository/org/apache/lucene/lucene-sandbox/5.2.1/lucene-sandbox-5.2.1.jar
7f5e0de8d000-7f5e0de97000 r--s 00058000 08:02 26219947                   /home/rajaram/.m2/repository/org/apache/lucene/lucene-queryparser/5.2.1/lucene-queryparser-5.2.1.jar
7f5e0de97000-7f5e0dea9000 r--s 0016a000 08:02 26219946                   /home/rajaram/.m2/repository/org/apache/lucene/lucene-analyzers-common/5.2.1/lucene-analyzers-common-5.2.1.jar
7f5e0dea9000-7f5e0deab000 r--s 00007000 08:02 26219944                   /home/rajaram/.m2/repository/org/apache/lucene/lucene-memory/5.2.1/lucene-memory-5.2.1.jar
7f5e0deab000-7f5e0deae000 r--s 00016000 08:02 30156793                   /home/rajaram/.m2/repository/org/apache/lucene/lucene-join/5.2.1/lucene-join-5.2.1.jar
7f5e0deae000-7f5e0deb1000 r--s 00020000 08:02 26219941                   /home/rajaram/.m2/repository/org/apache/lucene/lucene-highlighter/5.2.1/lucene-highlighter-5.2.1.jar
7f5e0deb1000-7f5e0deb7000 r--s 0002e000 08:02 26219940                   /home/rajaram/.m2/repository/org/apache/lucene/lucene-queries/5.2.1/lucene-queries-5.2.1.jar
7f5e0deb7000-7f5e0dede000 r--s 00216000 08:02 26219939                   /home/rajaram/.m2/repository/org/apache/lucene/lucene-core/5.2.1/lucene-core-5.2.1.jar
7f5e0dede000-7f5e0dee0000 r--s 00017000 08:02 25954845                   /home/rajaram/.m2/repository/com/spatial4j/spatial4j/0.4.1/spatial4j-0.4.1.jar
7f5e0dee0000-7f5e0dee3000 r--s 00013000 08:02 26092073                   /home/rajaram/.m2/repository/org/eclipse/rdf4j/rdf4j-sail-lucene-api/2.2/rdf4j-sail-lucene-api-2.2.jar
7f5e0dee3000-7f5e0dee5000 r--s 00007000 08:02 26092072                   /home/rajaram/.m2/repository/org/eclipse/rdf4j/rdf4j-sail-lucene/2.2/rdf4j-sail-lucene-2.2.jar
7f5e0dee5000-7f5e0dee6000 r--s 00001000 08:02 25955007                   /home/rajaram/.m2/repository/org/eclipse/rdf4j/rdf4j-sail-model/2.2/rdf4j-sail-model-2.2.jar
7f5e0dee6000-7f5e0dee8000 r--s 0000d000 08:02 25955002                   /home/rajaram/.m2/repository/org/eclipse/rdf4j/rdf4j-sail-inferencer/2.2/rdf4j-sail-inferencer-2.2.jar
7f5e0dee8000-7f5e0deea000 r--s 00001000 08:02 25955003                   /home/rajaram/.m2/repository/org/eclipse/rdf4j/rdf4j-rio-trig/2.2/rdf4j-rio-trig-2.2.jar
7f5e0deea000-7f5e0deec000 r--s 00005000 08:02 25955001                   /home/rajaram/.m2/repository/org/eclipse/rdf4j/rdf4j-rio-turtle/2.2/rdf4j-rio-turtle-2.2.jar
7f5e0deec000-7f5e0deee000 r--s 00002000 08:02 26092067                   /home/rajaram/.m2/repository/org/eclipse/rdf4j/rdf4j-rio-trix/2.2/rdf4j-rio-trix-2.2.jar
7f5e0deee000-7f5e0def0000 r--s 00008000 08:02 26092068                   /home/rajaram/.m2/repository/org/eclipse/rdf4j/rdf4j-rio-rdfxml/2.2/rdf4j-rio-rdfxml-2.2.jar
7f5e0def0000-7f5e0def2000 r--s 00002000 08:02 26092066                   /home/rajaram/.m2/repository/org/eclipse/rdf4j/rdf4j-rio-rdfjson/2.2/rdf4j-rio-rdfjson-2.2.jar
7f5e0def2000-7f5e0def4000 r--s 00000000 08:02 26092062                   /home/rajaram/.m2/repository/org/eclipse/rdf4j/rdf4j-rio-n3/2.2/rdf4j-rio-n3-2.2.jar
7f5e0def4000-7f5e0def5000 r--s 00001000 08:02 26092063                   /home/rajaram/.m2/repository/org/eclipse/rdf4j/rdf4j-rio-nquads/2.2/rdf4j-rio-nquads-2.2.jar
7f5e0def5000-7f5e0def7000 r--s 00003000 08:02 24648047                   /home/rajaram/.m2/repository/org/eclipse/rdf4j/rdf4j-rio-ntriples/2.2/rdf4j-rio-ntriples-2.2.jar
7f5e0def7000-7f5e0df05000 r--s 0009a000 08:02 26092025                   /home/rajaram/.m2/repository/org/apache/httpcomponents/httpcore-osgi/4.4.4/httpcore-osgi-4.4.4.jar
7f5e0df05000-7f5e0df06000 ---p 00000000 00:00 0 
7f5e0df06000-7f5e0e006000 rw-p 00000000 00:00 0 
7f5e0e006000-7f5e0e009000 ---p 00000000 00:00 0 
7f5e0e009000-7f5e0e107000 rw-p 00000000 00:00 0 
7f5e0e107000-7f5e0e10a000 ---p 00000000 00:00 0 
7f5e0e10a000-7f5e0e208000 rw-p 00000000 00:00 0 
7f5e0e208000-7f5e0e20b000 ---p 00000000 00:00 0 
7f5e0e20b000-7f5e0e309000 rw-p 00000000 00:00 0 
7f5e0e309000-7f5e0e30c000 ---p 00000000 00:00 0 
7f5e0e30c000-7f5e0e40a000 rw-p 00000000 00:00 0 
7f5e0e40a000-7f5e0e40d000 ---p 00000000 00:00 0 
7f5e0e40d000-7f5e0e50b000 rw-p 00000000 00:00 0 
7f5e0e50b000-7f5e0e50e000 ---p 00000000 00:00 0 
7f5e0e50e000-7f5e0e60c000 rw-p 00000000 00:00 0 
7f5e0e60c000-7f5e0e8e9000 r--p 00000000 08:02 27922379                   /usr/lib/locale/locale-archive
7f5e0e8e9000-7f5e0e8ec000 ---p 00000000 00:00 0 
7f5e0e8ec000-7f5e0e9ea000 rw-p 00000000 00:00 0 
7f5e0e9ea000-7f5e0e9ed000 ---p 00000000 00:00 0 
7f5e0e9ed000-7f5e0eaeb000 rw-p 00000000 00:00 0 
7f5e0eaeb000-7f5e0eaec000 ---p 00000000 00:00 0 
7f5e0eaec000-7f5e10000000 rw-p 00000000 00:00 0 
7f5e10000000-7f5e10021000 rw-p 00000000 00:00 0 
7f5e10021000-7f5e14000000 ---p 00000000 00:00 0 
7f5e14000000-7f5e14004000 r--s 0002a000 08:02 21497624                   /home/rajaram/.m2/repository/commons-io/commons-io/2.4/commons-io-2.4.jar
7f5e14004000-7f5e1400b000 r--s 00050000 08:02 25693824                   /home/rajaram/.m2/repository/org/apache/httpcomponents/httpcore-nio/4.4.4/httpcore-nio-4.4.4.jar
7f5e1400b000-7f5e1400c000 r--s 00007000 08:02 25957078                   /home/rajaram/.m2/repository/org/apache/httpcomponents/fluent-hc/4.5.2/fluent-hc-4.5.2.jar
7f5e1400c000-7f5e1400f000 r--s 00024000 08:02 21893853                   /home/rajaram/.m2/repository/org/apache/httpcomponents/httpclient-cache/4.5.2/httpclient-cache-4.5.2.jar
7f5e1400f000-7f5e14011000 r--s 00009000 08:02 24520658                   /home/rajaram/.m2/repository/org/apache/httpcomponents/httpmime/4.5.2/httpmime-4.5.2.jar
7f5e14011000-7f5e14028000 r--s 0011c000 08:02 25824189                   /home/rajaram/.m2/repository/org/apache/httpcomponents/httpclient-osgi/4.5.2/httpclient-osgi-4.5.2.jar
7f5e14028000-7f5e1402a000 r--s 0001c000 08:02 22676172                   /home/rajaram/.m2/repository/com/github/jsonld-java/jsonld-java/0.8.3/jsonld-java-0.8.3.jar
7f5e1402a000-7f5e1402c000 r--s 00002000 08:02 26092060                   /home/rajaram/.m2/repository/org/eclipse/rdf4j/rdf4j-rio-jsonld/2.2/rdf4j-rio-jsonld-2.2.jar
7f5e1402c000-7f5e1402d000 r--s 00002000 08:02 25954997                   /home/rajaram/.m2/repository/org/eclipse/rdf4j/rdf4j-rio-binary/2.2/rdf4j-rio-binary-2.2.jar
7f5e1402d000-7f5e1402f000 r--s 00000000 08:02 24648045                   /home/rajaram/.m2/repository/org/eclipse/rdf4j/rdf4j-rio-languages/2.2/rdf4j-rio-languages-2.2.jar
7f5e1402f000-7f5e14031000 r--s 00001000 08:02 24648042                   /home/rajaram/.m2/repository/org/eclipse/rdf4j/rdf4j-rio-datatypes/2.2/rdf4j-rio-datatypes-2.2.jar
7f5e14031000-7f5e14033000 r--s 00006000 08:02 24648041                   /home/rajaram/.m2/repository/org/eclipse/rdf4j/rdf4j-http-protocol/2.2/rdf4j-http-protocol-2.2.jar
7f5e14033000-7f5e14035000 r--s 00002000 08:02 26092056                   /home/rajaram/.m2/repository/org/eclipse/rdf4j/rdf4j-repository-dataset/2.2/rdf4j-repository-dataset-2.2.jar
7f5e14035000-7f5e14037000 r--s 00006000 08:02 25823629                   /home/rajaram/.m2/repository/com/opencsv/opencsv/3.2/opencsv-3.2.jar
7f5e14037000-7f5e14039000 r--s 00004000 08:02 26092057                   /home/rajaram/.m2/repository/org/eclipse/rdf4j/rdf4j-queryresultio-text/2.2/rdf4j-queryresultio-text-2.2.jar
7f5e14039000-7f5e1403b000 r--s 00005000 08:02 25954995                   /home/rajaram/.m2/repository/org/eclipse/rdf4j/rdf4j-queryresultio-sparqlxml/2.2/rdf4j-queryresultio-sparqlxml-2.2.jar
7f5e1403b000-7f5e1403d000 r--s 00004000 08:02 26092054                   /home/rajaram/.m2/repository/org/eclipse/rdf4j/rdf4j-queryresultio-sparqljson/2.2/rdf4j-queryresultio-sparqljson-2.2.jar
7f5e1403d000-7f5e1403f000 r--s 00002000 08:02 26092052                   /home/rajaram/.m2/repository/org/eclipse/rdf4j/rdf4j-queryresultio-binary/2.2/rdf4j-queryresultio-binary-2.2.jar
7f5e1403f000-7f5e14041000 r--s 00006000 08:02 24648039                   /home/rajaram/.m2/repository/org/eclipse/rdf4j/rdf4j-queryresultio-api/2.2/rdf4j-queryresultio-api-2.2.jar
7f5e14041000-7f5e14048000 r--s 00041000 08:02 25954999                   /home/rajaram/.m2/repository/org/eclipse/rdf4j/rdf4j-queryparser-sparql/2.2/rdf4j-queryparser-sparql-2.2.jar
7f5e14048000-7f5e1404c000 r--s 00026000 08:02 25954992                   /home/rajaram/.m2/repository/org/eclipse/rdf4j/rdf4j-queryparser-serql/2.2/rdf4j-queryparser-serql-2.2.jar
7f5e1404c000-7f5e1404e000 r--s 00004000 08:02 25954989                   /home/rajaram/.m2/repository/org/eclipse/rdf4j/rdf4j-queryparser-api/2.2/rdf4j-queryparser-api-2.2.jar
7f5e1404e000-7f5e14051000 r--s 00015000 08:02 25954987                   /home/rajaram/.m2/repository/org/eclipse/rdf4j/rdf4j-sail-federation/2.2/rdf4j-sail-federation-2.2.jar
7f5e14051000-7f5e14053000 r--s 0000e000 08:02 24648037                   /home/rajaram/.m2/repository/org/eclipse/rdf4j/rdf4j-sail-api/2.2/rdf4j-sail-api-2.2.jar
7f5e14053000-7f5e1405a000 r--s 0003f000 08:02 25693481                   /home/rajaram/.m2/repository/commons-codec/commons-codec/1.10/commons-codec-1.10.jar
7f5e1405a000-7f5e14061000 r--s 00049000 08:02 23857469                   /home/rajaram/.m2/repository/org/apache/httpcomponents/httpcore/4.4.4/httpcore-4.4.4.jar
7f5e14061000-7f5e1406e000 r--s 000a7000 08:02 24646082                   /home/rajaram/.m2/repository/org/apache/httpcomponents/httpclient/4.5.2/httpclient-4.5.2.jar
7f5e1406e000-7f5e14070000 r--s 00009000 08:02 24648035                   /home/rajaram/.m2/repository/org/eclipse/rdf4j/rdf4j-http-client/2.2/rdf4j-http-client-2.2.jar
7f5e14070000-7f5e14072000 r--s 0000c000 08:02 24648031                   /home/rajaram/.m2/repository/org/eclipse/rdf4j/rdf4j-repository-sail/2.2/rdf4j-repository-sail-2.2.jar
7f5e14072000-7f5e14073000 r--s 00004000 08:02 25954985                   /home/rajaram/.m2/repository/org/eclipse/rdf4j/rdf4j-repository-contextaware/2.2/rdf4j-repository-contextaware-2.2.jar
7f5e14073000-7f5e14075000 r--s 00008000 08:02 25954982                   /home/rajaram/.m2/repository/org/eclipse/rdf4j/rdf4j-repository-sparql/2.2/rdf4j-repository-sparql-2.2.jar
7f5e14075000-7f5e14077000 r--s 00006000 08:02 25954981                   /home/rajaram/.m2/repository/org/eclipse/rdf4j/rdf4j-repository-http/2.2/rdf4j-repository-http-2.2.jar
7f5e14077000-7f5e14079000 r--s 00005000 08:02 24648029                   /home/rajaram/.m2/repository/org/eclipse/rdf4j/rdf4j-repository-event/2.2/rdf4j-repository-event-2.2.jar
7f5e14079000-7f5e1407b000 r--s 00007000 08:02 24648026                   /home/rajaram/.m2/repository/org/eclipse/rdf4j/rdf4j-repository-manager/2.2/rdf4j-repository-manager-2.2.jar
7f5e1407b000-7f5e1407e000 r--s 0000e000 08:02 24648021                   /home/rajaram/.m2/repository/org/eclipse/rdf4j/rdf4j-repository-api/2.2/rdf4j-repository-api-2.2.jar
7f5e1407e000-7f5e14082000 r--s 00030000 08:02 24648024                   /home/rajaram/.m2/repository/org/eclipse/rdf4j/rdf4j-model/2.2/rdf4j-model-2.2.jar
7f5e14082000-7f5e14083000 r--s 00001000 08:02 24648019                   /home/rajaram/.m2/repository/org/eclipse/rdf4j/rdf4j-runtime/2.2/rdf4j-runtime-2.2.jar
7f5e14083000-7f5e14084000 r--s 00005000 08:02 5375188                    /home/rajaram/.m2/repository/org/apache/logging/log4j/log4j-slf4j-impl/2.8.1/log4j-slf4j-impl-2.8.1.jar
7f5e14084000-7f5e140a0000 r--s 0013b000 08:02 24257874                   /home/rajaram/.m2/repository/org/apache/logging/log4j/log4j-core/2.8.1/log4j-core-2.8.1.jar
7f5e140a0000-7f5e140a5000 r--s 00033000 08:02 23994681                   /home/rajaram/.m2/repository/org/apache/logging/log4j/log4j-api/2.8.1/log4j-api-2.8.1.jar
7f5e140a5000-7f5e140a7000 r--s 00003000 08:02 27263233                   /home/rajaram/.m2/repository/com/google/code/findbugs/jsr305/3.0.2/jsr305-3.0.2.jar
7f5e140a7000-7f5e140ab000 r--s 0004b000 08:02 28183634                   /home/rajaram/.m2/repository/com/fasterxml/jackson/core/jackson-core/2.9.2/jackson-core-2.9.2.jar
7f5e140ab000-7f5e140ad000 r--s 0000f000 08:02 22809137                   /home/rajaram/.m2/repository/nl/dtl/fairmetadata4j/0.1-beta/fairmetadata4j-0.1-beta.jar
7f5e140ad000-7f5e140b7000 r--s 00086000 08:02 21889495                   /home/rajaram/.m2/repository/org/springframework/security/spring-security-config/4.2.2.RELEASE/spring-security-config-4.2.2.RELEASE.jar
7f5e140b7000-7f5e140c3000 r--s 00055000 08:02 21627183                   /home/rajaram/.m2/repository/org/springframework/security/spring-security-core/4.2.2.RELEASE/spring-security-core-4.2.2.RELEASE.jar
7f5e140c3000-7f5e140ce000 r--s 00053000 08:02 21627182                   /home/rajaram/.m2/repository/org/springframework/security/spring-security-web/4.2.2.RELEASE/spring-security-web-4.2.2.RELEASE.jar
7f5e140ce000-7f5e140f9000 r--s 001fc000 08:02 21892313                   /home/rajaram/.m2/repository/com/google/guava/guava/18.0/guava-18.0.jar
7f5e140f9000-7f5e15000000 rw-p 00000000 00:00 0 
7f5e15000000-7f5e171b0000 rwxp 00000000 00:00 0 
7f5e171b0000-7f5e24000000 ---p 00000000 00:00 0 
7f5e24000000-7f5e25bf4000 rw-p 00000000 00:00 0 
7f5e25bf4000-7f5e28000000 ---p 00000000 00:00 0 
7f5e28000000-7f5e28002000 r--s 00000000 08:02 21497342                   /home/rajaram/.m2/repository/aopalliance/aopalliance/1.0/aopalliance-1.0.jar
7f5e28002000-7f5e28003000 r--s 00003000 08:02 28974432                   /home/rajaram/.m2/repository/org/mapstruct/mapstruct/1.0.0.Final/mapstruct-1.0.0.Final.jar
7f5e28003000-7f5e28005000 r--s 00000000 08:02 25821668                   /home/rajaram/.m2/repository/org/springframework/plugin/spring-plugin-metadata/1.2.0.RELEASE/spring-plugin-metadata-1.2.0.RELEASE.jar
7f5e28005000-7f5e28006000 r--s 00004000 08:02 25821666                   /home/rajaram/.m2/repository/org/springframework/plugin/spring-plugin-core/1.2.0.RELEASE/spring-plugin-core-1.2.0.RELEASE.jar
7f5e28006000-7f5e28008000 r--s 0000e000 08:02 28974447                   /home/rajaram/.m2/repository/com/fasterxml/classmate/1.3.1/classmate-1.3.1.jar
7f5e28008000-7f5e2800d000 r--s 00021000 08:02 25432015                   /home/rajaram/.m2/repository/io/springfox/springfox-spring-web/2.6.1/springfox-spring-web-2.6.1.jar
7f5e2800d000-7f5e28010000 r--s 00012000 08:02 25821859                   /home/rajaram/.m2/repository/io/springfox/springfox-swagger-common/2.6.1/springfox-swagger-common-2.6.1.jar
7f5e28010000-7f5e28013000 r--s 00010000 08:02 25560327                   /home/rajaram/.m2/repository/io/springfox/springfox-schema/2.6.1/springfox-schema-2.6.1.jar
7f5e28013000-7f5e28016000 r--s 00015000 08:02 25432014                   /home/rajaram/.m2/repository/io/springfox/springfox-core/2.6.1/springfox-core-2.6.1.jar
7f5e28016000-7f5e28019000 r--s 0000a000 08:02 25432009                   /home/rajaram/.m2/repository/io/springfox/springfox-spi/2.6.1/springfox-spi-2.6.1.jar
7f5e28019000-7f5e2801c000 r--s 0001f000 08:02 25432010                   /home/rajaram/.m2/repository/io/swagger/swagger-models/1.5.10/swagger-models-1.5.10.jar
7f5e2801c000-7f5e2801d000 r--s 00004000 08:02 25432008                   /home/rajaram/.m2/repository/io/swagger/swagger-annotations/1.5.10/swagger-annotations-1.5.10.jar
7f5e2801d000-7f5e2801f000 r--s 0000d000 08:02 24908084                   /home/rajaram/.m2/repository/io/springfox/springfox-swagger2/2.6.1/springfox-swagger2-2.6.1.jar
7f5e2801f000-7f5e28021000 r--s 00003000 08:02 21238678                   /home/rajaram/.m2/repository/org/slf4j/jcl-over-slf4j/1.7.24/jcl-over-slf4j-1.7.24.jar
7f5e28021000-7f5e28023000 r--s 00009000 08:02 21238677                   /home/rajaram/.m2/repository/org/slf4j/slf4j-api/1.7.24/slf4j-api-1.7.24.jar
7f5e28023000-7f5e28035000 r--s 000a9000 08:02 21627179                   /home/rajaram/.m2/repository/org/springframework/data/spring-data-commons/1.13.1.RELEASE/spring-data-commons-1.13.1.RELEASE.jar
7f5e28035000-7f5e2803a000 r--s 0002d000 08:02 25954979                   /home/rajaram/.m2/repository/org/springframework/hateoas/spring-hateoas/0.23.0.RELEASE/spring-hateoas-0.23.0.RELEASE.jar
7f5e2803a000-7f5e28042000 r--s 0003a000 08:02 5375186                    /home/rajaram/.m2/repository/org/springframework/spring-tx/4.3.7.RELEASE/spring-tx-4.3.7.RELEASE.jar
7f5e28042000-7f5e28046000 r--s 0001c000 08:02 21627177                   /home/rajaram/.m2/repository/org/springframework/data/spring-data-rest-core/2.6.1.RELEASE/spring-data-rest-core-2.6.1.RELEASE.jar
7f5e28046000-7f5e2804d000 r--s 00045000 08:02 21627190                   /home/rajaram/.m2/repository/org/springframework/data/spring-data-rest-webmvc/2.6.1.RELEASE/spring-data-rest-webmvc-2.6.1.RELEASE.jar
7f5e2804d000-7f5e28066000 r--s 00110000 08:02 28183967                   /home/rajaram/.m2/repository/org/springframework/spring-web/5.0.0.RELEASE/spring-web-5.0.0.RELEASE.jar
7f5e28066000-7f5e2806b000 r--s 0003c000 08:02 28183964                   /home/rajaram/.m2/repository/org/springframework/spring-expression/5.0.0.RELEASE/spring-expression-5.0.0.RELEASE.jar
7f5e2806b000-7f5e28082000 r--s 00110000 08:02 28183957                   /home/rajaram/.m2/repository/org/springframework/spring-core/5.0.0.RELEASE/spring-core-5.0.0.RELEASE.jar
7f5e28082000-7f5e2809c000 r--s 000ec000 08:02 28183959                   /home/rajaram/.m2/repository/org/springframework/spring-context/5.0.0.RELEASE/spring-context-5.0.0.RELEASE.jar
7f5e2809c000-7f5e280a8000 r--s 00094000 08:02 28183953                   /home/rajaram/.m2/repository/org/springframework/spring-beans/5.0.0.RELEASE/spring-beans-5.0.0.RELEASE.jar
7f5e280a8000-7f5e280b2000 r--s 0004f000 08:02 28183958                   /home/rajaram/.m2/repository/org/springframework/spring-aop/5.0.0.RELEASE/spring-aop-5.0.0.RELEASE.jar
7f5e280b2000-7f5e280c1000 r--s 000b0000 08:02 28183960                   /home/rajaram/.m2/repository/org/springframework/spring-webmvc/5.0.0.RELEASE/spring-webmvc-5.0.0.RELEASE.jar
7f5e280c1000-7f5e280dc000 r--s 001d6000 08:02 28318833                   /usr/lib/jvm/java-8-openjdk-amd64/jre/lib/ext/nashorn.jar
7f5e280dc000-7f5e2812a000 rw-p 00000000 00:00 0 
7f5e2812a000-7f5e282f8000 r--s 03c15000 08:02 28318976                   /usr/lib/jvm/java-8-openjdk-amd64/jre/lib/rt.jar
7f5e282f8000-7f5e28b38000 rw-p 00000000 00:00 0 
7f5e28b38000-7f5e28b39000 ---p 00000000 00:00 0 
7f5e28b39000-7f5e28c39000 rw-p 00000000 00:00 0 
7f5e28c39000-7f5e28c3a000 ---p 00000000 00:00 0 
7f5e28c3a000-7f5e28d3a000 rw-p 00000000 00:00 0 
7f5e28d3a000-7f5e28d3b000 ---p 00000000 00:00 0 
7f5e28d3b000-7f5e28e3b000 rw-p 00000000 00:00 0 
7f5e28e3b000-7f5e28e3c000 ---p 00000000 00:00 0 
7f5e28e3c000-7f5e28f3c000 rw-p 00000000 00:00 0 
7f5e28f3c000-7f5e28f3d000 ---p 00000000 00:00 0 
7f5e28f3d000-7f5e2903d000 rw-p 00000000 00:00 0 
7f5e2903d000-7f5e2903e000 ---p 00000000 00:00 0 
7f5e2903e000-7f5e2913e000 rw-p 00000000 00:00 0 
7f5e2913e000-7f5e2913f000 ---p 00000000 00:00 0 
7f5e2913f000-7f5e2923f000 rw-p 00000000 00:00 0 
7f5e2923f000-7f5e29240000 ---p 00000000 00:00 0 
7f5e29240000-7f5e29387000 rw-p 00000000 00:00 0 
7f5e29387000-7f5e29872000 ---p 00000000 00:00 0 
7f5e29872000-7f5e298b9000 rw-p 00000000 00:00 0 
7f5e298b9000-7f5e29da3000 ---p 00000000 00:00 0 
7f5e29da3000-7f5e29fde000 rw-p 00000000 00:00 0 
7f5e29fde000-7f5e2a03c000 ---p 00000000 00:00 0 
7f5e2a03c000-7f5e2a0c4000 rw-p 00000000 00:00 0 
7f5e2a0c4000-7f5e2a3fd000 ---p 00000000 00:00 0 
7f5e2a3fd000-7f5e2a405000 r-xp 00000000 08:02 28318811                   /usr/lib/jvm/java-8-openjdk-amd64/jre/lib/amd64/libzip.so
7f5e2a405000-7f5e2a604000 ---p 00008000 08:02 28318811                   /usr/lib/jvm/java-8-openjdk-amd64/jre/lib/amd64/libzip.so
7f5e2a604000-7f5e2a605000 r--p 00007000 08:02 28318811                   /usr/lib/jvm/java-8-openjdk-amd64/jre/lib/amd64/libzip.so
7f5e2a605000-7f5e2a606000 rw-p 00008000 08:02 28318811                   /usr/lib/jvm/java-8-openjdk-amd64/jre/lib/amd64/libzip.so
7f5e2a606000-7f5e2a611000 r-xp 00000000 08:02 12714354                   /lib/x86_64-linux-gnu/libnss_files-2.26.so
7f5e2a611000-7f5e2a810000 ---p 0000b000 08:02 12714354                   /lib/x86_64-linux-gnu/libnss_files-2.26.so
7f5e2a810000-7f5e2a811000 r--p 0000a000 08:02 12714354                   /lib/x86_64-linux-gnu/libnss_files-2.26.so
7f5e2a811000-7f5e2a812000 rw-p 0000b000 08:02 12714354                   /lib/x86_64-linux-gnu/libnss_files-2.26.so
7f5e2a812000-7f5e2a818000 rw-p 00000000 00:00 0 
7f5e2a818000-7f5e2a823000 r-xp 00000000 08:02 12714360                   /lib/x86_64-linux-gnu/libnss_nis-2.26.so
7f5e2a823000-7f5e2aa22000 ---p 0000b000 08:02 12714360                   /lib/x86_64-linux-gnu/libnss_nis-2.26.so
7f5e2aa22000-7f5e2aa23000 r--p 0000a000 08:02 12714360                   /lib/x86_64-linux-gnu/libnss_nis-2.26.so
7f5e2aa23000-7f5e2aa24000 rw-p 0000b000 08:02 12714360                   /lib/x86_64-linux-gnu/libnss_nis-2.26.so
7f5e2aa24000-7f5e2aa3b000 r-xp 00000000 08:02 12714350                   /lib/x86_64-linux-gnu/libnsl-2.26.so
7f5e2aa3b000-7f5e2ac3a000 ---p 00017000 08:02 12714350                   /lib/x86_64-linux-gnu/libnsl-2.26.so
7f5e2ac3a000-7f5e2ac3b000 r--p 00016000 08:02 12714350                   /lib/x86_64-linux-gnu/libnsl-2.26.so
7f5e2ac3b000-7f5e2ac3c000 rw-p 00017000 08:02 12714350                   /lib/x86_64-linux-gnu/libnsl-2.26.so
7f5e2ac3c000-7f5e2ac3e000 rw-p 00000000 00:00 0 
7f5e2ac3e000-7f5e2ac46000 r-xp 00000000 08:02 12714351                   /lib/x86_64-linux-gnu/libnss_compat-2.26.so
7f5e2ac46000-7f5e2ae45000 ---p 00008000 08:02 12714351                   /lib/x86_64-linux-gnu/libnss_compat-2.26.so
7f5e2ae45000-7f5e2ae46000 r--p 00007000 08:02 12714351                   /lib/x86_64-linux-gnu/libnss_compat-2.26.so
7f5e2ae46000-7f5e2ae47000 rw-p 00008000 08:02 12714351                   /lib/x86_64-linux-gnu/libnss_compat-2.26.so
7f5e2ae47000-7f5e2ae74000 r-xp 00000000 08:02 28316140                   /usr/lib/jvm/java-8-openjdk-amd64/jre/lib/amd64/libjava.so
7f5e2ae74000-7f5e2b074000 ---p 0002d000 08:02 28316140                   /usr/lib/jvm/java-8-openjdk-amd64/jre/lib/amd64/libjava.so
7f5e2b074000-7f5e2b075000 r--p 0002d000 08:02 28316140                   /usr/lib/jvm/java-8-openjdk-amd64/jre/lib/amd64/libjava.so
7f5e2b075000-7f5e2b077000 rw-p 0002e000 08:02 28316140                   /usr/lib/jvm/java-8-openjdk-amd64/jre/lib/amd64/libjava.so
7f5e2b077000-7f5e2b087000 r-xp 00000000 08:02 28318809                   /usr/lib/jvm/java-8-openjdk-amd64/jre/lib/amd64/libverify.so
7f5e2b087000-7f5e2b286000 ---p 00010000 08:02 28318809                   /usr/lib/jvm/java-8-openjdk-amd64/jre/lib/amd64/libverify.so
7f5e2b286000-7f5e2b288000 r--p 0000f000 08:02 28318809                   /usr/lib/jvm/java-8-openjdk-amd64/jre/lib/amd64/libverify.so
7f5e2b288000-7f5e2b289000 rw-p 00011000 08:02 28318809                   /usr/lib/jvm/java-8-openjdk-amd64/jre/lib/amd64/libverify.so
7f5e2b289000-7f5e2b290000 r-xp 00000000 08:02 12714383                   /lib/x86_64-linux-gnu/librt-2.26.so
7f5e2b290000-7f5e2b48f000 ---p 00007000 08:02 12714383                   /lib/x86_64-linux-gnu/librt-2.26.so
7f5e2b48f000-7f5e2b490000 r--p 00006000 08:02 12714383                   /lib/x86_64-linux-gnu/librt-2.26.so
7f5e2b490000-7f5e2b491000 rw-p 00007000 08:02 12714383                   /lib/x86_64-linux-gnu/librt-2.26.so
7f5e2b491000-7f5e2b4a7000 r-xp 00000000 08:02 12714359                   /lib/x86_64-linux-gnu/libgcc_s.so.1
7f5e2b4a7000-7f5e2b6a6000 ---p 00016000 08:02 12714359                   /lib/x86_64-linux-gnu/libgcc_s.so.1
7f5e2b6a6000-7f5e2b6a7000 r--p 00015000 08:02 12714359                   /lib/x86_64-linux-gnu/libgcc_s.so.1
7f5e2b6a7000-7f5e2b6a8000 rw-p 00016000 08:02 12714359                   /lib/x86_64-linux-gnu/libgcc_s.so.1
7f5e2b6a8000-7f5e2b7fd000 r-xp 00000000 08:02 12714345                   /lib/x86_64-linux-gnu/libm-2.26.so
7f5e2b7fd000-7f5e2b9fc000 ---p 00155000 08:02 12714345                   /lib/x86_64-linux-gnu/libm-2.26.so
7f5e2b9fc000-7f5e2b9fd000 r--p 00154000 08:02 12714345                   /lib/x86_64-linux-gnu/libm-2.26.so
7f5e2b9fd000-7f5e2b9fe000 rw-p 00155000 08:02 12714345                   /lib/x86_64-linux-gnu/libm-2.26.so
7f5e2b9fe000-7f5e2bb76000 r-xp 00000000 08:02 27919651                   /usr/lib/x86_64-linux-gnu/libstdc++.so.6.0.24
7f5e2bb76000-7f5e2bd75000 ---p 00178000 08:02 27919651                   /usr/lib/x86_64-linux-gnu/libstdc++.so.6.0.24
7f5e2bd75000-7f5e2bd7f000 r--p 00177000 08:02 27919651                   /usr/lib/x86_64-linux-gnu/libstdc++.so.6.0.24
7f5e2bd7f000-7f5e2bd81000 rw-p 00181000 08:02 27919651                   /usr/lib/x86_64-linux-gnu/libstdc++.so.6.0.24
7f5e2bd81000-7f5e2bd84000 rw-p 00000000 00:00 0 
7f5e2bd84000-7f5e2ca0e000 r-xp 00000000 08:02 28318815                   /usr/lib/jvm/java-8-openjdk-amd64/jre/lib/amd64/server/libjvm.so
7f5e2ca0e000-7f5e2cc0e000 ---p 00c8a000 08:02 28318815                   /usr/lib/jvm/java-8-openjdk-amd64/jre/lib/amd64/server/libjvm.so
7f5e2cc0e000-7f5e2cca1000 r--p 00c8a000 08:02 28318815                   /usr/lib/jvm/java-8-openjdk-amd64/jre/lib/amd64/server/libjvm.so
7f5e2cca1000-7f5e2ccc9000 rw-p 00d1d000 08:02 28318815                   /usr/lib/jvm/java-8-openjdk-amd64/jre/lib/amd64/server/libjvm.so
7f5e2ccc9000-7f5e2ccfa000 rw-p 00000000 00:00 0 
7f5e2ccfa000-7f5e2cd14000 r-xp 00000000 08:02 12714379                   /lib/x86_64-linux-gnu/libpthread-2.26.so
7f5e2cd14000-7f5e2cf13000 ---p 0001a000 08:02 12714379                   /lib/x86_64-linux-gnu/libpthread-2.26.so
7f5e2cf13000-7f5e2cf14000 r--p 00019000 08:02 12714379                   /lib/x86_64-linux-gnu/libpthread-2.26.so
7f5e2cf14000-7f5e2cf15000 rw-p 0001a000 08:02 12714379                   /lib/x86_64-linux-gnu/libpthread-2.26.so
7f5e2cf15000-7f5e2cf19000 rw-p 00000000 00:00 0 
7f5e2cf19000-7f5e2cf1c000 r-xp 00000000 08:02 12714341                   /lib/x86_64-linux-gnu/libdl-2.26.so
7f5e2cf1c000-7f5e2d11b000 ---p 00003000 08:02 12714341                   /lib/x86_64-linux-gnu/libdl-2.26.so
7f5e2d11b000-7f5e2d11c000 r--p 00002000 08:02 12714341                   /lib/x86_64-linux-gnu/libdl-2.26.so
7f5e2d11c000-7f5e2d11d000 rw-p 00003000 08:02 12714341                   /lib/x86_64-linux-gnu/libdl-2.26.so
7f5e2d11d000-7f5e2d139000 r-xp 00000000 08:02 12714365                   /lib/x86_64-linux-gnu/libz.so.1.2.11
7f5e2d139000-7f5e2d338000 ---p 0001c000 08:02 12714365                   /lib/x86_64-linux-gnu/libz.so.1.2.11
7f5e2d338000-7f5e2d339000 r--p 0001b000 08:02 12714365                   /lib/x86_64-linux-gnu/libz.so.1.2.11
7f5e2d339000-7f5e2d33a000 rw-p 0001c000 08:02 12714365                   /lib/x86_64-linux-gnu/libz.so.1.2.11
7f5e2d33a000-7f5e2d510000 r-xp 00000000 08:02 12714315                   /lib/x86_64-linux-gnu/libc-2.26.so
7f5e2d510000-7f5e2d710000 ---p 001d6000 08:02 12714315                   /lib/x86_64-linux-gnu/libc-2.26.so
7f5e2d710000-7f5e2d714000 r--p 001d6000 08:02 12714315                   /lib/x86_64-linux-gnu/libc-2.26.so
7f5e2d714000-7f5e2d716000 rw-p 001da000 08:02 12714315                   /lib/x86_64-linux-gnu/libc-2.26.so
7f5e2d716000-7f5e2d71a000 rw-p 00000000 00:00 0 
7f5e2d71a000-7f5e2d728000 r-xp 00000000 08:02 28314505                   /usr/lib/jvm/java-8-openjdk-amd64/jre/lib/amd64/jli/libjli.so
7f5e2d728000-7f5e2d927000 ---p 0000e000 08:02 28314505                   /usr/lib/jvm/java-8-openjdk-amd64/jre/lib/amd64/jli/libjli.so
7f5e2d927000-7f5e2d928000 r--p 0000d000 08:02 28314505                   /usr/lib/jvm/java-8-openjdk-amd64/jre/lib/amd64/jli/libjli.so
7f5e2d928000-7f5e2d929000 rw-p 0000e000 08:02 28314505                   /usr/lib/jvm/java-8-openjdk-amd64/jre/lib/amd64/jli/libjli.so
7f5e2d929000-7f5e2d950000 r-xp 00000000 08:02 12714033                   /lib/x86_64-linux-gnu/ld-2.26.so
7f5e2d950000-7f5e2d952000 r--s 00002000 08:02 20971885                   /home/rajaram/.m2/repository/org/atteo/evo-inflector/1.2.1/evo-inflector-1.2.1.jar
7f5e2d952000-7f5e2d953000 r--s 00003000 08:02 28183955                   /home/rajaram/.m2/repository/org/springframework/spring-jcl/5.0.0.RELEASE/spring-jcl-5.0.0.RELEASE.jar
7f5e2d953000-7f5e2d958000 r--s 00023000 08:02 21234836                   /home/rajaram/.m2/repository/org/apache/maven/surefire/surefire-api/2.10/surefire-api-2.10.jar
7f5e2d958000-7f5e2d95a000 r--s 00007000 08:02 21234835                   /home/rajaram/.m2/repository/org/apache/maven/surefire/surefire-booter/2.10/surefire-booter-2.10.jar
7f5e2d95a000-7f5e2d95b000 r--s 00003000 08:02 28183004                   /home/rajaram/work/dtl/FAIRDataPoint/target/surefire/surefirebooter6893060609009731505.jar
7f5e2d95b000-7f5e2d95d000 r--s 00001000 08:02 28318829                   /usr/lib/jvm/java-8-openjdk-amd64/jre/lib/ext/dnsns.jar
7f5e2d95d000-7f5e2d962000 r--s 0003b000 08:02 28318835                   /usr/lib/jvm/java-8-openjdk-amd64/jre/lib/ext/sunjce_provider.jar
7f5e2d962000-7f5e2d96c000 r--s 00116000 08:02 28318832                   /usr/lib/jvm/java-8-openjdk-amd64/jre/lib/ext/localedata.jar
7f5e2d96c000-7f5e2d96f000 r--s 0000f000 08:02 28318830                   /usr/lib/jvm/java-8-openjdk-amd64/jre/lib/ext/icedtea-sound.jar
7f5e2d96f000-7f5e2d971000 r--s 00008000 08:02 28318834                   /usr/lib/jvm/java-8-openjdk-amd64/jre/lib/ext/sunec.jar
7f5e2d971000-7f5e2d975000 r--s 00037000 08:02 28318836                   /usr/lib/jvm/java-8-openjdk-amd64/jre/lib/ext/sunpkcs11.jar
7f5e2d975000-7f5e2da1e000 rw-p 00000000 00:00 0 
7f5e2da1e000-7f5e2da21000 ---p 00000000 00:00 0 
7f5e2da21000-7f5e2db24000 rw-p 00000000 00:00 0 
7f5e2db24000-7f5e2db25000 r--s 0000a000 08:02 28318831                   /usr/lib/jvm/java-8-openjdk-amd64/jre/lib/ext/jaccess.jar
7f5e2db25000-7f5e2db27000 r--s 00007000 08:02 28312944                   /usr/share/java/java-atk-wrapper.jar
7f5e2db27000-7f5e2db28000 r--s 00010000 08:02 28318837                   /usr/lib/jvm/java-8-openjdk-amd64/jre/lib/ext/zipfs.jar
7f5e2db28000-7f5e2db43000 r--s 00394000 08:02 28318828                   /usr/lib/jvm/java-8-openjdk-amd64/jre/lib/ext/cldrdata.jar
7f5e2db43000-7f5e2db4b000 rw-s 00000000 08:02 5375331                    /tmp/hsperfdata_rajaram/891
7f5e2db4b000-7f5e2db4c000 rw-p 00000000 00:00 0 
7f5e2db4c000-7f5e2db4d000 ---p 00000000 00:00 0 
7f5e2db4d000-7f5e2db50000 rw-p 00000000 00:00 0 
7f5e2db50000-7f5e2db51000 r--p 00027000 08:02 12714033                   /lib/x86_64-linux-gnu/ld-2.26.so
7f5e2db51000-7f5e2db52000 rw-p 00028000 08:02 12714033                   /lib/x86_64-linux-gnu/ld-2.26.so
7f5e2db52000-7f5e2db53000 rw-p 00000000 00:00 0 
7ffed052b000-7ffed054c000 rw-p 00000000 00:00 0                          [stack]
7ffed05c2000-7ffed05c4000 r--p 00000000 00:00 0                          [vvar]
7ffed05c4000-7ffed05c6000 r-xp 00000000 00:00 0                          [vdso]
ffffffffff600000-ffffffffff601000 r-xp 00000000 00:00 0                  [vsyscall]

VM Arguments:
java_command: /home/rajaram/work/dtl/FAIRDataPoint/target/surefire/surefirebooter6893060609009731505.jar /home/rajaram/work/dtl/FAIRDataPoint/target/surefire/surefire1416013075293153952tmp /home/rajaram/work/dtl/FAIRDataPoint/target/surefire/surefire2343540348444047283tmp
java_class_path (initial): /home/rajaram/work/dtl/FAIRDataPoint/target/surefire/surefirebooter6893060609009731505.jar
Launcher Type: SUN_STANDARD

Environment Variables:
JAVA_HOME=/usr/lib/jvm/java-8-openjdk-amd64
PATH=/usr/local/sbin:/usr/local/bin:/usr/sbin:/usr/bin:/sbin:/bin:/usr/games:/usr/local/games:/snap/bin
USERNAME=rajaram
LD_LIBRARY_PATH=/usr/lib/jvm/java-8-openjdk-amd64/jre/lib/amd64:/usr/lib/jvm/java-8-openjdk-amd64/jre/lib/i386:
SHELL=/bin/bash
DISPLAY=:0

Signal Handlers:
SIGSEGV: [libjvm.so+0xaa6ab0], sa_mask[0]=11111111011111111101111111111110, sa_flags=SA_RESTART|SA_SIGINFO
SIGBUS: [libjvm.so+0xaa6ab0], sa_mask[0]=11111111011111111101111111111110, sa_flags=SA_RESTART|SA_SIGINFO
SIGFPE: [libjvm.so+0x8dded0], sa_mask[0]=11111111011111111101111111111110, sa_flags=SA_RESTART|SA_SIGINFO
SIGPIPE: [libjvm.so+0x8dded0], sa_mask[0]=11111111011111111101111111111110, sa_flags=SA_RESTART|SA_SIGINFO
SIGXFSZ: [libjvm.so+0x8dded0], sa_mask[0]=11111111011111111101111111111110, sa_flags=SA_RESTART|SA_SIGINFO
SIGILL: [libjvm.so+0x8dded0], sa_mask[0]=11111111011111111101111111111110, sa_flags=SA_RESTART|SA_SIGINFO
SIGUSR1: SIG_DFL, sa_mask[0]=00000000000000000000000000000000, sa_flags=none
SIGUSR2: [libjvm.so+0x8ddd80], sa_mask[0]=00100000000000000000000000000000, sa_flags=SA_RESTART|SA_SIGINFO
SIGHUP: [libjvm.so+0x8de230], sa_mask[0]=11111111011111111101111111111110, sa_flags=SA_RESTART|SA_SIGINFO
SIGINT: SIG_IGN, sa_mask[0]=00000000000000000000000000000000, sa_flags=none
SIGTERM: [libjvm.so+0x8de230], sa_mask[0]=11111111011111111101111111111110, sa_flags=SA_RESTART|SA_SIGINFO
SIGQUIT: [libjvm.so+0x8de230], sa_mask[0]=11111111011111111101111111111110, sa_flags=SA_RESTART|SA_SIGINFO


---------------  S Y S T E M  ---------------

OS:DISTRIB_ID=Ubuntu
DISTRIB_RELEASE=17.10
DISTRIB_CODENAME=artful
DISTRIB_DESCRIPTION="Ubuntu 17.10"

uname:Linux 4.10.0-37-generic #41-Ubuntu SMP Fri Oct 6 20:20:37 UTC 2017 x86_64
libc:glibc 2.26 NPTL 2.26 
rlimit: STACK 8192k, CORE 0k, NPROC 62564, NOFILE 1048576, AS infinity
load average:2,10 1,15 0,94

/proc/meminfo:
MemTotal:       16331352 kB
MemFree:          135644 kB
MemAvailable:      17988 kB
Buffers:             584 kB
Cached:          1303180 kB
SwapCached:            0 kB
Active:         14381504 kB
Inactive:        1286192 kB
Active(anon):   14373672 kB
Inactive(anon):  1279048 kB
Active(file):       7832 kB
Inactive(file):     7144 kB
Unevictable:         656 kB
Mlocked:             656 kB
SwapTotal:             0 kB
SwapFree:              0 kB
Dirty:                 0 kB
Writeback:             0 kB
AnonPages:      14364736 kB
Mapped:           576108 kB
Shmem:           1288320 kB
Slab:             239908 kB
SReclaimable:      86220 kB
SUnreclaim:       153688 kB
KernelStack:       30004 kB
PageTables:       144720 kB
NFS_Unstable:          0 kB
Bounce:                0 kB
WritebackTmp:          0 kB
CommitLimit:     8165676 kB
Committed_AS:   32304088 kB
VmallocTotal:   34359738367 kB
VmallocUsed:           0 kB
VmallocChunk:          0 kB
HardwareCorrupted:     0 kB
AnonHugePages:   6006784 kB
ShmemHugePages:        0 kB
ShmemPmdMapped:        0 kB
CmaTotal:              0 kB
CmaFree:               0 kB
HugePages_Total:       0
HugePages_Free:        0
HugePages_Rsvd:        0
HugePages_Surp:        0
Hugepagesize:       2048 kB
DirectMap4k:      370128 kB
DirectMap2M:    14211072 kB
DirectMap1G:     2097152 kB


CPU:total 8 (initial active 8) (4 cores per cpu, 2 threads per core) family 6 model 60 stepping 3, cmov, cx8, fxsr, mmx, sse, sse2, sse3, ssse3, sse4.1, sse4.2, popcnt, avx, avx2, aes, clmul, erms, lzcnt, ht, tsc, tscinvbit, bmi1, bmi2

/proc/cpuinfo:
processor	: 0
vendor_id	: GenuineIntel
cpu family	: 6
model		: 60
model name	: Intel(R) Core(TM) i7-4712HQ CPU @ 2.30GHz
stepping	: 3
microcode	: 0x22
cpu MHz		: 2999.938
cache size	: 6144 KB
physical id	: 0
siblings	: 8
core id		: 0
cpu cores	: 4
apicid		: 0
initial apicid	: 0
fpu		: yes
fpu_exception	: yes
cpuid level	: 13
wp		: yes
flags		: fpu vme de pse tsc msr pae mce cx8 apic sep mtrr pge mca cmov pat pse36 clflush dts acpi mmx fxsr sse sse2 ss ht tm pbe syscall nx pdpe1gb rdtscp lm constant_tsc arch_perfmon pebs bts rep_good nopl xtopology nonstop_tsc aperfmperf pni pclmulqdq dtes64 monitor ds_cpl vmx est tm2 ssse3 sdbg fma cx16 xtpr pdcm pcid sse4_1 sse4_2 x2apic movbe popcnt tsc_deadline_timer aes xsave avx f16c rdrand lahf_lm abm epb tpr_shadow vnmi flexpriority ept vpid fsgsbase tsc_adjust bmi1 avx2 smep bmi2 erms invpcid xsaveopt dtherm ida arat pln pts
bugs		:
bogomips	: 4589.28
clflush size	: 64
cache_alignment	: 64
address sizes	: 39 bits physical, 48 bits virtual
power management:

processor	: 1
vendor_id	: GenuineIntel
cpu family	: 6
model		: 60
model name	: Intel(R) Core(TM) i7-4712HQ CPU @ 2.30GHz
stepping	: 3
microcode	: 0x22
cpu MHz		: 2999.938
cache size	: 6144 KB
physical id	: 0
siblings	: 8
core id		: 1
cpu cores	: 4
apicid		: 2
initial apicid	: 2
fpu		: yes
fpu_exception	: yes
cpuid level	: 13
wp		: yes
flags		: fpu vme de pse tsc msr pae mce cx8 apic sep mtrr pge mca cmov pat pse36 clflush dts acpi mmx fxsr sse sse2 ss ht tm pbe syscall nx pdpe1gb rdtscp lm constant_tsc arch_perfmon pebs bts rep_good nopl xtopology nonstop_tsc aperfmperf pni pclmulqdq dtes64 monitor ds_cpl vmx est tm2 ssse3 sdbg fma cx16 xtpr pdcm pcid sse4_1 sse4_2 x2apic movbe popcnt tsc_deadline_timer aes xsave avx f16c rdrand lahf_lm abm epb tpr_shadow vnmi flexpriority ept vpid fsgsbase tsc_adjust bmi1 avx2 smep bmi2 erms invpcid xsaveopt dtherm ida arat pln pts
bugs		:
bogomips	: 4589.28
clflush size	: 64
cache_alignment	: 64
address sizes	: 39 bits physical, 48 bits virtual
power management:

processor	: 2
vendor_id	: GenuineIntel
cpu family	: 6
model		: 60
model name	: Intel(R) Core(TM) i7-4712HQ CPU @ 2.30GHz
stepping	: 3
microcode	: 0x22
cpu MHz		: 2999.938
cache size	: 6144 KB
physical id	: 0
siblings	: 8
core id		: 2
cpu cores	: 4
apicid		: 4
initial apicid	: 4
fpu		: yes
fpu_exception	: yes
cpuid level	: 13
wp		: yes
flags		: fpu vme de pse tsc msr pae mce cx8 apic sep mtrr pge mca cmov pat pse36 clflush dts acpi mmx fxsr sse sse2 ss ht tm pbe syscall nx pdpe1gb rdtscp lm constant_tsc arch_perfmon pebs bts rep_good nopl xtopology nonstop_tsc aperfmperf pni pclmulqdq dtes64 monitor ds_cpl vmx est tm2 ssse3 sdbg fma cx16 xtpr pdcm pcid sse4_1 sse4_2 x2apic movbe popcnt tsc_deadline_timer aes xsave avx f16c rdrand lahf_lm abm epb tpr_shadow vnmi flexpriority ept vpid fsgsbase tsc_adjust bmi1 avx2 smep bmi2 erms invpcid xsaveopt dtherm ida arat pln pts
bugs		:
bogomips	: 4589.28
clflush size	: 64
cache_alignment	: 64
address sizes	: 39 bits physical, 48 bits virtual
power management:

processor	: 3
vendor_id	: GenuineIntel
cpu family	: 6
model		: 60
model name	: Intel(R) Core(TM) i7-4712HQ CPU @ 2.30GHz
stepping	: 3
microcode	: 0x22
cpu MHz		: 2999.938
cache size	: 6144 KB
physical id	: 0
siblings	: 8
core id		: 3
cpu cores	: 4
apicid		: 6
initial apicid	: 6
fpu		: yes
fpu_exception	: yes
cpuid level	: 13
wp		: yes
flags		: fpu vme de pse tsc msr pae mce cx8 apic sep mtrr pge mca cmov pat pse36 clflush dts acpi mmx fxsr sse sse2 ss ht tm pbe syscall nx pdpe1gb rdtscp lm constant_tsc arch_perfmon pebs bts rep_good nopl xtopology nonstop_tsc aperfmperf pni pclmulqdq dtes64 monitor ds_cpl vmx est tm2 ssse3 sdbg fma cx16 xtpr pdcm pcid sse4_1 sse4_2 x2apic movbe popcnt tsc_deadline_timer aes xsave avx f16c rdrand lahf_lm abm epb tpr_shadow vnmi flexpriority ept vpid fsgsbase tsc_adjust bmi1 avx2 smep bmi2 erms invpcid xsaveopt dtherm ida arat pln pts
bugs		:
bogomips	: 4589.28
clflush size	: 64
cache_alignment	: 64
address sizes	: 39 bits physical, 48 bits virtual
power management:

processor	: 4
vendor_id	: GenuineIntel
cpu family	: 6
model		: 60
model name	: Intel(R) Core(TM) i7-4712HQ CPU @ 2.30GHz
stepping	: 3
microcode	: 0x22
cpu MHz		: 3004.290
cache size	: 6144 KB
physical id	: 0
siblings	: 8
core id		: 0
cpu cores	: 4
apicid		: 1
initial apicid	: 1
fpu		: yes
fpu_exception	: yes
cpuid level	: 13
wp		: yes
flags		: fpu vme de pse tsc msr pae mce cx8 apic sep mtrr pge mca cmov pat pse36 clflush dts acpi mmx fxsr sse sse2 ss ht tm pbe syscall nx pdpe1gb rdtscp lm constant_tsc arch_perfmon pebs bts rep_good nopl xtopology nonstop_tsc aperfmperf pni pclmulqdq dtes64 monitor ds_cpl vmx est tm2 ssse3 sdbg fma cx16 xtpr pdcm pcid sse4_1 sse4_2 x2apic movbe popcnt tsc_deadline_timer aes xsave avx f16c rdrand lahf_lm abm epb tpr_shadow vnmi flexpriority ept vpid fsgsbase tsc_adjust bmi1 avx2 smep bmi2 erms invpcid xsaveopt dtherm ida arat pln pts
bugs		:
bogomips	: 4589.28
clflush size	: 64
cache_alignment	: 64
address sizes	: 39 bits physical, 48 bits virtual
power management:

processor	: 5
vendor_id	: GenuineIntel
cpu family	: 6
model		: 60
model name	: Intel(R) Core(TM) i7-4712HQ CPU @ 2.30GHz
stepping	: 3
microcode	: 0x22
cpu MHz		: 2999.938
cache size	: 6144 KB
physical id	: 0
siblings	: 8
core id		: 1
cpu cores	: 4
apicid		: 3
initial apicid	: 3
fpu		: yes
fpu_exception	: yes
cpuid level	: 13
wp		: yes
flags		: fpu vme de pse tsc msr pae mce cx8 apic sep mtrr pge mca cmov pat pse36 clflush dts acpi mmx fxsr sse sse2 ss ht tm pbe syscall nx pdpe1gb rdtscp lm constant_tsc arch_perfmon pebs bts rep_good nopl xtopology nonstop_tsc aperfmperf pni pclmulqdq dtes64 monitor ds_cpl vmx est tm2 ssse3 sdbg fma cx16 xtpr pdcm pcid sse4_1 sse4_2 x2apic movbe popcnt tsc_deadline_timer aes xsave avx f16c rdrand lahf_lm abm epb tpr_shadow vnmi flexpriority ept vpid fsgsbase tsc_adjust bmi1 avx2 smep bmi2 erms invpcid xsaveopt dtherm ida arat pln pts
bugs		:
bogomips	: 4589.28
clflush size	: 64
cache_alignment	: 64
address sizes	: 39 bits physical, 48 bits virtual
power management:

processor	: 6
vendor_id	: GenuineIntel
cpu family	: 6
model		: 60
model name	: Intel(R) Core(TM) i7-4712HQ CPU @ 2.30GHz
stepping	: 3
microcode	: 0x22
cpu MHz		: 2999.938
cache size	: 6144 KB
physical id	: 0
siblings	: 8
core id		: 2
cpu cores	: 4
apicid		: 5
initial apicid	: 5
fpu		: yes
fpu_exception	: yes
cpuid level	: 13
wp		: yes
flags		: fpu vme de pse tsc msr pae mce cx8 apic sep mtrr pge mca cmov pat pse36 clflush dts acpi mmx fxsr sse sse2 ss ht tm pbe syscall nx pdpe1gb rdtscp lm constant_tsc arch_perfmon pebs bts rep_good nopl xtopology nonstop_tsc aperfmperf pni pclmulqdq dtes64 monitor ds_cpl vmx est tm2 ssse3 sdbg fma cx16 xtpr pdcm pcid sse4_1 sse4_2 x2apic movbe popcnt tsc_deadline_timer aes xsave avx f16c rdrand lahf_lm abm epb tpr_shadow vnmi flexpriority ept vpid fsgsbase tsc_adjust bmi1 avx2 smep bmi2 erms invpcid xsaveopt dtherm ida arat pln pts
bugs		:
bogomips	: 4589.28
clflush size	: 64
cache_alignment	: 64
address sizes	: 39 bits physical, 48 bits virtual
power management:

processor	: 7
vendor_id	: GenuineIntel
cpu family	: 6
model		: 60
model name	: Intel(R) Core(TM) i7-4712HQ CPU @ 2.30GHz
stepping	: 3
microcode	: 0x22
cpu MHz		: 3010.467
cache size	: 6144 KB
physical id	: 0
siblings	: 8
core id		: 3
cpu cores	: 4
apicid		: 7
initial apicid	: 7
fpu		: yes
fpu_exception	: yes
cpuid level	: 13
wp		: yes
flags		: fpu vme de pse tsc msr pae mce cx8 apic sep mtrr pge mca cmov pat pse36 clflush dts acpi mmx fxsr sse sse2 ss ht tm pbe syscall nx pdpe1gb rdtscp lm constant_tsc arch_perfmon pebs bts rep_good nopl xtopology nonstop_tsc aperfmperf pni pclmulqdq dtes64 monitor ds_cpl vmx est tm2 ssse3 sdbg fma cx16 xtpr pdcm pcid sse4_1 sse4_2 x2apic movbe popcnt tsc_deadline_timer aes xsave avx f16c rdrand lahf_lm abm epb tpr_shadow vnmi flexpriority ept vpid fsgsbase tsc_adjust bmi1 avx2 smep bmi2 erms invpcid xsaveopt dtherm ida arat pln pts
bugs		:
bogomips	: 4589.28
clflush size	: 64
cache_alignment	: 64
address sizes	: 39 bits physical, 48 bits virtual
power management:



Memory: 4k page, physical 16331352k(135268k free), swap 0k(0k free)

vm_info: OpenJDK 64-Bit Server VM (25.144-b01) for linux-amd64 JRE (1.8.0_144-8u144-b01-2-b01), built on Sep 30 2017 00:37:14 by "buildd" with gcc 7.2.0

time: Wed Oct 25 15:41:03 2017
elapsed time: 24 seconds (0d 0h 0m 24s)

