[INFO ] 2016-02-24 14:57:44.735 [main] RestApiContext - Inmemory triple store initialize for test
[INFO ] 2016-02-24 14:57:45.934 [main] DataAccessorController - Request to get dataset's distribution dummy
[INFO ] 2016-02-24 14:57:45.934 [main] DataAccessorController - GET : http://localhost/textmining/gene-disease-association_lumc/dummy
[API-REQUEST] 2016-02-24 14:57:45.937 [main] DataAccessorController - 
[INFO ] 2016-02-24 14:57:45.940 [main] DataAccessorController - Request to get dataset's distribution sparql
[INFO ] 2016-02-24 14:57:45.940 [main] DataAccessorController - GET : http://localhost/textmining/gene-disease-association_lumc/sparql
[API-REQUEST] 2016-02-24 14:57:45.947 [main] DataAccessorController - 
[INFO ] 2016-02-24 14:57:45.953 [main] DataAccessorController - Request to get dataset's distribution sparql
[INFO ] 2016-02-24 14:57:45.953 [main] DataAccessorController - GET : http://localhost/textmining/gene-disease-association_lumc/sparql
[API-REQUEST] 2016-02-24 14:57:45.954 [main] DataAccessorController - 
[INFO ] 2016-02-24 14:57:45.957 [main] DataAccessorController - Request to get dataset's distribution sparql
[INFO ] 2016-02-24 14:57:45.957 [main] DataAccessorController - GET : http://localhost/textmining/gene-disease-association_lumc/sparql
[API-REQUEST] 2016-02-24 14:57:45.958 [main] DataAccessorController - 
[INFO ] 2016-02-24 14:57:45.960 [main] DataAccessorController - Request to get dataset's distribution sparql
[INFO ] 2016-02-24 14:57:45.960 [main] DataAccessorController - GET : http://localhost/textmining/gene-disease-association_lumc/sparql
[API-REQUEST] 2016-02-24 14:57:45.961 [main] DataAccessorController - 
[INFO ] 2016-02-24 14:57:45.964 [main] DataAccessorController - Request to get dataset's distribution sparql
[INFO ] 2016-02-24 14:57:45.964 [main] DataAccessorController - GET : http://localhost/textmining/gene-disease-association_lumc/sparql
[API-REQUEST] 2016-02-24 14:57:45.965 [main] DataAccessorController - 
[INFO ] 2016-02-24 14:57:45.971 [main] DataAccessorController - Request to get dataset's distribution sparql
[INFO ] 2016-02-24 14:57:45.971 [main] DataAccessorController - GET : http://localhost/textmining/gene-disease-association_lumc/sparql
[API-REQUEST] 2016-02-24 14:57:45.972 [main] DataAccessorController - 
[INFO ] 2016-02-24 14:57:46.207 [main] RestApiContext - Inmemory triple store initialize for test
[INFO ] 2016-02-24 14:57:46.522 [main] MetadataController - Request to get DATASET metadata textmining
[INFO ] 2016-02-24 14:57:46.523 [main] MetadataController - GET : http://localhost/textmining/gene-disease-association_lumc
[API-REQUEST] 2016-02-24 14:57:46.524 [main] MetadataController - 
[INFO ] 2016-02-24 14:57:46.528 [main] MetadataController - Request to get CATALOG metadata textmining
[INFO ] 2016-02-24 14:57:46.529 [main] MetadataController - GET : http://localhost/textmining
[API-REQUEST] 2016-02-24 14:57:46.529 [main] MetadataController - 
[INFO ] 2016-02-24 14:57:46.532 [main] MetadataController - Request to get CATALOG metadata textmining
[INFO ] 2016-02-24 14:57:46.532 [main] MetadataController - GET : http://localhost/textmining
[API-REQUEST] 2016-02-24 14:57:46.533 [main] MetadataController - 
[INFO ] 2016-02-24 14:57:46.535 [main] MetadataController - Request to get DATASET metadata textmining
[INFO ] 2016-02-24 14:57:46.535 [main] MetadataController - GET : http://localhost/textmining/gene-disease-association_lumc
[API-REQUEST] 2016-02-24 14:57:46.537 [main] MetadataController - 
[INFO ] 2016-02-24 14:57:46.540 [main] MetadataController - Request to get DATASET metadata textmining
[INFO ] 2016-02-24 14:57:46.540 [main] MetadataController - GET : http://localhost/textmining/gene-disease-association_lumc
[API-REQUEST] 2016-02-24 14:57:46.541 [main] MetadataController - 
[INFO ] 2016-02-24 14:57:46.545 [main] MetadataController - Request to get DATASET metadata textmining
[INFO ] 2016-02-24 14:57:46.546 [main] MetadataController - GET : http://localhost/textmining/dumpy
[API-REQUEST] 2016-02-24 14:57:46.546 [main] MetadataController - 
[INFO ] 2016-02-24 14:57:46.548 [main] MetadataController - Request to get CATALOG metadata textmining
[INFO ] 2016-02-24 14:57:46.548 [main] MetadataController - GET : http://localhost/textmining
[API-REQUEST] 2016-02-24 14:57:46.549 [main] MetadataController - 
[INFO ] 2016-02-24 14:57:46.556 [main] MetadataController - Request to get CATALOG metadata textmining
[INFO ] 2016-02-24 14:57:46.557 [main] MetadataController - GET : http://localhost/textmining
[API-REQUEST] 2016-02-24 14:57:46.557 [main] MetadataController - 
[INFO ] 2016-02-24 14:57:46.561 [main] MetadataController - Request to get CATALOG metadata dumpy
[INFO ] 2016-02-24 14:57:46.561 [main] MetadataController - GET : http://localhost/dumpy
[API-REQUEST] 2016-02-24 14:57:46.561 [main] MetadataController - 
[INFO ] 2016-02-24 14:57:46.743 [main] RestApiContext - Inmemory triple store initialize for test
[INFO ] 2016-02-24 14:57:47.108 [main] RestApiContext - Inmemory triple store initialize for test
[INFO ] 2016-02-24 14:57:47.450 [main] RestApiContext - Inmemory triple store initialize for test
