 - - [29/06/2016:00:34:49 -0087] "GET /textmining/gene-disease-association_lumc http"  
 - - [29/06/2016:00:34:49 -0097] "GET /textmining http"  
 - - [29/06/2016:00:34:49 -0099] "GET /textmining http"  
 - - [29/06/2016:00:34:49 -0101] "GET /textmining/gene-disease-association_lumc http"  
 - - [29/06/2016:00:34:49 -0103] "GET /textmining/gene-disease-association_lumc http"  
 - - [29/06/2016:00:34:49 -0106] "GET /textmining/dumpy http"  
 - - [29/06/2016:00:34:49 -0109] "GET /textmining http"  
 - - [29/06/2016:00:34:49 -0114] "GET /textmining http"  
 - - [29/06/2016:00:34:49 -0117] "GET /dumpy http"  
 - - [29/06/2016:00:34:49 -0464] "GET /textmining/gene-disease-association_lumc/dummy http"  
 - - [29/06/2016:00:34:49 -0469] "GET /textmining/gene-disease-association_lumc/sparql http"  
 - - [29/06/2016:00:34:49 -0471] "GET /textmining/gene-disease-association_lumc/sparql http"  
 - - [29/06/2016:00:34:49 -0474] "GET /textmining/gene-disease-association_lumc/sparql http"  
 - - [29/06/2016:00:34:49 -0476] "GET /textmining/gene-disease-association_lumc/sparql http"  
 - - [29/06/2016:00:34:49 -0480] "GET /textmining/gene-disease-association_lumc/sparql http"  
 - - [29/06/2016:00:34:49 -0485] "GET /textmining/gene-disease-association_lumc/sparql http"  
 - - [29/06/2016:00:35:32 -0647] "GET /textmining/gene-disease-association_lumc http"  
 - - [29/06/2016:00:35:32 -0658] "GET /textmining http"  
 - - [29/06/2016:00:35:32 -0661] "GET /textmining http"  
 - - [29/06/2016:00:35:32 -0663] "GET /textmining/gene-disease-association_lumc http"  
 - - [29/06/2016:00:35:32 -0666] "GET /textmining/gene-disease-association_lumc http"  
 - - [29/06/2016:00:35:32 -0670] "GET /textmining/dumpy http"  
 - - [29/06/2016:00:35:32 -0673] "GET /textmining http"  
 - - [29/06/2016:00:35:32 -0680] "GET /textmining http"  
 - - [29/06/2016:00:35:32 -0683] "GET /dumpy http"  
 - - [29/06/2016:00:35:33 -0024] "GET /textmining/gene-disease-association_lumc/dummy http"  
 - - [29/06/2016:00:35:33 -0027] "GET /textmining/gene-disease-association_lumc/sparql http"  
 - - [29/06/2016:00:35:33 -0030] "GET /textmining/gene-disease-association_lumc/sparql http"  
 - - [29/06/2016:00:35:33 -0032] "GET /textmining/gene-disease-association_lumc/sparql http"  
 - - [29/06/2016:00:35:33 -0035] "GET /textmining/gene-disease-association_lumc/sparql http"  
 - - [29/06/2016:00:35:33 -0040] "GET /textmining/gene-disease-association_lumc/sparql http"  
 - - [29/06/2016:00:35:33 -0045] "GET /textmining/gene-disease-association_lumc/sparql http"  
 - - [29/06/2016:00:40:43 -0505] "GET /textmining/gene-disease-association_lumc http"  
 - - [29/06/2016:00:40:43 -0517] "GET /textmining http"  
 - - [29/06/2016:00:40:43 -0520] "GET /textmining http"  
 - - [29/06/2016:00:40:43 -0523] "GET /textmining/gene-disease-association_lumc http"  
 - - [29/06/2016:00:40:43 -0526] "GET /textmining/gene-disease-association_lumc http"  
 - - [29/06/2016:00:40:43 -0529] "GET /textmining/dumpy http"  
 - - [29/06/2016:00:40:43 -0533] "GET /textmining http"  
 - - [29/06/2016:00:40:43 -0540] "GET /textmining http"  
 - - [29/06/2016:00:40:43 -0545] "GET /dumpy http"  
 - - [29/06/2016:00:40:43 -0895] "GET /textmining/gene-disease-association_lumc/dummy http"  
 - - [29/06/2016:00:40:43 -0899] "GET /textmining/gene-disease-association_lumc/sparql http"  
 - - [29/06/2016:00:40:43 -0902] "GET /textmining/gene-disease-association_lumc/sparql http"  
 - - [29/06/2016:00:40:43 -0904] "GET /textmining/gene-disease-association_lumc/sparql http"  
 - - [29/06/2016:00:40:43 -0907] "GET /textmining/gene-disease-association_lumc/sparql http"  
 - - [29/06/2016:00:40:43 -0910] "GET /textmining/gene-disease-association_lumc/sparql http"  
 - - [29/06/2016:00:40:43 -0917] "GET /textmining/gene-disease-association_lumc/sparql http"  
 - - [29/06/2016:00:43:03 -0934] "GET /textmining/gene-disease-association_lumc http"  
 - - [29/06/2016:00:43:03 -0942] "GET /textmining http"  
 - - [29/06/2016:00:43:03 -0945] "GET /textmining http"  
 - - [29/06/2016:00:43:03 -0947] "GET /textmining/gene-disease-association_lumc http"  
 - - [29/06/2016:00:43:03 -0950] "GET /textmining/gene-disease-association_lumc http"  
 - - [29/06/2016:00:43:03 -0953] "GET /textmining/dumpy http"  
 - - [29/06/2016:00:43:03 -0956] "GET /textmining http"  
 - - [29/06/2016:00:43:03 -0964] "GET /textmining http"  
 - - [29/06/2016:00:43:03 -0967] "GET /dumpy http"  
 - - [29/06/2016:00:43:04 -0191] "GET /textmining/gene-disease-association_lumc/dummy http"  
 - - [29/06/2016:00:43:04 -0193] "GET /textmining/gene-disease-association_lumc/sparql http"  
 - - [29/06/2016:00:43:04 -0195] "GET /textmining/gene-disease-association_lumc/sparql http"  
 - - [29/06/2016:00:43:04 -0196] "GET /textmining/gene-disease-association_lumc/sparql http"  
 - - [29/06/2016:00:43:04 -0198] "GET /textmining/gene-disease-association_lumc/sparql http"  
 - - [29/06/2016:00:43:04 -0200] "GET /textmining/gene-disease-association_lumc/sparql http"  
 - - [29/06/2016:00:43:04 -0203] "GET /textmining/gene-disease-association_lumc/sparql http"  
 - - [29/06/2016:00:45:06 -0501] "GET /textmining/gene-disease-association_lumc http"  
 - - [29/06/2016:00:45:06 -0509] "GET /textmining http"  
 - - [29/06/2016:00:45:06 -0511] "GET /textmining http"  
 - - [29/06/2016:00:45:06 -0513] "GET /textmining/gene-disease-association_lumc http"  
 - - [29/06/2016:00:45:06 -0515] "GET /textmining/gene-disease-association_lumc http"  
 - - [29/06/2016:00:45:06 -0518] "GET /textmining/dumpy http"  
 - - [29/06/2016:00:45:06 -0521] "GET /textmining http"  
 - - [29/06/2016:00:45:06 -0526] "GET /textmining http"  
 - - [29/06/2016:00:45:06 -0529] "GET /dumpy http"  
 - - [29/06/2016:00:45:06 -0757] "GET /textmining/gene-disease-association_lumc/dummy http"  
 - - [29/06/2016:00:45:06 -0759] "GET /textmining/gene-disease-association_lumc/sparql http"  
 - - [29/06/2016:00:45:06 -0761] "GET /textmining/gene-disease-association_lumc/sparql http"  
 - - [29/06/2016:00:45:06 -0763] "GET /textmining/gene-disease-association_lumc/sparql http"  
 - - [29/06/2016:00:45:06 -0764] "GET /textmining/gene-disease-association_lumc/sparql http"  
 - - [29/06/2016:00:45:06 -0767] "GET /textmining/gene-disease-association_lumc/sparql http"  
 - - [29/06/2016:00:45:06 -0771] "GET /textmining/gene-disease-association_lumc/sparql http"  
 - - [29/06/2016:00:49:10 -0288] "GET /textmining/gene-disease-association_lumc http"  
 - - [29/06/2016:00:49:10 -0296] "GET /textmining http"  
 - - [29/06/2016:00:49:10 -0299] "GET /textmining http"  
 - - [29/06/2016:00:49:10 -0301] "GET /textmining/gene-disease-association_lumc http"  
 - - [29/06/2016:00:49:10 -0304] "GET /textmining/gene-disease-association_lumc http"  
 - - [29/06/2016:00:49:10 -0307] "GET /textmining/dumpy http"  
 - - [29/06/2016:00:49:10 -0310] "GET /textmining http"  
 - - [29/06/2016:00:49:10 -0316] "GET /textmining http"  
 - - [29/06/2016:00:49:10 -0319] "GET /dumpy http"  
 - - [29/06/2016:00:49:10 -0559] "GET /textmining/gene-disease-association_lumc/dummy http"  
 - - [29/06/2016:00:49:10 -0562] "GET /textmining/gene-disease-association_lumc/sparql http"  
 - - [29/06/2016:00:49:10 -0564] "GET /textmining/gene-disease-association_lumc/sparql http"  
 - - [29/06/2016:00:49:10 -0565] "GET /textmining/gene-disease-association_lumc/sparql http"  
 - - [29/06/2016:00:49:10 -0567] "GET /textmining/gene-disease-association_lumc/sparql http"  
 - - [29/06/2016:00:49:10 -0569] "GET /textmining/gene-disease-association_lumc/sparql http"  
 - - [29/06/2016:00:49:10 -0573] "GET /textmining/gene-disease-association_lumc/sparql http"  
