 - - [18/04/2016:12:59:27 -0526] "GET /textmining/gene-disease-association_lumc http" 200 
 - - [18/04/2016:12:59:27 -0544] "GET /textmining http" 200 
 - - [18/04/2016:12:59:27 -0546] "GET /textmining http" 200 936
 - - [18/04/2016:12:59:27 -0549] "GET /textmining/gene-disease-association_lumc http" 200 936
 - - [18/04/2016:12:59:27 -0552] "GET /textmining/gene-disease-association_lumc http" 200 936
 - - [18/04/2016:12:59:27 -0555] "GET /textmining/dumpy http" 404 
 - - [18/04/2016:12:59:27 -0558] "GET /textmining http" 200 
 - - [18/04/2016:12:59:27 -0564] "GET /textmining http" 200 
 - - [18/04/2016:12:59:27 -0567] "GET /dumpy http" 404 
 - - [18/04/2016:12:59:27 -0843] "GET /textmining/gene-disease-association_lumc/dummy http" 404 
 - - [18/04/2016:12:59:27 -0846] "GET /textmining/gene-disease-association_lumc/sparql http" 200 
 - - [18/04/2016:12:59:27 -0849] "GET /textmining/gene-disease-association_lumc/sparql http" 200 882
 - - [18/04/2016:12:59:27 -0852] "GET /textmining/gene-disease-association_lumc/sparql http" 200 882
 - - [18/04/2016:12:59:27 -0854] "GET /textmining/gene-disease-association_lumc/sparql http" 200 882
 - - [18/04/2016:12:59:27 -0857] "GET /textmining/gene-disease-association_lumc/sparql http" 200 
 - - [18/04/2016:12:59:27 -0862] "GET /textmining/gene-disease-association_lumc/sparql http" 200 
 - - [18/04/2016:12:59:54 -0443] "GET /textmining/gene-disease-association_lumc http" 200 
 - - [18/04/2016:12:59:54 -0454] "GET /textmining http" 200 
 - - [18/04/2016:12:59:54 -0457] "GET /textmining http" 200 936
 - - [18/04/2016:12:59:54 -0461] "GET /textmining/gene-disease-association_lumc http" 200 936
 - - [18/04/2016:12:59:54 -0464] "GET /textmining/gene-disease-association_lumc http" 200 936
 - - [18/04/2016:12:59:54 -0469] "GET /textmining/dumpy http" 404 
 - - [18/04/2016:12:59:54 -0472] "GET /textmining http" 200 
 - - [18/04/2016:12:59:54 -0482] "GET /textmining http" 200 
 - - [18/04/2016:12:59:54 -0486] "GET /dumpy http" 404 
 - - [18/04/2016:12:59:54 -0726] "GET /textmining/gene-disease-association_lumc/dummy http" 404 
 - - [18/04/2016:12:59:54 -0728] "GET /textmining/gene-disease-association_lumc/sparql http" 200 
 - - [18/04/2016:12:59:54 -0729] "GET /textmining/gene-disease-association_lumc/sparql http" 200 882
 - - [18/04/2016:12:59:54 -0732] "GET /textmining/gene-disease-association_lumc/sparql http" 200 882
 - - [18/04/2016:12:59:54 -0735] "GET /textmining/gene-disease-association_lumc/sparql http" 200 882
 - - [18/04/2016:12:59:54 -0738] "GET /textmining/gene-disease-association_lumc/sparql http" 200 
 - - [18/04/2016:12:59:54 -0744] "GET /textmining/gene-disease-association_lumc/sparql http" 200 
 - - [18/04/2016:15:53:01 -0490] "GET /textmining/gene-disease-association_lumc http" 200 
 - - [18/04/2016:15:53:01 -0518] "GET /textmining http" 200 
 - - [18/04/2016:15:53:01 -0521] "GET /textmining http" 200 936
 - - [18/04/2016:15:53:01 -0524] "GET /textmining/gene-disease-association_lumc http" 200 936
 - - [18/04/2016:15:53:01 -0526] "GET /textmining/gene-disease-association_lumc http" 200 936
 - - [18/04/2016:15:53:01 -0529] "GET /textmining/dumpy http" 404 
 - - [18/04/2016:15:53:01 -0532] "GET /textmining http" 200 
 - - [18/04/2016:15:53:01 -0539] "GET /textmining http" 200 
 - - [18/04/2016:15:53:01 -0543] "GET /dumpy http" 404 
 - - [18/04/2016:15:53:01 -0863] "GET /textmining/gene-disease-association_lumc/dummy http" 404 
 - - [18/04/2016:15:53:01 -0866] "GET /textmining/gene-disease-association_lumc/sparql http" 200 
 - - [18/04/2016:15:53:01 -0869] "GET /textmining/gene-disease-association_lumc/sparql http" 200 882
 - - [18/04/2016:15:53:01 -0871] "GET /textmining/gene-disease-association_lumc/sparql http" 200 882
 - - [18/04/2016:15:53:01 -0873] "GET /textmining/gene-disease-association_lumc/sparql http" 200 882
 - - [18/04/2016:15:53:01 -0876] "GET /textmining/gene-disease-association_lumc/sparql http" 200 
 - - [18/04/2016:15:53:01 -0882] "GET /textmining/gene-disease-association_lumc/sparql http" 200 
 - - [18/04/2016:17:10:32 -0025] "GET /textmining/gene-disease-association_lumc http" 200 
 - - [18/04/2016:17:10:32 -0039] "GET /textmining http" 200 
 - - [18/04/2016:17:10:32 -0044] "GET /textmining http" 200 936
 - - [18/04/2016:17:10:32 -0048] "GET /textmining/gene-disease-association_lumc http" 200 936
 - - [18/04/2016:17:10:32 -0052] "GET /textmining/gene-disease-association_lumc http" 200 936
 - - [18/04/2016:17:10:32 -0057] "GET /textmining/dumpy http" 404 
 - - [18/04/2016:17:10:32 -0063] "GET /textmining http" 200 
 - - [18/04/2016:17:10:32 -0073] "GET /textmining http" 200 
 - - [18/04/2016:17:10:32 -0078] "GET /dumpy http" 404 
 - - [18/04/2016:17:10:32 -0486] "GET /textmining/gene-disease-association_lumc/dummy http" 404 
 - - [18/04/2016:17:10:32 -0489] "GET /textmining/gene-disease-association_lumc/sparql http" 200 
 - - [18/04/2016:17:10:32 -0492] "GET /textmining/gene-disease-association_lumc/sparql http" 200 882
 - - [18/04/2016:17:10:32 -0494] "GET /textmining/gene-disease-association_lumc/sparql http" 200 882
 - - [18/04/2016:17:10:32 -0496] "GET /textmining/gene-disease-association_lumc/sparql http" 200 882
 - - [18/04/2016:17:10:32 -0499] "GET /textmining/gene-disease-association_lumc/sparql http" 200 
 - - [18/04/2016:17:10:32 -0505] "GET /textmining/gene-disease-association_lumc/sparql http" 200 
 - - [18/04/2016:17:38:42 -0725] "GET /textmining/gene-disease-association_lumc http" 200 
 - - [18/04/2016:17:38:42 -0754] "GET /textmining http" 200 
 - - [18/04/2016:17:38:42 -0757] "GET /textmining http" 200 936
 - - [18/04/2016:17:38:42 -0762] "GET /textmining/gene-disease-association_lumc http" 200 936
 - - [18/04/2016:17:38:42 -0765] "GET /textmining/gene-disease-association_lumc http" 200 936
 - - [18/04/2016:17:38:42 -0768] "GET /textmining/dumpy http" 404 
 - - [18/04/2016:17:38:42 -0771] "GET /textmining http" 200 
 - - [18/04/2016:17:38:42 -0777] "GET /textmining http" 200 
 - - [18/04/2016:17:38:42 -0781] "GET /dumpy http" 404 
 - - [18/04/2016:17:38:43 -0079] "GET /textmining/gene-disease-association_lumc/dummy http" 404 
 - - [18/04/2016:17:38:43 -0083] "GET /textmining/gene-disease-association_lumc/sparql http" 200 
 - - [18/04/2016:17:38:43 -0086] "GET /textmining/gene-disease-association_lumc/sparql http" 200 882
 - - [18/04/2016:17:38:43 -0088] "GET /textmining/gene-disease-association_lumc/sparql http" 200 882
 - - [18/04/2016:17:38:43 -0091] "GET /textmining/gene-disease-association_lumc/sparql http" 200 882
 - - [18/04/2016:17:38:43 -0094] "GET /textmining/gene-disease-association_lumc/sparql http" 200 
 - - [18/04/2016:17:38:43 -0101] "GET /textmining/gene-disease-association_lumc/sparql http" 200 
