 - - [28/05/2016:14:35:28 -0692] "GET /textmining/gene-disease-association_lumc http" 200 
 - - [28/05/2016:14:35:28 -0704] "GET /textmining http" 200 
 - - [28/05/2016:14:35:28 -0707] "GET /textmining http" 200 936
 - - [28/05/2016:14:35:28 -0710] "GET /textmining/gene-disease-association_lumc http" 200 936
 - - [28/05/2016:14:35:28 -0715] "GET /textmining/gene-disease-association_lumc http" 200 936
 - - [28/05/2016:14:35:28 -0718] "GET /textmining/dumpy http" 404 
 - - [28/05/2016:14:35:28 -0721] "GET /textmining http" 200 
 - - [28/05/2016:14:35:28 -0731] "GET /textmining http" 200 
 - - [28/05/2016:14:35:28 -0735] "GET /dumpy http" 404 
 - - [28/05/2016:14:35:29 -0090] "GET /textmining/gene-disease-association_lumc/dummy http" 404 
 - - [28/05/2016:14:35:29 -0093] "GET /textmining/gene-disease-association_lumc/sparql http" 200 
 - - [28/05/2016:14:35:29 -0095] "GET /textmining/gene-disease-association_lumc/sparql http" 200 882
 - - [28/05/2016:14:35:29 -0098] "GET /textmining/gene-disease-association_lumc/sparql http" 200 882
 - - [28/05/2016:14:35:29 -0100] "GET /textmining/gene-disease-association_lumc/sparql http" 200 882
 - - [28/05/2016:14:35:29 -0104] "GET /textmining/gene-disease-association_lumc/sparql http" 200 
 - - [28/05/2016:14:35:29 -0111] "GET /textmining/gene-disease-association_lumc/sparql http" 200 
 - - [28/05/2016:14:35:45 -0263] "GET /textmining/gene-disease-association_lumc http" 200 
 - - [28/05/2016:14:35:45 -0274] "GET /textmining http" 200 
 - - [28/05/2016:14:35:45 -0276] "GET /textmining http" 200 936
 - - [28/05/2016:14:35:45 -0279] "GET /textmining/gene-disease-association_lumc http" 200 936
 - - [28/05/2016:14:35:45 -0282] "GET /textmining/gene-disease-association_lumc http" 200 936
 - - [28/05/2016:14:35:45 -0286] "GET /textmining/dumpy http" 404 
 - - [28/05/2016:14:35:45 -0291] "GET /textmining http" 200 
 - - [28/05/2016:14:35:45 -0300] "GET /textmining http" 200 
 - - [28/05/2016:14:35:45 -0305] "GET /dumpy http" 404 
 - - [28/05/2016:14:35:45 -0617] "GET /textmining/gene-disease-association_lumc/dummy http" 404 
 - - [28/05/2016:14:35:45 -0621] "GET /textmining/gene-disease-association_lumc/sparql http" 200 
 - - [28/05/2016:14:35:45 -0624] "GET /textmining/gene-disease-association_lumc/sparql http" 200 882
 - - [28/05/2016:14:35:45 -0627] "GET /textmining/gene-disease-association_lumc/sparql http" 200 882
 - - [28/05/2016:14:35:45 -0630] "GET /textmining/gene-disease-association_lumc/sparql http" 200 882
 - - [28/05/2016:14:35:45 -0634] "GET /textmining/gene-disease-association_lumc/sparql http" 200 
 - - [28/05/2016:14:35:45 -0639] "GET /textmining/gene-disease-association_lumc/sparql http" 200 
 - - [28/05/2016:17:11:00 -0573] "GET /textmining/gene-disease-association_lumc http" 200 
 - - [28/05/2016:17:11:00 -0583] "GET /textmining http" 200 
 - - [28/05/2016:17:11:00 -0586] "GET /textmining http" 200 936
 - - [28/05/2016:17:11:00 -0588] "GET /textmining/gene-disease-association_lumc http" 200 936
 - - [28/05/2016:17:11:00 -0591] "GET /textmining/gene-disease-association_lumc http" 200 936
 - - [28/05/2016:17:11:00 -0594] "GET /textmining/dumpy http" 404 
 - - [28/05/2016:17:11:00 -0600] "GET /textmining http" 200 
 - - [28/05/2016:17:11:00 -0608] "GET /textmining http" 200 
 - - [28/05/2016:17:11:00 -0610] "GET /dumpy http" 404 
 - - [28/05/2016:17:11:00 -0959] "GET /textmining/gene-disease-association_lumc/dummy http" 404 
 - - [28/05/2016:17:11:00 -0963] "GET /textmining/gene-disease-association_lumc/sparql http" 200 
 - - [28/05/2016:17:11:00 -0967] "GET /textmining/gene-disease-association_lumc/sparql http" 200 882
 - - [28/05/2016:17:11:00 -0969] "GET /textmining/gene-disease-association_lumc/sparql http" 200 882
 - - [28/05/2016:17:11:00 -0972] "GET /textmining/gene-disease-association_lumc/sparql http" 200 882
 - - [28/05/2016:17:11:00 -0976] "GET /textmining/gene-disease-association_lumc/sparql http" 200 
 - - [28/05/2016:17:11:00 -0982] "GET /textmining/gene-disease-association_lumc/sparql http" 200 
 - - [28/05/2016:17:13:25 -0216] "GET /textmining/gene-disease-association_lumc http" 200 
 - - [28/05/2016:17:13:25 -0229] "GET /textmining http" 200 
 - - [28/05/2016:17:13:25 -0233] "GET /textmining http" 200 936
 - - [28/05/2016:17:13:25 -0235] "GET /textmining/gene-disease-association_lumc http" 200 936
 - - [28/05/2016:17:13:25 -0238] "GET /textmining/gene-disease-association_lumc http" 200 936
 - - [28/05/2016:17:13:25 -0242] "GET /textmining/dumpy http" 404 
 - - [28/05/2016:17:13:25 -0245] "GET /textmining http" 200 
 - - [28/05/2016:17:13:25 -0252] "GET /textmining http" 200 
 - - [28/05/2016:17:13:25 -0257] "GET /dumpy http" 404 
 - - [28/05/2016:17:13:25 -0611] "GET /textmining/gene-disease-association_lumc/dummy http" 404 
 - - [28/05/2016:17:13:25 -0616] "GET /textmining/gene-disease-association_lumc/sparql http" 200 
 - - [28/05/2016:17:13:25 -0620] "GET /textmining/gene-disease-association_lumc/sparql http" 200 882
 - - [28/05/2016:17:13:25 -0624] "GET /textmining/gene-disease-association_lumc/sparql http" 200 882
 - - [28/05/2016:17:13:25 -0627] "GET /textmining/gene-disease-association_lumc/sparql http" 200 882
 - - [28/05/2016:17:13:25 -0633] "GET /textmining/gene-disease-association_lumc/sparql http" 200 
 - - [28/05/2016:17:13:25 -0639] "GET /textmining/gene-disease-association_lumc/sparql http" 200 
 - - [28/05/2016:17:16:48 -0827] "GET /textmining/gene-disease-association_lumc http" 200 
 - - [28/05/2016:17:16:48 -0839] "GET /textmining http" 200 
 - - [28/05/2016:17:16:48 -0842] "GET /textmining http" 200 936
 - - [28/05/2016:17:16:48 -0846] "GET /textmining/gene-disease-association_lumc http" 200 936
 - - [28/05/2016:17:16:48 -0850] "GET /textmining/gene-disease-association_lumc http" 200 936
 - - [28/05/2016:17:16:48 -0857] "GET /textmining/dumpy http" 404 
 - - [28/05/2016:17:16:48 -0861] "GET /textmining http" 200 
 - - [28/05/2016:17:16:48 -0869] "GET /textmining http" 200 
 - - [28/05/2016:17:16:48 -0873] "GET /dumpy http" 404 
 - - [28/05/2016:17:16:49 -0178] "GET /textmining/gene-disease-association_lumc/dummy http" 404 
 - - [28/05/2016:17:16:49 -0182] "GET /textmining/gene-disease-association_lumc/sparql http" 200 
 - - [28/05/2016:17:16:49 -0184] "GET /textmining/gene-disease-association_lumc/sparql http" 200 882
 - - [28/05/2016:17:16:49 -0187] "GET /textmining/gene-disease-association_lumc/sparql http" 200 882
 - - [28/05/2016:17:16:49 -0189] "GET /textmining/gene-disease-association_lumc/sparql http" 200 882
 - - [28/05/2016:17:16:49 -0195] "GET /textmining/gene-disease-association_lumc/sparql http" 200 
 - - [28/05/2016:17:16:49 -0201] "GET /textmining/gene-disease-association_lumc/sparql http" 200 
 - - [28/05/2016:17:17:03 -0643] "GET /textmining/gene-disease-association_lumc http" 200 
 - - [28/05/2016:17:17:03 -0655] "GET /textmining http" 200 
 - - [28/05/2016:17:17:03 -0659] "GET /textmining http" 200 936
 - - [28/05/2016:17:17:03 -0662] "GET /textmining/gene-disease-association_lumc http" 200 936
 - - [28/05/2016:17:17:03 -0666] "GET /textmining/gene-disease-association_lumc http" 200 936
 - - [28/05/2016:17:17:03 -0672] "GET /textmining/dumpy http" 404 
 - - [28/05/2016:17:17:03 -0676] "GET /textmining http" 200 
 - - [28/05/2016:17:17:03 -0686] "GET /textmining http" 200 
 - - [28/05/2016:17:17:03 -0691] "GET /dumpy http" 404 
 - - [28/05/2016:17:17:04 -0095] "GET /textmining/gene-disease-association_lumc/dummy http" 404 
 - - [28/05/2016:17:17:04 -0099] "GET /textmining/gene-disease-association_lumc/sparql http" 200 
 - - [28/05/2016:17:17:04 -0102] "GET /textmining/gene-disease-association_lumc/sparql http" 200 882
 - - [28/05/2016:17:17:04 -0104] "GET /textmining/gene-disease-association_lumc/sparql http" 200 882
 - - [28/05/2016:17:17:04 -0107] "GET /textmining/gene-disease-association_lumc/sparql http" 200 882
 - - [28/05/2016:17:17:04 -0112] "GET /textmining/gene-disease-association_lumc/sparql http" 200 
 - - [28/05/2016:17:17:04 -0118] "GET /textmining/gene-disease-association_lumc/sparql http" 200 
 - - [28/05/2016:17:17:17 -0116] "GET /textmining/gene-disease-association_lumc http" 200 
 - - [28/05/2016:17:17:17 -0126] "GET /textmining http" 200 
 - - [28/05/2016:17:17:17 -0130] "GET /textmining http" 200 936
 - - [28/05/2016:17:17:17 -0133] "GET /textmining/gene-disease-association_lumc http" 200 936
 - - [28/05/2016:17:17:17 -0136] "GET /textmining/gene-disease-association_lumc http" 200 936
 - - [28/05/2016:17:17:17 -0140] "GET /textmining/dumpy http" 404 
 - - [28/05/2016:17:17:17 -0147] "GET /textmining http" 200 
 - - [28/05/2016:17:17:17 -0157] "GET /textmining http" 200 
 - - [28/05/2016:17:17:17 -0174] "GET /dumpy http" 404 
 - - [28/05/2016:17:17:17 -0546] "GET /textmining/gene-disease-association_lumc/dummy http" 404 
 - - [28/05/2016:17:17:17 -0548] "GET /textmining/gene-disease-association_lumc/sparql http" 200 
 - - [28/05/2016:17:17:17 -0550] "GET /textmining/gene-disease-association_lumc/sparql http" 200 882
 - - [28/05/2016:17:17:17 -0552] "GET /textmining/gene-disease-association_lumc/sparql http" 200 882
 - - [28/05/2016:17:17:17 -0553] "GET /textmining/gene-disease-association_lumc/sparql http" 200 882
 - - [28/05/2016:17:17:17 -0557] "GET /textmining/gene-disease-association_lumc/sparql http" 200 
 - - [28/05/2016:17:17:17 -0562] "GET /textmining/gene-disease-association_lumc/sparql http" 200 
 - - [28/05/2016:17:18:02 -0496] "GET /textmining/gene-disease-association_lumc http" 200 
 - - [28/05/2016:17:18:02 -0506] "GET /textmining http" 200 
 - - [28/05/2016:17:18:02 -0509] "GET /textmining http" 200 936
 - - [28/05/2016:17:18:02 -0511] "GET /textmining/gene-disease-association_lumc http" 200 936
 - - [28/05/2016:17:18:02 -0515] "GET /textmining/gene-disease-association_lumc http" 200 936
 - - [28/05/2016:17:18:02 -0520] "GET /textmining/dumpy http" 404 
 - - [28/05/2016:17:18:02 -0523] "GET /textmining http" 200 
 - - [28/05/2016:17:18:02 -0530] "GET /textmining http" 200 
 - - [28/05/2016:17:18:02 -0534] "GET /dumpy http" 404 
 - - [28/05/2016:17:18:02 -0912] "GET /textmining/gene-disease-association_lumc/dummy http" 404 
 - - [28/05/2016:17:18:02 -0915] "GET /textmining/gene-disease-association_lumc/sparql http" 200 
 - - [28/05/2016:17:18:02 -0918] "GET /textmining/gene-disease-association_lumc/sparql http" 200 882
 - - [28/05/2016:17:18:02 -0920] "GET /textmining/gene-disease-association_lumc/sparql http" 200 882
 - - [28/05/2016:17:18:02 -0923] "GET /textmining/gene-disease-association_lumc/sparql http" 200 882
 - - [28/05/2016:17:18:02 -0927] "GET /textmining/gene-disease-association_lumc/sparql http" 200 
 - - [28/05/2016:17:18:02 -0933] "GET /textmining/gene-disease-association_lumc/sparql http" 200 
 - - [28/05/2016:17:19:54 -0431] "GET /textmining/gene-disease-association_lumc http" 200 
 - - [28/05/2016:17:19:54 -0447] "GET /textmining http" 200 
 - - [28/05/2016:17:19:54 -0451] "GET /textmining http" 200 936
 - - [28/05/2016:17:19:54 -0454] "GET /textmining/gene-disease-association_lumc http" 200 936
 - - [28/05/2016:17:19:54 -0457] "GET /textmining/gene-disease-association_lumc http" 200 936
 - - [28/05/2016:17:19:54 -0467] "GET /textmining/dumpy http" 404 
 - - [28/05/2016:17:19:54 -0473] "GET /textmining http" 200 
 - - [28/05/2016:17:19:54 -0483] "GET /textmining http" 200 
 - - [28/05/2016:17:19:54 -0486] "GET /dumpy http" 404 
 - - [28/05/2016:17:19:54 -0867] "GET /textmining/gene-disease-association_lumc/dummy http" 404 
 - - [28/05/2016:17:19:54 -0872] "GET /textmining/gene-disease-association_lumc/sparql http" 200 
 - - [28/05/2016:17:19:54 -0876] "GET /textmining/gene-disease-association_lumc/sparql http" 200 882
 - - [28/05/2016:17:19:54 -0878] "GET /textmining/gene-disease-association_lumc/sparql http" 200 882
 - - [28/05/2016:17:19:54 -0881] "GET /textmining/gene-disease-association_lumc/sparql http" 200 882
 - - [28/05/2016:17:19:54 -0885] "GET /textmining/gene-disease-association_lumc/sparql http" 200 
 - - [28/05/2016:17:19:54 -0893] "GET /textmining/gene-disease-association_lumc/sparql http" 200 
 - - [28/05/2016:17:20:27 -0505] "GET /textmining/gene-disease-association_lumc http" 200 
 - - [28/05/2016:17:20:27 -0516] "GET /textmining http" 200 
 - - [28/05/2016:17:20:27 -0518] "GET /textmining http" 200 936
 - - [28/05/2016:17:20:27 -0521] "GET /textmining/gene-disease-association_lumc http" 200 936
 - - [28/05/2016:17:20:27 -0524] "GET /textmining/gene-disease-association_lumc http" 200 936
 - - [28/05/2016:17:20:27 -0529] "GET /textmining/dumpy http" 404 
 - - [28/05/2016:17:20:27 -0534] "GET /textmining http" 200 
 - - [28/05/2016:17:20:27 -0544] "GET /textmining http" 200 
 - - [28/05/2016:17:20:27 -0547] "GET /dumpy http" 404 
 - - [28/05/2016:17:20:27 -0907] "GET /textmining/gene-disease-association_lumc/dummy http" 404 
 - - [28/05/2016:17:20:27 -0912] "GET /textmining/gene-disease-association_lumc/sparql http" 200 
 - - [28/05/2016:17:20:27 -0914] "GET /textmining/gene-disease-association_lumc/sparql http" 200 882
 - - [28/05/2016:17:20:27 -0917] "GET /textmining/gene-disease-association_lumc/sparql http" 200 882
 - - [28/05/2016:17:20:27 -0921] "GET /textmining/gene-disease-association_lumc/sparql http" 200 882
 - - [28/05/2016:17:20:27 -0926] "GET /textmining/gene-disease-association_lumc/sparql http" 200 
 - - [28/05/2016:17:20:27 -0933] "GET /textmining/gene-disease-association_lumc/sparql http" 200 
 - - [28/05/2016:17:22:36 -0770] "GET /textmining/gene-disease-association_lumc http" 200 
 - - [28/05/2016:17:22:36 -0783] "GET /textmining http" 200 
 - - [28/05/2016:17:22:36 -0786] "GET /textmining http" 200 936
 - - [28/05/2016:17:22:36 -0789] "GET /textmining/gene-disease-association_lumc http" 200 936
 - - [28/05/2016:17:22:36 -0792] "GET /textmining/gene-disease-association_lumc http" 200 936
 - - [28/05/2016:17:22:36 -0797] "GET /textmining/dumpy http" 404 
 - - [28/05/2016:17:22:36 -0803] "GET /textmining http" 200 
 - - [28/05/2016:17:22:36 -0816] "GET /textmining http" 200 
 - - [28/05/2016:17:22:36 -0820] "GET /dumpy http" 404 
 - - [28/05/2016:17:22:37 -0221] "GET /textmining/gene-disease-association_lumc/dummy http" 404 
 - - [28/05/2016:17:22:37 -0225] "GET /textmining/gene-disease-association_lumc/sparql http" 200 
 - - [28/05/2016:17:22:37 -0228] "GET /textmining/gene-disease-association_lumc/sparql http" 200 882
 - - [28/05/2016:17:22:37 -0231] "GET /textmining/gene-disease-association_lumc/sparql http" 200 882
 - - [28/05/2016:17:22:37 -0236] "GET /textmining/gene-disease-association_lumc/sparql http" 200 882
 - - [28/05/2016:17:22:37 -0240] "GET /textmining/gene-disease-association_lumc/sparql http" 200 
 - - [28/05/2016:17:22:37 -0247] "GET /textmining/gene-disease-association_lumc/sparql http" 200 
 - - [28/05/2016:17:29:27 -0039] "GET /textmining/gene-disease-association_lumc http" 200 
 - - [28/05/2016:17:29:27 -0052] "GET /textmining http" 200 
 - - [28/05/2016:17:29:27 -0055] "GET /textmining http" 200 945
 - - [28/05/2016:17:29:27 -0059] "GET /textmining/gene-disease-association_lumc http" 200 945
 - - [28/05/2016:17:29:27 -0062] "GET /textmining/gene-disease-association_lumc http" 200 945
 - - [28/05/2016:17:29:27 -0068] "GET /textmining/dumpy http" 404 
 - - [28/05/2016:17:29:27 -0072] "GET /textmining http" 200 
 - - [28/05/2016:17:29:27 -0081] "GET /textmining http" 200 
 - - [28/05/2016:17:29:27 -0086] "GET /dumpy http" 404 
 - - [28/05/2016:17:29:27 -0467] "GET /textmining/gene-disease-association_lumc/dummy http" 404 
 - - [28/05/2016:17:29:27 -0471] "GET /textmining/gene-disease-association_lumc/sparql http" 200 
 - - [28/05/2016:17:29:27 -0474] "GET /textmining/gene-disease-association_lumc/sparql http" 200 885
 - - [28/05/2016:17:29:27 -0476] "GET /textmining/gene-disease-association_lumc/sparql http" 200 885
 - - [28/05/2016:17:29:27 -0479] "GET /textmining/gene-disease-association_lumc/sparql http" 200 885
 - - [28/05/2016:17:29:27 -0483] "GET /textmining/gene-disease-association_lumc/sparql http" 200 
 - - [28/05/2016:17:29:27 -0489] "GET /textmining/gene-disease-association_lumc/sparql http" 200 
 - - [28/05/2016:17:29:41 -0445] "GET /textmining/gene-disease-association_lumc http" 200 
 - - [28/05/2016:17:29:41 -0455] "GET /textmining http" 200 
 - - [28/05/2016:17:29:41 -0458] "GET /textmining http" 200 945
 - - [28/05/2016:17:29:41 -0461] "GET /textmining/gene-disease-association_lumc http" 200 945
 - - [28/05/2016:17:29:41 -0463] "GET /textmining/gene-disease-association_lumc http" 200 945
 - - [28/05/2016:17:29:41 -0465] "GET /textmining/dumpy http" 404 
 - - [28/05/2016:17:29:41 -0469] "GET /textmining http" 200 
 - - [28/05/2016:17:29:41 -0477] "GET /textmining http" 200 
 - - [28/05/2016:17:29:41 -0480] "GET /dumpy http" 404 
 - - [28/05/2016:17:29:41 -0819] "GET /textmining/gene-disease-association_lumc/dummy http" 404 
 - - [28/05/2016:17:29:41 -0823] "GET /textmining/gene-disease-association_lumc/sparql http" 200 
 - - [28/05/2016:17:29:41 -0825] "GET /textmining/gene-disease-association_lumc/sparql http" 200 885
 - - [28/05/2016:17:29:41 -0828] "GET /textmining/gene-disease-association_lumc/sparql http" 200 885
 - - [28/05/2016:17:29:41 -0830] "GET /textmining/gene-disease-association_lumc/sparql http" 200 885
 - - [28/05/2016:17:29:41 -0833] "GET /textmining/gene-disease-association_lumc/sparql http" 200 
 - - [28/05/2016:17:29:41 -0838] "GET /textmining/gene-disease-association_lumc/sparql http" 200 
 - - [28/05/2016:17:30:49 -0227] "GET /textmining/gene-disease-association_lumc http" 200 
 - - [28/05/2016:17:30:49 -0239] "GET /textmining http" 200 
 - - [28/05/2016:17:30:49 -0243] "GET /textmining http" 200 936
 - - [28/05/2016:17:30:49 -0246] "GET /textmining/gene-disease-association_lumc http" 200 936
 - - [28/05/2016:17:30:49 -0249] "GET /textmining/gene-disease-association_lumc http" 200 936
 - - [28/05/2016:17:30:49 -0252] "GET /textmining/dumpy http" 404 
 - - [28/05/2016:17:30:49 -0257] "GET /textmining http" 200 
 - - [28/05/2016:17:30:49 -0267] "GET /textmining http" 200 
 - - [28/05/2016:17:30:49 -0272] "GET /dumpy http" 404 
 - - [28/05/2016:17:30:49 -0602] "GET /textmining/gene-disease-association_lumc/dummy http" 404 
 - - [28/05/2016:17:30:49 -0605] "GET /textmining/gene-disease-association_lumc/sparql http" 200 
 - - [28/05/2016:17:30:49 -0607] "GET /textmining/gene-disease-association_lumc/sparql http" 200 882
 - - [28/05/2016:17:30:49 -0609] "GET /textmining/gene-disease-association_lumc/sparql http" 200 882
 - - [28/05/2016:17:30:49 -0610] "GET /textmining/gene-disease-association_lumc/sparql http" 200 882
 - - [28/05/2016:17:30:49 -0613] "GET /textmining/gene-disease-association_lumc/sparql http" 200 
 - - [28/05/2016:17:30:49 -0618] "GET /textmining/gene-disease-association_lumc/sparql http" 200 
 - - [28/05/2016:17:31:01 -0501] "GET /textmining/gene-disease-association_lumc http" 200 
 - - [28/05/2016:17:31:01 -0511] "GET /textmining http" 200 
 - - [28/05/2016:17:31:01 -0513] "GET /textmining http" 200 936
 - - [28/05/2016:17:31:01 -0516] "GET /textmining/gene-disease-association_lumc http" 200 936
 - - [28/05/2016:17:31:01 -0519] "GET /textmining/gene-disease-association_lumc http" 200 936
 - - [28/05/2016:17:31:01 -0523] "GET /textmining/dumpy http" 404 
 - - [28/05/2016:17:31:01 -0526] "GET /textmining http" 200 
 - - [28/05/2016:17:31:01 -0533] "GET /textmining http" 200 
 - - [28/05/2016:17:31:01 -0536] "GET /dumpy http" 404 
 - - [28/05/2016:17:31:01 -0862] "GET /textmining/gene-disease-association_lumc/dummy http" 404 
 - - [28/05/2016:17:31:01 -0866] "GET /textmining/gene-disease-association_lumc/sparql http" 200 
 - - [28/05/2016:17:31:01 -0870] "GET /textmining/gene-disease-association_lumc/sparql http" 200 882
 - - [28/05/2016:17:31:01 -0873] "GET /textmining/gene-disease-association_lumc/sparql http" 200 882
 - - [28/05/2016:17:31:01 -0876] "GET /textmining/gene-disease-association_lumc/sparql http" 200 882
 - - [28/05/2016:17:31:01 -0880] "GET /textmining/gene-disease-association_lumc/sparql http" 200 
 - - [28/05/2016:17:31:01 -0886] "GET /textmining/gene-disease-association_lumc/sparql http" 200 
 - - [28/05/2016:17:39:37 -0873] "GET /textmining/gene-disease-association_lumc http" 200 
 - - [28/05/2016:17:39:37 -0886] "GET /textmining http" 200 
 - - [28/05/2016:17:39:37 -0888] "GET /textmining http" 200 936
 - - [28/05/2016:17:39:37 -0892] "GET /textmining/gene-disease-association_lumc http" 200 936
 - - [28/05/2016:17:39:37 -0894] "GET /textmining/gene-disease-association_lumc http" 200 936
 - - [28/05/2016:17:39:37 -0899] "GET /textmining/dumpy http" 404 
 - - [28/05/2016:17:39:37 -0902] "GET /textmining http" 200 
 - - [28/05/2016:17:39:37 -0909] "GET /textmining http" 200 
 - - [28/05/2016:17:39:37 -0913] "GET /dumpy http" 404 
 - - [28/05/2016:17:39:38 -0287] "GET /textmining/gene-disease-association_lumc/dummy http" 404 
 - - [28/05/2016:17:39:38 -0290] "GET /textmining/gene-disease-association_lumc/sparql http" 200 
 - - [28/05/2016:17:39:38 -0292] "GET /textmining/gene-disease-association_lumc/sparql http" 200 882
 - - [28/05/2016:17:39:38 -0294] "GET /textmining/gene-disease-association_lumc/sparql http" 200 882
 - - [28/05/2016:17:39:38 -0297] "GET /textmining/gene-disease-association_lumc/sparql http" 200 882
 - - [28/05/2016:17:39:38 -0300] "GET /textmining/gene-disease-association_lumc/sparql http" 200 
 - - [28/05/2016:17:39:38 -0306] "GET /textmining/gene-disease-association_lumc/sparql http" 200 
 - - [28/05/2016:17:39:52 -0875] "GET /textmining/gene-disease-association_lumc http" 200 
 - - [28/05/2016:17:39:52 -0885] "GET /textmining http" 200 
 - - [28/05/2016:17:39:52 -0889] "GET /textmining http" 200 936
 - - [28/05/2016:17:39:52 -0893] "GET /textmining/gene-disease-association_lumc http" 200 936
 - - [28/05/2016:17:39:52 -0896] "GET /textmining/gene-disease-association_lumc http" 200 936
 - - [28/05/2016:17:39:52 -0900] "GET /textmining/dumpy http" 404 
 - - [28/05/2016:17:39:52 -0903] "GET /textmining http" 200 
 - - [28/05/2016:17:39:52 -0911] "GET /textmining http" 200 
 - - [28/05/2016:17:39:52 -0915] "GET /dumpy http" 404 
 - - [28/05/2016:17:39:53 -0202] "GET /textmining/gene-disease-association_lumc/dummy http" 404 
 - - [28/05/2016:17:39:53 -0205] "GET /textmining/gene-disease-association_lumc/sparql http" 200 
 - - [28/05/2016:17:39:53 -0208] "GET /textmining/gene-disease-association_lumc/sparql http" 200 882
 - - [28/05/2016:17:39:53 -0209] "GET /textmining/gene-disease-association_lumc/sparql http" 200 882
 - - [28/05/2016:17:39:53 -0211] "GET /textmining/gene-disease-association_lumc/sparql http" 200 882
 - - [28/05/2016:17:39:53 -0214] "GET /textmining/gene-disease-association_lumc/sparql http" 200 
 - - [28/05/2016:17:39:53 -0219] "GET /textmining/gene-disease-association_lumc/sparql http" 200 
 - - [28/05/2016:17:47:10 -0034] "GET /textmining/gene-disease-association_lumc http" 200 
 - - [28/05/2016:17:47:10 -0046] "GET /textmining http" 200 
 - - [28/05/2016:17:47:10 -0049] "GET /textmining http" 200 936
 - - [28/05/2016:17:47:10 -0052] "GET /textmining/gene-disease-association_lumc http" 200 936
 - - [28/05/2016:17:47:10 -0054] "GET /textmining/gene-disease-association_lumc http" 200 936
 - - [28/05/2016:17:47:10 -0060] "GET /textmining/dumpy http" 404 
 - - [28/05/2016:17:47:10 -0064] "GET /textmining http" 200 
 - - [28/05/2016:17:47:10 -0073] "GET /textmining http" 200 
 - - [28/05/2016:17:47:10 -0077] "GET /dumpy http" 404 
 - - [28/05/2016:17:47:10 -0425] "GET /textmining/gene-disease-association_lumc/dummy http" 404 
 - - [28/05/2016:17:47:10 -0428] "GET /textmining/gene-disease-association_lumc/sparql http" 200 
 - - [28/05/2016:17:47:10 -0433] "GET /textmining/gene-disease-association_lumc/sparql http" 200 882
 - - [28/05/2016:17:47:10 -0435] "GET /textmining/gene-disease-association_lumc/sparql http" 200 882
 - - [28/05/2016:17:47:10 -0438] "GET /textmining/gene-disease-association_lumc/sparql http" 200 882
 - - [28/05/2016:17:47:10 -0441] "GET /textmining/gene-disease-association_lumc/sparql http" 200 
 - - [28/05/2016:17:47:10 -0449] "GET /textmining/gene-disease-association_lumc/sparql http" 200 
