 - - [01/06/2016:22:02:44 -0639] "GET /textmining/gene-disease-association_lumc http" 200 
 - - [01/06/2016:22:02:44 -0650] "GET /textmining http" 200 
 - - [01/06/2016:22:02:44 -0653] "GET /textmining http" 200 936
 - - [01/06/2016:22:02:44 -0656] "GET /textmining/gene-disease-association_lumc http" 200 936
 - - [01/06/2016:22:02:44 -0659] "GET /textmining/gene-disease-association_lumc http" 200 936
 - - [01/06/2016:22:02:44 -0663] "GET /textmining/dumpy http" 404 
 - - [01/06/2016:22:02:44 -0665] "GET /textmining http" 200 
 - - [01/06/2016:22:02:44 -0673] "GET /textmining http" 200 
 - - [01/06/2016:22:02:44 -0678] "GET /dumpy http" 404 
 - - [01/06/2016:22:02:45 -0090] "GET /textmining/gene-disease-association_lumc/dummy http" 404 
 - - [01/06/2016:22:02:45 -0094] "GET /textmining/gene-disease-association_lumc/sparql http" 200 
 - - [01/06/2016:22:02:45 -0097] "GET /textmining/gene-disease-association_lumc/sparql http" 200 882
 - - [01/06/2016:22:02:45 -0100] "GET /textmining/gene-disease-association_lumc/sparql http" 200 882
 - - [01/06/2016:22:02:45 -0103] "GET /textmining/gene-disease-association_lumc/sparql http" 200 882
 - - [01/06/2016:22:02:45 -0108] "GET /textmining/gene-disease-association_lumc/sparql http" 200 
 - - [01/06/2016:22:02:45 -0113] "GET /textmining/gene-disease-association_lumc/sparql http" 200 
 - - [01/06/2016:22:03:04 -0760] "GET /textmining/gene-disease-association_lumc http" 200 
 - - [01/06/2016:22:03:04 -0773] "GET /textmining http" 200 
 - - [01/06/2016:22:03:04 -0776] "GET /textmining http" 200 936
 - - [01/06/2016:22:03:04 -0780] "GET /textmining/gene-disease-association_lumc http" 200 936
 - - [01/06/2016:22:03:04 -0784] "GET /textmining/gene-disease-association_lumc http" 200 936
 - - [01/06/2016:22:03:04 -0788] "GET /textmining/dumpy http" 404 
 - - [01/06/2016:22:03:04 -0791] "GET /textmining http" 200 
 - - [01/06/2016:22:03:04 -0798] "GET /textmining http" 200 
 - - [01/06/2016:22:03:04 -0802] "GET /dumpy http" 404 
 - - [01/06/2016:22:03:05 -0126] "GET /textmining/gene-disease-association_lumc/dummy http" 404 
 - - [01/06/2016:22:03:05 -0132] "GET /textmining/gene-disease-association_lumc/sparql http" 200 
 - - [01/06/2016:22:03:05 -0136] "GET /textmining/gene-disease-association_lumc/sparql http" 200 882
 - - [01/06/2016:22:03:05 -0140] "GET /textmining/gene-disease-association_lumc/sparql http" 200 882
 - - [01/06/2016:22:03:05 -0144] "GET /textmining/gene-disease-association_lumc/sparql http" 200 882
 - - [01/06/2016:22:03:05 -0148] "GET /textmining/gene-disease-association_lumc/sparql http" 200 
 - - [01/06/2016:22:03:05 -0153] "GET /textmining/gene-disease-association_lumc/sparql http" 200 
