[INFO ] 2016-04-29 11:17:37.163 [main] RestApiTestContext - Inmemory triple store initialize for test
[INFO ] 2016-04-29 11:17:39.390 [main] RestApiTestContext - Inmemory triple store initialize for test
[INFO ] 2016-04-29 11:17:39.765 [main] RestApiTestContext - Inmemory triple store initialize for test
[INFO ] 2016-04-29 11:17:40.258 [main] RestApiTestContext - Inmemory triple store initialize for test
[INFO ] 2016-04-29 11:17:40.478 [main] MetadataController - Request to get DATASET metadata textmining
[INFO ] 2016-04-29 11:17:40.479 [main] MetadataController - GET : http://localhost/textmining/gene-disease-association_lumc
[API-REQUEST] 2016-04-29 11:17:40.482 [main] MetadataController - 
[INFO ] 2016-04-29 11:17:40.493 [main] MetadataController - Request to get CATALOG metadata textmining
[INFO ] 2016-04-29 11:17:40.493 [main] MetadataController - GET : http://localhost/textmining
[API-REQUEST] 2016-04-29 11:17:40.494 [main] MetadataController - 
[INFO ] 2016-04-29 11:17:40.496 [main] MetadataController - Request to get CATALOG metadata textmining
[INFO ] 2016-04-29 11:17:40.497 [main] MetadataController - GET : http://localhost/textmining
[API-REQUEST] 2016-04-29 11:17:40.497 [main] MetadataController - 
[INFO ] 2016-04-29 11:17:40.500 [main] MetadataController - Request to get DATASET metadata textmining
[INFO ] 2016-04-29 11:17:40.500 [main] MetadataController - GET : http://localhost/textmining/gene-disease-association_lumc
[API-REQUEST] 2016-04-29 11:17:40.501 [main] MetadataController - 
[INFO ] 2016-04-29 11:17:40.503 [main] MetadataController - Request to get DATASET metadata textmining
[INFO ] 2016-04-29 11:17:40.503 [main] MetadataController - GET : http://localhost/textmining/gene-disease-association_lumc
[API-REQUEST] 2016-04-29 11:17:40.504 [main] MetadataController - 
[INFO ] 2016-04-29 11:17:40.508 [main] MetadataController - Request to get DATASET metadata textmining
[INFO ] 2016-04-29 11:17:40.509 [main] MetadataController - GET : http://localhost/textmining/dumpy
[API-REQUEST] 2016-04-29 11:17:40.509 [main] MetadataController - 
[INFO ] 2016-04-29 11:17:40.512 [main] MetadataController - Request to get CATALOG metadata textmining
[INFO ] 2016-04-29 11:17:40.512 [main] MetadataController - GET : http://localhost/textmining
[API-REQUEST] 2016-04-29 11:17:40.513 [main] MetadataController - 
[INFO ] 2016-04-29 11:17:40.521 [main] MetadataController - Request to get CATALOG metadata textmining
[INFO ] 2016-04-29 11:17:40.522 [main] MetadataController - GET : http://localhost/textmining
[API-REQUEST] 2016-04-29 11:17:40.523 [main] MetadataController - 
[INFO ] 2016-04-29 11:17:40.527 [main] MetadataController - Request to get CATALOG metadata dumpy
[INFO ] 2016-04-29 11:17:40.527 [main] MetadataController - GET : http://localhost/dumpy
[API-REQUEST] 2016-04-29 11:17:40.527 [main] MetadataController - 
[INFO ] 2016-04-29 11:17:40.695 [main] RestApiTestContext - Inmemory triple store initialize for test
[INFO ] 2016-04-29 11:17:40.918 [main] DataAccessorController - Request to get dataset's distribution dummy
[INFO ] 2016-04-29 11:17:40.919 [main] DataAccessorController - GET : http://localhost/textmining/gene-disease-association_lumc/dummy
[API-REQUEST] 2016-04-29 11:17:40.919 [main] DataAccessorController - 
[INFO ] 2016-04-29 11:17:40.921 [main] DataAccessorController - Request to get dataset's distribution sparql
[INFO ] 2016-04-29 11:17:40.922 [main] DataAccessorController - GET : http://localhost/textmining/gene-disease-association_lumc/sparql
[API-REQUEST] 2016-04-29 11:17:40.922 [main] DataAccessorController - 
[INFO ] 2016-04-29 11:17:40.924 [main] DataAccessorController - Request to get dataset's distribution sparql
[INFO ] 2016-04-29 11:17:40.924 [main] DataAccessorController - GET : http://localhost/textmining/gene-disease-association_lumc/sparql
[API-REQUEST] 2016-04-29 11:17:40.925 [main] DataAccessorController - 
[INFO ] 2016-04-29 11:17:40.926 [main] DataAccessorController - Request to get dataset's distribution sparql
[INFO ] 2016-04-29 11:17:40.927 [main] DataAccessorController - GET : http://localhost/textmining/gene-disease-association_lumc/sparql
[API-REQUEST] 2016-04-29 11:17:40.927 [main] DataAccessorController - 
[INFO ] 2016-04-29 11:17:40.930 [main] DataAccessorController - Request to get dataset's distribution sparql
[INFO ] 2016-04-29 11:17:40.930 [main] DataAccessorController - GET : http://localhost/textmining/gene-disease-association_lumc/sparql
[API-REQUEST] 2016-04-29 11:17:40.930 [main] DataAccessorController - 
[INFO ] 2016-04-29 11:17:40.934 [main] DataAccessorController - Request to get dataset's distribution sparql
[INFO ] 2016-04-29 11:17:40.934 [main] DataAccessorController - GET : http://localhost/textmining/gene-disease-association_lumc/sparql
[API-REQUEST] 2016-04-29 11:17:40.935 [main] DataAccessorController - 
[INFO ] 2016-04-29 11:17:40.940 [main] DataAccessorController - Request to get dataset's distribution sparql
[INFO ] 2016-04-29 11:17:40.940 [main] DataAccessorController - GET : http://localhost/textmining/gene-disease-association_lumc/sparql
[API-REQUEST] 2016-04-29 11:17:40.941 [main] DataAccessorController - 
[INFO ] 2016-04-29 11:23:05.592 [main] RestApiTestContext - Inmemory triple store initialize for test
[INFO ] 2016-04-29 11:23:06.956 [main] RestApiTestContext - Inmemory triple store initialize for test
[INFO ] 2016-04-29 11:23:07.299 [main] RestApiTestContext - Inmemory triple store initialize for test
[INFO ] 2016-04-29 11:23:07.753 [main] RestApiTestContext - Inmemory triple store initialize for test
[INFO ] 2016-04-29 11:23:08.052 [main] MetadataController - Request to get DATASET metadata textmining
[INFO ] 2016-04-29 11:23:08.053 [main] MetadataController - GET : http://localhost/textmining/gene-disease-association_lumc
[API-REQUEST] 2016-04-29 11:23:08.055 [main] MetadataController - 
[INFO ] 2016-04-29 11:23:08.068 [main] MetadataController - Request to get CATALOG metadata textmining
[INFO ] 2016-04-29 11:23:08.068 [main] MetadataController - GET : http://localhost/textmining
[API-REQUEST] 2016-04-29 11:23:08.069 [main] MetadataController - 
[INFO ] 2016-04-29 11:23:08.072 [main] MetadataController - Request to get CATALOG metadata textmining
[INFO ] 2016-04-29 11:23:08.072 [main] MetadataController - GET : http://localhost/textmining
[API-REQUEST] 2016-04-29 11:23:08.073 [main] MetadataController - 
[INFO ] 2016-04-29 11:23:08.075 [main] MetadataController - Request to get DATASET metadata textmining
[INFO ] 2016-04-29 11:23:08.076 [main] MetadataController - GET : http://localhost/textmining/gene-disease-association_lumc
[API-REQUEST] 2016-04-29 11:23:08.077 [main] MetadataController - 
[INFO ] 2016-04-29 11:23:08.079 [main] MetadataController - Request to get DATASET metadata textmining
[INFO ] 2016-04-29 11:23:08.079 [main] MetadataController - GET : http://localhost/textmining/gene-disease-association_lumc
[API-REQUEST] 2016-04-29 11:23:08.080 [main] MetadataController - 
[INFO ] 2016-04-29 11:23:08.085 [main] MetadataController - Request to get DATASET metadata textmining
[INFO ] 2016-04-29 11:23:08.085 [main] MetadataController - GET : http://localhost/textmining/dumpy
[API-REQUEST] 2016-04-29 11:23:08.086 [main] MetadataController - 
[INFO ] 2016-04-29 11:23:08.088 [main] MetadataController - Request to get CATALOG metadata textmining
[INFO ] 2016-04-29 11:23:08.089 [main] MetadataController - GET : http://localhost/textmining
[API-REQUEST] 2016-04-29 11:23:08.089 [main] MetadataController - 
[INFO ] 2016-04-29 11:23:08.098 [main] MetadataController - Request to get CATALOG metadata textmining
[INFO ] 2016-04-29 11:23:08.098 [main] MetadataController - GET : http://localhost/textmining
[API-REQUEST] 2016-04-29 11:23:08.099 [main] MetadataController - 
[INFO ] 2016-04-29 11:23:08.104 [main] MetadataController - Request to get CATALOG metadata dumpy
[INFO ] 2016-04-29 11:23:08.104 [main] MetadataController - GET : http://localhost/dumpy
[API-REQUEST] 2016-04-29 11:23:08.105 [main] MetadataController - 
[INFO ] 2016-04-29 11:23:08.261 [main] RestApiTestContext - Inmemory triple store initialize for test
[INFO ] 2016-04-29 11:23:08.447 [main] DataAccessorController - Request to get dataset's distribution dummy
[INFO ] 2016-04-29 11:23:08.448 [main] DataAccessorController - GET : http://localhost/textmining/gene-disease-association_lumc/dummy
[API-REQUEST] 2016-04-29 11:23:08.448 [main] DataAccessorController - 
[INFO ] 2016-04-29 11:23:08.451 [main] DataAccessorController - Request to get dataset's distribution sparql
[INFO ] 2016-04-29 11:23:08.451 [main] DataAccessorController - GET : http://localhost/textmining/gene-disease-association_lumc/sparql
[API-REQUEST] 2016-04-29 11:23:08.451 [main] DataAccessorController - 
[INFO ] 2016-04-29 11:23:08.454 [main] DataAccessorController - Request to get dataset's distribution sparql
[INFO ] 2016-04-29 11:23:08.454 [main] DataAccessorController - GET : http://localhost/textmining/gene-disease-association_lumc/sparql
[API-REQUEST] 2016-04-29 11:23:08.454 [main] DataAccessorController - 
[INFO ] 2016-04-29 11:23:08.456 [main] DataAccessorController - Request to get dataset's distribution sparql
[INFO ] 2016-04-29 11:23:08.456 [main] DataAccessorController - GET : http://localhost/textmining/gene-disease-association_lumc/sparql
[API-REQUEST] 2016-04-29 11:23:08.457 [main] DataAccessorController - 
[INFO ] 2016-04-29 11:23:08.458 [main] DataAccessorController - Request to get dataset's distribution sparql
[INFO ] 2016-04-29 11:23:08.458 [main] DataAccessorController - GET : http://localhost/textmining/gene-disease-association_lumc/sparql
[API-REQUEST] 2016-04-29 11:23:08.459 [main] DataAccessorController - 
[INFO ] 2016-04-29 11:23:08.461 [main] DataAccessorController - Request to get dataset's distribution sparql
[INFO ] 2016-04-29 11:23:08.462 [main] DataAccessorController - GET : http://localhost/textmining/gene-disease-association_lumc/sparql
[API-REQUEST] 2016-04-29 11:23:08.462 [main] DataAccessorController - 
[INFO ] 2016-04-29 11:23:08.468 [main] DataAccessorController - Request to get dataset's distribution sparql
[INFO ] 2016-04-29 11:23:08.468 [main] DataAccessorController - GET : http://localhost/textmining/gene-disease-association_lumc/sparql
[API-REQUEST] 2016-04-29 11:23:08.468 [main] DataAccessorController - 
[INFO ] 2016-04-29 13:20:13.871 [main] RestApiTestContext - Inmemory triple store initialize for test
[INFO ] 2016-04-29 13:20:15.462 [main] RestApiTestContext - Inmemory triple store initialize for test
[INFO ] 2016-04-29 13:20:15.825 [main] RestApiTestContext - Inmemory triple store initialize for test
[INFO ] 2016-04-29 13:20:16.241 [main] RestApiTestContext - Inmemory triple store initialize for test
[INFO ] 2016-04-29 13:20:16.524 [main] MetadataController - Request to get DATASET metadata textmining
[INFO ] 2016-04-29 13:20:16.524 [main] MetadataController - GET : http://localhost/textmining/gene-disease-association_lumc
[API-REQUEST] 2016-04-29 13:20:16.526 [main] MetadataController - 
[INFO ] 2016-04-29 13:20:16.534 [main] MetadataController - Request to get CATALOG metadata textmining
[INFO ] 2016-04-29 13:20:16.535 [main] MetadataController - GET : http://localhost/textmining
[API-REQUEST] 2016-04-29 13:20:16.535 [main] MetadataController - 
[INFO ] 2016-04-29 13:20:16.538 [main] MetadataController - Request to get CATALOG metadata textmining
[INFO ] 2016-04-29 13:20:16.538 [main] MetadataController - GET : http://localhost/textmining
[API-REQUEST] 2016-04-29 13:20:16.539 [main] MetadataController - 
[INFO ] 2016-04-29 13:20:16.542 [main] MetadataController - Request to get DATASET metadata textmining
[INFO ] 2016-04-29 13:20:16.542 [main] MetadataController - GET : http://localhost/textmining/gene-disease-association_lumc
[API-REQUEST] 2016-04-29 13:20:16.543 [main] MetadataController - 
[INFO ] 2016-04-29 13:20:16.545 [main] MetadataController - Request to get DATASET metadata textmining
[INFO ] 2016-04-29 13:20:16.545 [main] MetadataController - GET : http://localhost/textmining/gene-disease-association_lumc
[API-REQUEST] 2016-04-29 13:20:16.546 [main] MetadataController - 
[INFO ] 2016-04-29 13:20:16.549 [main] MetadataController - Request to get DATASET metadata textmining
[INFO ] 2016-04-29 13:20:16.549 [main] MetadataController - GET : http://localhost/textmining/dumpy
[API-REQUEST] 2016-04-29 13:20:16.550 [main] MetadataController - 
[INFO ] 2016-04-29 13:20:16.552 [main] MetadataController - Request to get CATALOG metadata textmining
[INFO ] 2016-04-29 13:20:16.552 [main] MetadataController - GET : http://localhost/textmining
[API-REQUEST] 2016-04-29 13:20:16.552 [main] MetadataController - 
[INFO ] 2016-04-29 13:20:16.557 [main] MetadataController - Request to get CATALOG metadata textmining
[INFO ] 2016-04-29 13:20:16.558 [main] MetadataController - GET : http://localhost/textmining
[API-REQUEST] 2016-04-29 13:20:16.558 [main] MetadataController - 
[INFO ] 2016-04-29 13:20:16.561 [main] MetadataController - Request to get CATALOG metadata dumpy
[INFO ] 2016-04-29 13:20:16.562 [main] MetadataController - GET : http://localhost/dumpy
[API-REQUEST] 2016-04-29 13:20:16.562 [main] MetadataController - 
[INFO ] 2016-04-29 13:20:16.704 [main] RestApiTestContext - Inmemory triple store initialize for test
[INFO ] 2016-04-29 13:20:16.883 [main] DataAccessorController - Request to get dataset's distribution dummy
[INFO ] 2016-04-29 13:20:16.883 [main] DataAccessorController - GET : http://localhost/textmining/gene-disease-association_lumc/dummy
[API-REQUEST] 2016-04-29 13:20:16.884 [main] DataAccessorController - 
[INFO ] 2016-04-29 13:20:16.887 [main] DataAccessorController - Request to get dataset's distribution sparql
[INFO ] 2016-04-29 13:20:16.887 [main] DataAccessorController - GET : http://localhost/textmining/gene-disease-association_lumc/sparql
[API-REQUEST] 2016-04-29 13:20:16.888 [main] DataAccessorController - 
[INFO ] 2016-04-29 13:20:16.889 [main] DataAccessorController - Request to get dataset's distribution sparql
[INFO ] 2016-04-29 13:20:16.890 [main] DataAccessorController - GET : http://localhost/textmining/gene-disease-association_lumc/sparql
[API-REQUEST] 2016-04-29 13:20:16.890 [main] DataAccessorController - 
[INFO ] 2016-04-29 13:20:16.891 [main] DataAccessorController - Request to get dataset's distribution sparql
[INFO ] 2016-04-29 13:20:16.892 [main] DataAccessorController - GET : http://localhost/textmining/gene-disease-association_lumc/sparql
[API-REQUEST] 2016-04-29 13:20:16.892 [main] DataAccessorController - 
[INFO ] 2016-04-29 13:20:16.893 [main] DataAccessorController - Request to get dataset's distribution sparql
[INFO ] 2016-04-29 13:20:16.893 [main] DataAccessorController - GET : http://localhost/textmining/gene-disease-association_lumc/sparql
[API-REQUEST] 2016-04-29 13:20:16.894 [main] DataAccessorController - 
[INFO ] 2016-04-29 13:20:16.896 [main] DataAccessorController - Request to get dataset's distribution sparql
[INFO ] 2016-04-29 13:20:16.896 [main] DataAccessorController - GET : http://localhost/textmining/gene-disease-association_lumc/sparql
[API-REQUEST] 2016-04-29 13:20:16.896 [main] DataAccessorController - 
[INFO ] 2016-04-29 13:20:16.907 [main] DataAccessorController - Request to get dataset's distribution sparql
[INFO ] 2016-04-29 13:20:16.907 [main] DataAccessorController - GET : http://localhost/textmining/gene-disease-association_lumc/sparql
[API-REQUEST] 2016-04-29 13:20:16.908 [main] DataAccessorController - 
[INFO ] 2016-04-29 13:56:50.759 [main] RestApiTestContext - Inmemory triple store initialize for test
[INFO ] 2016-04-29 13:56:52.346 [main] RestApiTestContext - Inmemory triple store initialize for test
[INFO ] 2016-04-29 13:56:52.753 [main] RestApiTestContext - Inmemory triple store initialize for test
[INFO ] 2016-04-29 13:56:53.147 [main] RestApiTestContext - Inmemory triple store initialize for test
[INFO ] 2016-04-29 13:56:53.346 [main] MetadataController - Request to get DATASET metadata textmining
[INFO ] 2016-04-29 13:56:53.347 [main] MetadataController - GET : http://localhost/textmining/gene-disease-association_lumc
[API-REQUEST] 2016-04-29 13:56:53.349 [main] MetadataController - 
[INFO ] 2016-04-29 13:56:53.357 [main] MetadataController - Request to get CATALOG metadata textmining
[INFO ] 2016-04-29 13:56:53.358 [main] MetadataController - GET : http://localhost/textmining
[API-REQUEST] 2016-04-29 13:56:53.358 [main] MetadataController - 
[INFO ] 2016-04-29 13:56:53.360 [main] MetadataController - Request to get CATALOG metadata textmining
[INFO ] 2016-04-29 13:56:53.360 [main] MetadataController - GET : http://localhost/textmining
[API-REQUEST] 2016-04-29 13:56:53.361 [main] MetadataController - 
[INFO ] 2016-04-29 13:56:53.363 [main] MetadataController - Request to get DATASET metadata textmining
[INFO ] 2016-04-29 13:56:53.363 [main] MetadataController - GET : http://localhost/textmining/gene-disease-association_lumc
[API-REQUEST] 2016-04-29 13:56:53.364 [main] MetadataController - 
[INFO ] 2016-04-29 13:56:53.366 [main] MetadataController - Request to get DATASET metadata textmining
[INFO ] 2016-04-29 13:56:53.366 [main] MetadataController - GET : http://localhost/textmining/gene-disease-association_lumc
[API-REQUEST] 2016-04-29 13:56:53.367 [main] MetadataController - 
[INFO ] 2016-04-29 13:56:53.370 [main] MetadataController - Request to get DATASET metadata textmining
[INFO ] 2016-04-29 13:56:53.370 [main] MetadataController - GET : http://localhost/textmining/dumpy
[API-REQUEST] 2016-04-29 13:56:53.370 [main] MetadataController - 
[INFO ] 2016-04-29 13:56:53.372 [main] MetadataController - Request to get CATALOG metadata textmining
[INFO ] 2016-04-29 13:56:53.372 [main] MetadataController - GET : http://localhost/textmining
[API-REQUEST] 2016-04-29 13:56:53.373 [main] MetadataController - 
[INFO ] 2016-04-29 13:56:53.378 [main] MetadataController - Request to get CATALOG metadata textmining
[INFO ] 2016-04-29 13:56:53.378 [main] MetadataController - GET : http://localhost/textmining
[API-REQUEST] 2016-04-29 13:56:53.378 [main] MetadataController - 
[INFO ] 2016-04-29 13:56:53.380 [main] MetadataController - Request to get CATALOG metadata dumpy
[INFO ] 2016-04-29 13:56:53.380 [main] MetadataController - GET : http://localhost/dumpy
[API-REQUEST] 2016-04-29 13:56:53.381 [main] MetadataController - 
[INFO ] 2016-04-29 13:56:53.509 [main] RestApiTestContext - Inmemory triple store initialize for test
[INFO ] 2016-04-29 13:56:53.659 [main] DataAccessorController - Request to get dataset's distribution dummy
[INFO ] 2016-04-29 13:56:53.659 [main] DataAccessorController - GET : http://localhost/textmining/gene-disease-association_lumc/dummy
[API-REQUEST] 2016-04-29 13:56:53.659 [main] DataAccessorController - 
[INFO ] 2016-04-29 13:56:53.663 [main] DataAccessorController - Request to get dataset's distribution sparql
[INFO ] 2016-04-29 13:56:53.663 [main] DataAccessorController - GET : http://localhost/textmining/gene-disease-association_lumc/sparql
[API-REQUEST] 2016-04-29 13:56:53.664 [main] DataAccessorController - 
[INFO ] 2016-04-29 13:56:53.666 [main] DataAccessorController - Request to get dataset's distribution sparql
[INFO ] 2016-04-29 13:56:53.667 [main] DataAccessorController - GET : http://localhost/textmining/gene-disease-association_lumc/sparql
[API-REQUEST] 2016-04-29 13:56:53.668 [main] DataAccessorController - 
[INFO ] 2016-04-29 13:56:53.670 [main] DataAccessorController - Request to get dataset's distribution sparql
[INFO ] 2016-04-29 13:56:53.670 [main] DataAccessorController - GET : http://localhost/textmining/gene-disease-association_lumc/sparql
[API-REQUEST] 2016-04-29 13:56:53.670 [main] DataAccessorController - 
[INFO ] 2016-04-29 13:56:53.672 [main] DataAccessorController - Request to get dataset's distribution sparql
[INFO ] 2016-04-29 13:56:53.672 [main] DataAccessorController - GET : http://localhost/textmining/gene-disease-association_lumc/sparql
[API-REQUEST] 2016-04-29 13:56:53.673 [main] DataAccessorController - 
[INFO ] 2016-04-29 13:56:53.675 [main] DataAccessorController - Request to get dataset's distribution sparql
[INFO ] 2016-04-29 13:56:53.676 [main] DataAccessorController - GET : http://localhost/textmining/gene-disease-association_lumc/sparql
[API-REQUEST] 2016-04-29 13:56:53.676 [main] DataAccessorController - 
[INFO ] 2016-04-29 13:56:53.680 [main] DataAccessorController - Request to get dataset's distribution sparql
[INFO ] 2016-04-29 13:56:53.680 [main] DataAccessorController - GET : http://localhost/textmining/gene-disease-association_lumc/sparql
[API-REQUEST] 2016-04-29 13:56:53.680 [main] DataAccessorController - 
[INFO ] 2016-04-29 13:57:13.532 [main] RestApiTestContext - Inmemory triple store initialize for test
[INFO ] 2016-04-29 13:57:15.171 [main] RestApiTestContext - Inmemory triple store initialize for test
[INFO ] 2016-04-29 13:57:15.646 [main] RestApiTestContext - Inmemory triple store initialize for test
[INFO ] 2016-04-29 13:57:16.055 [main] RestApiTestContext - Inmemory triple store initialize for test
[INFO ] 2016-04-29 13:57:16.341 [main] MetadataController - Request to get DATASET metadata textmining
[INFO ] 2016-04-29 13:57:16.342 [main] MetadataController - GET : http://localhost/textmining/gene-disease-association_lumc
[API-REQUEST] 2016-04-29 13:57:16.343 [main] MetadataController - 
[INFO ] 2016-04-29 13:57:16.354 [main] MetadataController - Request to get CATALOG metadata textmining
[INFO ] 2016-04-29 13:57:16.355 [main] MetadataController - GET : http://localhost/textmining
[API-REQUEST] 2016-04-29 13:57:16.355 [main] MetadataController - 
[INFO ] 2016-04-29 13:57:16.358 [main] MetadataController - Request to get CATALOG metadata textmining
[INFO ] 2016-04-29 13:57:16.358 [main] MetadataController - GET : http://localhost/textmining
[API-REQUEST] 2016-04-29 13:57:16.359 [main] MetadataController - 
[INFO ] 2016-04-29 13:57:16.361 [main] MetadataController - Request to get DATASET metadata textmining
[INFO ] 2016-04-29 13:57:16.361 [main] MetadataController - GET : http://localhost/textmining/gene-disease-association_lumc
[API-REQUEST] 2016-04-29 13:57:16.362 [main] MetadataController - 
[INFO ] 2016-04-29 13:57:16.364 [main] MetadataController - Request to get DATASET metadata textmining
[INFO ] 2016-04-29 13:57:16.364 [main] MetadataController - GET : http://localhost/textmining/gene-disease-association_lumc
[API-REQUEST] 2016-04-29 13:57:16.365 [main] MetadataController - 
[INFO ] 2016-04-29 13:57:16.368 [main] MetadataController - Request to get DATASET metadata textmining
[INFO ] 2016-04-29 13:57:16.368 [main] MetadataController - GET : http://localhost/textmining/dumpy
[API-REQUEST] 2016-04-29 13:57:16.369 [main] MetadataController - 
[INFO ] 2016-04-29 13:57:16.371 [main] MetadataController - Request to get CATALOG metadata textmining
[INFO ] 2016-04-29 13:57:16.371 [main] MetadataController - GET : http://localhost/textmining
[API-REQUEST] 2016-04-29 13:57:16.372 [main] MetadataController - 
[INFO ] 2016-04-29 13:57:16.379 [main] MetadataController - Request to get CATALOG metadata textmining
[INFO ] 2016-04-29 13:57:16.379 [main] MetadataController - GET : http://localhost/textmining
[API-REQUEST] 2016-04-29 13:57:16.379 [main] MetadataController - 
[INFO ] 2016-04-29 13:57:16.382 [main] MetadataController - Request to get CATALOG metadata dumpy
[INFO ] 2016-04-29 13:57:16.383 [main] MetadataController - GET : http://localhost/dumpy
[API-REQUEST] 2016-04-29 13:57:16.383 [main] MetadataController - 
[INFO ] 2016-04-29 13:57:16.547 [main] RestApiTestContext - Inmemory triple store initialize for test
[INFO ] 2016-04-29 13:57:16.744 [main] DataAccessorController - Request to get dataset's distribution dummy
[INFO ] 2016-04-29 13:57:16.745 [main] DataAccessorController - GET : http://localhost/textmining/gene-disease-association_lumc/dummy
[API-REQUEST] 2016-04-29 13:57:16.745 [main] DataAccessorController - 
[INFO ] 2016-04-29 13:57:16.750 [main] DataAccessorController - Request to get dataset's distribution sparql
[INFO ] 2016-04-29 13:57:16.751 [main] DataAccessorController - GET : http://localhost/textmining/gene-disease-association_lumc/sparql
[API-REQUEST] 2016-04-29 13:57:16.751 [main] DataAccessorController - 
[INFO ] 2016-04-29 13:57:16.755 [main] DataAccessorController - Request to get dataset's distribution sparql
[INFO ] 2016-04-29 13:57:16.756 [main] DataAccessorController - GET : http://localhost/textmining/gene-disease-association_lumc/sparql
[API-REQUEST] 2016-04-29 13:57:16.757 [main] DataAccessorController - 
[INFO ] 2016-04-29 13:57:16.761 [main] DataAccessorController - Request to get dataset's distribution sparql
[INFO ] 2016-04-29 13:57:16.762 [main] DataAccessorController - GET : http://localhost/textmining/gene-disease-association_lumc/sparql
[API-REQUEST] 2016-04-29 13:57:16.763 [main] DataAccessorController - 
[INFO ] 2016-04-29 13:57:16.765 [main] DataAccessorController - Request to get dataset's distribution sparql
[INFO ] 2016-04-29 13:57:16.765 [main] DataAccessorController - GET : http://localhost/textmining/gene-disease-association_lumc/sparql
[API-REQUEST] 2016-04-29 13:57:16.766 [main] DataAccessorController - 
[INFO ] 2016-04-29 13:57:16.768 [main] DataAccessorController - Request to get dataset's distribution sparql
[INFO ] 2016-04-29 13:57:16.769 [main] DataAccessorController - GET : http://localhost/textmining/gene-disease-association_lumc/sparql
[API-REQUEST] 2016-04-29 13:57:16.769 [main] DataAccessorController - 
[INFO ] 2016-04-29 13:57:16.774 [main] DataAccessorController - Request to get dataset's distribution sparql
[INFO ] 2016-04-29 13:57:16.775 [main] DataAccessorController - GET : http://localhost/textmining/gene-disease-association_lumc/sparql
[API-REQUEST] 2016-04-29 13:57:16.775 [main] DataAccessorController - 
[INFO ] 2016-04-29 14:06:01.048 [main] RestApiTestContext - Inmemory triple store initialize for test
[INFO ] 2016-04-29 14:06:02.799 [main] RestApiTestContext - Inmemory triple store initialize for test
[INFO ] 2016-04-29 14:06:03.186 [main] RestApiTestContext - Inmemory triple store initialize for test
[INFO ] 2016-04-29 14:06:03.571 [main] RestApiTestContext - Inmemory triple store initialize for test
[INFO ] 2016-04-29 14:06:03.848 [main] MetadataController - Request to get DATASET metadata textmining
[INFO ] 2016-04-29 14:06:03.848 [main] MetadataController - GET : http://localhost/textmining/gene-disease-association_lumc
[API-REQUEST] 2016-04-29 14:06:03.850 [main] MetadataController - 
[INFO ] 2016-04-29 14:06:03.858 [main] MetadataController - Request to get CATALOG metadata textmining
[INFO ] 2016-04-29 14:06:03.859 [main] MetadataController - GET : http://localhost/textmining
[API-REQUEST] 2016-04-29 14:06:03.859 [main] MetadataController - 
[INFO ] 2016-04-29 14:06:03.862 [main] MetadataController - Request to get CATALOG metadata textmining
[INFO ] 2016-04-29 14:06:03.862 [main] MetadataController - GET : http://localhost/textmining
[API-REQUEST] 2016-04-29 14:06:03.863 [main] MetadataController - 
[INFO ] 2016-04-29 14:06:03.865 [main] MetadataController - Request to get DATASET metadata textmining
[INFO ] 2016-04-29 14:06:03.865 [main] MetadataController - GET : http://localhost/textmining/gene-disease-association_lumc
[API-REQUEST] 2016-04-29 14:06:03.866 [main] MetadataController - 
[INFO ] 2016-04-29 14:06:03.869 [main] MetadataController - Request to get DATASET metadata textmining
[INFO ] 2016-04-29 14:06:03.869 [main] MetadataController - GET : http://localhost/textmining/gene-disease-association_lumc
[API-REQUEST] 2016-04-29 14:06:03.870 [main] MetadataController - 
[INFO ] 2016-04-29 14:06:03.875 [main] MetadataController - Request to get DATASET metadata textmining
[INFO ] 2016-04-29 14:06:03.875 [main] MetadataController - GET : http://localhost/textmining/dumpy
[API-REQUEST] 2016-04-29 14:06:03.876 [main] MetadataController - 
[INFO ] 2016-04-29 14:06:03.879 [main] MetadataController - Request to get CATALOG metadata textmining
[INFO ] 2016-04-29 14:06:03.879 [main] MetadataController - GET : http://localhost/textmining
[API-REQUEST] 2016-04-29 14:06:03.880 [main] MetadataController - 
[INFO ] 2016-04-29 14:06:03.889 [main] MetadataController - Request to get CATALOG metadata textmining
[INFO ] 2016-04-29 14:06:03.889 [main] MetadataController - GET : http://localhost/textmining
[API-REQUEST] 2016-04-29 14:06:03.890 [main] MetadataController - 
[INFO ] 2016-04-29 14:06:03.894 [main] MetadataController - Request to get CATALOG metadata dumpy
[INFO ] 2016-04-29 14:06:03.894 [main] MetadataController - GET : http://localhost/dumpy
[API-REQUEST] 2016-04-29 14:06:03.895 [main] MetadataController - 
[INFO ] 2016-04-29 14:06:04.053 [main] RestApiTestContext - Inmemory triple store initialize for test
[INFO ] 2016-04-29 14:06:04.297 [main] DataAccessorController - Request to get dataset's distribution dummy
[INFO ] 2016-04-29 14:06:04.298 [main] DataAccessorController - GET : http://localhost/textmining/gene-disease-association_lumc/dummy
[API-REQUEST] 2016-04-29 14:06:04.299 [main] DataAccessorController - 
[INFO ] 2016-04-29 14:06:04.304 [main] DataAccessorController - Request to get dataset's distribution sparql
[INFO ] 2016-04-29 14:06:04.304 [main] DataAccessorController - GET : http://localhost/textmining/gene-disease-association_lumc/sparql
[API-REQUEST] 2016-04-29 14:06:04.305 [main] DataAccessorController - 
[INFO ] 2016-04-29 14:06:04.307 [main] DataAccessorController - Request to get dataset's distribution sparql
[INFO ] 2016-04-29 14:06:04.307 [main] DataAccessorController - GET : http://localhost/textmining/gene-disease-association_lumc/sparql
[API-REQUEST] 2016-04-29 14:06:04.307 [main] DataAccessorController - 
[INFO ] 2016-04-29 14:06:04.309 [main] DataAccessorController - Request to get dataset's distribution sparql
[INFO ] 2016-04-29 14:06:04.310 [main] DataAccessorController - GET : http://localhost/textmining/gene-disease-association_lumc/sparql
[API-REQUEST] 2016-04-29 14:06:04.310 [main] DataAccessorController - 
[INFO ] 2016-04-29 14:06:04.312 [main] DataAccessorController - Request to get dataset's distribution sparql
[INFO ] 2016-04-29 14:06:04.312 [main] DataAccessorController - GET : http://localhost/textmining/gene-disease-association_lumc/sparql
[API-REQUEST] 2016-04-29 14:06:04.313 [main] DataAccessorController - 
[INFO ] 2016-04-29 14:06:04.318 [main] DataAccessorController - Request to get dataset's distribution sparql
[INFO ] 2016-04-29 14:06:04.318 [main] DataAccessorController - GET : http://localhost/textmining/gene-disease-association_lumc/sparql
[API-REQUEST] 2016-04-29 14:06:04.318 [main] DataAccessorController - 
[INFO ] 2016-04-29 14:06:04.325 [main] DataAccessorController - Request to get dataset's distribution sparql
[INFO ] 2016-04-29 14:06:04.325 [main] DataAccessorController - GET : http://localhost/textmining/gene-disease-association_lumc/sparql
[API-REQUEST] 2016-04-29 14:06:04.326 [main] DataAccessorController - 
[INFO ] 2016-04-29 14:07:31.804 [main] RestApiTestContext - Inmemory triple store initialize for test
[INFO ] 2016-04-29 14:07:33.404 [main] RestApiTestContext - Inmemory triple store initialize for test
[INFO ] 2016-04-29 14:07:33.800 [main] RestApiTestContext - Inmemory triple store initialize for test
[INFO ] 2016-04-29 14:07:34.322 [main] RestApiTestContext - Inmemory triple store initialize for test
[INFO ] 2016-04-29 14:07:34.524 [main] MetadataController - Request to get DATASET metadata textmining
[INFO ] 2016-04-29 14:07:34.525 [main] MetadataController - GET : http://localhost/textmining/gene-disease-association_lumc
[API-REQUEST] 2016-04-29 14:07:34.527 [main] MetadataController - 
[INFO ] 2016-04-29 14:07:34.539 [main] MetadataController - Request to get CATALOG metadata textmining
[INFO ] 2016-04-29 14:07:34.539 [main] MetadataController - GET : http://localhost/textmining
[API-REQUEST] 2016-04-29 14:07:34.540 [main] MetadataController - 
[INFO ] 2016-04-29 14:07:34.542 [main] MetadataController - Request to get CATALOG metadata textmining
[INFO ] 2016-04-29 14:07:34.543 [main] MetadataController - GET : http://localhost/textmining
[API-REQUEST] 2016-04-29 14:07:34.544 [main] MetadataController - 
[INFO ] 2016-04-29 14:07:34.547 [main] MetadataController - Request to get DATASET metadata textmining
[INFO ] 2016-04-29 14:07:34.547 [main] MetadataController - GET : http://localhost/textmining/gene-disease-association_lumc
[API-REQUEST] 2016-04-29 14:07:34.548 [main] MetadataController - 
[INFO ] 2016-04-29 14:07:34.551 [main] MetadataController - Request to get DATASET metadata textmining
[INFO ] 2016-04-29 14:07:34.552 [main] MetadataController - GET : http://localhost/textmining/gene-disease-association_lumc
[API-REQUEST] 2016-04-29 14:07:34.553 [main] MetadataController - 
[INFO ] 2016-04-29 14:07:34.557 [main] MetadataController - Request to get DATASET metadata textmining
[INFO ] 2016-04-29 14:07:34.558 [main] MetadataController - GET : http://localhost/textmining/dumpy
[API-REQUEST] 2016-04-29 14:07:34.558 [main] MetadataController - 
[INFO ] 2016-04-29 14:07:34.560 [main] MetadataController - Request to get CATALOG metadata textmining
[INFO ] 2016-04-29 14:07:34.560 [main] MetadataController - GET : http://localhost/textmining
[API-REQUEST] 2016-04-29 14:07:34.561 [main] MetadataController - 
[INFO ] 2016-04-29 14:07:34.569 [main] MetadataController - Request to get CATALOG metadata textmining
[INFO ] 2016-04-29 14:07:34.569 [main] MetadataController - GET : http://localhost/textmining
[API-REQUEST] 2016-04-29 14:07:34.570 [main] MetadataController - 
[INFO ] 2016-04-29 14:07:34.575 [main] MetadataController - Request to get CATALOG metadata dumpy
[INFO ] 2016-04-29 14:07:34.575 [main] MetadataController - GET : http://localhost/dumpy
[API-REQUEST] 2016-04-29 14:07:34.576 [main] MetadataController - 
[INFO ] 2016-04-29 14:07:34.707 [main] RestApiTestContext - Inmemory triple store initialize for test
[INFO ] 2016-04-29 14:07:34.877 [main] DataAccessorController - Request to get dataset's distribution dummy
[INFO ] 2016-04-29 14:07:34.877 [main] DataAccessorController - GET : http://localhost/textmining/gene-disease-association_lumc/dummy
[API-REQUEST] 2016-04-29 14:07:34.878 [main] DataAccessorController - 
[INFO ] 2016-04-29 14:07:34.881 [main] DataAccessorController - Request to get dataset's distribution sparql
[INFO ] 2016-04-29 14:07:34.881 [main] DataAccessorController - GET : http://localhost/textmining/gene-disease-association_lumc/sparql
[API-REQUEST] 2016-04-29 14:07:34.882 [main] DataAccessorController - 
[INFO ] 2016-04-29 14:07:34.885 [main] DataAccessorController - Request to get dataset's distribution sparql
[INFO ] 2016-04-29 14:07:34.885 [main] DataAccessorController - GET : http://localhost/textmining/gene-disease-association_lumc/sparql
[API-REQUEST] 2016-04-29 14:07:34.886 [main] DataAccessorController - 
[INFO ] 2016-04-29 14:07:34.888 [main] DataAccessorController - Request to get dataset's distribution sparql
[INFO ] 2016-04-29 14:07:34.889 [main] DataAccessorController - GET : http://localhost/textmining/gene-disease-association_lumc/sparql
[API-REQUEST] 2016-04-29 14:07:34.889 [main] DataAccessorController - 
[INFO ] 2016-04-29 14:07:34.891 [main] DataAccessorController - Request to get dataset's distribution sparql
[INFO ] 2016-04-29 14:07:34.891 [main] DataAccessorController - GET : http://localhost/textmining/gene-disease-association_lumc/sparql
[API-REQUEST] 2016-04-29 14:07:34.891 [main] DataAccessorController - 
[INFO ] 2016-04-29 14:07:34.894 [main] DataAccessorController - Request to get dataset's distribution sparql
[INFO ] 2016-04-29 14:07:34.894 [main] DataAccessorController - GET : http://localhost/textmining/gene-disease-association_lumc/sparql
[API-REQUEST] 2016-04-29 14:07:34.895 [main] DataAccessorController - 
[INFO ] 2016-04-29 14:07:34.900 [main] DataAccessorController - Request to get dataset's distribution sparql
[INFO ] 2016-04-29 14:07:34.901 [main] DataAccessorController - GET : http://localhost/textmining/gene-disease-association_lumc/sparql
[API-REQUEST] 2016-04-29 14:07:34.901 [main] DataAccessorController - 
[INFO ] 2016-04-29 14:07:49.735 [main] RestApiTestContext - Inmemory triple store initialize for test
[INFO ] 2016-04-29 14:07:51.306 [main] RestApiTestContext - Inmemory triple store initialize for test
[INFO ] 2016-04-29 14:07:51.692 [main] RestApiTestContext - Inmemory triple store initialize for test
[INFO ] 2016-04-29 14:07:52.146 [main] RestApiTestContext - Inmemory triple store initialize for test
[INFO ] 2016-04-29 14:07:52.397 [main] MetadataController - Request to get DATASET metadata textmining
[INFO ] 2016-04-29 14:07:52.398 [main] MetadataController - GET : http://localhost/textmining/gene-disease-association_lumc
[API-REQUEST] 2016-04-29 14:07:52.400 [main] MetadataController - 
[INFO ] 2016-04-29 14:07:52.408 [main] MetadataController - Request to get CATALOG metadata textmining
[INFO ] 2016-04-29 14:07:52.408 [main] MetadataController - GET : http://localhost/textmining
[API-REQUEST] 2016-04-29 14:07:52.409 [main] MetadataController - 
[INFO ] 2016-04-29 14:07:52.411 [main] MetadataController - Request to get CATALOG metadata textmining
[INFO ] 2016-04-29 14:07:52.411 [main] MetadataController - GET : http://localhost/textmining
[API-REQUEST] 2016-04-29 14:07:52.412 [main] MetadataController - 
[INFO ] 2016-04-29 14:07:52.414 [main] MetadataController - Request to get DATASET metadata textmining
[INFO ] 2016-04-29 14:07:52.414 [main] MetadataController - GET : http://localhost/textmining/gene-disease-association_lumc
[API-REQUEST] 2016-04-29 14:07:52.415 [main] MetadataController - 
[INFO ] 2016-04-29 14:07:52.416 [main] MetadataController - Request to get DATASET metadata textmining
[INFO ] 2016-04-29 14:07:52.417 [main] MetadataController - GET : http://localhost/textmining/gene-disease-association_lumc
[API-REQUEST] 2016-04-29 14:07:52.417 [main] MetadataController - 
[INFO ] 2016-04-29 14:07:52.420 [main] MetadataController - Request to get DATASET metadata textmining
[INFO ] 2016-04-29 14:07:52.420 [main] MetadataController - GET : http://localhost/textmining/dumpy
[API-REQUEST] 2016-04-29 14:07:52.420 [main] MetadataController - 
[INFO ] 2016-04-29 14:07:52.422 [main] MetadataController - Request to get CATALOG metadata textmining
[INFO ] 2016-04-29 14:07:52.422 [main] MetadataController - GET : http://localhost/textmining
[API-REQUEST] 2016-04-29 14:07:52.423 [main] MetadataController - 
[INFO ] 2016-04-29 14:07:52.430 [main] MetadataController - Request to get CATALOG metadata textmining
[INFO ] 2016-04-29 14:07:52.430 [main] MetadataController - GET : http://localhost/textmining
[API-REQUEST] 2016-04-29 14:07:52.431 [main] MetadataController - 
[INFO ] 2016-04-29 14:07:52.434 [main] MetadataController - Request to get CATALOG metadata dumpy
[INFO ] 2016-04-29 14:07:52.434 [main] MetadataController - GET : http://localhost/dumpy
[API-REQUEST] 2016-04-29 14:07:52.434 [main] MetadataController - 
[INFO ] 2016-04-29 14:07:52.573 [main] RestApiTestContext - Inmemory triple store initialize for test
[INFO ] 2016-04-29 14:07:52.756 [main] DataAccessorController - Request to get dataset's distribution dummy
[INFO ] 2016-04-29 14:07:52.756 [main] DataAccessorController - GET : http://localhost/textmining/gene-disease-association_lumc/dummy
[API-REQUEST] 2016-04-29 14:07:52.757 [main] DataAccessorController - 
[INFO ] 2016-04-29 14:07:52.759 [main] DataAccessorController - Request to get dataset's distribution sparql
[INFO ] 2016-04-29 14:07:52.759 [main] DataAccessorController - GET : http://localhost/textmining/gene-disease-association_lumc/sparql
[API-REQUEST] 2016-04-29 14:07:52.759 [main] DataAccessorController - 
[INFO ] 2016-04-29 14:07:52.760 [main] DataAccessorController - Request to get dataset's distribution sparql
[INFO ] 2016-04-29 14:07:52.760 [main] DataAccessorController - GET : http://localhost/textmining/gene-disease-association_lumc/sparql
[API-REQUEST] 2016-04-29 14:07:52.761 [main] DataAccessorController - 
[INFO ] 2016-04-29 14:07:52.762 [main] DataAccessorController - Request to get dataset's distribution sparql
[INFO ] 2016-04-29 14:07:52.762 [main] DataAccessorController - GET : http://localhost/textmining/gene-disease-association_lumc/sparql
[API-REQUEST] 2016-04-29 14:07:52.762 [main] DataAccessorController - 
[INFO ] 2016-04-29 14:07:52.764 [main] DataAccessorController - Request to get dataset's distribution sparql
[INFO ] 2016-04-29 14:07:52.764 [main] DataAccessorController - GET : http://localhost/textmining/gene-disease-association_lumc/sparql
[API-REQUEST] 2016-04-29 14:07:52.765 [main] DataAccessorController - 
[INFO ] 2016-04-29 14:07:52.768 [main] DataAccessorController - Request to get dataset's distribution sparql
[INFO ] 2016-04-29 14:07:52.768 [main] DataAccessorController - GET : http://localhost/textmining/gene-disease-association_lumc/sparql
[API-REQUEST] 2016-04-29 14:07:52.769 [main] DataAccessorController - 
[INFO ] 2016-04-29 14:07:52.773 [main] DataAccessorController - Request to get dataset's distribution sparql
[INFO ] 2016-04-29 14:07:52.773 [main] DataAccessorController - GET : http://localhost/textmining/gene-disease-association_lumc/sparql
[API-REQUEST] 2016-04-29 14:07:52.774 [main] DataAccessorController - 
[INFO ] 2016-04-29 14:11:31.981 [main] RestApiTestContext - Inmemory triple store initialize for test
[INFO ] 2016-04-29 14:11:33.667 [main] RestApiTestContext - Inmemory triple store initialize for test
[INFO ] 2016-04-29 14:11:34.017 [main] RestApiTestContext - Inmemory triple store initialize for test
[INFO ] 2016-04-29 14:11:34.409 [main] RestApiTestContext - Inmemory triple store initialize for test
[INFO ] 2016-04-29 14:11:34.620 [main] MetadataController - Request to get DATASET metadata textmining
[INFO ] 2016-04-29 14:11:34.620 [main] MetadataController - GET : http://localhost/textmining/gene-disease-association_lumc
[API-REQUEST] 2016-04-29 14:11:34.622 [main] MetadataController - 
[INFO ] 2016-04-29 14:11:34.631 [main] MetadataController - Request to get CATALOG metadata textmining
[INFO ] 2016-04-29 14:11:34.632 [main] MetadataController - GET : http://localhost/textmining
[API-REQUEST] 2016-04-29 14:11:34.632 [main] MetadataController - 
[INFO ] 2016-04-29 14:11:34.636 [main] MetadataController - Request to get CATALOG metadata textmining
[INFO ] 2016-04-29 14:11:34.636 [main] MetadataController - GET : http://localhost/textmining
[API-REQUEST] 2016-04-29 14:11:34.638 [main] MetadataController - 
[INFO ] 2016-04-29 14:11:34.640 [main] MetadataController - Request to get DATASET metadata textmining
[INFO ] 2016-04-29 14:11:34.640 [main] MetadataController - GET : http://localhost/textmining/gene-disease-association_lumc
[API-REQUEST] 2016-04-29 14:11:34.640 [main] MetadataController - 
[INFO ] 2016-04-29 14:11:34.642 [main] MetadataController - Request to get DATASET metadata textmining
[INFO ] 2016-04-29 14:11:34.643 [main] MetadataController - GET : http://localhost/textmining/gene-disease-association_lumc
[API-REQUEST] 2016-04-29 14:11:34.644 [main] MetadataController - 
[INFO ] 2016-04-29 14:11:34.649 [main] MetadataController - Request to get DATASET metadata textmining
[INFO ] 2016-04-29 14:11:34.649 [main] MetadataController - GET : http://localhost/textmining/dumpy
[API-REQUEST] 2016-04-29 14:11:34.649 [main] MetadataController - 
[INFO ] 2016-04-29 14:11:34.652 [main] MetadataController - Request to get CATALOG metadata textmining
[INFO ] 2016-04-29 14:11:34.652 [main] MetadataController - GET : http://localhost/textmining
[API-REQUEST] 2016-04-29 14:11:34.653 [main] MetadataController - 
[INFO ] 2016-04-29 14:11:34.658 [main] MetadataController - Request to get CATALOG metadata textmining
[INFO ] 2016-04-29 14:11:34.658 [main] MetadataController - GET : http://localhost/textmining
[API-REQUEST] 2016-04-29 14:11:34.659 [main] MetadataController - 
[INFO ] 2016-04-29 14:11:34.663 [main] MetadataController - Request to get CATALOG metadata dumpy
[INFO ] 2016-04-29 14:11:34.663 [main] MetadataController - GET : http://localhost/dumpy
[API-REQUEST] 2016-04-29 14:11:34.663 [main] MetadataController - 
[INFO ] 2016-04-29 14:11:34.792 [main] RestApiTestContext - Inmemory triple store initialize for test
[INFO ] 2016-04-29 14:11:34.958 [main] DataAccessorController - Request to get dataset's distribution dummy
[INFO ] 2016-04-29 14:11:34.958 [main] DataAccessorController - GET : http://localhost/textmining/gene-disease-association_lumc/dummy
[API-REQUEST] 2016-04-29 14:11:34.959 [main] DataAccessorController - 
[INFO ] 2016-04-29 14:11:34.961 [main] DataAccessorController - Request to get dataset's distribution sparql
[INFO ] 2016-04-29 14:11:34.961 [main] DataAccessorController - GET : http://localhost/textmining/gene-disease-association_lumc/sparql
[API-REQUEST] 2016-04-29 14:11:34.962 [main] DataAccessorController - 
[INFO ] 2016-04-29 14:11:34.964 [main] DataAccessorController - Request to get dataset's distribution sparql
[INFO ] 2016-04-29 14:11:34.964 [main] DataAccessorController - GET : http://localhost/textmining/gene-disease-association_lumc/sparql
[API-REQUEST] 2016-04-29 14:11:34.964 [main] DataAccessorController - 
[INFO ] 2016-04-29 14:11:34.966 [main] DataAccessorController - Request to get dataset's distribution sparql
[INFO ] 2016-04-29 14:11:34.966 [main] DataAccessorController - GET : http://localhost/textmining/gene-disease-association_lumc/sparql
[API-REQUEST] 2016-04-29 14:11:34.967 [main] DataAccessorController - 
[INFO ] 2016-04-29 14:11:34.968 [main] DataAccessorController - Request to get dataset's distribution sparql
[INFO ] 2016-04-29 14:11:34.969 [main] DataAccessorController - GET : http://localhost/textmining/gene-disease-association_lumc/sparql
[API-REQUEST] 2016-04-29 14:11:34.969 [main] DataAccessorController - 
[INFO ] 2016-04-29 14:11:34.972 [main] DataAccessorController - Request to get dataset's distribution sparql
[INFO ] 2016-04-29 14:11:34.972 [main] DataAccessorController - GET : http://localhost/textmining/gene-disease-association_lumc/sparql
[API-REQUEST] 2016-04-29 14:11:34.973 [main] DataAccessorController - 
[INFO ] 2016-04-29 14:11:34.977 [main] DataAccessorController - Request to get dataset's distribution sparql
[INFO ] 2016-04-29 14:11:34.977 [main] DataAccessorController - GET : http://localhost/textmining/gene-disease-association_lumc/sparql
[API-REQUEST] 2016-04-29 14:11:34.978 [main] DataAccessorController - 
[INFO ] 2016-04-29 14:12:18.226 [main] RestApiTestContext - Inmemory triple store initialize for test
[INFO ] 2016-04-29 14:12:20.280 [main] RestApiTestContext - Inmemory triple store initialize for test
[INFO ] 2016-04-29 14:12:21.052 [main] RestApiTestContext - Inmemory triple store initialize for test
[INFO ] 2016-04-29 14:12:21.605 [main] RestApiTestContext - Inmemory triple store initialize for test
[INFO ] 2016-04-29 14:12:22.121 [main] MetadataController - Request to get DATASET metadata textmining
[INFO ] 2016-04-29 14:12:22.127 [main] MetadataController - GET : http://localhost/textmining/gene-disease-association_lumc
[API-REQUEST] 2016-04-29 14:12:22.135 [main] MetadataController - 
[INFO ] 2016-04-29 14:12:22.174 [main] MetadataController - Request to get CATALOG metadata textmining
[INFO ] 2016-04-29 14:12:22.175 [main] MetadataController - GET : http://localhost/textmining
[API-REQUEST] 2016-04-29 14:12:22.176 [main] MetadataController - 
[INFO ] 2016-04-29 14:12:22.181 [main] MetadataController - Request to get CATALOG metadata textmining
[INFO ] 2016-04-29 14:12:22.187 [main] MetadataController - GET : http://localhost/textmining
[API-REQUEST] 2016-04-29 14:12:22.189 [main] MetadataController - 
[INFO ] 2016-04-29 14:12:22.198 [main] MetadataController - Request to get DATASET metadata textmining
[INFO ] 2016-04-29 14:12:22.201 [main] MetadataController - GET : http://localhost/textmining/gene-disease-association_lumc
[API-REQUEST] 2016-04-29 14:12:22.204 [main] MetadataController - 
[INFO ] 2016-04-29 14:12:22.210 [main] MetadataController - Request to get DATASET metadata textmining
[INFO ] 2016-04-29 14:12:22.214 [main] MetadataController - GET : http://localhost/textmining/gene-disease-association_lumc
[API-REQUEST] 2016-04-29 14:12:22.216 [main] MetadataController - 
[INFO ] 2016-04-29 14:12:22.222 [main] MetadataController - Request to get DATASET metadata textmining
[INFO ] 2016-04-29 14:12:22.222 [main] MetadataController - GET : http://localhost/textmining/dumpy
[API-REQUEST] 2016-04-29 14:12:22.223 [main] MetadataController - 
[INFO ] 2016-04-29 14:12:22.225 [main] MetadataController - Request to get CATALOG metadata textmining
[INFO ] 2016-04-29 14:12:22.226 [main] MetadataController - GET : http://localhost/textmining
[API-REQUEST] 2016-04-29 14:12:22.226 [main] MetadataController - 
[INFO ] 2016-04-29 14:12:22.245 [main] MetadataController - Request to get CATALOG metadata textmining
[INFO ] 2016-04-29 14:12:22.246 [main] MetadataController - GET : http://localhost/textmining
[API-REQUEST] 2016-04-29 14:12:22.246 [main] MetadataController - 
[INFO ] 2016-04-29 14:12:22.250 [main] MetadataController - Request to get CATALOG metadata dumpy
[INFO ] 2016-04-29 14:12:22.251 [main] MetadataController - GET : http://localhost/dumpy
[API-REQUEST] 2016-04-29 14:12:22.251 [main] MetadataController - 
[INFO ] 2016-04-29 14:12:22.489 [main] RestApiTestContext - Inmemory triple store initialize for test
[INFO ] 2016-04-29 14:12:22.837 [main] DataAccessorController - Request to get dataset's distribution dummy
[INFO ] 2016-04-29 14:12:22.838 [main] DataAccessorController - GET : http://localhost/textmining/gene-disease-association_lumc/dummy
[API-REQUEST] 2016-04-29 14:12:22.838 [main] DataAccessorController - 
[INFO ] 2016-04-29 14:12:22.841 [main] DataAccessorController - Request to get dataset's distribution sparql
[INFO ] 2016-04-29 14:12:22.841 [main] DataAccessorController - GET : http://localhost/textmining/gene-disease-association_lumc/sparql
[API-REQUEST] 2016-04-29 14:12:22.842 [main] DataAccessorController - 
[INFO ] 2016-04-29 14:12:22.844 [main] DataAccessorController - Request to get dataset's distribution sparql
[INFO ] 2016-04-29 14:12:22.844 [main] DataAccessorController - GET : http://localhost/textmining/gene-disease-association_lumc/sparql
[API-REQUEST] 2016-04-29 14:12:22.845 [main] DataAccessorController - 
[INFO ] 2016-04-29 14:12:22.846 [main] DataAccessorController - Request to get dataset's distribution sparql
[INFO ] 2016-04-29 14:12:22.846 [main] DataAccessorController - GET : http://localhost/textmining/gene-disease-association_lumc/sparql
[API-REQUEST] 2016-04-29 14:12:22.847 [main] DataAccessorController - 
[INFO ] 2016-04-29 14:12:22.849 [main] DataAccessorController - Request to get dataset's distribution sparql
[INFO ] 2016-04-29 14:12:22.849 [main] DataAccessorController - GET : http://localhost/textmining/gene-disease-association_lumc/sparql
[API-REQUEST] 2016-04-29 14:12:22.849 [main] DataAccessorController - 
[INFO ] 2016-04-29 14:12:22.852 [main] DataAccessorController - Request to get dataset's distribution sparql
[INFO ] 2016-04-29 14:12:22.852 [main] DataAccessorController - GET : http://localhost/textmining/gene-disease-association_lumc/sparql
[API-REQUEST] 2016-04-29 14:12:22.852 [main] DataAccessorController - 
[INFO ] 2016-04-29 14:12:22.856 [main] DataAccessorController - Request to get dataset's distribution sparql
[INFO ] 2016-04-29 14:12:22.856 [main] DataAccessorController - GET : http://localhost/textmining/gene-disease-association_lumc/sparql
[API-REQUEST] 2016-04-29 14:12:22.857 [main] DataAccessorController - 
[INFO ] 2016-04-29 14:12:27.474 [main] RestApiTestContext - Inmemory triple store initialize for test
[INFO ] 2016-04-29 14:12:29.169 [main] RestApiTestContext - Inmemory triple store initialize for test
[INFO ] 2016-04-29 14:12:29.564 [main] RestApiTestContext - Inmemory triple store initialize for test
[INFO ] 2016-04-29 14:12:30.001 [main] RestApiTestContext - Inmemory triple store initialize for test
[INFO ] 2016-04-29 14:12:30.264 [main] MetadataController - Request to get DATASET metadata textmining
[INFO ] 2016-04-29 14:12:30.264 [main] MetadataController - GET : http://localhost/textmining/gene-disease-association_lumc
[API-REQUEST] 2016-04-29 14:12:30.266 [main] MetadataController - 
[INFO ] 2016-04-29 14:12:30.275 [main] MetadataController - Request to get CATALOG metadata textmining
[INFO ] 2016-04-29 14:12:30.276 [main] MetadataController - GET : http://localhost/textmining
[API-REQUEST] 2016-04-29 14:12:30.276 [main] MetadataController - 
[INFO ] 2016-04-29 14:12:30.278 [main] MetadataController - Request to get CATALOG metadata textmining
[INFO ] 2016-04-29 14:12:30.279 [main] MetadataController - GET : http://localhost/textmining
[API-REQUEST] 2016-04-29 14:12:30.279 [main] MetadataController - 
[INFO ] 2016-04-29 14:12:30.281 [main] MetadataController - Request to get DATASET metadata textmining
[INFO ] 2016-04-29 14:12:30.281 [main] MetadataController - GET : http://localhost/textmining/gene-disease-association_lumc
[API-REQUEST] 2016-04-29 14:12:30.282 [main] MetadataController - 
[INFO ] 2016-04-29 14:12:30.284 [main] MetadataController - Request to get DATASET metadata textmining
[INFO ] 2016-04-29 14:12:30.284 [main] MetadataController - GET : http://localhost/textmining/gene-disease-association_lumc
[API-REQUEST] 2016-04-29 14:12:30.285 [main] MetadataController - 
[INFO ] 2016-04-29 14:12:30.289 [main] MetadataController - Request to get DATASET metadata textmining
[INFO ] 2016-04-29 14:12:30.289 [main] MetadataController - GET : http://localhost/textmining/dumpy
[API-REQUEST] 2016-04-29 14:12:30.290 [main] MetadataController - 
[INFO ] 2016-04-29 14:12:30.292 [main] MetadataController - Request to get CATALOG metadata textmining
[INFO ] 2016-04-29 14:12:30.292 [main] MetadataController - GET : http://localhost/textmining
[API-REQUEST] 2016-04-29 14:12:30.293 [main] MetadataController - 
[INFO ] 2016-04-29 14:12:30.300 [main] MetadataController - Request to get CATALOG metadata textmining
[INFO ] 2016-04-29 14:12:30.300 [main] MetadataController - GET : http://localhost/textmining
[API-REQUEST] 2016-04-29 14:12:30.301 [main] MetadataController - 
[INFO ] 2016-04-29 14:12:30.305 [main] MetadataController - Request to get CATALOG metadata dumpy
[INFO ] 2016-04-29 14:12:30.305 [main] MetadataController - GET : http://localhost/dumpy
[API-REQUEST] 2016-04-29 14:12:30.306 [main] MetadataController - 
[INFO ] 2016-04-29 14:12:30.486 [main] RestApiTestContext - Inmemory triple store initialize for test
[INFO ] 2016-04-29 14:12:30.685 [main] DataAccessorController - Request to get dataset's distribution dummy
[INFO ] 2016-04-29 14:12:30.685 [main] DataAccessorController - GET : http://localhost/textmining/gene-disease-association_lumc/dummy
[API-REQUEST] 2016-04-29 14:12:30.685 [main] DataAccessorController - 
[INFO ] 2016-04-29 14:12:30.689 [main] DataAccessorController - Request to get dataset's distribution sparql
[INFO ] 2016-04-29 14:12:30.689 [main] DataAccessorController - GET : http://localhost/textmining/gene-disease-association_lumc/sparql
[API-REQUEST] 2016-04-29 14:12:30.690 [main] DataAccessorController - 
[INFO ] 2016-04-29 14:12:30.691 [main] DataAccessorController - Request to get dataset's distribution sparql
[INFO ] 2016-04-29 14:12:30.692 [main] DataAccessorController - GET : http://localhost/textmining/gene-disease-association_lumc/sparql
[API-REQUEST] 2016-04-29 14:12:30.692 [main] DataAccessorController - 
[INFO ] 2016-04-29 14:12:30.694 [main] DataAccessorController - Request to get dataset's distribution sparql
[INFO ] 2016-04-29 14:12:30.695 [main] DataAccessorController - GET : http://localhost/textmining/gene-disease-association_lumc/sparql
[API-REQUEST] 2016-04-29 14:12:30.696 [main] DataAccessorController - 
[INFO ] 2016-04-29 14:12:30.697 [main] DataAccessorController - Request to get dataset's distribution sparql
[INFO ] 2016-04-29 14:12:30.698 [main] DataAccessorController - GET : http://localhost/textmining/gene-disease-association_lumc/sparql
[API-REQUEST] 2016-04-29 14:12:30.698 [main] DataAccessorController - 
[INFO ] 2016-04-29 14:12:30.701 [main] DataAccessorController - Request to get dataset's distribution sparql
[INFO ] 2016-04-29 14:12:30.701 [main] DataAccessorController - GET : http://localhost/textmining/gene-disease-association_lumc/sparql
[API-REQUEST] 2016-04-29 14:12:30.702 [main] DataAccessorController - 
[INFO ] 2016-04-29 14:12:30.708 [main] DataAccessorController - Request to get dataset's distribution sparql
[INFO ] 2016-04-29 14:12:30.708 [main] DataAccessorController - GET : http://localhost/textmining/gene-disease-association_lumc/sparql
[API-REQUEST] 2016-04-29 14:12:30.709 [main] DataAccessorController - 
[INFO ] 2016-04-29 14:19:44.071 [main] RestApiTestContext - Inmemory triple store initialize for test
[INFO ] 2016-04-29 14:19:46.152 [main] RestApiTestContext - Inmemory triple store initialize for test
[INFO ] 2016-04-29 14:19:46.622 [main] RestApiTestContext - Inmemory triple store initialize for test
[INFO ] 2016-04-29 14:19:47.093 [main] RestApiTestContext - Inmemory triple store initialize for test
[INFO ] 2016-04-29 14:19:47.312 [main] MetadataController - Request to get DATASET metadata textmining
[INFO ] 2016-04-29 14:19:47.312 [main] MetadataController - GET : http://localhost/textmining/gene-disease-association_lumc
[API-REQUEST] 2016-04-29 14:19:47.314 [main] MetadataController - 
[INFO ] 2016-04-29 14:19:47.325 [main] MetadataController - Request to get CATALOG metadata textmining
[INFO ] 2016-04-29 14:19:47.325 [main] MetadataController - GET : http://localhost/textmining
[API-REQUEST] 2016-04-29 14:19:47.325 [main] MetadataController - 
[INFO ] 2016-04-29 14:19:47.328 [main] MetadataController - Request to get CATALOG metadata textmining
[INFO ] 2016-04-29 14:19:47.328 [main] MetadataController - GET : http://localhost/textmining
[API-REQUEST] 2016-04-29 14:19:47.328 [main] MetadataController - 
[INFO ] 2016-04-29 14:19:47.330 [main] MetadataController - Request to get DATASET metadata textmining
[INFO ] 2016-04-29 14:19:47.331 [main] MetadataController - GET : http://localhost/textmining/gene-disease-association_lumc
[API-REQUEST] 2016-04-29 14:19:47.331 [main] MetadataController - 
[INFO ] 2016-04-29 14:19:47.334 [main] MetadataController - Request to get DATASET metadata textmining
[INFO ] 2016-04-29 14:19:47.334 [main] MetadataController - GET : http://localhost/textmining/gene-disease-association_lumc
[API-REQUEST] 2016-04-29 14:19:47.335 [main] MetadataController - 
[INFO ] 2016-04-29 14:19:47.341 [main] MetadataController - Request to get DATASET metadata textmining
[INFO ] 2016-04-29 14:19:47.342 [main] MetadataController - GET : http://localhost/textmining/dumpy
[API-REQUEST] 2016-04-29 14:19:47.342 [main] MetadataController - 
[INFO ] 2016-04-29 14:19:47.344 [main] MetadataController - Request to get CATALOG metadata textmining
[INFO ] 2016-04-29 14:19:47.345 [main] MetadataController - GET : http://localhost/textmining
[API-REQUEST] 2016-04-29 14:19:47.345 [main] MetadataController - 
[INFO ] 2016-04-29 14:19:47.353 [main] MetadataController - Request to get CATALOG metadata textmining
[INFO ] 2016-04-29 14:19:47.353 [main] MetadataController - GET : http://localhost/textmining
[API-REQUEST] 2016-04-29 14:19:47.354 [main] MetadataController - 
[INFO ] 2016-04-29 14:19:47.357 [main] MetadataController - Request to get CATALOG metadata dumpy
[INFO ] 2016-04-29 14:19:47.357 [main] MetadataController - GET : http://localhost/dumpy
[API-REQUEST] 2016-04-29 14:19:47.358 [main] MetadataController - 
[INFO ] 2016-04-29 14:19:47.486 [main] RestApiTestContext - Inmemory triple store initialize for test
[INFO ] 2016-04-29 14:19:47.660 [main] DataAccessorController - Request to get dataset's distribution dummy
[INFO ] 2016-04-29 14:19:47.660 [main] DataAccessorController - GET : http://localhost/textmining/gene-disease-association_lumc/dummy
[API-REQUEST] 2016-04-29 14:19:47.661 [main] DataAccessorController - 
[INFO ] 2016-04-29 14:19:47.663 [main] DataAccessorController - Request to get dataset's distribution sparql
[INFO ] 2016-04-29 14:19:47.663 [main] DataAccessorController - GET : http://localhost/textmining/gene-disease-association_lumc/sparql
[API-REQUEST] 2016-04-29 14:19:47.664 [main] DataAccessorController - 
[INFO ] 2016-04-29 14:19:47.666 [main] DataAccessorController - Request to get dataset's distribution sparql
[INFO ] 2016-04-29 14:19:47.666 [main] DataAccessorController - GET : http://localhost/textmining/gene-disease-association_lumc/sparql
[API-REQUEST] 2016-04-29 14:19:47.666 [main] DataAccessorController - 
[INFO ] 2016-04-29 14:19:47.668 [main] DataAccessorController - Request to get dataset's distribution sparql
[INFO ] 2016-04-29 14:19:47.668 [main] DataAccessorController - GET : http://localhost/textmining/gene-disease-association_lumc/sparql
[API-REQUEST] 2016-04-29 14:19:47.668 [main] DataAccessorController - 
[INFO ] 2016-04-29 14:19:47.670 [main] DataAccessorController - Request to get dataset's distribution sparql
[INFO ] 2016-04-29 14:19:47.670 [main] DataAccessorController - GET : http://localhost/textmining/gene-disease-association_lumc/sparql
[API-REQUEST] 2016-04-29 14:19:47.671 [main] DataAccessorController - 
[INFO ] 2016-04-29 14:19:47.674 [main] DataAccessorController - Request to get dataset's distribution sparql
[INFO ] 2016-04-29 14:19:47.674 [main] DataAccessorController - GET : http://localhost/textmining/gene-disease-association_lumc/sparql
[API-REQUEST] 2016-04-29 14:19:47.675 [main] DataAccessorController - 
[INFO ] 2016-04-29 14:19:47.680 [main] DataAccessorController - Request to get dataset's distribution sparql
[INFO ] 2016-04-29 14:19:47.680 [main] DataAccessorController - GET : http://localhost/textmining/gene-disease-association_lumc/sparql
[API-REQUEST] 2016-04-29 14:19:47.680 [main] DataAccessorController - 
[INFO ] 2016-04-29 14:20:08.406 [main] RestApiTestContext - Inmemory triple store initialize for test
[INFO ] 2016-04-29 14:20:10.074 [main] RestApiTestContext - Inmemory triple store initialize for test
[INFO ] 2016-04-29 14:20:10.527 [main] RestApiTestContext - Inmemory triple store initialize for test
[INFO ] 2016-04-29 14:20:11.002 [main] RestApiTestContext - Inmemory triple store initialize for test
[INFO ] 2016-04-29 14:20:11.298 [main] MetadataController - Request to get DATASET metadata textmining
[INFO ] 2016-04-29 14:20:11.299 [main] MetadataController - GET : http://localhost/textmining/gene-disease-association_lumc
[API-REQUEST] 2016-04-29 14:20:11.302 [main] MetadataController - 
[INFO ] 2016-04-29 14:20:11.311 [main] MetadataController - Request to get CATALOG metadata textmining
[INFO ] 2016-04-29 14:20:11.311 [main] MetadataController - GET : http://localhost/textmining
[API-REQUEST] 2016-04-29 14:20:11.312 [main] MetadataController - 
[INFO ] 2016-04-29 14:20:11.314 [main] MetadataController - Request to get CATALOG metadata textmining
[INFO ] 2016-04-29 14:20:11.314 [main] MetadataController - GET : http://localhost/textmining
[API-REQUEST] 2016-04-29 14:20:11.315 [main] MetadataController - 
[INFO ] 2016-04-29 14:20:11.316 [main] MetadataController - Request to get DATASET metadata textmining
[INFO ] 2016-04-29 14:20:11.316 [main] MetadataController - GET : http://localhost/textmining/gene-disease-association_lumc
[API-REQUEST] 2016-04-29 14:20:11.317 [main] MetadataController - 
[INFO ] 2016-04-29 14:20:11.318 [main] MetadataController - Request to get DATASET metadata textmining
[INFO ] 2016-04-29 14:20:11.319 [main] MetadataController - GET : http://localhost/textmining/gene-disease-association_lumc
[API-REQUEST] 2016-04-29 14:20:11.319 [main] MetadataController - 
[INFO ] 2016-04-29 14:20:11.322 [main] MetadataController - Request to get DATASET metadata textmining
[INFO ] 2016-04-29 14:20:11.322 [main] MetadataController - GET : http://localhost/textmining/dumpy
[API-REQUEST] 2016-04-29 14:20:11.323 [main] MetadataController - 
[INFO ] 2016-04-29 14:20:11.325 [main] MetadataController - Request to get CATALOG metadata textmining
[INFO ] 2016-04-29 14:20:11.326 [main] MetadataController - GET : http://localhost/textmining
[API-REQUEST] 2016-04-29 14:20:11.326 [main] MetadataController - 
[INFO ] 2016-04-29 14:20:11.331 [main] MetadataController - Request to get CATALOG metadata textmining
[INFO ] 2016-04-29 14:20:11.331 [main] MetadataController - GET : http://localhost/textmining
[API-REQUEST] 2016-04-29 14:20:11.332 [main] MetadataController - 
[INFO ] 2016-04-29 14:20:11.334 [main] MetadataController - Request to get CATALOG metadata dumpy
[INFO ] 2016-04-29 14:20:11.334 [main] MetadataController - GET : http://localhost/dumpy
[API-REQUEST] 2016-04-29 14:20:11.335 [main] MetadataController - 
[INFO ] 2016-04-29 14:20:11.481 [main] RestApiTestContext - Inmemory triple store initialize for test
[INFO ] 2016-04-29 14:20:11.697 [main] DataAccessorController - Request to get dataset's distribution dummy
[INFO ] 2016-04-29 14:20:11.697 [main] DataAccessorController - GET : http://localhost/textmining/gene-disease-association_lumc/dummy
[API-REQUEST] 2016-04-29 14:20:11.698 [main] DataAccessorController - 
[INFO ] 2016-04-29 14:20:11.701 [main] DataAccessorController - Request to get dataset's distribution sparql
[INFO ] 2016-04-29 14:20:11.702 [main] DataAccessorController - GET : http://localhost/textmining/gene-disease-association_lumc/sparql
[API-REQUEST] 2016-04-29 14:20:11.703 [main] DataAccessorController - 
[INFO ] 2016-04-29 14:20:11.706 [main] DataAccessorController - Request to get dataset's distribution sparql
[INFO ] 2016-04-29 14:20:11.706 [main] DataAccessorController - GET : http://localhost/textmining/gene-disease-association_lumc/sparql
[API-REQUEST] 2016-04-29 14:20:11.707 [main] DataAccessorController - 
[INFO ] 2016-04-29 14:20:11.709 [main] DataAccessorController - Request to get dataset's distribution sparql
[INFO ] 2016-04-29 14:20:11.710 [main] DataAccessorController - GET : http://localhost/textmining/gene-disease-association_lumc/sparql
[API-REQUEST] 2016-04-29 14:20:11.710 [main] DataAccessorController - 
[INFO ] 2016-04-29 14:20:11.712 [main] DataAccessorController - Request to get dataset's distribution sparql
[INFO ] 2016-04-29 14:20:11.712 [main] DataAccessorController - GET : http://localhost/textmining/gene-disease-association_lumc/sparql
[API-REQUEST] 2016-04-29 14:20:11.713 [main] DataAccessorController - 
[INFO ] 2016-04-29 14:20:11.716 [main] DataAccessorController - Request to get dataset's distribution sparql
[INFO ] 2016-04-29 14:20:11.716 [main] DataAccessorController - GET : http://localhost/textmining/gene-disease-association_lumc/sparql
[API-REQUEST] 2016-04-29 14:20:11.716 [main] DataAccessorController - 
[INFO ] 2016-04-29 14:20:11.722 [main] DataAccessorController - Request to get dataset's distribution sparql
[INFO ] 2016-04-29 14:20:11.723 [main] DataAccessorController - GET : http://localhost/textmining/gene-disease-association_lumc/sparql
[API-REQUEST] 2016-04-29 14:20:11.723 [main] DataAccessorController - 
[INFO ] 2016-04-29 14:22:27.745 [main] RestApiTestContext - Inmemory triple store initialize for test
[INFO ] 2016-04-29 14:22:29.421 [main] RestApiTestContext - Inmemory triple store initialize for test
[INFO ] 2016-04-29 14:22:29.890 [main] RestApiTestContext - Inmemory triple store initialize for test
[INFO ] 2016-04-29 14:22:30.361 [main] RestApiTestContext - Inmemory triple store initialize for test
[INFO ] 2016-04-29 14:22:30.733 [main] MetadataController - Request to get DATASET metadata textmining
[INFO ] 2016-04-29 14:22:30.734 [main] MetadataController - GET : http://localhost/textmining/gene-disease-association_lumc
[API-REQUEST] 2016-04-29 14:22:30.737 [main] MetadataController - 
[INFO ] 2016-04-29 14:22:30.748 [main] MetadataController - Request to get CATALOG metadata textmining
[INFO ] 2016-04-29 14:22:30.748 [main] MetadataController - GET : http://localhost/textmining
[API-REQUEST] 2016-04-29 14:22:30.749 [main] MetadataController - 
[INFO ] 2016-04-29 14:22:30.753 [main] MetadataController - Request to get CATALOG metadata textmining
[INFO ] 2016-04-29 14:22:30.754 [main] MetadataController - GET : http://localhost/textmining
[API-REQUEST] 2016-04-29 14:22:30.758 [main] MetadataController - 
[INFO ] 2016-04-29 14:22:30.766 [main] MetadataController - Request to get DATASET metadata textmining
[INFO ] 2016-04-29 14:22:30.766 [main] MetadataController - GET : http://localhost/textmining/gene-disease-association_lumc
[API-REQUEST] 2016-04-29 14:22:30.767 [main] MetadataController - 
[INFO ] 2016-04-29 14:22:30.771 [main] MetadataController - Request to get DATASET metadata textmining
[INFO ] 2016-04-29 14:22:30.771 [main] MetadataController - GET : http://localhost/textmining/gene-disease-association_lumc
[API-REQUEST] 2016-04-29 14:22:30.772 [main] MetadataController - 
[INFO ] 2016-04-29 14:22:30.776 [main] MetadataController - Request to get DATASET metadata textmining
[INFO ] 2016-04-29 14:22:30.776 [main] MetadataController - GET : http://localhost/textmining/dumpy
[API-REQUEST] 2016-04-29 14:22:30.776 [main] MetadataController - 
[INFO ] 2016-04-29 14:22:30.782 [main] MetadataController - Request to get CATALOG metadata textmining
[INFO ] 2016-04-29 14:22:30.782 [main] MetadataController - GET : http://localhost/textmining
[API-REQUEST] 2016-04-29 14:22:30.783 [main] MetadataController - 
[INFO ] 2016-04-29 14:22:30.792 [main] MetadataController - Request to get CATALOG metadata textmining
[INFO ] 2016-04-29 14:22:30.792 [main] MetadataController - GET : http://localhost/textmining
[API-REQUEST] 2016-04-29 14:22:30.793 [main] MetadataController - 
[INFO ] 2016-04-29 14:22:30.796 [main] MetadataController - Request to get CATALOG metadata dumpy
[INFO ] 2016-04-29 14:22:30.796 [main] MetadataController - GET : http://localhost/dumpy
[API-REQUEST] 2016-04-29 14:22:30.797 [main] MetadataController - 
[INFO ] 2016-04-29 14:22:30.925 [main] RestApiTestContext - Inmemory triple store initialize for test
[INFO ] 2016-04-29 14:22:31.102 [main] DataAccessorController - Request to get dataset's distribution dummy
[INFO ] 2016-04-29 14:22:31.102 [main] DataAccessorController - GET : http://localhost/textmining/gene-disease-association_lumc/dummy
[API-REQUEST] 2016-04-29 14:22:31.103 [main] DataAccessorController - 
[INFO ] 2016-04-29 14:22:31.106 [main] DataAccessorController - Request to get dataset's distribution sparql
[INFO ] 2016-04-29 14:22:31.106 [main] DataAccessorController - GET : http://localhost/textmining/gene-disease-association_lumc/sparql
[API-REQUEST] 2016-04-29 14:22:31.107 [main] DataAccessorController - 
[INFO ] 2016-04-29 14:22:31.109 [main] DataAccessorController - Request to get dataset's distribution sparql
[INFO ] 2016-04-29 14:22:31.109 [main] DataAccessorController - GET : http://localhost/textmining/gene-disease-association_lumc/sparql
[API-REQUEST] 2016-04-29 14:22:31.110 [main] DataAccessorController - 
[INFO ] 2016-04-29 14:22:31.112 [main] DataAccessorController - Request to get dataset's distribution sparql
[INFO ] 2016-04-29 14:22:31.112 [main] DataAccessorController - GET : http://localhost/textmining/gene-disease-association_lumc/sparql
[API-REQUEST] 2016-04-29 14:22:31.113 [main] DataAccessorController - 
[INFO ] 2016-04-29 14:22:31.114 [main] DataAccessorController - Request to get dataset's distribution sparql
[INFO ] 2016-04-29 14:22:31.114 [main] DataAccessorController - GET : http://localhost/textmining/gene-disease-association_lumc/sparql
[API-REQUEST] 2016-04-29 14:22:31.115 [main] DataAccessorController - 
[INFO ] 2016-04-29 14:22:31.117 [main] DataAccessorController - Request to get dataset's distribution sparql
[INFO ] 2016-04-29 14:22:31.117 [main] DataAccessorController - GET : http://localhost/textmining/gene-disease-association_lumc/sparql
[API-REQUEST] 2016-04-29 14:22:31.118 [main] DataAccessorController - 
[INFO ] 2016-04-29 14:22:31.124 [main] DataAccessorController - Request to get dataset's distribution sparql
[INFO ] 2016-04-29 14:22:31.124 [main] DataAccessorController - GET : http://localhost/textmining/gene-disease-association_lumc/sparql
[API-REQUEST] 2016-04-29 14:22:31.125 [main] DataAccessorController - 
[INFO ] 2016-04-29 14:24:07.462 [main] RestApiTestContext - Inmemory triple store initialize for test
[INFO ] 2016-04-29 14:24:09.285 [main] RestApiTestContext - Inmemory triple store initialize for test
[INFO ] 2016-04-29 14:24:10.031 [main] RestApiTestContext - Inmemory triple store initialize for test
[INFO ] 2016-04-29 14:24:10.733 [main] RestApiTestContext - Inmemory triple store initialize for test
[INFO ] 2016-04-29 14:24:11.023 [main] MetadataController - Request to get DATASET metadata textmining
[INFO ] 2016-04-29 14:24:11.023 [main] MetadataController - GET : http://localhost/textmining/gene-disease-association_lumc
[API-REQUEST] 2016-04-29 14:24:11.026 [main] MetadataController - 
[INFO ] 2016-04-29 14:24:11.039 [main] MetadataController - Request to get CATALOG metadata textmining
[INFO ] 2016-04-29 14:24:11.039 [main] MetadataController - GET : http://localhost/textmining
[API-REQUEST] 2016-04-29 14:24:11.041 [main] MetadataController - 
[INFO ] 2016-04-29 14:24:11.045 [main] MetadataController - Request to get CATALOG metadata textmining
[INFO ] 2016-04-29 14:24:11.045 [main] MetadataController - GET : http://localhost/textmining
[API-REQUEST] 2016-04-29 14:24:11.046 [main] MetadataController - 
[INFO ] 2016-04-29 14:24:11.050 [main] MetadataController - Request to get DATASET metadata textmining
[INFO ] 2016-04-29 14:24:11.050 [main] MetadataController - GET : http://localhost/textmining/gene-disease-association_lumc
[API-REQUEST] 2016-04-29 14:24:11.051 [main] MetadataController - 
[INFO ] 2016-04-29 14:24:11.053 [main] MetadataController - Request to get DATASET metadata textmining
[INFO ] 2016-04-29 14:24:11.054 [main] MetadataController - GET : http://localhost/textmining/gene-disease-association_lumc
[API-REQUEST] 2016-04-29 14:24:11.055 [main] MetadataController - 
[INFO ] 2016-04-29 14:24:11.058 [main] MetadataController - Request to get DATASET metadata textmining
[INFO ] 2016-04-29 14:24:11.059 [main] MetadataController - GET : http://localhost/textmining/dumpy
[API-REQUEST] 2016-04-29 14:24:11.059 [main] MetadataController - 
[INFO ] 2016-04-29 14:24:11.062 [main] MetadataController - Request to get CATALOG metadata textmining
[INFO ] 2016-04-29 14:24:11.062 [main] MetadataController - GET : http://localhost/textmining
[API-REQUEST] 2016-04-29 14:24:11.063 [main] MetadataController - 
[INFO ] 2016-04-29 14:24:11.071 [main] MetadataController - Request to get CATALOG metadata textmining
[INFO ] 2016-04-29 14:24:11.071 [main] MetadataController - GET : http://localhost/textmining
[API-REQUEST] 2016-04-29 14:24:11.072 [main] MetadataController - 
[INFO ] 2016-04-29 14:24:11.076 [main] MetadataController - Request to get CATALOG metadata dumpy
[INFO ] 2016-04-29 14:24:11.076 [main] MetadataController - GET : http://localhost/dumpy
[API-REQUEST] 2016-04-29 14:24:11.077 [main] MetadataController - 
[INFO ] 2016-04-29 14:24:11.276 [main] RestApiTestContext - Inmemory triple store initialize for test
[INFO ] 2016-04-29 14:24:11.515 [main] DataAccessorController - Request to get dataset's distribution dummy
[INFO ] 2016-04-29 14:24:11.516 [main] DataAccessorController - GET : http://localhost/textmining/gene-disease-association_lumc/dummy
[API-REQUEST] 2016-04-29 14:24:11.517 [main] DataAccessorController - 
[INFO ] 2016-04-29 14:24:11.523 [main] DataAccessorController - Request to get dataset's distribution sparql
[INFO ] 2016-04-29 14:24:11.523 [main] DataAccessorController - GET : http://localhost/textmining/gene-disease-association_lumc/sparql
[API-REQUEST] 2016-04-29 14:24:11.524 [main] DataAccessorController - 
[INFO ] 2016-04-29 14:24:11.527 [main] DataAccessorController - Request to get dataset's distribution sparql
[INFO ] 2016-04-29 14:24:11.527 [main] DataAccessorController - GET : http://localhost/textmining/gene-disease-association_lumc/sparql
[API-REQUEST] 2016-04-29 14:24:11.528 [main] DataAccessorController - 
[INFO ] 2016-04-29 14:24:11.530 [main] DataAccessorController - Request to get dataset's distribution sparql
[INFO ] 2016-04-29 14:24:11.531 [main] DataAccessorController - GET : http://localhost/textmining/gene-disease-association_lumc/sparql
[API-REQUEST] 2016-04-29 14:24:11.532 [main] DataAccessorController - 
[INFO ] 2016-04-29 14:24:11.534 [main] DataAccessorController - Request to get dataset's distribution sparql
[INFO ] 2016-04-29 14:24:11.535 [main] DataAccessorController - GET : http://localhost/textmining/gene-disease-association_lumc/sparql
[API-REQUEST] 2016-04-29 14:24:11.536 [main] DataAccessorController - 
[INFO ] 2016-04-29 14:24:11.540 [main] DataAccessorController - Request to get dataset's distribution sparql
[INFO ] 2016-04-29 14:24:11.540 [main] DataAccessorController - GET : http://localhost/textmining/gene-disease-association_lumc/sparql
[API-REQUEST] 2016-04-29 14:24:11.542 [main] DataAccessorController - 
[INFO ] 2016-04-29 14:24:11.552 [main] DataAccessorController - Request to get dataset's distribution sparql
[INFO ] 2016-04-29 14:24:11.552 [main] DataAccessorController - GET : http://localhost/textmining/gene-disease-association_lumc/sparql
[API-REQUEST] 2016-04-29 14:24:11.553 [main] DataAccessorController - 
[INFO ] 2016-04-29 14:25:36.700 [main] RestApiTestContext - Inmemory triple store initialize for test
[INFO ] 2016-04-29 14:25:38.333 [main] RestApiTestContext - Inmemory triple store initialize for test
[INFO ] 2016-04-29 14:25:38.715 [main] RestApiTestContext - Inmemory triple store initialize for test
[INFO ] 2016-04-29 14:25:39.145 [main] RestApiTestContext - Inmemory triple store initialize for test
[INFO ] 2016-04-29 14:25:39.441 [main] MetadataController - Request to get DATASET metadata textmining
[INFO ] 2016-04-29 14:25:39.441 [main] MetadataController - GET : http://localhost/textmining/gene-disease-association_lumc
[API-REQUEST] 2016-04-29 14:25:39.443 [main] MetadataController - 
[INFO ] 2016-04-29 14:25:39.458 [main] MetadataController - Request to get CATALOG metadata textmining
[INFO ] 2016-04-29 14:25:39.458 [main] MetadataController - GET : http://localhost/textmining
[API-REQUEST] 2016-04-29 14:25:39.459 [main] MetadataController - 
[INFO ] 2016-04-29 14:25:39.462 [main] MetadataController - Request to get CATALOG metadata textmining
[INFO ] 2016-04-29 14:25:39.462 [main] MetadataController - GET : http://localhost/textmining
[API-REQUEST] 2016-04-29 14:25:39.463 [main] MetadataController - 
[INFO ] 2016-04-29 14:25:39.466 [main] MetadataController - Request to get DATASET metadata textmining
[INFO ] 2016-04-29 14:25:39.467 [main] MetadataController - GET : http://localhost/textmining/gene-disease-association_lumc
[API-REQUEST] 2016-04-29 14:25:39.468 [main] MetadataController - 
[INFO ] 2016-04-29 14:25:39.470 [main] MetadataController - Request to get DATASET metadata textmining
[INFO ] 2016-04-29 14:25:39.470 [main] MetadataController - GET : http://localhost/textmining/gene-disease-association_lumc
[API-REQUEST] 2016-04-29 14:25:39.471 [main] MetadataController - 
[INFO ] 2016-04-29 14:25:39.474 [main] MetadataController - Request to get DATASET metadata textmining
[INFO ] 2016-04-29 14:25:39.474 [main] MetadataController - GET : http://localhost/textmining/dumpy
[API-REQUEST] 2016-04-29 14:25:39.475 [main] MetadataController - 
[INFO ] 2016-04-29 14:25:39.477 [main] MetadataController - Request to get CATALOG metadata textmining
[INFO ] 2016-04-29 14:25:39.477 [main] MetadataController - GET : http://localhost/textmining
[API-REQUEST] 2016-04-29 14:25:39.477 [main] MetadataController - 
[INFO ] 2016-04-29 14:25:39.483 [main] MetadataController - Request to get CATALOG metadata textmining
[INFO ] 2016-04-29 14:25:39.483 [main] MetadataController - GET : http://localhost/textmining
[API-REQUEST] 2016-04-29 14:25:39.484 [main] MetadataController - 
[INFO ] 2016-04-29 14:25:39.487 [main] MetadataController - Request to get CATALOG metadata dumpy
[INFO ] 2016-04-29 14:25:39.487 [main] MetadataController - GET : http://localhost/dumpy
[API-REQUEST] 2016-04-29 14:25:39.488 [main] MetadataController - 
[INFO ] 2016-04-29 14:25:39.621 [main] RestApiTestContext - Inmemory triple store initialize for test
[INFO ] 2016-04-29 14:25:39.778 [main] DataAccessorController - Request to get dataset's distribution dummy
[INFO ] 2016-04-29 14:25:39.779 [main] DataAccessorController - GET : http://localhost/textmining/gene-disease-association_lumc/dummy
[API-REQUEST] 2016-04-29 14:25:39.779 [main] DataAccessorController - 
[INFO ] 2016-04-29 14:25:39.781 [main] DataAccessorController - Request to get dataset's distribution sparql
[INFO ] 2016-04-29 14:25:39.781 [main] DataAccessorController - GET : http://localhost/textmining/gene-disease-association_lumc/sparql
[API-REQUEST] 2016-04-29 14:25:39.782 [main] DataAccessorController - 
[INFO ] 2016-04-29 14:25:39.784 [main] DataAccessorController - Request to get dataset's distribution sparql
[INFO ] 2016-04-29 14:25:39.784 [main] DataAccessorController - GET : http://localhost/textmining/gene-disease-association_lumc/sparql
[API-REQUEST] 2016-04-29 14:25:39.785 [main] DataAccessorController - 
[INFO ] 2016-04-29 14:25:39.787 [main] DataAccessorController - Request to get dataset's distribution sparql
[INFO ] 2016-04-29 14:25:39.787 [main] DataAccessorController - GET : http://localhost/textmining/gene-disease-association_lumc/sparql
[API-REQUEST] 2016-04-29 14:25:39.787 [main] DataAccessorController - 
[INFO ] 2016-04-29 14:25:39.789 [main] DataAccessorController - Request to get dataset's distribution sparql
[INFO ] 2016-04-29 14:25:39.789 [main] DataAccessorController - GET : http://localhost/textmining/gene-disease-association_lumc/sparql
[API-REQUEST] 2016-04-29 14:25:39.790 [main] DataAccessorController - 
[INFO ] 2016-04-29 14:25:39.792 [main] DataAccessorController - Request to get dataset's distribution sparql
[INFO ] 2016-04-29 14:25:39.792 [main] DataAccessorController - GET : http://localhost/textmining/gene-disease-association_lumc/sparql
[API-REQUEST] 2016-04-29 14:25:39.793 [main] DataAccessorController - 
[INFO ] 2016-04-29 14:25:39.797 [main] DataAccessorController - Request to get dataset's distribution sparql
[INFO ] 2016-04-29 14:25:39.797 [main] DataAccessorController - GET : http://localhost/textmining/gene-disease-association_lumc/sparql
[API-REQUEST] 2016-04-29 14:25:39.797 [main] DataAccessorController - 
[INFO ] 2016-04-29 14:28:44.464 [main] RestApiTestContext - Inmemory triple store initialize for test
[INFO ] 2016-04-29 14:28:46.167 [main] RestApiTestContext - Inmemory triple store initialize for test
[INFO ] 2016-04-29 14:28:46.657 [main] RestApiTestContext - Inmemory triple store initialize for test
[INFO ] 2016-04-29 14:28:47.091 [main] RestApiTestContext - Inmemory triple store initialize for test
[INFO ] 2016-04-29 14:28:47.353 [main] MetadataController - Request to get DATASET metadata textmining
[INFO ] 2016-04-29 14:28:47.354 [main] MetadataController - GET : http://localhost/textmining/gene-disease-association_lumc
[API-REQUEST] 2016-04-29 14:28:47.356 [main] MetadataController - 
[INFO ] 2016-04-29 14:28:47.368 [main] MetadataController - Request to get CATALOG metadata textmining
[INFO ] 2016-04-29 14:28:47.368 [main] MetadataController - GET : http://localhost/textmining
[API-REQUEST] 2016-04-29 14:28:47.369 [main] MetadataController - 
[INFO ] 2016-04-29 14:28:47.371 [main] MetadataController - Request to get CATALOG metadata textmining
[INFO ] 2016-04-29 14:28:47.372 [main] MetadataController - GET : http://localhost/textmining
[API-REQUEST] 2016-04-29 14:28:47.373 [main] MetadataController - 
[INFO ] 2016-04-29 14:28:47.376 [main] MetadataController - Request to get DATASET metadata textmining
[INFO ] 2016-04-29 14:28:47.376 [main] MetadataController - GET : http://localhost/textmining/gene-disease-association_lumc
[API-REQUEST] 2016-04-29 14:28:47.377 [main] MetadataController - 
[INFO ] 2016-04-29 14:28:47.379 [main] MetadataController - Request to get DATASET metadata textmining
[INFO ] 2016-04-29 14:28:47.379 [main] MetadataController - GET : http://localhost/textmining/gene-disease-association_lumc
[API-REQUEST] 2016-04-29 14:28:47.380 [main] MetadataController - 
[INFO ] 2016-04-29 14:28:47.384 [main] MetadataController - Request to get DATASET metadata textmining
[INFO ] 2016-04-29 14:28:47.384 [main] MetadataController - GET : http://localhost/textmining/dumpy
[API-REQUEST] 2016-04-29 14:28:47.385 [main] MetadataController - 
[INFO ] 2016-04-29 14:28:47.388 [main] MetadataController - Request to get CATALOG metadata textmining
[INFO ] 2016-04-29 14:28:47.388 [main] MetadataController - GET : http://localhost/textmining
[API-REQUEST] 2016-04-29 14:28:47.389 [main] MetadataController - 
[INFO ] 2016-04-29 14:28:47.396 [main] MetadataController - Request to get CATALOG metadata textmining
[INFO ] 2016-04-29 14:28:47.396 [main] MetadataController - GET : http://localhost/textmining
[API-REQUEST] 2016-04-29 14:28:47.397 [main] MetadataController - 
[INFO ] 2016-04-29 14:28:47.401 [main] MetadataController - Request to get CATALOG metadata dumpy
[INFO ] 2016-04-29 14:28:47.401 [main] MetadataController - GET : http://localhost/dumpy
[API-REQUEST] 2016-04-29 14:28:47.402 [main] MetadataController - 
[INFO ] 2016-04-29 14:28:47.527 [main] RestApiTestContext - Inmemory triple store initialize for test
[INFO ] 2016-04-29 14:28:47.718 [main] DataAccessorController - Request to get dataset's distribution dummy
[INFO ] 2016-04-29 14:28:47.719 [main] DataAccessorController - GET : http://localhost/textmining/gene-disease-association_lumc/dummy
[API-REQUEST] 2016-04-29 14:28:47.719 [main] DataAccessorController - 
[INFO ] 2016-04-29 14:28:47.723 [main] DataAccessorController - Request to get dataset's distribution sparql
[INFO ] 2016-04-29 14:28:47.723 [main] DataAccessorController - GET : http://localhost/textmining/gene-disease-association_lumc/sparql
[API-REQUEST] 2016-04-29 14:28:47.724 [main] DataAccessorController - 
[INFO ] 2016-04-29 14:28:47.726 [main] DataAccessorController - Request to get dataset's distribution sparql
[INFO ] 2016-04-29 14:28:47.726 [main] DataAccessorController - GET : http://localhost/textmining/gene-disease-association_lumc/sparql
[API-REQUEST] 2016-04-29 14:28:47.727 [main] DataAccessorController - 
[INFO ] 2016-04-29 14:28:47.728 [main] DataAccessorController - Request to get dataset's distribution sparql
[INFO ] 2016-04-29 14:28:47.729 [main] DataAccessorController - GET : http://localhost/textmining/gene-disease-association_lumc/sparql
[API-REQUEST] 2016-04-29 14:28:47.729 [main] DataAccessorController - 
[INFO ] 2016-04-29 14:28:47.731 [main] DataAccessorController - Request to get dataset's distribution sparql
[INFO ] 2016-04-29 14:28:47.731 [main] DataAccessorController - GET : http://localhost/textmining/gene-disease-association_lumc/sparql
[API-REQUEST] 2016-04-29 14:28:47.731 [main] DataAccessorController - 
[INFO ] 2016-04-29 14:28:47.734 [main] DataAccessorController - Request to get dataset's distribution sparql
[INFO ] 2016-04-29 14:28:47.734 [main] DataAccessorController - GET : http://localhost/textmining/gene-disease-association_lumc/sparql
[API-REQUEST] 2016-04-29 14:28:47.734 [main] DataAccessorController - 
[INFO ] 2016-04-29 14:28:47.739 [main] DataAccessorController - Request to get dataset's distribution sparql
[INFO ] 2016-04-29 14:28:47.739 [main] DataAccessorController - GET : http://localhost/textmining/gene-disease-association_lumc/sparql
[API-REQUEST] 2016-04-29 14:28:47.740 [main] DataAccessorController - 
[INFO ] 2016-04-29 14:28:54.791 [main] RestApiTestContext - Inmemory triple store initialize for test
[INFO ] 2016-04-29 14:28:56.619 [main] RestApiTestContext - Inmemory triple store initialize for test
[INFO ] 2016-04-29 14:28:57.044 [main] RestApiTestContext - Inmemory triple store initialize for test
[INFO ] 2016-04-29 14:28:57.493 [main] RestApiTestContext - Inmemory triple store initialize for test
[INFO ] 2016-04-29 14:28:57.721 [main] MetadataController - Request to get DATASET metadata textmining
[INFO ] 2016-04-29 14:28:57.722 [main] MetadataController - GET : http://localhost/textmining/gene-disease-association_lumc
[API-REQUEST] 2016-04-29 14:28:57.724 [main] MetadataController - 
[INFO ] 2016-04-29 14:28:57.733 [main] MetadataController - Request to get CATALOG metadata textmining
[INFO ] 2016-04-29 14:28:57.733 [main] MetadataController - GET : http://localhost/textmining
[API-REQUEST] 2016-04-29 14:28:57.734 [main] MetadataController - 
[INFO ] 2016-04-29 14:28:57.736 [main] MetadataController - Request to get CATALOG metadata textmining
[INFO ] 2016-04-29 14:28:57.737 [main] MetadataController - GET : http://localhost/textmining
[API-REQUEST] 2016-04-29 14:28:57.738 [main] MetadataController - 
[INFO ] 2016-04-29 14:28:57.741 [main] MetadataController - Request to get DATASET metadata textmining
[INFO ] 2016-04-29 14:28:57.741 [main] MetadataController - GET : http://localhost/textmining/gene-disease-association_lumc
[API-REQUEST] 2016-04-29 14:28:57.742 [main] MetadataController - 
[INFO ] 2016-04-29 14:28:57.744 [main] MetadataController - Request to get DATASET metadata textmining
[INFO ] 2016-04-29 14:28:57.744 [main] MetadataController - GET : http://localhost/textmining/gene-disease-association_lumc
[API-REQUEST] 2016-04-29 14:28:57.745 [main] MetadataController - 
[INFO ] 2016-04-29 14:28:57.749 [main] MetadataController - Request to get DATASET metadata textmining
[INFO ] 2016-04-29 14:28:57.749 [main] MetadataController - GET : http://localhost/textmining/dumpy
[API-REQUEST] 2016-04-29 14:28:57.749 [main] MetadataController - 
[INFO ] 2016-04-29 14:28:57.752 [main] MetadataController - Request to get CATALOG metadata textmining
[INFO ] 2016-04-29 14:28:57.752 [main] MetadataController - GET : http://localhost/textmining
[API-REQUEST] 2016-04-29 14:28:57.753 [main] MetadataController - 
[INFO ] 2016-04-29 14:28:57.762 [main] MetadataController - Request to get CATALOG metadata textmining
[INFO ] 2016-04-29 14:28:57.762 [main] MetadataController - GET : http://localhost/textmining
[API-REQUEST] 2016-04-29 14:28:57.763 [main] MetadataController - 
[INFO ] 2016-04-29 14:28:57.767 [main] MetadataController - Request to get CATALOG metadata dumpy
[INFO ] 2016-04-29 14:28:57.767 [main] MetadataController - GET : http://localhost/dumpy
[API-REQUEST] 2016-04-29 14:28:57.768 [main] MetadataController - 
[INFO ] 2016-04-29 14:28:57.931 [main] RestApiTestContext - Inmemory triple store initialize for test
[INFO ] 2016-04-29 14:28:58.188 [main] DataAccessorController - Request to get dataset's distribution dummy
[INFO ] 2016-04-29 14:28:58.188 [main] DataAccessorController - GET : http://localhost/textmining/gene-disease-association_lumc/dummy
[API-REQUEST] 2016-04-29 14:28:58.189 [main] DataAccessorController - 
[INFO ] 2016-04-29 14:28:58.193 [main] DataAccessorController - Request to get dataset's distribution sparql
[INFO ] 2016-04-29 14:28:58.193 [main] DataAccessorController - GET : http://localhost/textmining/gene-disease-association_lumc/sparql
[API-REQUEST] 2016-04-29 14:28:58.194 [main] DataAccessorController - 
[INFO ] 2016-04-29 14:28:58.196 [main] DataAccessorController - Request to get dataset's distribution sparql
[INFO ] 2016-04-29 14:28:58.196 [main] DataAccessorController - GET : http://localhost/textmining/gene-disease-association_lumc/sparql
[API-REQUEST] 2016-04-29 14:28:58.197 [main] DataAccessorController - 
[INFO ] 2016-04-29 14:28:58.199 [main] DataAccessorController - Request to get dataset's distribution sparql
[INFO ] 2016-04-29 14:28:58.199 [main] DataAccessorController - GET : http://localhost/textmining/gene-disease-association_lumc/sparql
[API-REQUEST] 2016-04-29 14:28:58.200 [main] DataAccessorController - 
[INFO ] 2016-04-29 14:28:58.202 [main] DataAccessorController - Request to get dataset's distribution sparql
[INFO ] 2016-04-29 14:28:58.202 [main] DataAccessorController - GET : http://localhost/textmining/gene-disease-association_lumc/sparql
[API-REQUEST] 2016-04-29 14:28:58.202 [main] DataAccessorController - 
[INFO ] 2016-04-29 14:28:58.206 [main] DataAccessorController - Request to get dataset's distribution sparql
[INFO ] 2016-04-29 14:28:58.206 [main] DataAccessorController - GET : http://localhost/textmining/gene-disease-association_lumc/sparql
[API-REQUEST] 2016-04-29 14:28:58.207 [main] DataAccessorController - 
[INFO ] 2016-04-29 14:28:58.213 [main] DataAccessorController - Request to get dataset's distribution sparql
[INFO ] 2016-04-29 14:28:58.214 [main] DataAccessorController - GET : http://localhost/textmining/gene-disease-association_lumc/sparql
[API-REQUEST] 2016-04-29 14:28:58.215 [main] DataAccessorController - 
