 - - [02/05/2016:00:40:35 -0498] "GET /textmining/gene-disease-association_lumc http" 200 
 - - [02/05/2016:00:40:35 -0553] "GET /textmining http" 200 
 - - [02/05/2016:00:40:35 -0557] "GET /textmining http" 200 936
 - - [02/05/2016:00:40:35 -0560] "GET /textmining/gene-disease-association_lumc http" 200 936
 - - [02/05/2016:00:40:35 -0564] "GET /textmining/gene-disease-association_lumc http" 200 936
 - - [02/05/2016:00:40:35 -0569] "GET /textmining/dumpy http" 404 
 - - [02/05/2016:00:40:35 -0574] "GET /textmining http" 200 
 - - [02/05/2016:00:40:35 -0584] "GET /textmining http" 200 
 - - [02/05/2016:00:40:35 -0590] "GET /dumpy http" 404 
 - - [02/05/2016:00:40:36 -0088] "GET /textmining/gene-disease-association_lumc/dummy http" 404 
 - - [02/05/2016:00:40:36 -0092] "GET /textmining/gene-disease-association_lumc/sparql http" 200 
 - - [02/05/2016:00:40:36 -0094] "GET /textmining/gene-disease-association_lumc/sparql http" 200 882
 - - [02/05/2016:00:40:36 -0096] "GET /textmining/gene-disease-association_lumc/sparql http" 200 882
 - - [02/05/2016:00:40:36 -0099] "GET /textmining/gene-disease-association_lumc/sparql http" 200 882
 - - [02/05/2016:00:40:36 -0102] "GET /textmining/gene-disease-association_lumc/sparql http" 200 
 - - [02/05/2016:00:40:36 -0107] "GET /textmining/gene-disease-association_lumc/sparql http" 200 
 - - [02/05/2016:00:41:48 -0522] "GET /textmining/gene-disease-association_lumc http" 200 
 - - [02/05/2016:00:41:48 -0530] "GET /textmining http" 200 
 - - [02/05/2016:00:41:48 -0533] "GET /textmining http" 200 936
 - - [02/05/2016:00:41:48 -0535] "GET /textmining/gene-disease-association_lumc http" 200 936
 - - [02/05/2016:00:41:48 -0537] "GET /textmining/gene-disease-association_lumc http" 200 936
 - - [02/05/2016:00:41:48 -0540] "GET /textmining/dumpy http" 404 
 - - [02/05/2016:00:41:48 -0543] "GET /textmining http" 200 
 - - [02/05/2016:00:41:48 -0549] "GET /textmining http" 200 
 - - [02/05/2016:00:41:48 -0552] "GET /dumpy http" 404 
 - - [02/05/2016:00:41:48 -0800] "GET /textmining/gene-disease-association_lumc/dummy http" 404 
 - - [02/05/2016:00:41:48 -0803] "GET /textmining/gene-disease-association_lumc/sparql http" 200 
 - - [02/05/2016:00:41:48 -0806] "GET /textmining/gene-disease-association_lumc/sparql http" 200 882
 - - [02/05/2016:00:41:48 -0809] "GET /textmining/gene-disease-association_lumc/sparql http" 200 882
 - - [02/05/2016:00:41:48 -0811] "GET /textmining/gene-disease-association_lumc/sparql http" 200 882
 - - [02/05/2016:00:41:48 -0815] "GET /textmining/gene-disease-association_lumc/sparql http" 200 
 - - [02/05/2016:00:41:48 -0821] "GET /textmining/gene-disease-association_lumc/sparql http" 200 
 - - [02/05/2016:00:42:06 -0198] "GET /textmining/gene-disease-association_lumc http" 200 
 - - [02/05/2016:00:42:06 -0205] "GET /textmining http" 200 
 - - [02/05/2016:00:42:06 -0207] "GET /textmining http" 200 936
 - - [02/05/2016:00:42:06 -0210] "GET /textmining/gene-disease-association_lumc http" 200 936
 - - [02/05/2016:00:42:06 -0212] "GET /textmining/gene-disease-association_lumc http" 200 936
 - - [02/05/2016:00:42:06 -0215] "GET /textmining/dumpy http" 404 
 - - [02/05/2016:00:42:06 -0217] "GET /textmining http" 200 
 - - [02/05/2016:00:42:06 -0222] "GET /textmining http" 200 
 - - [02/05/2016:00:42:06 -0225] "GET /dumpy http" 404 
 - - [02/05/2016:00:42:06 -0517] "GET /textmining/gene-disease-association_lumc/dummy http" 404 
 - - [02/05/2016:00:42:06 -0521] "GET /textmining/gene-disease-association_lumc/sparql http" 200 
 - - [02/05/2016:00:42:06 -0524] "GET /textmining/gene-disease-association_lumc/sparql http" 200 882
 - - [02/05/2016:00:42:06 -0526] "GET /textmining/gene-disease-association_lumc/sparql http" 200 882
 - - [02/05/2016:00:42:06 -0529] "GET /textmining/gene-disease-association_lumc/sparql http" 200 882
 - - [02/05/2016:00:42:06 -0534] "GET /textmining/gene-disease-association_lumc/sparql http" 200 
 - - [02/05/2016:00:42:06 -0540] "GET /textmining/gene-disease-association_lumc/sparql http" 200 
 - - [02/05/2016:00:52:33 -0334] "GET /textmining/gene-disease-association_lumc http" 200 
 - - [02/05/2016:00:52:33 -0343] "GET /textmining http" 200 
 - - [02/05/2016:00:52:33 -0346] "GET /textmining http" 200 936
 - - [02/05/2016:00:52:33 -0348] "GET /textmining/gene-disease-association_lumc http" 200 936
 - - [02/05/2016:00:52:33 -0350] "GET /textmining/gene-disease-association_lumc http" 200 936
 - - [02/05/2016:00:52:33 -0354] "GET /textmining/dumpy http" 404 
 - - [02/05/2016:00:52:33 -0357] "GET /textmining http" 200 
 - - [02/05/2016:00:52:33 -0363] "GET /textmining http" 200 
 - - [02/05/2016:00:52:33 -0367] "GET /dumpy http" 404 
 - - [02/05/2016:00:52:33 -0634] "GET /textmining/gene-disease-association_lumc/dummy http" 404 
 - - [02/05/2016:00:52:33 -0637] "GET /textmining/gene-disease-association_lumc/sparql http" 200 
 - - [02/05/2016:00:52:33 -0640] "GET /textmining/gene-disease-association_lumc/sparql http" 200 882
 - - [02/05/2016:00:52:33 -0642] "GET /textmining/gene-disease-association_lumc/sparql http" 200 882
 - - [02/05/2016:00:52:33 -0645] "GET /textmining/gene-disease-association_lumc/sparql http" 200 882
 - - [02/05/2016:00:52:33 -0649] "GET /textmining/gene-disease-association_lumc/sparql http" 200 
 - - [02/05/2016:00:52:33 -0654] "GET /textmining/gene-disease-association_lumc/sparql http" 200 
 - - [02/05/2016:00:54:06 -0523] "GET /textmining/gene-disease-association_lumc http" 200 
 - - [02/05/2016:00:54:06 -0533] "GET /textmining http" 200 
 - - [02/05/2016:00:54:06 -0536] "GET /textmining http" 200 936
 - - [02/05/2016:00:54:06 -0539] "GET /textmining/gene-disease-association_lumc http" 200 936
 - - [02/05/2016:00:54:06 -0542] "GET /textmining/gene-disease-association_lumc http" 200 936
 - - [02/05/2016:00:54:06 -0545] "GET /textmining/dumpy http" 404 
 - - [02/05/2016:00:54:06 -0548] "GET /textmining http" 200 
 - - [02/05/2016:00:54:06 -0555] "GET /textmining http" 200 
 - - [02/05/2016:00:54:06 -0559] "GET /dumpy http" 404 
 - - [02/05/2016:00:54:06 -0813] "GET /textmining/gene-disease-association_lumc/dummy http" 404 
 - - [02/05/2016:00:54:06 -0815] "GET /textmining/gene-disease-association_lumc/sparql http" 200 
 - - [02/05/2016:00:54:06 -0817] "GET /textmining/gene-disease-association_lumc/sparql http" 200 882
 - - [02/05/2016:00:54:06 -0818] "GET /textmining/gene-disease-association_lumc/sparql http" 200 882
 - - [02/05/2016:00:54:06 -0820] "GET /textmining/gene-disease-association_lumc/sparql http" 200 882
 - - [02/05/2016:00:54:06 -0822] "GET /textmining/gene-disease-association_lumc/sparql http" 200 
 - - [02/05/2016:00:54:06 -0826] "GET /textmining/gene-disease-association_lumc/sparql http" 200 
 - - [02/05/2016:00:54:21 -0856] "GET /textmining/gene-disease-association_lumc http" 200 
 - - [02/05/2016:00:54:21 -0868] "GET /textmining http" 200 
 - - [02/05/2016:00:54:21 -0871] "GET /textmining http" 200 936
 - - [02/05/2016:00:54:21 -0875] "GET /textmining/gene-disease-association_lumc http" 200 936
 - - [02/05/2016:00:54:21 -0878] "GET /textmining/gene-disease-association_lumc http" 200 936
 - - [02/05/2016:00:54:21 -0882] "GET /textmining/dumpy http" 404 
 - - [02/05/2016:00:54:21 -0885] "GET /textmining http" 200 
 - - [02/05/2016:00:54:21 -0894] "GET /textmining http" 200 
 - - [02/05/2016:00:54:21 -0899] "GET /dumpy http" 404 
 - - [02/05/2016:00:54:22 -0316] "GET /textmining/gene-disease-association_lumc/dummy http" 404 
 - - [02/05/2016:00:54:22 -0319] "GET /textmining/gene-disease-association_lumc/sparql http" 200 
 - - [02/05/2016:00:54:22 -0322] "GET /textmining/gene-disease-association_lumc/sparql http" 200 882
 - - [02/05/2016:00:54:22 -0324] "GET /textmining/gene-disease-association_lumc/sparql http" 200 882
 - - [02/05/2016:00:54:22 -0326] "GET /textmining/gene-disease-association_lumc/sparql http" 200 882
 - - [02/05/2016:00:54:22 -0329] "GET /textmining/gene-disease-association_lumc/sparql http" 200 
 - - [02/05/2016:00:54:22 -0335] "GET /textmining/gene-disease-association_lumc/sparql http" 200 
 - - [02/05/2016:01:01:30 -0576] "GET /textmining/gene-disease-association_lumc http" 200 
 - - [02/05/2016:01:01:30 -0587] "GET /textmining http" 200 
 - - [02/05/2016:01:01:30 -0589] "GET /textmining http" 200 936
 - - [02/05/2016:01:01:30 -0592] "GET /textmining/gene-disease-association_lumc http" 200 936
 - - [02/05/2016:01:01:30 -0595] "GET /textmining/gene-disease-association_lumc http" 200 936
 - - [02/05/2016:01:01:30 -0599] "GET /textmining/dumpy http" 404 
 - - [02/05/2016:01:01:30 -0602] "GET /textmining http" 200 
 - - [02/05/2016:01:01:30 -0609] "GET /textmining http" 200 
 - - [02/05/2016:01:01:30 -0613] "GET /dumpy http" 404 
 - - [02/05/2016:01:01:30 -0943] "GET /textmining/gene-disease-association_lumc/dummy http" 404 
 - - [02/05/2016:01:01:30 -0946] "GET /textmining/gene-disease-association_lumc/sparql http" 200 
 - - [02/05/2016:01:01:30 -0949] "GET /textmining/gene-disease-association_lumc/sparql http" 200 882
 - - [02/05/2016:01:01:30 -0951] "GET /textmining/gene-disease-association_lumc/sparql http" 200 882
 - - [02/05/2016:01:01:30 -0953] "GET /textmining/gene-disease-association_lumc/sparql http" 200 882
 - - [02/05/2016:01:01:30 -0956] "GET /textmining/gene-disease-association_lumc/sparql http" 200 
 - - [02/05/2016:01:01:30 -0961] "GET /textmining/gene-disease-association_lumc/sparql http" 200 
 - - [02/05/2016:01:01:43 -0888] "GET /textmining/gene-disease-association_lumc http" 200 
 - - [02/05/2016:01:01:43 -0898] "GET /textmining http" 200 
 - - [02/05/2016:01:01:43 -0900] "GET /textmining http" 200 936
 - - [02/05/2016:01:01:43 -0903] "GET /textmining/gene-disease-association_lumc http" 200 936
 - - [02/05/2016:01:01:43 -0905] "GET /textmining/gene-disease-association_lumc http" 200 936
 - - [02/05/2016:01:01:43 -0908] "GET /textmining/dumpy http" 404 
 - - [02/05/2016:01:01:43 -0911] "GET /textmining http" 200 
 - - [02/05/2016:01:01:43 -0918] "GET /textmining http" 200 
 - - [02/05/2016:01:01:43 -0921] "GET /dumpy http" 404 
 - - [02/05/2016:01:01:44 -0261] "GET /textmining/gene-disease-association_lumc/dummy http" 404 
 - - [02/05/2016:01:01:44 -0267] "GET /textmining/gene-disease-association_lumc/sparql http" 200 
 - - [02/05/2016:01:01:44 -0276] "GET /textmining/gene-disease-association_lumc/sparql http" 200 882
 - - [02/05/2016:01:01:44 -0279] "GET /textmining/gene-disease-association_lumc/sparql http" 200 882
 - - [02/05/2016:01:01:44 -0284] "GET /textmining/gene-disease-association_lumc/sparql http" 200 882
 - - [02/05/2016:01:01:44 -0290] "GET /textmining/gene-disease-association_lumc/sparql http" 200 
 - - [02/05/2016:01:01:44 -0297] "GET /textmining/gene-disease-association_lumc/sparql http" 200 
 - - [02/05/2016:01:10:26 -0818] "GET /textmining/gene-disease-association_lumc http" 200 
 - - [02/05/2016:01:10:26 -0828] "GET /textmining http" 200 
 - - [02/05/2016:01:10:26 -0831] "GET /textmining http" 200 936
 - - [02/05/2016:01:10:26 -0834] "GET /textmining/gene-disease-association_lumc http" 200 936
 - - [02/05/2016:01:10:26 -0838] "GET /textmining/gene-disease-association_lumc http" 200 936
 - - [02/05/2016:01:10:26 -0842] "GET /textmining/dumpy http" 404 
 - - [02/05/2016:01:10:26 -0845] "GET /textmining http" 200 
 - - [02/05/2016:01:10:26 -0852] "GET /textmining http" 200 
 - - [02/05/2016:01:10:26 -0857] "GET /dumpy http" 404 
 - - [02/05/2016:01:10:27 -0116] "GET /textmining/gene-disease-association_lumc/dummy http" 404 
 - - [02/05/2016:01:10:27 -0118] "GET /textmining/gene-disease-association_lumc/sparql http" 200 
 - - [02/05/2016:01:10:27 -0120] "GET /textmining/gene-disease-association_lumc/sparql http" 200 882
 - - [02/05/2016:01:10:27 -0122] "GET /textmining/gene-disease-association_lumc/sparql http" 200 882
 - - [02/05/2016:01:10:27 -0123] "GET /textmining/gene-disease-association_lumc/sparql http" 200 882
 - - [02/05/2016:01:10:27 -0125] "GET /textmining/gene-disease-association_lumc/sparql http" 200 
 - - [02/05/2016:01:10:27 -0129] "GET /textmining/gene-disease-association_lumc/sparql http" 200 
 - - [02/05/2016:01:10:55 -0619] "GET /textmining/gene-disease-association_lumc http" 200 
 - - [02/05/2016:01:10:55 -0630] "GET /textmining http" 200 
 - - [02/05/2016:01:10:55 -0633] "GET /textmining http" 200 936
 - - [02/05/2016:01:10:55 -0636] "GET /textmining/gene-disease-association_lumc http" 200 936
 - - [02/05/2016:01:10:55 -0638] "GET /textmining/gene-disease-association_lumc http" 200 936
 - - [02/05/2016:01:10:55 -0642] "GET /textmining/dumpy http" 404 
 - - [02/05/2016:01:10:55 -0645] "GET /textmining http" 200 
 - - [02/05/2016:01:10:55 -0652] "GET /textmining http" 200 
 - - [02/05/2016:01:10:55 -0656] "GET /dumpy http" 404 
 - - [02/05/2016:01:10:55 -0943] "GET /textmining/gene-disease-association_lumc/dummy http" 404 
 - - [02/05/2016:01:10:55 -0946] "GET /textmining/gene-disease-association_lumc/sparql http" 200 
 - - [02/05/2016:01:10:55 -0949] "GET /textmining/gene-disease-association_lumc/sparql http" 200 882
 - - [02/05/2016:01:10:55 -0951] "GET /textmining/gene-disease-association_lumc/sparql http" 200 882
 - - [02/05/2016:01:10:55 -0953] "GET /textmining/gene-disease-association_lumc/sparql http" 200 882
 - - [02/05/2016:01:10:55 -0956] "GET /textmining/gene-disease-association_lumc/sparql http" 200 
 - - [02/05/2016:01:10:55 -0961] "GET /textmining/gene-disease-association_lumc/sparql http" 200 
 - - [02/05/2016:01:11:10 -0325] "GET /textmining/gene-disease-association_lumc http" 200 
 - - [02/05/2016:01:11:10 -0334] "GET /textmining http" 200 
 - - [02/05/2016:01:11:10 -0336] "GET /textmining http" 200 936
 - - [02/05/2016:01:11:10 -0338] "GET /textmining/gene-disease-association_lumc http" 200 936
 - - [02/05/2016:01:11:10 -0340] "GET /textmining/gene-disease-association_lumc http" 200 936
 - - [02/05/2016:01:11:10 -0343] "GET /textmining/dumpy http" 404 
 - - [02/05/2016:01:11:10 -0346] "GET /textmining http" 200 
 - - [02/05/2016:01:11:10 -0350] "GET /textmining http" 200 
 - - [02/05/2016:01:11:10 -0353] "GET /dumpy http" 404 
 - - [02/05/2016:01:11:10 -0593] "GET /textmining/gene-disease-association_lumc/dummy http" 404 
 - - [02/05/2016:01:11:10 -0596] "GET /textmining/gene-disease-association_lumc/sparql http" 200 
 - - [02/05/2016:01:11:10 -0598] "GET /textmining/gene-disease-association_lumc/sparql http" 200 882
 - - [02/05/2016:01:11:10 -0599] "GET /textmining/gene-disease-association_lumc/sparql http" 200 882
 - - [02/05/2016:01:11:10 -0601] "GET /textmining/gene-disease-association_lumc/sparql http" 200 882
 - - [02/05/2016:01:11:10 -0604] "GET /textmining/gene-disease-association_lumc/sparql http" 200 
 - - [02/05/2016:01:11:10 -0610] "GET /textmining/gene-disease-association_lumc/sparql http" 200 
 - - [02/05/2016:01:14:21 -0699] "GET /textmining/gene-disease-association_lumc http" 200 
 - - [02/05/2016:01:14:21 -0708] "GET /textmining http" 200 
 - - [02/05/2016:01:14:21 -0711] "GET /textmining http" 200 936
 - - [02/05/2016:01:14:21 -0713] "GET /textmining/gene-disease-association_lumc http" 200 936
 - - [02/05/2016:01:14:21 -0716] "GET /textmining/gene-disease-association_lumc http" 200 936
 - - [02/05/2016:01:14:21 -0721] "GET /textmining/dumpy http" 404 
 - - [02/05/2016:01:14:21 -0724] "GET /textmining http" 200 
 - - [02/05/2016:01:14:21 -0732] "GET /textmining http" 200 
 - - [02/05/2016:01:14:21 -0735] "GET /dumpy http" 404 
 - - [02/05/2016:01:14:21 -0994] "GET /textmining/gene-disease-association_lumc/dummy http" 404 
 - - [02/05/2016:01:14:21 -0998] "GET /textmining/gene-disease-association_lumc/sparql http" 200 
 - - [02/05/2016:01:14:22 -0001] "GET /textmining/gene-disease-association_lumc/sparql http" 200 882
 - - [02/05/2016:01:14:22 -0004] "GET /textmining/gene-disease-association_lumc/sparql http" 200 882
 - - [02/05/2016:01:14:22 -0006] "GET /textmining/gene-disease-association_lumc/sparql http" 200 882
 - - [02/05/2016:01:14:22 -0010] "GET /textmining/gene-disease-association_lumc/sparql http" 200 
 - - [02/05/2016:01:14:22 -0017] "GET /textmining/gene-disease-association_lumc/sparql http" 200 
 - - [02/05/2016:01:14:35 -0480] "GET /textmining/gene-disease-association_lumc http" 200 
 - - [02/05/2016:01:14:35 -0488] "GET /textmining http" 200 
 - - [02/05/2016:01:14:35 -0490] "GET /textmining http" 200 936
 - - [02/05/2016:01:14:35 -0492] "GET /textmining/gene-disease-association_lumc http" 200 936
 - - [02/05/2016:01:14:35 -0494] "GET /textmining/gene-disease-association_lumc http" 200 936
 - - [02/05/2016:01:14:35 -0497] "GET /textmining/dumpy http" 404 
 - - [02/05/2016:01:14:35 -0499] "GET /textmining http" 200 
 - - [02/05/2016:01:14:35 -0504] "GET /textmining http" 200 
 - - [02/05/2016:01:14:35 -0507] "GET /dumpy http" 404 
 - - [02/05/2016:01:14:35 -0841] "GET /textmining/gene-disease-association_lumc/dummy http" 404 
 - - [02/05/2016:01:14:35 -0845] "GET /textmining/gene-disease-association_lumc/sparql http" 200 
 - - [02/05/2016:01:14:35 -0848] "GET /textmining/gene-disease-association_lumc/sparql http" 200 882
 - - [02/05/2016:01:14:35 -0850] "GET /textmining/gene-disease-association_lumc/sparql http" 200 882
 - - [02/05/2016:01:14:35 -0853] "GET /textmining/gene-disease-association_lumc/sparql http" 200 882
 - - [02/05/2016:01:14:35 -0856] "GET /textmining/gene-disease-association_lumc/sparql http" 200 
 - - [02/05/2016:01:14:35 -0861] "GET /textmining/gene-disease-association_lumc/sparql http" 200 
 - - [02/05/2016:01:17:27 -0611] "GET /textmining/gene-disease-association_lumc http" 200 
 - - [02/05/2016:01:17:27 -0626] "GET /textmining http" 200 
 - - [02/05/2016:01:17:27 -0630] "GET /textmining http" 200 936
 - - [02/05/2016:01:17:27 -0635] "GET /textmining/gene-disease-association_lumc http" 200 936
 - - [02/05/2016:01:17:27 -0639] "GET /textmining/gene-disease-association_lumc http" 200 936
 - - [02/05/2016:01:17:27 -0646] "GET /textmining/dumpy http" 404 
 - - [02/05/2016:01:17:27 -0650] "GET /textmining http" 200 
 - - [02/05/2016:01:17:27 -0659] "GET /textmining http" 200 
 - - [02/05/2016:01:17:27 -0663] "GET /dumpy http" 404 
 - - [02/05/2016:01:17:28 -0040] "GET /textmining/gene-disease-association_lumc/dummy http" 404 
 - - [02/05/2016:01:17:28 -0043] "GET /textmining/gene-disease-association_lumc/sparql http" 200 
 - - [02/05/2016:01:17:28 -0045] "GET /textmining/gene-disease-association_lumc/sparql http" 200 882
 - - [02/05/2016:01:17:28 -0048] "GET /textmining/gene-disease-association_lumc/sparql http" 200 882
 - - [02/05/2016:01:17:28 -0050] "GET /textmining/gene-disease-association_lumc/sparql http" 200 882
 - - [02/05/2016:01:17:28 -0054] "GET /textmining/gene-disease-association_lumc/sparql http" 200 
 - - [02/05/2016:01:17:28 -0060] "GET /textmining/gene-disease-association_lumc/sparql http" 200 
 - - [02/05/2016:01:18:46 -0375] "GET /textmining/gene-disease-association_lumc http" 200 
 - - [02/05/2016:01:18:46 -0384] "GET /textmining http" 200 
 - - [02/05/2016:01:18:46 -0387] "GET /textmining http" 200 936
 - - [02/05/2016:01:18:46 -0389] "GET /textmining/gene-disease-association_lumc http" 200 936
 - - [02/05/2016:01:18:46 -0391] "GET /textmining/gene-disease-association_lumc http" 200 936
 - - [02/05/2016:01:18:46 -0394] "GET /textmining/dumpy http" 404 
 - - [02/05/2016:01:18:46 -0397] "GET /textmining http" 200 
 - - [02/05/2016:01:18:46 -0403] "GET /textmining http" 200 
 - - [02/05/2016:01:18:46 -0407] "GET /dumpy http" 404 
 - - [02/05/2016:01:18:46 -0690] "GET /textmining/gene-disease-association_lumc/dummy http" 404 
 - - [02/05/2016:01:18:46 -0693] "GET /textmining/gene-disease-association_lumc/sparql http" 200 
 - - [02/05/2016:01:18:46 -0696] "GET /textmining/gene-disease-association_lumc/sparql http" 200 882
 - - [02/05/2016:01:18:46 -0698] "GET /textmining/gene-disease-association_lumc/sparql http" 200 882
 - - [02/05/2016:01:18:46 -0700] "GET /textmining/gene-disease-association_lumc/sparql http" 200 882
 - - [02/05/2016:01:18:46 -0704] "GET /textmining/gene-disease-association_lumc/sparql http" 200 
 - - [02/05/2016:01:18:46 -0710] "GET /textmining/gene-disease-association_lumc/sparql http" 200 
 - - [02/05/2016:01:18:59 -0435] "GET /textmining/gene-disease-association_lumc http" 200 
 - - [02/05/2016:01:18:59 -0445] "GET /textmining http" 200 
 - - [02/05/2016:01:18:59 -0447] "GET /textmining http" 200 936
 - - [02/05/2016:01:18:59 -0449] "GET /textmining/gene-disease-association_lumc http" 200 936
 - - [02/05/2016:01:18:59 -0451] "GET /textmining/gene-disease-association_lumc http" 200 936
 - - [02/05/2016:01:18:59 -0454] "GET /textmining/dumpy http" 404 
 - - [02/05/2016:01:18:59 -0456] "GET /textmining http" 200 
 - - [02/05/2016:01:18:59 -0462] "GET /textmining http" 200 
 - - [02/05/2016:01:18:59 -0464] "GET /dumpy http" 404 
 - - [02/05/2016:01:18:59 -0790] "GET /textmining/gene-disease-association_lumc/dummy http" 404 
 - - [02/05/2016:01:18:59 -0794] "GET /textmining/gene-disease-association_lumc/sparql http" 200 
 - - [02/05/2016:01:18:59 -0798] "GET /textmining/gene-disease-association_lumc/sparql http" 200 882
 - - [02/05/2016:01:18:59 -0800] "GET /textmining/gene-disease-association_lumc/sparql http" 200 882
 - - [02/05/2016:01:18:59 -0804] "GET /textmining/gene-disease-association_lumc/sparql http" 200 882
 - - [02/05/2016:01:18:59 -0807] "GET /textmining/gene-disease-association_lumc/sparql http" 200 
 - - [02/05/2016:01:18:59 -0813] "GET /textmining/gene-disease-association_lumc/sparql http" 200 
 - - [02/05/2016:01:22:18 -0540] "GET /textmining/gene-disease-association_lumc http" 200 
 - - [02/05/2016:01:22:18 -0548] "GET /textmining http" 200 
 - - [02/05/2016:01:22:18 -0550] "GET /textmining http" 200 936
 - - [02/05/2016:01:22:18 -0553] "GET /textmining/gene-disease-association_lumc http" 200 936
 - - [02/05/2016:01:22:18 -0555] "GET /textmining/gene-disease-association_lumc http" 200 936
 - - [02/05/2016:01:22:18 -0558] "GET /textmining/dumpy http" 404 
 - - [02/05/2016:01:22:18 -0561] "GET /textmining http" 200 
 - - [02/05/2016:01:22:18 -0568] "GET /textmining http" 200 
 - - [02/05/2016:01:22:18 -0571] "GET /dumpy http" 404 
 - - [02/05/2016:01:22:18 -0802] "GET /textmining/gene-disease-association_lumc/dummy http" 404 
 - - [02/05/2016:01:22:18 -0805] "GET /textmining/gene-disease-association_lumc/sparql http" 200 
 - - [02/05/2016:01:22:18 -0808] "GET /textmining/gene-disease-association_lumc/sparql http" 200 882
 - - [02/05/2016:01:22:18 -0810] "GET /textmining/gene-disease-association_lumc/sparql http" 200 882
 - - [02/05/2016:01:22:18 -0812] "GET /textmining/gene-disease-association_lumc/sparql http" 200 882
 - - [02/05/2016:01:22:18 -0815] "GET /textmining/gene-disease-association_lumc/sparql http" 200 
 - - [02/05/2016:01:22:18 -0820] "GET /textmining/gene-disease-association_lumc/sparql http" 200 
 - - [02/05/2016:01:22:31 -0447] "GET /textmining/gene-disease-association_lumc http" 200 
 - - [02/05/2016:01:22:31 -0456] "GET /textmining http" 200 
 - - [02/05/2016:01:22:31 -0458] "GET /textmining http" 200 936
 - - [02/05/2016:01:22:31 -0461] "GET /textmining/gene-disease-association_lumc http" 200 936
 - - [02/05/2016:01:22:31 -0462] "GET /textmining/gene-disease-association_lumc http" 200 936
 - - [02/05/2016:01:22:31 -0465] "GET /textmining/dumpy http" 404 
 - - [02/05/2016:01:22:31 -0468] "GET /textmining http" 200 
 - - [02/05/2016:01:22:31 -0473] "GET /textmining http" 200 
 - - [02/05/2016:01:22:31 -0476] "GET /dumpy http" 404 
 - - [02/05/2016:01:22:31 -0726] "GET /textmining/gene-disease-association_lumc/dummy http" 404 
 - - [02/05/2016:01:22:31 -0729] "GET /textmining/gene-disease-association_lumc/sparql http" 200 
 - - [02/05/2016:01:22:31 -0732] "GET /textmining/gene-disease-association_lumc/sparql http" 200 882
 - - [02/05/2016:01:22:31 -0733] "GET /textmining/gene-disease-association_lumc/sparql http" 200 882
 - - [02/05/2016:01:22:31 -0735] "GET /textmining/gene-disease-association_lumc/sparql http" 200 882
 - - [02/05/2016:01:22:31 -0739] "GET /textmining/gene-disease-association_lumc/sparql http" 200 
 - - [02/05/2016:01:22:31 -0743] "GET /textmining/gene-disease-association_lumc/sparql http" 200 
 - - [02/05/2016:01:25:13 -0786] "GET /textmining/gene-disease-association_lumc http" 200 
 - - [02/05/2016:01:25:13 -0794] "GET /textmining http" 200 
 - - [02/05/2016:01:25:13 -0796] "GET /textmining http" 200 936
 - - [02/05/2016:01:25:13 -0798] "GET /textmining/gene-disease-association_lumc http" 200 936
 - - [02/05/2016:01:25:13 -0800] "GET /textmining/gene-disease-association_lumc http" 200 936
 - - [02/05/2016:01:25:13 -0803] "GET /textmining/dumpy http" 404 
 - - [02/05/2016:01:25:13 -0805] "GET /textmining http" 200 
 - - [02/05/2016:01:25:13 -0811] "GET /textmining http" 200 
 - - [02/05/2016:01:25:13 -0814] "GET /dumpy http" 404 
 - - [02/05/2016:01:25:14 -0081] "GET /textmining/gene-disease-association_lumc/dummy http" 404 
 - - [02/05/2016:01:25:14 -0086] "GET /textmining/gene-disease-association_lumc/sparql http" 200 
 - - [02/05/2016:01:25:14 -0090] "GET /textmining/gene-disease-association_lumc/sparql http" 200 882
 - - [02/05/2016:01:25:14 -0093] "GET /textmining/gene-disease-association_lumc/sparql http" 200 882
 - - [02/05/2016:01:25:14 -0096] "GET /textmining/gene-disease-association_lumc/sparql http" 200 882
 - - [02/05/2016:01:25:14 -0100] "GET /textmining/gene-disease-association_lumc/sparql http" 200 
 - - [02/05/2016:01:25:14 -0106] "GET /textmining/gene-disease-association_lumc/sparql http" 200 
 - - [02/05/2016:01:25:27 -0952] "GET /textmining/gene-disease-association_lumc http" 200 
 - - [02/05/2016:01:25:27 -0961] "GET /textmining http" 200 
 - - [02/05/2016:01:25:27 -0964] "GET /textmining http" 200 936
 - - [02/05/2016:01:25:27 -0967] "GET /textmining/gene-disease-association_lumc http" 200 936
 - - [02/05/2016:01:25:27 -0971] "GET /textmining/gene-disease-association_lumc http" 200 936
 - - [02/05/2016:01:25:27 -0975] "GET /textmining/dumpy http" 404 
 - - [02/05/2016:01:25:27 -0978] "GET /textmining http" 200 
 - - [02/05/2016:01:25:27 -0986] "GET /textmining http" 200 
 - - [02/05/2016:01:25:27 -0990] "GET /dumpy http" 404 
 - - [02/05/2016:01:25:28 -0277] "GET /textmining/gene-disease-association_lumc/dummy http" 404 
 - - [02/05/2016:01:25:28 -0281] "GET /textmining/gene-disease-association_lumc/sparql http" 200 
 - - [02/05/2016:01:25:28 -0283] "GET /textmining/gene-disease-association_lumc/sparql http" 200 882
 - - [02/05/2016:01:25:28 -0285] "GET /textmining/gene-disease-association_lumc/sparql http" 200 882
 - - [02/05/2016:01:25:28 -0287] "GET /textmining/gene-disease-association_lumc/sparql http" 200 882
 - - [02/05/2016:01:25:28 -0291] "GET /textmining/gene-disease-association_lumc/sparql http" 200 
 - - [02/05/2016:01:25:28 -0298] "GET /textmining/gene-disease-association_lumc/sparql http" 200 
 - - [02/05/2016:01:29:54 -0432] "GET /textmining/gene-disease-association_lumc http" 200 
 - - [02/05/2016:01:29:54 -0448] "GET /textmining http" 200 
 - - [02/05/2016:01:29:54 -0451] "GET /textmining http" 200 936
 - - [02/05/2016:01:29:54 -0454] "GET /textmining/gene-disease-association_lumc http" 200 936
 - - [02/05/2016:01:29:54 -0458] "GET /textmining/gene-disease-association_lumc http" 200 936
 - - [02/05/2016:01:29:54 -0463] "GET /textmining/dumpy http" 404 
 - - [02/05/2016:01:29:54 -0467] "GET /textmining http" 200 
 - - [02/05/2016:01:29:54 -0475] "GET /textmining http" 200 
 - - [02/05/2016:01:29:54 -0480] "GET /dumpy http" 404 
 - - [02/05/2016:01:29:54 -0896] "GET /textmining/gene-disease-association_lumc/dummy http" 404 
 - - [02/05/2016:01:29:54 -0900] "GET /textmining/gene-disease-association_lumc/sparql http" 200 
 - - [02/05/2016:01:29:54 -0903] "GET /textmining/gene-disease-association_lumc/sparql http" 200 882
 - - [02/05/2016:01:29:54 -0905] "GET /textmining/gene-disease-association_lumc/sparql http" 200 882
 - - [02/05/2016:01:29:54 -0908] "GET /textmining/gene-disease-association_lumc/sparql http" 200 882
 - - [02/05/2016:01:29:54 -0912] "GET /textmining/gene-disease-association_lumc/sparql http" 200 
 - - [02/05/2016:01:29:54 -0917] "GET /textmining/gene-disease-association_lumc/sparql http" 200 
 - - [02/05/2016:01:30:02 -0094] "GET /textmining/gene-disease-association_lumc http" 200 
 - - [02/05/2016:01:30:02 -0104] "GET /textmining http" 200 
 - - [02/05/2016:01:30:02 -0106] "GET /textmining http" 200 936
 - - [02/05/2016:01:30:02 -0109] "GET /textmining/gene-disease-association_lumc http" 200 936
 - - [02/05/2016:01:30:02 -0111] "GET /textmining/gene-disease-association_lumc http" 200 936
 - - [02/05/2016:01:30:02 -0115] "GET /textmining/dumpy http" 404 
 - - [02/05/2016:01:30:02 -0118] "GET /textmining http" 200 
 - - [02/05/2016:01:30:02 -0124] "GET /textmining http" 200 
 - - [02/05/2016:01:30:02 -0127] "GET /dumpy http" 404 
 - - [02/05/2016:01:30:02 -0378] "GET /textmining/gene-disease-association_lumc/dummy http" 404 
 - - [02/05/2016:01:30:02 -0381] "GET /textmining/gene-disease-association_lumc/sparql http" 200 
 - - [02/05/2016:01:30:02 -0385] "GET /textmining/gene-disease-association_lumc/sparql http" 200 882
 - - [02/05/2016:01:30:02 -0386] "GET /textmining/gene-disease-association_lumc/sparql http" 200 882
 - - [02/05/2016:01:30:02 -0388] "GET /textmining/gene-disease-association_lumc/sparql http" 200 882
 - - [02/05/2016:01:30:02 -0392] "GET /textmining/gene-disease-association_lumc/sparql http" 200 
 - - [02/05/2016:01:30:02 -0397] "GET /textmining/gene-disease-association_lumc/sparql http" 200 
 - - [02/05/2016:01:32:59 -0909] "GET /textmining/gene-disease-association_lumc http" 200 
 - - [02/05/2016:01:32:59 -0919] "GET /textmining http" 200 
 - - [02/05/2016:01:32:59 -0922] "GET /textmining http" 200 936
 - - [02/05/2016:01:32:59 -0924] "GET /textmining/gene-disease-association_lumc http" 200 936
 - - [02/05/2016:01:32:59 -0927] "GET /textmining/gene-disease-association_lumc http" 200 936
 - - [02/05/2016:01:32:59 -0930] "GET /textmining/dumpy http" 404 
 - - [02/05/2016:01:32:59 -0932] "GET /textmining http" 200 
 - - [02/05/2016:01:32:59 -0940] "GET /textmining http" 200 
 - - [02/05/2016:01:32:59 -0944] "GET /dumpy http" 404 
 - - [02/05/2016:01:33:00 -0194] "GET /textmining/gene-disease-association_lumc/dummy http" 404 
 - - [02/05/2016:01:33:00 -0197] "GET /textmining/gene-disease-association_lumc/sparql http" 200 
 - - [02/05/2016:01:33:00 -0199] "GET /textmining/gene-disease-association_lumc/sparql http" 200 882
 - - [02/05/2016:01:33:00 -0201] "GET /textmining/gene-disease-association_lumc/sparql http" 200 882
 - - [02/05/2016:01:33:00 -0203] "GET /textmining/gene-disease-association_lumc/sparql http" 200 882
 - - [02/05/2016:01:33:00 -0205] "GET /textmining/gene-disease-association_lumc/sparql http" 200 
 - - [02/05/2016:01:33:00 -0210] "GET /textmining/gene-disease-association_lumc/sparql http" 200 
 - - [02/05/2016:01:33:13 -0233] "GET /textmining/gene-disease-association_lumc http" 200 
 - - [02/05/2016:01:33:13 -0241] "GET /textmining http" 200 
 - - [02/05/2016:01:33:13 -0244] "GET /textmining http" 200 936
 - - [02/05/2016:01:33:13 -0246] "GET /textmining/gene-disease-association_lumc http" 200 936
 - - [02/05/2016:01:33:13 -0248] "GET /textmining/gene-disease-association_lumc http" 200 936
 - - [02/05/2016:01:33:13 -0251] "GET /textmining/dumpy http" 404 
 - - [02/05/2016:01:33:13 -0253] "GET /textmining http" 200 
 - - [02/05/2016:01:33:13 -0259] "GET /textmining http" 200 
 - - [02/05/2016:01:33:13 -0263] "GET /dumpy http" 404 
 - - [02/05/2016:01:33:13 -0511] "GET /textmining/gene-disease-association_lumc/dummy http" 404 
 - - [02/05/2016:01:33:13 -0513] "GET /textmining/gene-disease-association_lumc/sparql http" 200 
 - - [02/05/2016:01:33:13 -0515] "GET /textmining/gene-disease-association_lumc/sparql http" 200 882
 - - [02/05/2016:01:33:13 -0517] "GET /textmining/gene-disease-association_lumc/sparql http" 200 882
 - - [02/05/2016:01:33:13 -0518] "GET /textmining/gene-disease-association_lumc/sparql http" 200 882
 - - [02/05/2016:01:33:13 -0521] "GET /textmining/gene-disease-association_lumc/sparql http" 200 
 - - [02/05/2016:01:33:13 -0525] "GET /textmining/gene-disease-association_lumc/sparql http" 200 
 - - [02/05/2016:01:34:57 -0698] "GET /textmining/gene-disease-association_lumc http" 200 
 - - [02/05/2016:01:34:57 -0710] "GET /textmining http" 200 
 - - [02/05/2016:01:34:57 -0713] "GET /textmining http" 200 936
 - - [02/05/2016:01:34:57 -0716] "GET /textmining/gene-disease-association_lumc http" 200 936
 - - [02/05/2016:01:34:57 -0719] "GET /textmining/gene-disease-association_lumc http" 200 936
 - - [02/05/2016:01:34:57 -0723] "GET /textmining/dumpy http" 404 
 - - [02/05/2016:01:34:57 -0726] "GET /textmining http" 200 
 - - [02/05/2016:01:34:57 -0733] "GET /textmining http" 200 
 - - [02/05/2016:01:34:57 -0736] "GET /dumpy http" 404 
 - - [02/05/2016:01:34:58 -0063] "GET /textmining/gene-disease-association_lumc/dummy http" 404 
 - - [02/05/2016:01:34:58 -0068] "GET /textmining/gene-disease-association_lumc/sparql http" 200 
 - - [02/05/2016:01:34:58 -0071] "GET /textmining/gene-disease-association_lumc/sparql http" 200 882
 - - [02/05/2016:01:34:58 -0073] "GET /textmining/gene-disease-association_lumc/sparql http" 200 882
 - - [02/05/2016:01:34:58 -0076] "GET /textmining/gene-disease-association_lumc/sparql http" 200 882
 - - [02/05/2016:01:34:58 -0081] "GET /textmining/gene-disease-association_lumc/sparql http" 200 
 - - [02/05/2016:01:34:58 -0087] "GET /textmining/gene-disease-association_lumc/sparql http" 200 
 - - [02/05/2016:01:35:14 -0231] "GET /textmining/gene-disease-association_lumc http" 200 
 - - [02/05/2016:01:35:14 -0238] "GET /textmining http" 200 
 - - [02/05/2016:01:35:14 -0241] "GET /textmining http" 200 936
 - - [02/05/2016:01:35:14 -0243] "GET /textmining/gene-disease-association_lumc http" 200 936
 - - [02/05/2016:01:35:14 -0245] "GET /textmining/gene-disease-association_lumc http" 200 936
 - - [02/05/2016:01:35:14 -0248] "GET /textmining/dumpy http" 404 
 - - [02/05/2016:01:35:14 -0250] "GET /textmining http" 200 
 - - [02/05/2016:01:35:14 -0255] "GET /textmining http" 200 
 - - [02/05/2016:01:35:14 -0258] "GET /dumpy http" 404 
 - - [02/05/2016:01:35:14 -0509] "GET /textmining/gene-disease-association_lumc/dummy http" 404 
 - - [02/05/2016:01:35:14 -0511] "GET /textmining/gene-disease-association_lumc/sparql http" 200 
 - - [02/05/2016:01:35:14 -0513] "GET /textmining/gene-disease-association_lumc/sparql http" 200 882
 - - [02/05/2016:01:35:14 -0515] "GET /textmining/gene-disease-association_lumc/sparql http" 200 882
 - - [02/05/2016:01:35:14 -0517] "GET /textmining/gene-disease-association_lumc/sparql http" 200 882
 - - [02/05/2016:01:35:14 -0519] "GET /textmining/gene-disease-association_lumc/sparql http" 200 
 - - [02/05/2016:01:35:14 -0524] "GET /textmining/gene-disease-association_lumc/sparql http" 200 
 - - [02/05/2016:01:35:30 -0328] "GET /textmining/gene-disease-association_lumc http" 200 
 - - [02/05/2016:01:35:30 -0339] "GET /textmining http" 200 
 - - [02/05/2016:01:35:30 -0342] "GET /textmining http" 200 936
 - - [02/05/2016:01:35:30 -0345] "GET /textmining/gene-disease-association_lumc http" 200 936
 - - [02/05/2016:01:35:30 -0349] "GET /textmining/gene-disease-association_lumc http" 200 936
 - - [02/05/2016:01:35:30 -0354] "GET /textmining/dumpy http" 404 
 - - [02/05/2016:01:35:30 -0358] "GET /textmining http" 200 
 - - [02/05/2016:01:35:30 -0368] "GET /textmining http" 200 
 - - [02/05/2016:01:35:30 -0371] "GET /dumpy http" 404 
 - - [02/05/2016:01:35:30 -0721] "GET /textmining/gene-disease-association_lumc/dummy http" 404 
 - - [02/05/2016:01:35:30 -0725] "GET /textmining/gene-disease-association_lumc/sparql http" 200 
 - - [02/05/2016:01:35:30 -0728] "GET /textmining/gene-disease-association_lumc/sparql http" 200 882
 - - [02/05/2016:01:35:30 -0730] "GET /textmining/gene-disease-association_lumc/sparql http" 200 882
 - - [02/05/2016:01:35:30 -0733] "GET /textmining/gene-disease-association_lumc/sparql http" 200 882
 - - [02/05/2016:01:35:30 -0736] "GET /textmining/gene-disease-association_lumc/sparql http" 200 
 - - [02/05/2016:01:35:30 -0743] "GET /textmining/gene-disease-association_lumc/sparql http" 200 
 - - [02/05/2016:01:38:08 -0401] "GET /textmining/gene-disease-association_lumc http" 200 
 - - [02/05/2016:01:38:08 -0409] "GET /textmining http" 200 
 - - [02/05/2016:01:38:08 -0411] "GET /textmining http" 200 936
 - - [02/05/2016:01:38:08 -0413] "GET /textmining/gene-disease-association_lumc http" 200 936
 - - [02/05/2016:01:38:08 -0415] "GET /textmining/gene-disease-association_lumc http" 200 936
 - - [02/05/2016:01:38:08 -0418] "GET /textmining/dumpy http" 404 
 - - [02/05/2016:01:38:08 -0420] "GET /textmining http" 200 
 - - [02/05/2016:01:38:08 -0425] "GET /textmining http" 200 
 - - [02/05/2016:01:38:08 -0428] "GET /dumpy http" 404 
 - - [02/05/2016:01:38:08 -0638] "GET /textmining/gene-disease-association_lumc/dummy http" 404 
 - - [02/05/2016:01:38:08 -0640] "GET /textmining/gene-disease-association_lumc/sparql http" 200 
 - - [02/05/2016:01:38:08 -0642] "GET /textmining/gene-disease-association_lumc/sparql http" 200 882
 - - [02/05/2016:01:38:08 -0643] "GET /textmining/gene-disease-association_lumc/sparql http" 200 882
 - - [02/05/2016:01:38:08 -0645] "GET /textmining/gene-disease-association_lumc/sparql http" 200 882
 - - [02/05/2016:01:38:08 -0647] "GET /textmining/gene-disease-association_lumc/sparql http" 200 
 - - [02/05/2016:01:38:08 -0652] "GET /textmining/gene-disease-association_lumc/sparql http" 200 
 - - [02/05/2016:01:38:22 -0382] "GET /textmining/gene-disease-association_lumc http" 200 
 - - [02/05/2016:01:38:22 -0391] "GET /textmining http" 200 
 - - [02/05/2016:01:38:22 -0393] "GET /textmining http" 200 936
 - - [02/05/2016:01:38:22 -0395] "GET /textmining/gene-disease-association_lumc http" 200 936
 - - [02/05/2016:01:38:22 -0398] "GET /textmining/gene-disease-association_lumc http" 200 936
 - - [02/05/2016:01:38:22 -0400] "GET /textmining/dumpy http" 404 
 - - [02/05/2016:01:38:22 -0403] "GET /textmining http" 200 
 - - [02/05/2016:01:38:22 -0408] "GET /textmining http" 200 
 - - [02/05/2016:01:38:22 -0411] "GET /dumpy http" 404 
 - - [02/05/2016:01:38:22 -0646] "GET /textmining/gene-disease-association_lumc/dummy http" 404 
 - - [02/05/2016:01:38:22 -0648] "GET /textmining/gene-disease-association_lumc/sparql http" 200 
 - - [02/05/2016:01:38:22 -0650] "GET /textmining/gene-disease-association_lumc/sparql http" 200 882
 - - [02/05/2016:01:38:22 -0652] "GET /textmining/gene-disease-association_lumc/sparql http" 200 882
 - - [02/05/2016:01:38:22 -0653] "GET /textmining/gene-disease-association_lumc/sparql http" 200 882
 - - [02/05/2016:01:38:22 -0656] "GET /textmining/gene-disease-association_lumc/sparql http" 200 
 - - [02/05/2016:01:38:22 -0659] "GET /textmining/gene-disease-association_lumc/sparql http" 200 
 - - [02/05/2016:01:39:49 -0380] "GET /textmining/gene-disease-association_lumc http" 200 
 - - [02/05/2016:01:39:49 -0388] "GET /textmining http" 200 
 - - [02/05/2016:01:39:49 -0391] "GET /textmining http" 200 936
 - - [02/05/2016:01:39:49 -0394] "GET /textmining/gene-disease-association_lumc http" 200 936
 - - [02/05/2016:01:39:49 -0397] "GET /textmining/gene-disease-association_lumc http" 200 936
 - - [02/05/2016:01:39:49 -0401] "GET /textmining/dumpy http" 404 
 - - [02/05/2016:01:39:49 -0404] "GET /textmining http" 200 
 - - [02/05/2016:01:39:49 -0412] "GET /textmining http" 200 
 - - [02/05/2016:01:39:49 -0415] "GET /dumpy http" 404 
 - - [02/05/2016:01:39:49 -0671] "GET /textmining/gene-disease-association_lumc/dummy http" 404 
 - - [02/05/2016:01:39:49 -0675] "GET /textmining/gene-disease-association_lumc/sparql http" 200 
 - - [02/05/2016:01:39:49 -0678] "GET /textmining/gene-disease-association_lumc/sparql http" 200 882
 - - [02/05/2016:01:39:49 -0680] "GET /textmining/gene-disease-association_lumc/sparql http" 200 882
 - - [02/05/2016:01:39:49 -0682] "GET /textmining/gene-disease-association_lumc/sparql http" 200 882
 - - [02/05/2016:01:39:49 -0685] "GET /textmining/gene-disease-association_lumc/sparql http" 200 
 - - [02/05/2016:01:39:49 -0691] "GET /textmining/gene-disease-association_lumc/sparql http" 200 
 - - [02/05/2016:01:40:10 -0278] "GET /textmining/gene-disease-association_lumc http" 200 
 - - [02/05/2016:01:40:10 -0287] "GET /textmining http" 200 
 - - [02/05/2016:01:40:10 -0290] "GET /textmining http" 200 936
 - - [02/05/2016:01:40:10 -0293] "GET /textmining/gene-disease-association_lumc http" 200 936
 - - [02/05/2016:01:40:10 -0295] "GET /textmining/gene-disease-association_lumc http" 200 936
 - - [02/05/2016:01:40:10 -0299] "GET /textmining/dumpy http" 404 
 - - [02/05/2016:01:40:10 -0303] "GET /textmining http" 200 
 - - [02/05/2016:01:40:10 -0309] "GET /textmining http" 200 
 - - [02/05/2016:01:40:10 -0313] "GET /dumpy http" 404 
 - - [02/05/2016:01:40:10 -0607] "GET /textmining/gene-disease-association_lumc/dummy http" 404 
 - - [02/05/2016:01:40:10 -0610] "GET /textmining/gene-disease-association_lumc/sparql http" 200 
 - - [02/05/2016:01:40:10 -0613] "GET /textmining/gene-disease-association_lumc/sparql http" 200 882
 - - [02/05/2016:01:40:10 -0616] "GET /textmining/gene-disease-association_lumc/sparql http" 200 882
 - - [02/05/2016:01:40:10 -0618] "GET /textmining/gene-disease-association_lumc/sparql http" 200 882
 - - [02/05/2016:01:40:10 -0621] "GET /textmining/gene-disease-association_lumc/sparql http" 200 
 - - [02/05/2016:01:40:10 -0628] "GET /textmining/gene-disease-association_lumc/sparql http" 200 
 - - [02/05/2016:01:41:42 -0492] "GET /textmining/gene-disease-association_lumc http" 200 
 - - [02/05/2016:01:41:42 -0504] "GET /textmining http" 200 
 - - [02/05/2016:01:41:42 -0508] "GET /textmining http" 200 936
 - - [02/05/2016:01:41:42 -0511] "GET /textmining/gene-disease-association_lumc http" 200 936
 - - [02/05/2016:01:41:42 -0515] "GET /textmining/gene-disease-association_lumc http" 200 936
 - - [02/05/2016:01:41:42 -0519] "GET /textmining/dumpy http" 404 
 - - [02/05/2016:01:41:42 -0523] "GET /textmining http" 200 
 - - [02/05/2016:01:41:42 -0531] "GET /textmining http" 200 
 - - [02/05/2016:01:41:42 -0535] "GET /dumpy http" 404 
 - - [02/05/2016:01:41:42 -0916] "GET /textmining/gene-disease-association_lumc/dummy http" 404 
 - - [02/05/2016:01:41:42 -0920] "GET /textmining/gene-disease-association_lumc/sparql http" 200 
 - - [02/05/2016:01:41:42 -0923] "GET /textmining/gene-disease-association_lumc/sparql http" 200 882
 - - [02/05/2016:01:41:42 -0926] "GET /textmining/gene-disease-association_lumc/sparql http" 200 882
 - - [02/05/2016:01:41:42 -0930] "GET /textmining/gene-disease-association_lumc/sparql http" 200 882
 - - [02/05/2016:01:41:42 -0934] "GET /textmining/gene-disease-association_lumc/sparql http" 200 
 - - [02/05/2016:01:41:42 -0941] "GET /textmining/gene-disease-association_lumc/sparql http" 200 
 - - [02/05/2016:01:42:09 -0290] "GET /textmining/gene-disease-association_lumc http" 200 
 - - [02/05/2016:01:42:09 -0301] "GET /textmining http" 200 
 - - [02/05/2016:01:42:09 -0304] "GET /textmining http" 200 936
 - - [02/05/2016:01:42:09 -0307] "GET /textmining/gene-disease-association_lumc http" 200 936
 - - [02/05/2016:01:42:09 -0310] "GET /textmining/gene-disease-association_lumc http" 200 936
 - - [02/05/2016:01:42:09 -0314] "GET /textmining/dumpy http" 404 
 - - [02/05/2016:01:42:09 -0317] "GET /textmining http" 200 
 - - [02/05/2016:01:42:09 -0324] "GET /textmining http" 200 
 - - [02/05/2016:01:42:09 -0328] "GET /dumpy http" 404 
 - - [02/05/2016:01:42:09 -0676] "GET /textmining/gene-disease-association_lumc/dummy http" 404 
 - - [02/05/2016:01:42:09 -0679] "GET /textmining/gene-disease-association_lumc/sparql http" 200 
 - - [02/05/2016:01:42:09 -0681] "GET /textmining/gene-disease-association_lumc/sparql http" 200 882
 - - [02/05/2016:01:42:09 -0683] "GET /textmining/gene-disease-association_lumc/sparql http" 200 882
 - - [02/05/2016:01:42:09 -0686] "GET /textmining/gene-disease-association_lumc/sparql http" 200 882
 - - [02/05/2016:01:42:09 -0689] "GET /textmining/gene-disease-association_lumc/sparql http" 200 
 - - [02/05/2016:01:42:09 -0695] "GET /textmining/gene-disease-association_lumc/sparql http" 200 
 - - [02/05/2016:01:46:18 -0231] "GET /textmining/gene-disease-association_lumc http" 200 
 - - [02/05/2016:01:46:18 -0242] "GET /textmining http" 200 
 - - [02/05/2016:01:46:18 -0245] "GET /textmining http" 200 936
 - - [02/05/2016:01:46:18 -0248] "GET /textmining/gene-disease-association_lumc http" 200 936
 - - [02/05/2016:01:46:18 -0250] "GET /textmining/gene-disease-association_lumc http" 200 936
 - - [02/05/2016:01:46:18 -0254] "GET /textmining/dumpy http" 404 
 - - [02/05/2016:01:46:18 -0257] "GET /textmining http" 200 
 - - [02/05/2016:01:46:18 -0264] "GET /textmining http" 200 
 - - [02/05/2016:01:46:18 -0268] "GET /dumpy http" 404 
 - - [02/05/2016:01:46:18 -0589] "GET /textmining/gene-disease-association_lumc/dummy http" 404 
 - - [02/05/2016:01:46:18 -0592] "GET /textmining/gene-disease-association_lumc/sparql http" 200 
 - - [02/05/2016:01:46:18 -0594] "GET /textmining/gene-disease-association_lumc/sparql http" 200 882
 - - [02/05/2016:01:46:18 -0596] "GET /textmining/gene-disease-association_lumc/sparql http" 200 882
 - - [02/05/2016:01:46:18 -0597] "GET /textmining/gene-disease-association_lumc/sparql http" 200 882
 - - [02/05/2016:01:46:18 -0600] "GET /textmining/gene-disease-association_lumc/sparql http" 200 
 - - [02/05/2016:01:46:18 -0605] "GET /textmining/gene-disease-association_lumc/sparql http" 200 
 - - [02/05/2016:01:46:33 -0153] "GET /textmining/gene-disease-association_lumc http" 200 
 - - [02/05/2016:01:46:33 -0162] "GET /textmining http" 200 
 - - [02/05/2016:01:46:33 -0165] "GET /textmining http" 200 936
 - - [02/05/2016:01:46:33 -0167] "GET /textmining/gene-disease-association_lumc http" 200 936
 - - [02/05/2016:01:46:33 -0169] "GET /textmining/gene-disease-association_lumc http" 200 936
 - - [02/05/2016:01:46:33 -0173] "GET /textmining/dumpy http" 404 
 - - [02/05/2016:01:46:33 -0175] "GET /textmining http" 200 
 - - [02/05/2016:01:46:33 -0181] "GET /textmining http" 200 
 - - [02/05/2016:01:46:33 -0185] "GET /dumpy http" 404 
 - - [02/05/2016:01:46:33 -0490] "GET /textmining/gene-disease-association_lumc/dummy http" 404 
 - - [02/05/2016:01:46:33 -0493] "GET /textmining/gene-disease-association_lumc/sparql http" 200 
 - - [02/05/2016:01:46:33 -0496] "GET /textmining/gene-disease-association_lumc/sparql http" 200 882
 - - [02/05/2016:01:46:33 -0499] "GET /textmining/gene-disease-association_lumc/sparql http" 200 882
 - - [02/05/2016:01:46:33 -0501] "GET /textmining/gene-disease-association_lumc/sparql http" 200 882
 - - [02/05/2016:01:46:33 -0505] "GET /textmining/gene-disease-association_lumc/sparql http" 200 
 - - [02/05/2016:01:46:33 -0511] "GET /textmining/gene-disease-association_lumc/sparql http" 200 
 - - [02/05/2016:01:47:43 -0398] "GET /textmining/gene-disease-association_lumc http" 200 
 - - [02/05/2016:01:47:43 -0405] "GET /textmining http" 200 
 - - [02/05/2016:01:47:43 -0407] "GET /textmining http" 200 936
 - - [02/05/2016:01:47:43 -0408] "GET /textmining/gene-disease-association_lumc http" 200 936
 - - [02/05/2016:01:47:43 -0410] "GET /textmining/gene-disease-association_lumc http" 200 936
 - - [02/05/2016:01:47:43 -0413] "GET /textmining/dumpy http" 404 
 - - [02/05/2016:01:47:43 -0415] "GET /textmining http" 200 
 - - [02/05/2016:01:47:43 -0420] "GET /textmining http" 200 
 - - [02/05/2016:01:47:43 -0422] "GET /dumpy http" 404 
 - - [02/05/2016:01:47:43 -0635] "GET /textmining/gene-disease-association_lumc/dummy http" 404 
 - - [02/05/2016:01:47:43 -0637] "GET /textmining/gene-disease-association_lumc/sparql http" 200 
 - - [02/05/2016:01:47:43 -0639] "GET /textmining/gene-disease-association_lumc/sparql http" 200 882
 - - [02/05/2016:01:47:43 -0640] "GET /textmining/gene-disease-association_lumc/sparql http" 200 882
 - - [02/05/2016:01:47:43 -0642] "GET /textmining/gene-disease-association_lumc/sparql http" 200 882
 - - [02/05/2016:01:47:43 -0645] "GET /textmining/gene-disease-association_lumc/sparql http" 200 
 - - [02/05/2016:01:47:43 -0648] "GET /textmining/gene-disease-association_lumc/sparql http" 200 
 - - [02/05/2016:06:06:32 -0850] "GET /textmining/gene-disease-association_lumc http" 200 
 - - [02/05/2016:06:06:32 -0885] "GET /textmining http" 200 
 - - [02/05/2016:06:06:32 -0887] "GET /textmining http" 200 936
 - - [02/05/2016:06:06:32 -0890] "GET /textmining/gene-disease-association_lumc http" 200 936
 - - [02/05/2016:06:06:32 -0893] "GET /textmining/gene-disease-association_lumc http" 200 936
 - - [02/05/2016:06:06:32 -0897] "GET /textmining/dumpy http" 404 
 - - [02/05/2016:06:06:32 -0903] "GET /textmining http" 200 
 - - [02/05/2016:06:06:32 -0915] "GET /textmining http" 200 
 - - [02/05/2016:06:06:32 -0918] "GET /dumpy http" 404 
 - - [02/05/2016:06:06:33 -0159] "GET /textmining/gene-disease-association_lumc/dummy http" 404 
 - - [02/05/2016:06:06:33 -0161] "GET /textmining/gene-disease-association_lumc/sparql http" 200 
 - - [02/05/2016:06:06:33 -0163] "GET /textmining/gene-disease-association_lumc/sparql http" 200 882
 - - [02/05/2016:06:06:33 -0164] "GET /textmining/gene-disease-association_lumc/sparql http" 200 882
 - - [02/05/2016:06:06:33 -0166] "GET /textmining/gene-disease-association_lumc/sparql http" 200 882
 - - [02/05/2016:06:06:33 -0168] "GET /textmining/gene-disease-association_lumc/sparql http" 200 
 - - [02/05/2016:06:06:33 -0172] "GET /textmining/gene-disease-association_lumc/sparql http" 200 
 - - [02/05/2016:06:06:47 -0709] "GET /textmining/gene-disease-association_lumc http" 200 
 - - [02/05/2016:06:06:47 -0719] "GET /textmining http" 200 
 - - [02/05/2016:06:06:47 -0722] "GET /textmining http" 200 936
 - - [02/05/2016:06:06:47 -0725] "GET /textmining/gene-disease-association_lumc http" 200 936
 - - [02/05/2016:06:06:47 -0728] "GET /textmining/gene-disease-association_lumc http" 200 936
 - - [02/05/2016:06:06:47 -0732] "GET /textmining/dumpy http" 404 
 - - [02/05/2016:06:06:47 -0735] "GET /textmining http" 200 
 - - [02/05/2016:06:06:47 -0743] "GET /textmining http" 200 
 - - [02/05/2016:06:06:47 -0747] "GET /dumpy http" 404 
 - - [02/05/2016:06:06:48 -0081] "GET /textmining/gene-disease-association_lumc/dummy http" 404 
 - - [02/05/2016:06:06:48 -0085] "GET /textmining/gene-disease-association_lumc/sparql http" 200 
 - - [02/05/2016:06:06:48 -0088] "GET /textmining/gene-disease-association_lumc/sparql http" 200 882
 - - [02/05/2016:06:06:48 -0091] "GET /textmining/gene-disease-association_lumc/sparql http" 200 882
 - - [02/05/2016:06:06:48 -0093] "GET /textmining/gene-disease-association_lumc/sparql http" 200 882
 - - [02/05/2016:06:06:48 -0099] "GET /textmining/gene-disease-association_lumc/sparql http" 200 
 - - [02/05/2016:06:06:48 -0106] "GET /textmining/gene-disease-association_lumc/sparql http" 200 
 - - [02/05/2016:06:16:59 -0618] "GET /textmining/gene-disease-association_lumc http" 200 
 - - [02/05/2016:06:16:59 -0629] "GET /textmining http" 200 
 - - [02/05/2016:06:16:59 -0632] "GET /textmining http" 200 936
 - - [02/05/2016:06:16:59 -0635] "GET /textmining/gene-disease-association_lumc http" 200 936
 - - [02/05/2016:06:16:59 -0638] "GET /textmining/gene-disease-association_lumc http" 200 936
 - - [02/05/2016:06:16:59 -0641] "GET /textmining/dumpy http" 404 
 - - [02/05/2016:06:16:59 -0643] "GET /textmining http" 200 
 - - [02/05/2016:06:16:59 -0649] "GET /textmining http" 200 
 - - [02/05/2016:06:16:59 -0652] "GET /dumpy http" 404 
 - - [02/05/2016:06:16:59 -0901] "GET /textmining/gene-disease-association_lumc/dummy http" 404 
 - - [02/05/2016:06:16:59 -0904] "GET /textmining/gene-disease-association_lumc/sparql http" 200 
 - - [02/05/2016:06:16:59 -0910] "GET /textmining/gene-disease-association_lumc/sparql http" 200 882
 - - [02/05/2016:06:16:59 -0913] "GET /textmining/gene-disease-association_lumc/sparql http" 200 882
 - - [02/05/2016:06:16:59 -0915] "GET /textmining/gene-disease-association_lumc/sparql http" 200 882
 - - [02/05/2016:06:16:59 -0919] "GET /textmining/gene-disease-association_lumc/sparql http" 200 
 - - [02/05/2016:06:16:59 -0925] "GET /textmining/gene-disease-association_lumc/sparql http" 200 
 - - [02/05/2016:06:17:17 -0390] "GET /textmining/gene-disease-association_lumc http" 200 
 - - [02/05/2016:06:17:17 -0398] "GET /textmining http" 200 
 - - [02/05/2016:06:17:17 -0400] "GET /textmining http" 200 936
 - - [02/05/2016:06:17:17 -0403] "GET /textmining/gene-disease-association_lumc http" 200 936
 - - [02/05/2016:06:17:17 -0405] "GET /textmining/gene-disease-association_lumc http" 200 936
 - - [02/05/2016:06:17:17 -0408] "GET /textmining/dumpy http" 404 
 - - [02/05/2016:06:17:17 -0412] "GET /textmining http" 200 
 - - [02/05/2016:06:17:17 -0420] "GET /textmining http" 200 
 - - [02/05/2016:06:17:17 -0424] "GET /dumpy http" 404 
 - - [02/05/2016:06:17:17 -0794] "GET /textmining/gene-disease-association_lumc/dummy http" 404 
 - - [02/05/2016:06:17:17 -0797] "GET /textmining/gene-disease-association_lumc/sparql http" 200 
 - - [02/05/2016:06:17:17 -0800] "GET /textmining/gene-disease-association_lumc/sparql http" 200 882
 - - [02/05/2016:06:17:17 -0802] "GET /textmining/gene-disease-association_lumc/sparql http" 200 882
 - - [02/05/2016:06:17:17 -0804] "GET /textmining/gene-disease-association_lumc/sparql http" 200 882
 - - [02/05/2016:06:17:17 -0808] "GET /textmining/gene-disease-association_lumc/sparql http" 200 
 - - [02/05/2016:06:17:17 -0816] "GET /textmining/gene-disease-association_lumc/sparql http" 200 
 - - [02/05/2016:06:21:51 -0192] "GET /textmining/gene-disease-association_lumc http" 200 
 - - [02/05/2016:06:21:51 -0202] "GET /textmining http" 200 
 - - [02/05/2016:06:21:51 -0205] "GET /textmining http" 200 936
 - - [02/05/2016:06:21:51 -0207] "GET /textmining/gene-disease-association_lumc http" 200 936
 - - [02/05/2016:06:21:51 -0211] "GET /textmining/gene-disease-association_lumc http" 200 936
 - - [02/05/2016:06:21:51 -0214] "GET /textmining/dumpy http" 404 
 - - [02/05/2016:06:21:51 -0216] "GET /textmining http" 200 
 - - [02/05/2016:06:21:51 -0222] "GET /textmining http" 200 
 - - [02/05/2016:06:21:51 -0226] "GET /dumpy http" 404 
 - - [02/05/2016:06:21:51 -0453] "GET /textmining/gene-disease-association_lumc/dummy http" 404 
 - - [02/05/2016:06:21:51 -0456] "GET /textmining/gene-disease-association_lumc/sparql http" 200 
 - - [02/05/2016:06:21:51 -0458] "GET /textmining/gene-disease-association_lumc/sparql http" 200 882
 - - [02/05/2016:06:21:51 -0460] "GET /textmining/gene-disease-association_lumc/sparql http" 200 882
 - - [02/05/2016:06:21:51 -0462] "GET /textmining/gene-disease-association_lumc/sparql http" 200 882
 - - [02/05/2016:06:21:51 -0465] "GET /textmining/gene-disease-association_lumc/sparql http" 200 
 - - [02/05/2016:06:21:51 -0469] "GET /textmining/gene-disease-association_lumc/sparql http" 200 
 - - [02/05/2016:06:22:28 -0126] "GET /textmining/gene-disease-association_lumc http" 200 
 - - [02/05/2016:06:22:28 -0137] "GET /textmining http" 200 
 - - [02/05/2016:06:22:28 -0140] "GET /textmining http" 200 936
 - - [02/05/2016:06:22:28 -0143] "GET /textmining/gene-disease-association_lumc http" 200 936
 - - [02/05/2016:06:22:28 -0145] "GET /textmining/gene-disease-association_lumc http" 200 936
 - - [02/05/2016:06:22:28 -0150] "GET /textmining/dumpy http" 404 
 - - [02/05/2016:06:22:28 -0153] "GET /textmining http" 200 
 - - [02/05/2016:06:22:28 -0160] "GET /textmining http" 200 
 - - [02/05/2016:06:22:28 -0164] "GET /dumpy http" 404 
 - - [02/05/2016:06:22:28 -0467] "GET /textmining/gene-disease-association_lumc/dummy http" 404 
 - - [02/05/2016:06:22:28 -0469] "GET /textmining/gene-disease-association_lumc/sparql http" 200 
 - - [02/05/2016:06:22:28 -0471] "GET /textmining/gene-disease-association_lumc/sparql http" 200 882
 - - [02/05/2016:06:22:28 -0472] "GET /textmining/gene-disease-association_lumc/sparql http" 200 882
 - - [02/05/2016:06:22:28 -0474] "GET /textmining/gene-disease-association_lumc/sparql http" 200 882
 - - [02/05/2016:06:22:28 -0476] "GET /textmining/gene-disease-association_lumc/sparql http" 200 
 - - [02/05/2016:06:22:28 -0480] "GET /textmining/gene-disease-association_lumc/sparql http" 200 
 - - [02/05/2016:06:25:06 -0708] "GET /textmining/gene-disease-association_lumc http" 200 
 - - [02/05/2016:06:25:06 -0718] "GET /textmining http" 200 
 - - [02/05/2016:06:25:06 -0720] "GET /textmining http" 200 936
 - - [02/05/2016:06:25:06 -0722] "GET /textmining/gene-disease-association_lumc http" 200 936
 - - [02/05/2016:06:25:06 -0724] "GET /textmining/gene-disease-association_lumc http" 200 936
 - - [02/05/2016:06:25:06 -0727] "GET /textmining/dumpy http" 404 
 - - [02/05/2016:06:25:06 -0729] "GET /textmining http" 200 
 - - [02/05/2016:06:25:06 -0737] "GET /textmining http" 200 
 - - [02/05/2016:06:25:06 -0740] "GET /dumpy http" 404 
 - - [02/05/2016:06:25:06 -0995] "GET /textmining/gene-disease-association_lumc/dummy http" 404 
 - - [02/05/2016:06:25:06 -0998] "GET /textmining/gene-disease-association_lumc/sparql http" 200 
 - - [02/05/2016:06:25:07 -0001] "GET /textmining/gene-disease-association_lumc/sparql http" 200 882
 - - [02/05/2016:06:25:07 -0003] "GET /textmining/gene-disease-association_lumc/sparql http" 200 882
 - - [02/05/2016:06:25:07 -0006] "GET /textmining/gene-disease-association_lumc/sparql http" 200 882
 - - [02/05/2016:06:25:07 -0010] "GET /textmining/gene-disease-association_lumc/sparql http" 200 
 - - [02/05/2016:06:25:07 -0014] "GET /textmining/gene-disease-association_lumc/sparql http" 200 
 - - [02/05/2016:06:25:22 -0759] "GET /textmining/gene-disease-association_lumc http" 200 
 - - [02/05/2016:06:25:22 -0768] "GET /textmining http" 200 
 - - [02/05/2016:06:25:22 -0771] "GET /textmining http" 200 936
 - - [02/05/2016:06:25:22 -0774] "GET /textmining/gene-disease-association_lumc http" 200 936
 - - [02/05/2016:06:25:22 -0776] "GET /textmining/gene-disease-association_lumc http" 200 936
 - - [02/05/2016:06:25:22 -0780] "GET /textmining/dumpy http" 404 
 - - [02/05/2016:06:25:22 -0783] "GET /textmining http" 200 
 - - [02/05/2016:06:25:22 -0789] "GET /textmining http" 200 
 - - [02/05/2016:06:25:22 -0792] "GET /dumpy http" 404 
 - - [02/05/2016:06:25:23 -0047] "GET /textmining/gene-disease-association_lumc/dummy http" 404 
 - - [02/05/2016:06:25:23 -0050] "GET /textmining/gene-disease-association_lumc/sparql http" 200 
 - - [02/05/2016:06:25:23 -0052] "GET /textmining/gene-disease-association_lumc/sparql http" 200 882
 - - [02/05/2016:06:25:23 -0054] "GET /textmining/gene-disease-association_lumc/sparql http" 200 882
 - - [02/05/2016:06:25:23 -0058] "GET /textmining/gene-disease-association_lumc/sparql http" 200 882
 - - [02/05/2016:06:25:23 -0062] "GET /textmining/gene-disease-association_lumc/sparql http" 200 
 - - [02/05/2016:06:25:23 -0068] "GET /textmining/gene-disease-association_lumc/sparql http" 200 
 - - [02/05/2016:07:42:16 -0290] "GET /textmining/gene-disease-association_lumc http" 200 
 - - [02/05/2016:07:42:16 -0299] "GET /textmining http" 200 
 - - [02/05/2016:07:42:16 -0301] "GET /textmining http" 200 936
 - - [02/05/2016:07:42:16 -0303] "GET /textmining/gene-disease-association_lumc http" 200 936
 - - [02/05/2016:07:42:16 -0305] "GET /textmining/gene-disease-association_lumc http" 200 936
 - - [02/05/2016:07:42:16 -0308] "GET /textmining/dumpy http" 404 
 - - [02/05/2016:07:42:16 -0310] "GET /textmining http" 200 
 - - [02/05/2016:07:42:16 -0315] "GET /textmining http" 200 
 - - [02/05/2016:07:42:16 -0318] "GET /dumpy http" 404 
 - - [02/05/2016:07:42:16 -0594] "GET /textmining/gene-disease-association_lumc/dummy http" 404 
 - - [02/05/2016:07:42:16 -0597] "GET /textmining/gene-disease-association_lumc/sparql http" 200 
 - - [02/05/2016:07:42:16 -0600] "GET /textmining/gene-disease-association_lumc/sparql http" 200 882
 - - [02/05/2016:07:42:16 -0602] "GET /textmining/gene-disease-association_lumc/sparql http" 200 882
 - - [02/05/2016:07:42:16 -0604] "GET /textmining/gene-disease-association_lumc/sparql http" 200 882
 - - [02/05/2016:07:42:16 -0607] "GET /textmining/gene-disease-association_lumc/sparql http" 200 
 - - [02/05/2016:07:42:16 -0612] "GET /textmining/gene-disease-association_lumc/sparql http" 200 
 - - [02/05/2016:07:44:02 -0843] "GET /textmining/gene-disease-association_lumc http" 200 
 - - [02/05/2016:07:44:02 -0851] "GET /textmining http" 200 
 - - [02/05/2016:07:44:02 -0853] "GET /textmining http" 200 936
 - - [02/05/2016:07:44:02 -0855] "GET /textmining/gene-disease-association_lumc http" 200 936
 - - [02/05/2016:07:44:02 -0857] "GET /textmining/gene-disease-association_lumc http" 200 936
 - - [02/05/2016:07:44:02 -0861] "GET /textmining/dumpy http" 404 
 - - [02/05/2016:07:44:02 -0864] "GET /textmining http" 200 
 - - [02/05/2016:07:44:02 -0870] "GET /textmining http" 200 
 - - [02/05/2016:07:44:02 -0873] "GET /dumpy http" 404 
 - - [02/05/2016:07:44:03 -0116] "GET /textmining/gene-disease-association_lumc/dummy http" 404 
 - - [02/05/2016:07:44:03 -0118] "GET /textmining/gene-disease-association_lumc/sparql http" 200 
 - - [02/05/2016:07:44:03 -0120] "GET /textmining/gene-disease-association_lumc/sparql http" 200 882
 - - [02/05/2016:07:44:03 -0122] "GET /textmining/gene-disease-association_lumc/sparql http" 200 882
 - - [02/05/2016:07:44:03 -0123] "GET /textmining/gene-disease-association_lumc/sparql http" 200 882
 - - [02/05/2016:07:44:03 -0126] "GET /textmining/gene-disease-association_lumc/sparql http" 200 
 - - [02/05/2016:07:44:03 -0129] "GET /textmining/gene-disease-association_lumc/sparql http" 200 
 - - [02/05/2016:07:45:22 -0384] "GET /textmining/gene-disease-association_lumc http" 200 
 - - [02/05/2016:07:45:22 -0397] "GET /textmining http" 200 
 - - [02/05/2016:07:45:22 -0400] "GET /textmining http" 200 936
 - - [02/05/2016:07:45:22 -0403] "GET /textmining/gene-disease-association_lumc http" 200 936
 - - [02/05/2016:07:45:22 -0406] "GET /textmining/gene-disease-association_lumc http" 200 936
 - - [02/05/2016:07:45:22 -0411] "GET /textmining/dumpy http" 404 
 - - [02/05/2016:07:45:22 -0414] "GET /textmining http" 200 
 - - [02/05/2016:07:45:22 -0423] "GET /textmining http" 200 
 - - [02/05/2016:07:45:22 -0427] "GET /dumpy http" 404 
 - - [02/05/2016:07:45:22 -0769] "GET /textmining/gene-disease-association_lumc/dummy http" 404 
 - - [02/05/2016:07:45:22 -0772] "GET /textmining/gene-disease-association_lumc/sparql http" 200 
 - - [02/05/2016:07:45:22 -0775] "GET /textmining/gene-disease-association_lumc/sparql http" 200 882
 - - [02/05/2016:07:45:22 -0777] "GET /textmining/gene-disease-association_lumc/sparql http" 200 882
 - - [02/05/2016:07:45:22 -0780] "GET /textmining/gene-disease-association_lumc/sparql http" 200 882
 - - [02/05/2016:07:45:22 -0783] "GET /textmining/gene-disease-association_lumc/sparql http" 200 
 - - [02/05/2016:07:45:22 -0788] "GET /textmining/gene-disease-association_lumc/sparql http" 200 
 - - [02/05/2016:07:45:35 -0320] "GET /textmining/gene-disease-association_lumc http" 200 
 - - [02/05/2016:07:45:35 -0329] "GET /textmining http" 200 
 - - [02/05/2016:07:45:35 -0332] "GET /textmining http" 200 936
 - - [02/05/2016:07:45:35 -0334] "GET /textmining/gene-disease-association_lumc http" 200 936
 - - [02/05/2016:07:45:35 -0337] "GET /textmining/gene-disease-association_lumc http" 200 936
 - - [02/05/2016:07:45:35 -0340] "GET /textmining/dumpy http" 404 
 - - [02/05/2016:07:45:35 -0342] "GET /textmining http" 200 
 - - [02/05/2016:07:45:35 -0347] "GET /textmining http" 200 
 - - [02/05/2016:07:45:35 -0350] "GET /dumpy http" 404 
 - - [02/05/2016:07:45:35 -0631] "GET /textmining/gene-disease-association_lumc/dummy http" 404 
 - - [02/05/2016:07:45:35 -0634] "GET /textmining/gene-disease-association_lumc/sparql http" 200 
 - - [02/05/2016:07:45:35 -0637] "GET /textmining/gene-disease-association_lumc/sparql http" 200 882
 - - [02/05/2016:07:45:35 -0639] "GET /textmining/gene-disease-association_lumc/sparql http" 200 882
 - - [02/05/2016:07:45:35 -0642] "GET /textmining/gene-disease-association_lumc/sparql http" 200 882
 - - [02/05/2016:07:45:35 -0645] "GET /textmining/gene-disease-association_lumc/sparql http" 200 
 - - [02/05/2016:07:45:35 -0651] "GET /textmining/gene-disease-association_lumc/sparql http" 200 
 - - [02/05/2016:07:48:40 -0091] "GET /textmining/gene-disease-association_lumc http" 200 
 - - [02/05/2016:07:48:40 -0102] "GET /textmining http" 200 
 - - [02/05/2016:07:48:40 -0104] "GET /textmining http" 200 936
 - - [02/05/2016:07:48:40 -0107] "GET /textmining/gene-disease-association_lumc http" 200 936
 - - [02/05/2016:07:48:40 -0110] "GET /textmining/gene-disease-association_lumc http" 200 936
 - - [02/05/2016:07:48:40 -0114] "GET /textmining/dumpy http" 404 
 - - [02/05/2016:07:48:40 -0117] "GET /textmining http" 200 
 - - [02/05/2016:07:48:40 -0124] "GET /textmining http" 200 
 - - [02/05/2016:07:48:40 -0128] "GET /dumpy http" 404 
 - - [02/05/2016:07:48:40 -0441] "GET /textmining/gene-disease-association_lumc/dummy http" 404 
 - - [02/05/2016:07:48:40 -0444] "GET /textmining/gene-disease-association_lumc/sparql http" 200 
 - - [02/05/2016:07:48:40 -0447] "GET /textmining/gene-disease-association_lumc/sparql http" 200 882
 - - [02/05/2016:07:48:40 -0449] "GET /textmining/gene-disease-association_lumc/sparql http" 200 882
 - - [02/05/2016:07:48:40 -0451] "GET /textmining/gene-disease-association_lumc/sparql http" 200 882
 - - [02/05/2016:07:48:40 -0454] "GET /textmining/gene-disease-association_lumc/sparql http" 200 
 - - [02/05/2016:07:48:40 -0459] "GET /textmining/gene-disease-association_lumc/sparql http" 200 
 - - [02/05/2016:07:48:57 -0235] "GET /textmining/gene-disease-association_lumc http" 200 
 - - [02/05/2016:07:48:57 -0245] "GET /textmining http" 200 
 - - [02/05/2016:07:48:57 -0248] "GET /textmining http" 200 936
 - - [02/05/2016:07:48:57 -0251] "GET /textmining/gene-disease-association_lumc http" 200 936
 - - [02/05/2016:07:48:57 -0254] "GET /textmining/gene-disease-association_lumc http" 200 936
 - - [02/05/2016:07:48:57 -0258] "GET /textmining/dumpy http" 404 
 - - [02/05/2016:07:48:57 -0261] "GET /textmining http" 200 
 - - [02/05/2016:07:48:57 -0269] "GET /textmining http" 200 
 - - [02/05/2016:07:48:57 -0273] "GET /dumpy http" 404 
 - - [02/05/2016:07:48:57 -0637] "GET /textmining/gene-disease-association_lumc/dummy http" 404 
 - - [02/05/2016:07:48:57 -0640] "GET /textmining/gene-disease-association_lumc/sparql http" 200 
 - - [02/05/2016:07:48:57 -0643] "GET /textmining/gene-disease-association_lumc/sparql http" 200 882
 - - [02/05/2016:07:48:57 -0645] "GET /textmining/gene-disease-association_lumc/sparql http" 200 882
 - - [02/05/2016:07:48:57 -0648] "GET /textmining/gene-disease-association_lumc/sparql http" 200 882
 - - [02/05/2016:07:48:57 -0652] "GET /textmining/gene-disease-association_lumc/sparql http" 200 
 - - [02/05/2016:07:48:57 -0658] "GET /textmining/gene-disease-association_lumc/sparql http" 200 
 - - [02/05/2016:07:54:23 -0544] "GET /textmining/gene-disease-association_lumc http" 200 
 - - [02/05/2016:07:54:23 -0555] "GET /textmining http" 200 
 - - [02/05/2016:07:54:23 -0558] "GET /textmining http" 200 936
 - - [02/05/2016:07:54:23 -0561] "GET /textmining/gene-disease-association_lumc http" 200 936
 - - [02/05/2016:07:54:23 -0564] "GET /textmining/gene-disease-association_lumc http" 200 936
 - - [02/05/2016:07:54:23 -0568] "GET /textmining/dumpy http" 404 
 - - [02/05/2016:07:54:23 -0571] "GET /textmining http" 200 
 - - [02/05/2016:07:54:23 -0579] "GET /textmining http" 200 
 - - [02/05/2016:07:54:23 -0582] "GET /dumpy http" 404 
 - - [02/05/2016:07:54:23 -0915] "GET /textmining/gene-disease-association_lumc/dummy http" 404 
 - - [02/05/2016:07:54:23 -0918] "GET /textmining/gene-disease-association_lumc/sparql http" 200 
 - - [02/05/2016:07:54:23 -0920] "GET /textmining/gene-disease-association_lumc/sparql http" 200 882
 - - [02/05/2016:07:54:23 -0922] "GET /textmining/gene-disease-association_lumc/sparql http" 200 882
 - - [02/05/2016:07:54:23 -0924] "GET /textmining/gene-disease-association_lumc/sparql http" 200 882
 - - [02/05/2016:07:54:23 -0927] "GET /textmining/gene-disease-association_lumc/sparql http" 200 
 - - [02/05/2016:07:54:23 -0932] "GET /textmining/gene-disease-association_lumc/sparql http" 200 
 - - [02/05/2016:07:54:48 -0914] "GET /textmining/gene-disease-association_lumc http" 200 
 - - [02/05/2016:07:54:48 -0924] "GET /textmining http" 200 
 - - [02/05/2016:07:54:48 -0927] "GET /textmining http" 200 936
 - - [02/05/2016:07:54:48 -0930] "GET /textmining/gene-disease-association_lumc http" 200 936
 - - [02/05/2016:07:54:48 -0936] "GET /textmining/gene-disease-association_lumc http" 200 936
 - - [02/05/2016:07:54:48 -0940] "GET /textmining/dumpy http" 404 
 - - [02/05/2016:07:54:48 -0944] "GET /textmining http" 200 
 - - [02/05/2016:07:54:48 -0951] "GET /textmining http" 200 
 - - [02/05/2016:07:54:48 -0955] "GET /dumpy http" 404 
 - - [02/05/2016:07:54:49 -0214] "GET /textmining/gene-disease-association_lumc/dummy http" 404 
 - - [02/05/2016:07:54:49 -0218] "GET /textmining/gene-disease-association_lumc/sparql http" 200 
 - - [02/05/2016:07:54:49 -0220] "GET /textmining/gene-disease-association_lumc/sparql http" 200 882
 - - [02/05/2016:07:54:49 -0222] "GET /textmining/gene-disease-association_lumc/sparql http" 200 882
 - - [02/05/2016:07:54:49 -0224] "GET /textmining/gene-disease-association_lumc/sparql http" 200 882
 - - [02/05/2016:07:54:49 -0227] "GET /textmining/gene-disease-association_lumc/sparql http" 200 
 - - [02/05/2016:07:54:49 -0232] "GET /textmining/gene-disease-association_lumc/sparql http" 200 
 - - [02/05/2016:08:03:03 -0786] "GET /textmining/gene-disease-association_lumc http" 200 
 - - [02/05/2016:08:03:03 -0798] "GET /textmining http" 200 
 - - [02/05/2016:08:03:03 -0801] "GET /textmining http" 200 936
 - - [02/05/2016:08:03:03 -0804] "GET /textmining/gene-disease-association_lumc http" 200 936
 - - [02/05/2016:08:03:03 -0807] "GET /textmining/gene-disease-association_lumc http" 200 936
 - - [02/05/2016:08:03:03 -0812] "GET /textmining/dumpy http" 404 
 - - [02/05/2016:08:03:03 -0815] "GET /textmining http" 200 
 - - [02/05/2016:08:03:03 -0824] "GET /textmining http" 200 
 - - [02/05/2016:08:03:03 -0828] "GET /dumpy http" 404 
 - - [02/05/2016:08:03:04 -0124] "GET /textmining/gene-disease-association_lumc/dummy http" 404 
 - - [02/05/2016:08:03:04 -0126] "GET /textmining/gene-disease-association_lumc/sparql http" 200 
 - - [02/05/2016:08:03:04 -0128] "GET /textmining/gene-disease-association_lumc/sparql http" 200 882
 - - [02/05/2016:08:03:04 -0130] "GET /textmining/gene-disease-association_lumc/sparql http" 200 882
 - - [02/05/2016:08:03:04 -0131] "GET /textmining/gene-disease-association_lumc/sparql http" 200 882
 - - [02/05/2016:08:03:04 -0134] "GET /textmining/gene-disease-association_lumc/sparql http" 200 
 - - [02/05/2016:08:03:04 -0139] "GET /textmining/gene-disease-association_lumc/sparql http" 200 
