[INFO ] 2016-04-18 12:59:24.465 [main] RestApiContext - Inmemory triple store initialize for test
[INFO ] 2016-04-18 12:59:26.521 [main] RestApiContext - Inmemory triple store initialize for test
[INFO ] 2016-04-18 12:59:26.857 [main] RestApiContext - Inmemory triple store initialize for test
[INFO ] 2016-04-18 12:59:27.206 [main] RestApiContext - Inmemory triple store initialize for test
[INFO ] 2016-04-18 12:59:27.523 [main] MetadataController - Request to get DATASET metadata textmining
[INFO ] 2016-04-18 12:59:27.524 [main] MetadataController - GET : http://localhost/textmining/gene-disease-association_lumc
[API-REQUEST] 2016-04-18 12:59:27.526 [main] MetadataController - 
[INFO ] 2016-04-18 12:59:27.539 [main] MetadataController - Request to get CATALOG metadata textmining
[INFO ] 2016-04-18 12:59:27.539 [main] MetadataController - GET : http://localhost/textmining
[API-REQUEST] 2016-04-18 12:59:27.544 [main] MetadataController - 
[INFO ] 2016-04-18 12:59:27.546 [main] MetadataController - Request to get CATALOG metadata textmining
[INFO ] 2016-04-18 12:59:27.546 [main] MetadataController - GET : http://localhost/textmining
[API-REQUEST] 2016-04-18 12:59:27.546 [main] MetadataController - 
[INFO ] 2016-04-18 12:59:27.548 [main] MetadataController - Request to get DATASET metadata textmining
[INFO ] 2016-04-18 12:59:27.548 [main] MetadataController - GET : http://localhost/textmining/gene-disease-association_lumc
[API-REQUEST] 2016-04-18 12:59:27.549 [main] MetadataController - 
[INFO ] 2016-04-18 12:59:27.551 [main] MetadataController - Request to get DATASET metadata textmining
[INFO ] 2016-04-18 12:59:27.551 [main] MetadataController - GET : http://localhost/textmining/gene-disease-association_lumc
[API-REQUEST] 2016-04-18 12:59:27.552 [main] MetadataController - 
[INFO ] 2016-04-18 12:59:27.554 [main] MetadataController - Request to get DATASET metadata textmining
[INFO ] 2016-04-18 12:59:27.555 [main] MetadataController - GET : http://localhost/textmining/dumpy
[API-REQUEST] 2016-04-18 12:59:27.555 [main] MetadataController - 
[INFO ] 2016-04-18 12:59:27.557 [main] MetadataController - Request to get CATALOG metadata textmining
[INFO ] 2016-04-18 12:59:27.557 [main] MetadataController - GET : http://localhost/textmining
[API-REQUEST] 2016-04-18 12:59:27.558 [main] MetadataController - 
[INFO ] 2016-04-18 12:59:27.563 [main] MetadataController - Request to get CATALOG metadata textmining
[INFO ] 2016-04-18 12:59:27.563 [main] MetadataController - GET : http://localhost/textmining
[API-REQUEST] 2016-04-18 12:59:27.564 [main] MetadataController - 
[INFO ] 2016-04-18 12:59:27.566 [main] MetadataController - Request to get CATALOG metadata dumpy
[INFO ] 2016-04-18 12:59:27.566 [main] MetadataController - GET : http://localhost/dumpy
[API-REQUEST] 2016-04-18 12:59:27.567 [main] MetadataController - 
[INFO ] 2016-04-18 12:59:27.670 [main] RestApiContext - Inmemory triple store initialize for test
[INFO ] 2016-04-18 12:59:27.842 [main] DataAccessorController - Request to get dataset's distribution dummy
[INFO ] 2016-04-18 12:59:27.842 [main] DataAccessorController - GET : http://localhost/textmining/gene-disease-association_lumc/dummy
[API-REQUEST] 2016-04-18 12:59:27.843 [main] DataAccessorController - 
[INFO ] 2016-04-18 12:59:27.845 [main] DataAccessorController - Request to get dataset's distribution sparql
[INFO ] 2016-04-18 12:59:27.845 [main] DataAccessorController - GET : http://localhost/textmining/gene-disease-association_lumc/sparql
[API-REQUEST] 2016-04-18 12:59:27.846 [main] DataAccessorController - 
[INFO ] 2016-04-18 12:59:27.848 [main] DataAccessorController - Request to get dataset's distribution sparql
[INFO ] 2016-04-18 12:59:27.849 [main] DataAccessorController - GET : http://localhost/textmining/gene-disease-association_lumc/sparql
[API-REQUEST] 2016-04-18 12:59:27.849 [main] DataAccessorController - 
[INFO ] 2016-04-18 12:59:27.851 [main] DataAccessorController - Request to get dataset's distribution sparql
[INFO ] 2016-04-18 12:59:27.851 [main] DataAccessorController - GET : http://localhost/textmining/gene-disease-association_lumc/sparql
[API-REQUEST] 2016-04-18 12:59:27.852 [main] DataAccessorController - 
[INFO ] 2016-04-18 12:59:27.853 [main] DataAccessorController - Request to get dataset's distribution sparql
[INFO ] 2016-04-18 12:59:27.853 [main] DataAccessorController - GET : http://localhost/textmining/gene-disease-association_lumc/sparql
[API-REQUEST] 2016-04-18 12:59:27.854 [main] DataAccessorController - 
[INFO ] 2016-04-18 12:59:27.856 [main] DataAccessorController - Request to get dataset's distribution sparql
[INFO ] 2016-04-18 12:59:27.856 [main] DataAccessorController - GET : http://localhost/textmining/gene-disease-association_lumc/sparql
[API-REQUEST] 2016-04-18 12:59:27.857 [main] DataAccessorController - 
[INFO ] 2016-04-18 12:59:27.861 [main] DataAccessorController - Request to get dataset's distribution sparql
[INFO ] 2016-04-18 12:59:27.861 [main] DataAccessorController - GET : http://localhost/textmining/gene-disease-association_lumc/sparql
[API-REQUEST] 2016-04-18 12:59:27.862 [main] DataAccessorController - 
[INFO ] 2016-04-18 12:59:52.606 [main] RestApiContext - Inmemory triple store initialize for test
[INFO ] 2016-04-18 12:59:53.740 [main] RestApiContext - Inmemory triple store initialize for test
[INFO ] 2016-04-18 12:59:54.011 [main] RestApiContext - Inmemory triple store initialize for test
[INFO ] 2016-04-18 12:59:54.262 [main] RestApiContext - Inmemory triple store initialize for test
[INFO ] 2016-04-18 12:59:54.440 [main] MetadataController - Request to get DATASET metadata textmining
[INFO ] 2016-04-18 12:59:54.441 [main] MetadataController - GET : http://localhost/textmining/gene-disease-association_lumc
[API-REQUEST] 2016-04-18 12:59:54.443 [main] MetadataController - 
[INFO ] 2016-04-18 12:59:54.452 [main] MetadataController - Request to get CATALOG metadata textmining
[INFO ] 2016-04-18 12:59:54.453 [main] MetadataController - GET : http://localhost/textmining
[API-REQUEST] 2016-04-18 12:59:54.454 [main] MetadataController - 
[INFO ] 2016-04-18 12:59:54.456 [main] MetadataController - Request to get CATALOG metadata textmining
[INFO ] 2016-04-18 12:59:54.456 [main] MetadataController - GET : http://localhost/textmining
[API-REQUEST] 2016-04-18 12:59:54.457 [main] MetadataController - 
[INFO ] 2016-04-18 12:59:54.459 [main] MetadataController - Request to get DATASET metadata textmining
[INFO ] 2016-04-18 12:59:54.460 [main] MetadataController - GET : http://localhost/textmining/gene-disease-association_lumc
[API-REQUEST] 2016-04-18 12:59:54.461 [main] MetadataController - 
[INFO ] 2016-04-18 12:59:54.463 [main] MetadataController - Request to get DATASET metadata textmining
[INFO ] 2016-04-18 12:59:54.464 [main] MetadataController - GET : http://localhost/textmining/gene-disease-association_lumc
[API-REQUEST] 2016-04-18 12:59:54.464 [main] MetadataController - 
[INFO ] 2016-04-18 12:59:54.468 [main] MetadataController - Request to get DATASET metadata textmining
[INFO ] 2016-04-18 12:59:54.469 [main] MetadataController - GET : http://localhost/textmining/dumpy
[API-REQUEST] 2016-04-18 12:59:54.469 [main] MetadataController - 
[INFO ] 2016-04-18 12:59:54.471 [main] MetadataController - Request to get CATALOG metadata textmining
[INFO ] 2016-04-18 12:59:54.471 [main] MetadataController - GET : http://localhost/textmining
[API-REQUEST] 2016-04-18 12:59:54.472 [main] MetadataController - 
[INFO ] 2016-04-18 12:59:54.481 [main] MetadataController - Request to get CATALOG metadata textmining
[INFO ] 2016-04-18 12:59:54.481 [main] MetadataController - GET : http://localhost/textmining
[API-REQUEST] 2016-04-18 12:59:54.482 [main] MetadataController - 
[INFO ] 2016-04-18 12:59:54.486 [main] MetadataController - Request to get CATALOG metadata dumpy
[INFO ] 2016-04-18 12:59:54.486 [main] MetadataController - GET : http://localhost/dumpy
[API-REQUEST] 2016-04-18 12:59:54.486 [main] MetadataController - 
[INFO ] 2016-04-18 12:59:54.586 [main] RestApiContext - Inmemory triple store initialize for test
[INFO ] 2016-04-18 12:59:54.725 [main] DataAccessorController - Request to get dataset's distribution dummy
[INFO ] 2016-04-18 12:59:54.725 [main] DataAccessorController - GET : http://localhost/textmining/gene-disease-association_lumc/dummy
[API-REQUEST] 2016-04-18 12:59:54.726 [main] DataAccessorController - 
[INFO ] 2016-04-18 12:59:54.727 [main] DataAccessorController - Request to get dataset's distribution sparql
[INFO ] 2016-04-18 12:59:54.727 [main] DataAccessorController - GET : http://localhost/textmining/gene-disease-association_lumc/sparql
[API-REQUEST] 2016-04-18 12:59:54.728 [main] DataAccessorController - 
[INFO ] 2016-04-18 12:59:54.729 [main] DataAccessorController - Request to get dataset's distribution sparql
[INFO ] 2016-04-18 12:59:54.729 [main] DataAccessorController - GET : http://localhost/textmining/gene-disease-association_lumc/sparql
[API-REQUEST] 2016-04-18 12:59:54.729 [main] DataAccessorController - 
[INFO ] 2016-04-18 12:59:54.732 [main] DataAccessorController - Request to get dataset's distribution sparql
[INFO ] 2016-04-18 12:59:54.732 [main] DataAccessorController - GET : http://localhost/textmining/gene-disease-association_lumc/sparql
[API-REQUEST] 2016-04-18 12:59:54.732 [main] DataAccessorController - 
[INFO ] 2016-04-18 12:59:54.734 [main] DataAccessorController - Request to get dataset's distribution sparql
[INFO ] 2016-04-18 12:59:54.734 [main] DataAccessorController - GET : http://localhost/textmining/gene-disease-association_lumc/sparql
[API-REQUEST] 2016-04-18 12:59:54.735 [main] DataAccessorController - 
[INFO ] 2016-04-18 12:59:54.737 [main] DataAccessorController - Request to get dataset's distribution sparql
[INFO ] 2016-04-18 12:59:54.738 [main] DataAccessorController - GET : http://localhost/textmining/gene-disease-association_lumc/sparql
[API-REQUEST] 2016-04-18 12:59:54.738 [main] DataAccessorController - 
[INFO ] 2016-04-18 12:59:54.743 [main] DataAccessorController - Request to get dataset's distribution sparql
[INFO ] 2016-04-18 12:59:54.744 [main] DataAccessorController - GET : http://localhost/textmining/gene-disease-association_lumc/sparql
[API-REQUEST] 2016-04-18 12:59:54.744 [main] DataAccessorController - 
[INFO ] 2016-04-18 15:52:57.628 [main] RestApiContext - Inmemory triple store initialize for test
[INFO ] 2016-04-18 15:53:00.404 [main] RestApiContext - Inmemory triple store initialize for test
[INFO ] 2016-04-18 15:53:00.790 [main] RestApiContext - Inmemory triple store initialize for test
[INFO ] 2016-04-18 15:53:01.178 [main] RestApiContext - Inmemory triple store initialize for test
[INFO ] 2016-04-18 15:53:01.485 [main] MetadataController - Request to get DATASET metadata textmining
[INFO ] 2016-04-18 15:53:01.486 [main] MetadataController - GET : http://localhost/textmining/gene-disease-association_lumc
[API-REQUEST] 2016-04-18 15:53:01.490 [main] MetadataController - 
[INFO ] 2016-04-18 15:53:01.517 [main] MetadataController - Request to get CATALOG metadata textmining
[INFO ] 2016-04-18 15:53:01.518 [main] MetadataController - GET : http://localhost/textmining
[API-REQUEST] 2016-04-18 15:53:01.518 [main] MetadataController - 
[INFO ] 2016-04-18 15:53:01.521 [main] MetadataController - Request to get CATALOG metadata textmining
[INFO ] 2016-04-18 15:53:01.521 [main] MetadataController - GET : http://localhost/textmining
[API-REQUEST] 2016-04-18 15:53:01.521 [main] MetadataController - 
[INFO ] 2016-04-18 15:53:01.523 [main] MetadataController - Request to get DATASET metadata textmining
[INFO ] 2016-04-18 15:53:01.523 [main] MetadataController - GET : http://localhost/textmining/gene-disease-association_lumc
[API-REQUEST] 2016-04-18 15:53:01.524 [main] MetadataController - 
[INFO ] 2016-04-18 15:53:01.525 [main] MetadataController - Request to get DATASET metadata textmining
[INFO ] 2016-04-18 15:53:01.525 [main] MetadataController - GET : http://localhost/textmining/gene-disease-association_lumc
[API-REQUEST] 2016-04-18 15:53:01.526 [main] MetadataController - 
[INFO ] 2016-04-18 15:53:01.529 [main] MetadataController - Request to get DATASET metadata textmining
[INFO ] 2016-04-18 15:53:01.529 [main] MetadataController - GET : http://localhost/textmining/dumpy
[API-REQUEST] 2016-04-18 15:53:01.529 [main] MetadataController - 
[INFO ] 2016-04-18 15:53:01.531 [main] MetadataController - Request to get CATALOG metadata textmining
[INFO ] 2016-04-18 15:53:01.531 [main] MetadataController - GET : http://localhost/textmining
[API-REQUEST] 2016-04-18 15:53:01.532 [main] MetadataController - 
[INFO ] 2016-04-18 15:53:01.538 [main] MetadataController - Request to get CATALOG metadata textmining
[INFO ] 2016-04-18 15:53:01.538 [main] MetadataController - GET : http://localhost/textmining
[API-REQUEST] 2016-04-18 15:53:01.539 [main] MetadataController - 
[INFO ] 2016-04-18 15:53:01.542 [main] MetadataController - Request to get CATALOG metadata dumpy
[INFO ] 2016-04-18 15:53:01.543 [main] MetadataController - GET : http://localhost/dumpy
[API-REQUEST] 2016-04-18 15:53:01.543 [main] MetadataController - 
[INFO ] 2016-04-18 15:53:01.684 [main] RestApiContext - Inmemory triple store initialize for test
[INFO ] 2016-04-18 15:53:01.863 [main] DataAccessorController - Request to get dataset's distribution dummy
[INFO ] 2016-04-18 15:53:01.863 [main] DataAccessorController - GET : http://localhost/textmining/gene-disease-association_lumc/dummy
[API-REQUEST] 2016-04-18 15:53:01.863 [main] DataAccessorController - 
[INFO ] 2016-04-18 15:53:01.866 [main] DataAccessorController - Request to get dataset's distribution sparql
[INFO ] 2016-04-18 15:53:01.866 [main] DataAccessorController - GET : http://localhost/textmining/gene-disease-association_lumc/sparql
[API-REQUEST] 2016-04-18 15:53:01.866 [main] DataAccessorController - 
[INFO ] 2016-04-18 15:53:01.868 [main] DataAccessorController - Request to get dataset's distribution sparql
[INFO ] 2016-04-18 15:53:01.868 [main] DataAccessorController - GET : http://localhost/textmining/gene-disease-association_lumc/sparql
[API-REQUEST] 2016-04-18 15:53:01.869 [main] DataAccessorController - 
[INFO ] 2016-04-18 15:53:01.870 [main] DataAccessorController - Request to get dataset's distribution sparql
[INFO ] 2016-04-18 15:53:01.870 [main] DataAccessorController - GET : http://localhost/textmining/gene-disease-association_lumc/sparql
[API-REQUEST] 2016-04-18 15:53:01.871 [main] DataAccessorController - 
[INFO ] 2016-04-18 15:53:01.872 [main] DataAccessorController - Request to get dataset's distribution sparql
[INFO ] 2016-04-18 15:53:01.872 [main] DataAccessorController - GET : http://localhost/textmining/gene-disease-association_lumc/sparql
[API-REQUEST] 2016-04-18 15:53:01.873 [main] DataAccessorController - 
[INFO ] 2016-04-18 15:53:01.876 [main] DataAccessorController - Request to get dataset's distribution sparql
[INFO ] 2016-04-18 15:53:01.876 [main] DataAccessorController - GET : http://localhost/textmining/gene-disease-association_lumc/sparql
[API-REQUEST] 2016-04-18 15:53:01.876 [main] DataAccessorController - 
[INFO ] 2016-04-18 15:53:01.881 [main] DataAccessorController - Request to get dataset's distribution sparql
[INFO ] 2016-04-18 15:53:01.881 [main] DataAccessorController - GET : http://localhost/textmining/gene-disease-association_lumc/sparql
[API-REQUEST] 2016-04-18 15:53:01.882 [main] DataAccessorController - 
[INFO ] 2016-04-18 17:10:28.591 [main] RestApiContext - Inmemory triple store initialize for test
[INFO ] 2016-04-18 17:10:30.613 [main] RestApiContext - Inmemory triple store initialize for test
[INFO ] 2016-04-18 17:10:31.092 [main] RestApiContext - Inmemory triple store initialize for test
[INFO ] 2016-04-18 17:10:31.721 [main] RestApiContext - Inmemory triple store initialize for test
[INFO ] 2016-04-18 17:10:32.023 [main] MetadataController - Request to get DATASET metadata textmining
[INFO ] 2016-04-18 17:10:32.024 [main] MetadataController - GET : http://localhost/textmining/gene-disease-association_lumc
[API-REQUEST] 2016-04-18 17:10:32.025 [main] MetadataController - 
[INFO ] 2016-04-18 17:10:32.038 [main] MetadataController - Request to get CATALOG metadata textmining
[INFO ] 2016-04-18 17:10:32.039 [main] MetadataController - GET : http://localhost/textmining
[API-REQUEST] 2016-04-18 17:10:32.039 [main] MetadataController - 
[INFO ] 2016-04-18 17:10:32.042 [main] MetadataController - Request to get CATALOG metadata textmining
[INFO ] 2016-04-18 17:10:32.043 [main] MetadataController - GET : http://localhost/textmining
[API-REQUEST] 2016-04-18 17:10:32.044 [main] MetadataController - 
[INFO ] 2016-04-18 17:10:32.046 [main] MetadataController - Request to get DATASET metadata textmining
[INFO ] 2016-04-18 17:10:32.047 [main] MetadataController - GET : http://localhost/textmining/gene-disease-association_lumc
[API-REQUEST] 2016-04-18 17:10:32.048 [main] MetadataController - 
[INFO ] 2016-04-18 17:10:32.051 [main] MetadataController - Request to get DATASET metadata textmining
[INFO ] 2016-04-18 17:10:32.051 [main] MetadataController - GET : http://localhost/textmining/gene-disease-association_lumc
[API-REQUEST] 2016-04-18 17:10:32.052 [main] MetadataController - 
[INFO ] 2016-04-18 17:10:32.057 [main] MetadataController - Request to get DATASET metadata textmining
[INFO ] 2016-04-18 17:10:32.057 [main] MetadataController - GET : http://localhost/textmining/dumpy
[API-REQUEST] 2016-04-18 17:10:32.057 [main] MetadataController - 
[INFO ] 2016-04-18 17:10:32.061 [main] MetadataController - Request to get CATALOG metadata textmining
[INFO ] 2016-04-18 17:10:32.061 [main] MetadataController - GET : http://localhost/textmining
[API-REQUEST] 2016-04-18 17:10:32.063 [main] MetadataController - 
[INFO ] 2016-04-18 17:10:32.072 [main] MetadataController - Request to get CATALOG metadata textmining
[INFO ] 2016-04-18 17:10:32.072 [main] MetadataController - GET : http://localhost/textmining
[API-REQUEST] 2016-04-18 17:10:32.073 [main] MetadataController - 
[INFO ] 2016-04-18 17:10:32.077 [main] MetadataController - Request to get CATALOG metadata dumpy
[INFO ] 2016-04-18 17:10:32.078 [main] MetadataController - GET : http://localhost/dumpy
[API-REQUEST] 2016-04-18 17:10:32.078 [main] MetadataController - 
[INFO ] 2016-04-18 17:10:32.227 [main] RestApiContext - Inmemory triple store initialize for test
[INFO ] 2016-04-18 17:10:32.486 [main] DataAccessorController - Request to get dataset's distribution dummy
[INFO ] 2016-04-18 17:10:32.486 [main] DataAccessorController - GET : http://localhost/textmining/gene-disease-association_lumc/dummy
[API-REQUEST] 2016-04-18 17:10:32.486 [main] DataAccessorController - 
[INFO ] 2016-04-18 17:10:32.489 [main] DataAccessorController - Request to get dataset's distribution sparql
[INFO ] 2016-04-18 17:10:32.489 [main] DataAccessorController - GET : http://localhost/textmining/gene-disease-association_lumc/sparql
[API-REQUEST] 2016-04-18 17:10:32.489 [main] DataAccessorController - 
[INFO ] 2016-04-18 17:10:32.491 [main] DataAccessorController - Request to get dataset's distribution sparql
[INFO ] 2016-04-18 17:10:32.491 [main] DataAccessorController - GET : http://localhost/textmining/gene-disease-association_lumc/sparql
[API-REQUEST] 2016-04-18 17:10:32.492 [main] DataAccessorController - 
[INFO ] 2016-04-18 17:10:32.493 [main] DataAccessorController - Request to get dataset's distribution sparql
[INFO ] 2016-04-18 17:10:32.494 [main] DataAccessorController - GET : http://localhost/textmining/gene-disease-association_lumc/sparql
[API-REQUEST] 2016-04-18 17:10:32.494 [main] DataAccessorController - 
[INFO ] 2016-04-18 17:10:32.496 [main] DataAccessorController - Request to get dataset's distribution sparql
[INFO ] 2016-04-18 17:10:32.496 [main] DataAccessorController - GET : http://localhost/textmining/gene-disease-association_lumc/sparql
[API-REQUEST] 2016-04-18 17:10:32.496 [main] DataAccessorController - 
[INFO ] 2016-04-18 17:10:32.499 [main] DataAccessorController - Request to get dataset's distribution sparql
[INFO ] 2016-04-18 17:10:32.499 [main] DataAccessorController - GET : http://localhost/textmining/gene-disease-association_lumc/sparql
[API-REQUEST] 2016-04-18 17:10:32.499 [main] DataAccessorController - 
[INFO ] 2016-04-18 17:10:32.504 [main] DataAccessorController - Request to get dataset's distribution sparql
[INFO ] 2016-04-18 17:10:32.504 [main] DataAccessorController - GET : http://localhost/textmining/gene-disease-association_lumc/sparql
[API-REQUEST] 2016-04-18 17:10:32.505 [main] DataAccessorController - 
[INFO ] 2016-04-18 17:38:40.310 [main] RestApiContext - Inmemory triple store initialize for test
[INFO ] 2016-04-18 17:38:41.888 [main] RestApiContext - Inmemory triple store initialize for test
[INFO ] 2016-04-18 17:38:42.239 [main] RestApiContext - Inmemory triple store initialize for test
[INFO ] 2016-04-18 17:38:42.580 [main] RestApiContext - Inmemory triple store initialize for test
[INFO ] 2016-04-18 17:38:42.723 [main] MetadataController - Request to get DATASET metadata textmining
[INFO ] 2016-04-18 17:38:42.723 [main] MetadataController - GET : http://localhost/textmining/gene-disease-association_lumc
[API-REQUEST] 2016-04-18 17:38:42.725 [main] MetadataController - 
[INFO ] 2016-04-18 17:38:42.753 [main] MetadataController - Request to get CATALOG metadata textmining
[INFO ] 2016-04-18 17:38:42.754 [main] MetadataController - GET : http://localhost/textmining
[API-REQUEST] 2016-04-18 17:38:42.754 [main] MetadataController - 
[INFO ] 2016-04-18 17:38:42.756 [main] MetadataController - Request to get CATALOG metadata textmining
[INFO ] 2016-04-18 17:38:42.757 [main] MetadataController - GET : http://localhost/textmining
[API-REQUEST] 2016-04-18 17:38:42.757 [main] MetadataController - 
[INFO ] 2016-04-18 17:38:42.759 [main] MetadataController - Request to get DATASET metadata textmining
[INFO ] 2016-04-18 17:38:42.759 [main] MetadataController - GET : http://localhost/textmining/gene-disease-association_lumc
[API-REQUEST] 2016-04-18 17:38:42.762 [main] MetadataController - 
[INFO ] 2016-04-18 17:38:42.764 [main] MetadataController - Request to get DATASET metadata textmining
[INFO ] 2016-04-18 17:38:42.764 [main] MetadataController - GET : http://localhost/textmining/gene-disease-association_lumc
[API-REQUEST] 2016-04-18 17:38:42.765 [main] MetadataController - 
[INFO ] 2016-04-18 17:38:42.768 [main] MetadataController - Request to get DATASET metadata textmining
[INFO ] 2016-04-18 17:38:42.768 [main] MetadataController - GET : http://localhost/textmining/dumpy
[API-REQUEST] 2016-04-18 17:38:42.768 [main] MetadataController - 
[INFO ] 2016-04-18 17:38:42.771 [main] MetadataController - Request to get CATALOG metadata textmining
[INFO ] 2016-04-18 17:38:42.771 [main] MetadataController - GET : http://localhost/textmining
[API-REQUEST] 2016-04-18 17:38:42.771 [main] MetadataController - 
[INFO ] 2016-04-18 17:38:42.777 [main] MetadataController - Request to get CATALOG metadata textmining
[INFO ] 2016-04-18 17:38:42.777 [main] MetadataController - GET : http://localhost/textmining
[API-REQUEST] 2016-04-18 17:38:42.777 [main] MetadataController - 
[INFO ] 2016-04-18 17:38:42.781 [main] MetadataController - Request to get CATALOG metadata dumpy
[INFO ] 2016-04-18 17:38:42.781 [main] MetadataController - GET : http://localhost/dumpy
[API-REQUEST] 2016-04-18 17:38:42.781 [main] MetadataController - 
[INFO ] 2016-04-18 17:38:42.912 [main] RestApiContext - Inmemory triple store initialize for test
[INFO ] 2016-04-18 17:38:43.078 [main] DataAccessorController - Request to get dataset's distribution dummy
[INFO ] 2016-04-18 17:38:43.078 [main] DataAccessorController - GET : http://localhost/textmining/gene-disease-association_lumc/dummy
[API-REQUEST] 2016-04-18 17:38:43.079 [main] DataAccessorController - 
[INFO ] 2016-04-18 17:38:43.082 [main] DataAccessorController - Request to get dataset's distribution sparql
[INFO ] 2016-04-18 17:38:43.082 [main] DataAccessorController - GET : http://localhost/textmining/gene-disease-association_lumc/sparql
[API-REQUEST] 2016-04-18 17:38:43.083 [main] DataAccessorController - 
[INFO ] 2016-04-18 17:38:43.085 [main] DataAccessorController - Request to get dataset's distribution sparql
[INFO ] 2016-04-18 17:38:43.085 [main] DataAccessorController - GET : http://localhost/textmining/gene-disease-association_lumc/sparql
[API-REQUEST] 2016-04-18 17:38:43.086 [main] DataAccessorController - 
[INFO ] 2016-04-18 17:38:43.088 [main] DataAccessorController - Request to get dataset's distribution sparql
[INFO ] 2016-04-18 17:38:43.088 [main] DataAccessorController - GET : http://localhost/textmining/gene-disease-association_lumc/sparql
[API-REQUEST] 2016-04-18 17:38:43.088 [main] DataAccessorController - 
[INFO ] 2016-04-18 17:38:43.090 [main] DataAccessorController - Request to get dataset's distribution sparql
[INFO ] 2016-04-18 17:38:43.090 [main] DataAccessorController - GET : http://localhost/textmining/gene-disease-association_lumc/sparql
[API-REQUEST] 2016-04-18 17:38:43.091 [main] DataAccessorController - 
[INFO ] 2016-04-18 17:38:43.093 [main] DataAccessorController - Request to get dataset's distribution sparql
[INFO ] 2016-04-18 17:38:43.094 [main] DataAccessorController - GET : http://localhost/textmining/gene-disease-association_lumc/sparql
[API-REQUEST] 2016-04-18 17:38:43.094 [main] DataAccessorController - 
[INFO ] 2016-04-18 17:38:43.100 [main] DataAccessorController - Request to get dataset's distribution sparql
[INFO ] 2016-04-18 17:38:43.100 [main] DataAccessorController - GET : http://localhost/textmining/gene-disease-association_lumc/sparql
[API-REQUEST] 2016-04-18 17:38:43.101 [main] DataAccessorController - 
