[INFO ] 2016-02-24 13:17:25.415 [main] RestApiConfiguration - Inmemory triple store initialize for test
[INFO ] 2016-02-24 13:17:26.501 [main] DataAccessorController - Request to get dataset's distribution dummy
[INFO ] 2016-02-24 13:17:26.501 [main] DataAccessorController - GET : http://localhost/textmining/gene-disease-association_lumc/dummy
[API-REQUEST] 2016-02-24 13:17:26.504 [main] DataAccessorController - 
[INFO ] 2016-02-24 13:17:26.508 [main] DataAccessorController - Request to get dataset's distribution sparql
[INFO ] 2016-02-24 13:17:26.508 [main] DataAccessorController - GET : http://localhost/textmining/gene-disease-association_lumc/sparql
[API-REQUEST] 2016-02-24 13:17:26.515 [main] DataAccessorController - 
[INFO ] 2016-02-24 13:17:26.521 [main] DataAccessorController - Request to get dataset's distribution sparql
[INFO ] 2016-02-24 13:17:26.521 [main] DataAccessorController - GET : http://localhost/textmining/gene-disease-association_lumc/sparql
[API-REQUEST] 2016-02-24 13:17:26.522 [main] DataAccessorController - 
[INFO ] 2016-02-24 13:17:26.525 [main] DataAccessorController - Request to get dataset's distribution sparql
[INFO ] 2016-02-24 13:17:26.525 [main] DataAccessorController - GET : http://localhost/textmining/gene-disease-association_lumc/sparql
[API-REQUEST] 2016-02-24 13:17:26.526 [main] DataAccessorController - 
[INFO ] 2016-02-24 13:17:26.528 [main] DataAccessorController - Request to get dataset's distribution sparql
[INFO ] 2016-02-24 13:17:26.528 [main] DataAccessorController - GET : http://localhost/textmining/gene-disease-association_lumc/sparql
[API-REQUEST] 2016-02-24 13:17:26.529 [main] DataAccessorController - 
[INFO ] 2016-02-24 13:17:26.532 [main] DataAccessorController - Request to get dataset's distribution sparql
[INFO ] 2016-02-24 13:17:26.532 [main] DataAccessorController - GET : http://localhost/textmining/gene-disease-association_lumc/sparql
[API-REQUEST] 2016-02-24 13:17:26.533 [main] DataAccessorController - 
[INFO ] 2016-02-24 13:17:26.540 [main] DataAccessorController - Request to get dataset's distribution sparql
[INFO ] 2016-02-24 13:17:26.540 [main] DataAccessorController - GET : http://localhost/textmining/gene-disease-association_lumc/sparql
[API-REQUEST] 2016-02-24 13:17:26.541 [main] DataAccessorController - 
[INFO ] 2016-02-24 13:17:26.773 [main] RestApiConfiguration - Inmemory triple store initialize for test
[INFO ] 2016-02-24 13:17:27.077 [main] MetadataController - Request to get DATASET metadata textmining
[INFO ] 2016-02-24 13:17:27.077 [main] MetadataController - GET : http://localhost/textmining/gene-disease-association_lumc
[API-REQUEST] 2016-02-24 13:17:27.079 [main] MetadataController - 
[INFO ] 2016-02-24 13:17:27.084 [main] MetadataController - Request to get CATALOG metadata textmining
[INFO ] 2016-02-24 13:17:27.084 [main] MetadataController - GET : http://localhost/textmining
[API-REQUEST] 2016-02-24 13:17:27.085 [main] MetadataController - 
[INFO ] 2016-02-24 13:17:27.089 [main] MetadataController - Request to get CATALOG metadata textmining
[INFO ] 2016-02-24 13:17:27.089 [main] MetadataController - GET : http://localhost/textmining
[API-REQUEST] 2016-02-24 13:17:27.090 [main] MetadataController - 
[INFO ] 2016-02-24 13:17:27.092 [main] MetadataController - Request to get DATASET metadata textmining
[INFO ] 2016-02-24 13:17:27.092 [main] MetadataController - GET : http://localhost/textmining/gene-disease-association_lumc
[API-REQUEST] 2016-02-24 13:17:27.093 [main] MetadataController - 
[INFO ] 2016-02-24 13:17:27.096 [main] MetadataController - Request to get DATASET metadata textmining
[INFO ] 2016-02-24 13:17:27.096 [main] MetadataController - GET : http://localhost/textmining/gene-disease-association_lumc
[API-REQUEST] 2016-02-24 13:17:27.097 [main] MetadataController - 
[INFO ] 2016-02-24 13:17:27.101 [main] MetadataController - Request to get DATASET metadata textmining
[INFO ] 2016-02-24 13:17:27.101 [main] MetadataController - GET : http://localhost/textmining/dumpy
[API-REQUEST] 2016-02-24 13:17:27.101 [main] MetadataController - 
[INFO ] 2016-02-24 13:17:27.103 [main] MetadataController - Request to get CATALOG metadata textmining
[INFO ] 2016-02-24 13:17:27.103 [main] MetadataController - GET : http://localhost/textmining
[API-REQUEST] 2016-02-24 13:17:27.104 [main] MetadataController - 
[INFO ] 2016-02-24 13:17:27.109 [main] MetadataController - Request to get CATALOG metadata textmining
[INFO ] 2016-02-24 13:17:27.109 [main] MetadataController - GET : http://localhost/textmining
[API-REQUEST] 2016-02-24 13:17:27.110 [main] MetadataController - 
[INFO ] 2016-02-24 13:17:27.112 [main] MetadataController - Request to get CATALOG metadata dumpy
[INFO ] 2016-02-24 13:17:27.112 [main] MetadataController - GET : http://localhost/dumpy
[API-REQUEST] 2016-02-24 13:17:27.113 [main] MetadataController - 
[INFO ] 2016-02-24 13:17:27.294 [main] RestApiConfiguration - Inmemory triple store initialize for test
[INFO ] 2016-02-24 13:17:27.676 [main] RestApiConfiguration - Inmemory triple store initialize for test
[INFO ] 2016-02-24 13:17:28.008 [main] RestApiConfiguration - Inmemory triple store initialize for test
[INFO ] 2016-02-24 13:17:55.939 [main] RestApiConfiguration - Inmemory triple store initialize for test
[INFO ] 2016-02-24 13:17:57.032 [main] DataAccessorController - Request to get dataset's distribution dummy
[INFO ] 2016-02-24 13:17:57.032 [main] DataAccessorController - GET : http://localhost/textmining/gene-disease-association_lumc/dummy
[API-REQUEST] 2016-02-24 13:17:57.035 [main] DataAccessorController - 
[INFO ] 2016-02-24 13:17:57.039 [main] DataAccessorController - Request to get dataset's distribution sparql
[INFO ] 2016-02-24 13:17:57.039 [main] DataAccessorController - GET : http://localhost/textmining/gene-disease-association_lumc/sparql
[API-REQUEST] 2016-02-24 13:17:57.046 [main] DataAccessorController - 
[INFO ] 2016-02-24 13:17:57.052 [main] DataAccessorController - Request to get dataset's distribution sparql
[INFO ] 2016-02-24 13:17:57.052 [main] DataAccessorController - GET : http://localhost/textmining/gene-disease-association_lumc/sparql
[API-REQUEST] 2016-02-24 13:17:57.053 [main] DataAccessorController - 
[INFO ] 2016-02-24 13:17:57.056 [main] DataAccessorController - Request to get dataset's distribution sparql
[INFO ] 2016-02-24 13:17:57.056 [main] DataAccessorController - GET : http://localhost/textmining/gene-disease-association_lumc/sparql
[API-REQUEST] 2016-02-24 13:17:57.057 [main] DataAccessorController - 
[INFO ] 2016-02-24 13:17:57.059 [main] DataAccessorController - Request to get dataset's distribution sparql
[INFO ] 2016-02-24 13:17:57.059 [main] DataAccessorController - GET : http://localhost/textmining/gene-disease-association_lumc/sparql
[API-REQUEST] 2016-02-24 13:17:57.060 [main] DataAccessorController - 
[INFO ] 2016-02-24 13:17:57.063 [main] DataAccessorController - Request to get dataset's distribution sparql
[INFO ] 2016-02-24 13:17:57.063 [main] DataAccessorController - GET : http://localhost/textmining/gene-disease-association_lumc/sparql
[API-REQUEST] 2016-02-24 13:17:57.064 [main] DataAccessorController - 
[INFO ] 2016-02-24 13:17:57.071 [main] DataAccessorController - Request to get dataset's distribution sparql
[INFO ] 2016-02-24 13:17:57.071 [main] DataAccessorController - GET : http://localhost/textmining/gene-disease-association_lumc/sparql
[API-REQUEST] 2016-02-24 13:17:57.072 [main] DataAccessorController - 
[INFO ] 2016-02-24 13:17:57.301 [main] RestApiConfiguration - Inmemory triple store initialize for test
[INFO ] 2016-02-24 13:17:57.579 [main] MetadataController - Request to get DATASET metadata textmining
[INFO ] 2016-02-24 13:17:57.579 [main] MetadataController - GET : http://localhost/textmining/gene-disease-association_lumc
[API-REQUEST] 2016-02-24 13:17:57.580 [main] MetadataController - 
[INFO ] 2016-02-24 13:17:57.584 [main] MetadataController - Request to get CATALOG metadata textmining
[INFO ] 2016-02-24 13:17:57.584 [main] MetadataController - GET : http://localhost/textmining
[API-REQUEST] 2016-02-24 13:17:57.585 [main] MetadataController - 
[INFO ] 2016-02-24 13:17:57.587 [main] MetadataController - Request to get CATALOG metadata textmining
[INFO ] 2016-02-24 13:17:57.588 [main] MetadataController - GET : http://localhost/textmining
[API-REQUEST] 2016-02-24 13:17:57.588 [main] MetadataController - 
[INFO ] 2016-02-24 13:17:57.590 [main] MetadataController - Request to get DATASET metadata textmining
[INFO ] 2016-02-24 13:17:57.591 [main] MetadataController - GET : http://localhost/textmining/gene-disease-association_lumc
[API-REQUEST] 2016-02-24 13:17:57.591 [main] MetadataController - 
[INFO ] 2016-02-24 13:17:57.594 [main] MetadataController - Request to get DATASET metadata textmining
[INFO ] 2016-02-24 13:17:57.594 [main] MetadataController - GET : http://localhost/textmining/gene-disease-association_lumc
[API-REQUEST] 2016-02-24 13:17:57.595 [main] MetadataController - 
[INFO ] 2016-02-24 13:17:57.599 [main] MetadataController - Request to get DATASET metadata textmining
[INFO ] 2016-02-24 13:17:57.599 [main] MetadataController - GET : http://localhost/textmining/dumpy
[API-REQUEST] 2016-02-24 13:17:57.599 [main] MetadataController - 
[INFO ] 2016-02-24 13:17:57.601 [main] MetadataController - Request to get CATALOG metadata textmining
[INFO ] 2016-02-24 13:17:57.601 [main] MetadataController - GET : http://localhost/textmining
[API-REQUEST] 2016-02-24 13:17:57.602 [main] MetadataController - 
[INFO ] 2016-02-24 13:17:57.607 [main] MetadataController - Request to get CATALOG metadata textmining
[INFO ] 2016-02-24 13:17:57.607 [main] MetadataController - GET : http://localhost/textmining
[API-REQUEST] 2016-02-24 13:17:57.607 [main] MetadataController - 
[INFO ] 2016-02-24 13:17:57.610 [main] MetadataController - Request to get CATALOG metadata dumpy
[INFO ] 2016-02-24 13:17:57.610 [main] MetadataController - GET : http://localhost/dumpy
[API-REQUEST] 2016-02-24 13:17:57.610 [main] MetadataController - 
[INFO ] 2016-02-24 13:17:57.780 [main] RestApiConfiguration - Inmemory triple store initialize for test
[INFO ] 2016-02-24 13:17:58.148 [main] RestApiConfiguration - Inmemory triple store initialize for test
[INFO ] 2016-02-24 13:17:58.473 [main] RestApiConfiguration - Inmemory triple store initialize for test
[INFO ] 2016-02-24 13:39:03.008 [main] RestApiConfiguration - Inmemory triple store initialize for test
[INFO ] 2016-02-24 13:39:04.109 [main] DataAccessorController - Request to get dataset's distribution dummy
[INFO ] 2016-02-24 13:39:04.109 [main] DataAccessorController - GET : http://localhost/textmining/gene-disease-association_lumc/dummy
[API-REQUEST] 2016-02-24 13:39:04.112 [main] DataAccessorController - 
[INFO ] 2016-02-24 13:39:04.115 [main] DataAccessorController - Request to get dataset's distribution sparql
[INFO ] 2016-02-24 13:39:04.116 [main] DataAccessorController - GET : http://localhost/textmining/gene-disease-association_lumc/sparql
[API-REQUEST] 2016-02-24 13:39:04.123 [main] DataAccessorController - 
[INFO ] 2016-02-24 13:39:04.129 [main] DataAccessorController - Request to get dataset's distribution sparql
[INFO ] 2016-02-24 13:39:04.129 [main] DataAccessorController - GET : http://localhost/textmining/gene-disease-association_lumc/sparql
[API-REQUEST] 2016-02-24 13:39:04.130 [main] DataAccessorController - 
[INFO ] 2016-02-24 13:39:04.133 [main] DataAccessorController - Request to get dataset's distribution sparql
[INFO ] 2016-02-24 13:39:04.133 [main] DataAccessorController - GET : http://localhost/textmining/gene-disease-association_lumc/sparql
[API-REQUEST] 2016-02-24 13:39:04.133 [main] DataAccessorController - 
[INFO ] 2016-02-24 13:39:04.136 [main] DataAccessorController - Request to get dataset's distribution sparql
[INFO ] 2016-02-24 13:39:04.136 [main] DataAccessorController - GET : http://localhost/textmining/gene-disease-association_lumc/sparql
[API-REQUEST] 2016-02-24 13:39:04.137 [main] DataAccessorController - 
[INFO ] 2016-02-24 13:39:04.140 [main] DataAccessorController - Request to get dataset's distribution sparql
[INFO ] 2016-02-24 13:39:04.140 [main] DataAccessorController - GET : http://localhost/textmining/gene-disease-association_lumc/sparql
[API-REQUEST] 2016-02-24 13:39:04.141 [main] DataAccessorController - 
[INFO ] 2016-02-24 13:39:04.148 [main] DataAccessorController - Request to get dataset's distribution sparql
[INFO ] 2016-02-24 13:39:04.148 [main] DataAccessorController - GET : http://localhost/textmining/gene-disease-association_lumc/sparql
[API-REQUEST] 2016-02-24 13:39:04.149 [main] DataAccessorController - 
[INFO ] 2016-02-24 13:39:04.377 [main] RestApiConfiguration - Inmemory triple store initialize for test
[INFO ] 2016-02-24 13:39:04.679 [main] MetadataController - Request to get DATASET metadata textmining
[INFO ] 2016-02-24 13:39:04.680 [main] MetadataController - GET : http://localhost/textmining/gene-disease-association_lumc
[API-REQUEST] 2016-02-24 13:39:04.681 [main] MetadataController - 
[INFO ] 2016-02-24 13:39:04.685 [main] MetadataController - Request to get CATALOG metadata textmining
[INFO ] 2016-02-24 13:39:04.685 [main] MetadataController - GET : http://localhost/textmining
[API-REQUEST] 2016-02-24 13:39:04.686 [main] MetadataController - 
[INFO ] 2016-02-24 13:39:04.689 [main] MetadataController - Request to get CATALOG metadata textmining
[INFO ] 2016-02-24 13:39:04.689 [main] MetadataController - GET : http://localhost/textmining
[API-REQUEST] 2016-02-24 13:39:04.689 [main] MetadataController - 
[INFO ] 2016-02-24 13:39:04.692 [main] MetadataController - Request to get DATASET metadata textmining
[INFO ] 2016-02-24 13:39:04.692 [main] MetadataController - GET : http://localhost/textmining/gene-disease-association_lumc
[API-REQUEST] 2016-02-24 13:39:04.693 [main] MetadataController - 
[INFO ] 2016-02-24 13:39:04.695 [main] MetadataController - Request to get DATASET metadata textmining
[INFO ] 2016-02-24 13:39:04.696 [main] MetadataController - GET : http://localhost/textmining/gene-disease-association_lumc
[API-REQUEST] 2016-02-24 13:39:04.697 [main] MetadataController - 
[INFO ] 2016-02-24 13:39:04.700 [main] MetadataController - Request to get DATASET metadata textmining
[INFO ] 2016-02-24 13:39:04.700 [main] MetadataController - GET : http://localhost/textmining/dumpy
[API-REQUEST] 2016-02-24 13:39:04.700 [main] MetadataController - 
[INFO ] 2016-02-24 13:39:04.702 [main] MetadataController - Request to get CATALOG metadata textmining
[INFO ] 2016-02-24 13:39:04.702 [main] MetadataController - GET : http://localhost/textmining
[API-REQUEST] 2016-02-24 13:39:04.703 [main] MetadataController - 
[INFO ] 2016-02-24 13:39:04.708 [main] MetadataController - Request to get CATALOG metadata textmining
[INFO ] 2016-02-24 13:39:04.708 [main] MetadataController - GET : http://localhost/textmining
[API-REQUEST] 2016-02-24 13:39:04.708 [main] MetadataController - 
[INFO ] 2016-02-24 13:39:04.711 [main] MetadataController - Request to get CATALOG metadata dumpy
[INFO ] 2016-02-24 13:39:04.711 [main] MetadataController - GET : http://localhost/dumpy
[API-REQUEST] 2016-02-24 13:39:04.711 [main] MetadataController - 
[INFO ] 2016-02-24 13:39:04.908 [main] RestApiConfiguration - Inmemory triple store initialize for test
[INFO ] 2016-02-24 13:39:05.409 [main] RestApiConfiguration - Inmemory triple store initialize for test
[INFO ] 2016-02-24 13:39:05.808 [main] RestApiConfiguration - Inmemory triple store initialize for test
[INFO ] 2016-02-24 13:45:09.229 [main] RestApiConfiguration - Inmemory triple store initialize for test
[INFO ] 2016-02-24 13:45:10.374 [main] DataAccessorController - Request to get dataset's distribution dummy
[INFO ] 2016-02-24 13:45:10.374 [main] DataAccessorController - GET : http://localhost/textmining/gene-disease-association_lumc/dummy
[API-REQUEST] 2016-02-24 13:45:10.377 [main] DataAccessorController - 
[INFO ] 2016-02-24 13:45:10.380 [main] DataAccessorController - Request to get dataset's distribution sparql
[INFO ] 2016-02-24 13:45:10.380 [main] DataAccessorController - GET : http://localhost/textmining/gene-disease-association_lumc/sparql
[API-REQUEST] 2016-02-24 13:45:10.387 [main] DataAccessorController - 
[INFO ] 2016-02-24 13:45:10.393 [main] DataAccessorController - Request to get dataset's distribution sparql
[INFO ] 2016-02-24 13:45:10.393 [main] DataAccessorController - GET : http://localhost/textmining/gene-disease-association_lumc/sparql
[API-REQUEST] 2016-02-24 13:45:10.394 [main] DataAccessorController - 
[INFO ] 2016-02-24 13:45:10.397 [main] DataAccessorController - Request to get dataset's distribution sparql
[INFO ] 2016-02-24 13:45:10.397 [main] DataAccessorController - GET : http://localhost/textmining/gene-disease-association_lumc/sparql
[API-REQUEST] 2016-02-24 13:45:10.397 [main] DataAccessorController - 
[INFO ] 2016-02-24 13:45:10.400 [main] DataAccessorController - Request to get dataset's distribution sparql
[INFO ] 2016-02-24 13:45:10.400 [main] DataAccessorController - GET : http://localhost/textmining/gene-disease-association_lumc/sparql
[API-REQUEST] 2016-02-24 13:45:10.401 [main] DataAccessorController - 
[INFO ] 2016-02-24 13:45:10.404 [main] DataAccessorController - Request to get dataset's distribution sparql
[INFO ] 2016-02-24 13:45:10.404 [main] DataAccessorController - GET : http://localhost/textmining/gene-disease-association_lumc/sparql
[API-REQUEST] 2016-02-24 13:45:10.405 [main] DataAccessorController - 
[INFO ] 2016-02-24 13:45:10.412 [main] DataAccessorController - Request to get dataset's distribution sparql
[INFO ] 2016-02-24 13:45:10.412 [main] DataAccessorController - GET : http://localhost/textmining/gene-disease-association_lumc/sparql
[API-REQUEST] 2016-02-24 13:45:10.412 [main] DataAccessorController - 
[INFO ] 2016-02-24 13:45:10.637 [main] RestApiConfiguration - Inmemory triple store initialize for test
[INFO ] 2016-02-24 13:45:10.913 [main] MetadataController - Request to get DATASET metadata textmining
[INFO ] 2016-02-24 13:45:10.913 [main] MetadataController - GET : http://localhost/textmining/gene-disease-association_lumc
[API-REQUEST] 2016-02-24 13:45:10.914 [main] MetadataController - 
[INFO ] 2016-02-24 13:45:10.918 [main] MetadataController - Request to get CATALOG metadata textmining
[INFO ] 2016-02-24 13:45:10.918 [main] MetadataController - GET : http://localhost/textmining
[API-REQUEST] 2016-02-24 13:45:10.919 [main] MetadataController - 
[INFO ] 2016-02-24 13:45:10.921 [main] MetadataController - Request to get CATALOG metadata textmining
[INFO ] 2016-02-24 13:45:10.921 [main] MetadataController - GET : http://localhost/textmining
[API-REQUEST] 2016-02-24 13:45:10.922 [main] MetadataController - 
[INFO ] 2016-02-24 13:45:10.924 [main] MetadataController - Request to get DATASET metadata textmining
[INFO ] 2016-02-24 13:45:10.924 [main] MetadataController - GET : http://localhost/textmining/gene-disease-association_lumc
[API-REQUEST] 2016-02-24 13:45:10.925 [main] MetadataController - 
[INFO ] 2016-02-24 13:45:10.928 [main] MetadataController - Request to get DATASET metadata textmining
[INFO ] 2016-02-24 13:45:10.928 [main] MetadataController - GET : http://localhost/textmining/gene-disease-association_lumc
[API-REQUEST] 2016-02-24 13:45:10.929 [main] MetadataController - 
[INFO ] 2016-02-24 13:45:10.932 [main] MetadataController - Request to get DATASET metadata textmining
[INFO ] 2016-02-24 13:45:10.932 [main] MetadataController - GET : http://localhost/textmining/dumpy
[API-REQUEST] 2016-02-24 13:45:10.933 [main] MetadataController - 
[INFO ] 2016-02-24 13:45:10.935 [main] MetadataController - Request to get CATALOG metadata textmining
[INFO ] 2016-02-24 13:45:10.935 [main] MetadataController - GET : http://localhost/textmining
[API-REQUEST] 2016-02-24 13:45:10.935 [main] MetadataController - 
[INFO ] 2016-02-24 13:45:10.940 [main] MetadataController - Request to get CATALOG metadata textmining
[INFO ] 2016-02-24 13:45:10.940 [main] MetadataController - GET : http://localhost/textmining
[API-REQUEST] 2016-02-24 13:45:10.941 [main] MetadataController - 
[INFO ] 2016-02-24 13:45:10.943 [main] MetadataController - Request to get CATALOG metadata dumpy
[INFO ] 2016-02-24 13:45:10.944 [main] MetadataController - GET : http://localhost/dumpy
[API-REQUEST] 2016-02-24 13:45:10.944 [main] MetadataController - 
[INFO ] 2016-02-24 13:45:11.111 [main] RestApiConfiguration - Inmemory triple store initialize for test
[INFO ] 2016-02-24 13:45:11.475 [main] RestApiConfiguration - Inmemory triple store initialize for test
[INFO ] 2016-02-24 13:45:11.796 [main] RestApiConfiguration - Inmemory triple store initialize for test
[INFO ] 2016-02-24 13:47:30.991 [main] RestApiConfiguration - Inmemory triple store initialize for test
[INFO ] 2016-02-24 13:47:32.091 [main] DataAccessorController - Request to get dataset's distribution dummy
[INFO ] 2016-02-24 13:47:32.091 [main] DataAccessorController - GET : http://localhost/textmining/gene-disease-association_lumc/dummy
[API-REQUEST] 2016-02-24 13:47:32.094 [main] DataAccessorController - 
[INFO ] 2016-02-24 13:47:32.098 [main] DataAccessorController - Request to get dataset's distribution sparql
[INFO ] 2016-02-24 13:47:32.098 [main] DataAccessorController - GET : http://localhost/textmining/gene-disease-association_lumc/sparql
[API-REQUEST] 2016-02-24 13:47:32.105 [main] DataAccessorController - 
[INFO ] 2016-02-24 13:47:32.112 [main] DataAccessorController - Request to get dataset's distribution sparql
[INFO ] 2016-02-24 13:47:32.112 [main] DataAccessorController - GET : http://localhost/textmining/gene-disease-association_lumc/sparql
[API-REQUEST] 2016-02-24 13:47:32.113 [main] DataAccessorController - 
[INFO ] 2016-02-24 13:47:32.115 [main] DataAccessorController - Request to get dataset's distribution sparql
[INFO ] 2016-02-24 13:47:32.115 [main] DataAccessorController - GET : http://localhost/textmining/gene-disease-association_lumc/sparql
[API-REQUEST] 2016-02-24 13:47:32.116 [main] DataAccessorController - 
[INFO ] 2016-02-24 13:47:32.119 [main] DataAccessorController - Request to get dataset's distribution sparql
[INFO ] 2016-02-24 13:47:32.119 [main] DataAccessorController - GET : http://localhost/textmining/gene-disease-association_lumc/sparql
[API-REQUEST] 2016-02-24 13:47:32.120 [main] DataAccessorController - 
[INFO ] 2016-02-24 13:47:32.123 [main] DataAccessorController - Request to get dataset's distribution sparql
[INFO ] 2016-02-24 13:47:32.123 [main] DataAccessorController - GET : http://localhost/textmining/gene-disease-association_lumc/sparql
[API-REQUEST] 2016-02-24 13:47:32.124 [main] DataAccessorController - 
[INFO ] 2016-02-24 13:47:32.131 [main] DataAccessorController - Request to get dataset's distribution sparql
[INFO ] 2016-02-24 13:47:32.132 [main] DataAccessorController - GET : http://localhost/textmining/gene-disease-association_lumc/sparql
[API-REQUEST] 2016-02-24 13:47:32.132 [main] DataAccessorController - 
[INFO ] 2016-02-24 13:47:32.359 [main] RestApiConfiguration - Inmemory triple store initialize for test
[INFO ] 2016-02-24 13:47:32.690 [main] MetadataController - Request to get DATASET metadata textmining
[INFO ] 2016-02-24 13:47:32.691 [main] MetadataController - GET : http://localhost/textmining/gene-disease-association_lumc
[API-REQUEST] 2016-02-24 13:47:32.692 [main] MetadataController - 
[INFO ] 2016-02-24 13:47:32.696 [main] MetadataController - Request to get CATALOG metadata textmining
[INFO ] 2016-02-24 13:47:32.696 [main] MetadataController - GET : http://localhost/textmining
[API-REQUEST] 2016-02-24 13:47:32.697 [main] MetadataController - 
[INFO ] 2016-02-24 13:47:32.700 [main] MetadataController - Request to get CATALOG metadata textmining
[INFO ] 2016-02-24 13:47:32.700 [main] MetadataController - GET : http://localhost/textmining
[API-REQUEST] 2016-02-24 13:47:32.701 [main] MetadataController - 
[INFO ] 2016-02-24 13:47:32.703 [main] MetadataController - Request to get DATASET metadata textmining
[INFO ] 2016-02-24 13:47:32.703 [main] MetadataController - GET : http://localhost/textmining/gene-disease-association_lumc
[API-REQUEST] 2016-02-24 13:47:32.704 [main] MetadataController - 
[INFO ] 2016-02-24 13:47:32.707 [main] MetadataController - Request to get DATASET metadata textmining
[INFO ] 2016-02-24 13:47:32.707 [main] MetadataController - GET : http://localhost/textmining/gene-disease-association_lumc
[API-REQUEST] 2016-02-24 13:47:32.708 [main] MetadataController - 
[INFO ] 2016-02-24 13:47:32.712 [main] MetadataController - Request to get DATASET metadata textmining
[INFO ] 2016-02-24 13:47:32.712 [main] MetadataController - GET : http://localhost/textmining/dumpy
[API-REQUEST] 2016-02-24 13:47:32.712 [main] MetadataController - 
[INFO ] 2016-02-24 13:47:32.714 [main] MetadataController - Request to get CATALOG metadata textmining
[INFO ] 2016-02-24 13:47:32.715 [main] MetadataController - GET : http://localhost/textmining
[API-REQUEST] 2016-02-24 13:47:32.715 [main] MetadataController - 
[INFO ] 2016-02-24 13:47:32.722 [main] MetadataController - Request to get CATALOG metadata textmining
[INFO ] 2016-02-24 13:47:32.722 [main] MetadataController - GET : http://localhost/textmining
[API-REQUEST] 2016-02-24 13:47:32.723 [main] MetadataController - 
[INFO ] 2016-02-24 13:47:32.726 [main] MetadataController - Request to get CATALOG metadata dumpy
[INFO ] 2016-02-24 13:47:32.726 [main] MetadataController - GET : http://localhost/dumpy
[API-REQUEST] 2016-02-24 13:47:32.726 [main] MetadataController - 
[INFO ] 2016-02-24 13:47:32.914 [main] RestApiConfiguration - Inmemory triple store initialize for test
[INFO ] 2016-02-24 13:47:33.291 [main] RestApiConfiguration - Inmemory triple store initialize for test
[INFO ] 2016-02-24 13:47:33.638 [main] RestApiConfiguration - Inmemory triple store initialize for test
[INFO ] 2016-02-24 13:50:57.980 [main] RestApiContext - Inmemory triple store initialize for test
[INFO ] 2016-02-24 13:50:59.069 [main] DataAccessorController - Request to get dataset's distribution dummy
[INFO ] 2016-02-24 13:50:59.069 [main] DataAccessorController - GET : http://localhost/textmining/gene-disease-association_lumc/dummy
[API-REQUEST] 2016-02-24 13:50:59.072 [main] DataAccessorController - 
[INFO ] 2016-02-24 13:50:59.075 [main] DataAccessorController - Request to get dataset's distribution sparql
[INFO ] 2016-02-24 13:50:59.075 [main] DataAccessorController - GET : http://localhost/textmining/gene-disease-association_lumc/sparql
[API-REQUEST] 2016-02-24 13:50:59.082 [main] DataAccessorController - 
[INFO ] 2016-02-24 13:50:59.089 [main] DataAccessorController - Request to get dataset's distribution sparql
[INFO ] 2016-02-24 13:50:59.089 [main] DataAccessorController - GET : http://localhost/textmining/gene-disease-association_lumc/sparql
[API-REQUEST] 2016-02-24 13:50:59.089 [main] DataAccessorController - 
[INFO ] 2016-02-24 13:50:59.092 [main] DataAccessorController - Request to get dataset's distribution sparql
[INFO ] 2016-02-24 13:50:59.092 [main] DataAccessorController - GET : http://localhost/textmining/gene-disease-association_lumc/sparql
[API-REQUEST] 2016-02-24 13:50:59.093 [main] DataAccessorController - 
[INFO ] 2016-02-24 13:50:59.096 [main] DataAccessorController - Request to get dataset's distribution sparql
[INFO ] 2016-02-24 13:50:59.096 [main] DataAccessorController - GET : http://localhost/textmining/gene-disease-association_lumc/sparql
[API-REQUEST] 2016-02-24 13:50:59.096 [main] DataAccessorController - 
[INFO ] 2016-02-24 13:50:59.100 [main] DataAccessorController - Request to get dataset's distribution sparql
[INFO ] 2016-02-24 13:50:59.100 [main] DataAccessorController - GET : http://localhost/textmining/gene-disease-association_lumc/sparql
[API-REQUEST] 2016-02-24 13:50:59.100 [main] DataAccessorController - 
[INFO ] 2016-02-24 13:50:59.107 [main] DataAccessorController - Request to get dataset's distribution sparql
[INFO ] 2016-02-24 13:50:59.107 [main] DataAccessorController - GET : http://localhost/textmining/gene-disease-association_lumc/sparql
[API-REQUEST] 2016-02-24 13:50:59.108 [main] DataAccessorController - 
[INFO ] 2016-02-24 13:50:59.332 [main] RestApiContext - Inmemory triple store initialize for test
[INFO ] 2016-02-24 13:50:59.607 [main] MetadataController - Request to get DATASET metadata textmining
[INFO ] 2016-02-24 13:50:59.607 [main] MetadataController - GET : http://localhost/textmining/gene-disease-association_lumc
[API-REQUEST] 2016-02-24 13:50:59.608 [main] MetadataController - 
[INFO ] 2016-02-24 13:50:59.612 [main] MetadataController - Request to get CATALOG metadata textmining
[INFO ] 2016-02-24 13:50:59.613 [main] MetadataController - GET : http://localhost/textmining
[API-REQUEST] 2016-02-24 13:50:59.613 [main] MetadataController - 
[INFO ] 2016-02-24 13:50:59.616 [main] MetadataController - Request to get CATALOG metadata textmining
[INFO ] 2016-02-24 13:50:59.616 [main] MetadataController - GET : http://localhost/textmining
[API-REQUEST] 2016-02-24 13:50:59.616 [main] MetadataController - 
[INFO ] 2016-02-24 13:50:59.619 [main] MetadataController - Request to get DATASET metadata textmining
[INFO ] 2016-02-24 13:50:59.619 [main] MetadataController - GET : http://localhost/textmining/gene-disease-association_lumc
[API-REQUEST] 2016-02-24 13:50:59.620 [main] MetadataController - 
[INFO ] 2016-02-24 13:50:59.622 [main] MetadataController - Request to get DATASET metadata textmining
[INFO ] 2016-02-24 13:50:59.623 [main] MetadataController - GET : http://localhost/textmining/gene-disease-association_lumc
[API-REQUEST] 2016-02-24 13:50:59.624 [main] MetadataController - 
[INFO ] 2016-02-24 13:50:59.627 [main] MetadataController - Request to get DATASET metadata textmining
[INFO ] 2016-02-24 13:50:59.627 [main] MetadataController - GET : http://localhost/textmining/dumpy
[API-REQUEST] 2016-02-24 13:50:59.627 [main] MetadataController - 
[INFO ] 2016-02-24 13:50:59.629 [main] MetadataController - Request to get CATALOG metadata textmining
[INFO ] 2016-02-24 13:50:59.629 [main] MetadataController - GET : http://localhost/textmining
[API-REQUEST] 2016-02-24 13:50:59.630 [main] MetadataController - 
[INFO ] 2016-02-24 13:50:59.634 [main] MetadataController - Request to get CATALOG metadata textmining
[INFO ] 2016-02-24 13:50:59.634 [main] MetadataController - GET : http://localhost/textmining
[API-REQUEST] 2016-02-24 13:50:59.635 [main] MetadataController - 
[INFO ] 2016-02-24 13:50:59.638 [main] MetadataController - Request to get CATALOG metadata dumpy
[INFO ] 2016-02-24 13:50:59.638 [main] MetadataController - GET : http://localhost/dumpy
[API-REQUEST] 2016-02-24 13:50:59.638 [main] MetadataController - 
[INFO ] 2016-02-24 13:50:59.805 [main] RestApiContext - Inmemory triple store initialize for test
[INFO ] 2016-02-24 13:51:00.155 [main] RestApiContext - Inmemory triple store initialize for test
[INFO ] 2016-02-24 13:51:00.514 [main] RestApiContext - Inmemory triple store initialize for test
[INFO ] 2016-04-15 12:52:21.786 [main] RestApiContext - Inmemory triple store initialize for test
[INFO ] 2016-04-15 12:52:23.952 [main] RestApiContext - Inmemory triple store initialize for test
[INFO ] 2016-04-15 12:52:24.564 [main] RestApiContext - Inmemory triple store initialize for test
[INFO ] 2016-04-15 12:52:25.095 [main] RestApiContext - Inmemory triple store initialize for test
[INFO ] 2016-04-15 12:52:25.464 [main] MetadataController - Request to get DATASET metadata textmining
[INFO ] 2016-04-15 12:52:25.464 [main] MetadataController - GET : http://localhost/textmining/gene-disease-association_lumc
[API-REQUEST] 2016-04-15 12:52:25.477 [main] MetadataController - 
[INFO ] 2016-04-15 12:52:25.506 [main] MetadataController - Request to get CATALOG metadata textmining
[INFO ] 2016-04-15 12:52:25.507 [main] MetadataController - GET : http://localhost/textmining
[API-REQUEST] 2016-04-15 12:52:25.508 [main] MetadataController - 
[INFO ] 2016-04-15 12:52:25.512 [main] MetadataController - Request to get CATALOG metadata textmining
[INFO ] 2016-04-15 12:52:25.513 [main] MetadataController - GET : http://localhost/textmining
[API-REQUEST] 2016-04-15 12:52:25.514 [main] MetadataController - 
[INFO ] 2016-04-15 12:52:25.516 [main] MetadataController - Request to get DATASET metadata textmining
[INFO ] 2016-04-15 12:52:25.517 [main] MetadataController - GET : http://localhost/textmining/gene-disease-association_lumc
[API-REQUEST] 2016-04-15 12:52:25.518 [main] MetadataController - 
[INFO ] 2016-04-15 12:52:25.521 [main] MetadataController - Request to get DATASET metadata textmining
[INFO ] 2016-04-15 12:52:25.521 [main] MetadataController - GET : http://localhost/textmining/gene-disease-association_lumc
[API-REQUEST] 2016-04-15 12:52:25.523 [main] MetadataController - 
[INFO ] 2016-04-15 12:52:25.530 [main] MetadataController - Request to get DATASET metadata textmining
[INFO ] 2016-04-15 12:52:25.531 [main] MetadataController - GET : http://localhost/textmining/dumpy
[API-REQUEST] 2016-04-15 12:52:25.532 [main] MetadataController - 
[INFO ] 2016-04-15 12:52:25.537 [main] MetadataController - Request to get CATALOG metadata textmining
[INFO ] 2016-04-15 12:52:25.538 [main] MetadataController - GET : http://localhost/textmining
[API-REQUEST] 2016-04-15 12:52:25.539 [main] MetadataController - 
[INFO ] 2016-04-15 12:52:25.549 [main] MetadataController - Request to get CATALOG metadata textmining
[INFO ] 2016-04-15 12:52:25.550 [main] MetadataController - GET : http://localhost/textmining
[API-REQUEST] 2016-04-15 12:52:25.551 [main] MetadataController - 
[INFO ] 2016-04-15 12:52:25.554 [main] MetadataController - Request to get CATALOG metadata dumpy
[INFO ] 2016-04-15 12:52:25.555 [main] MetadataController - GET : http://localhost/dumpy
[API-REQUEST] 2016-04-15 12:52:25.556 [main] MetadataController - 
[INFO ] 2016-04-15 12:52:25.784 [main] RestApiContext - Inmemory triple store initialize for test
[INFO ] 2016-04-15 12:52:26.102 [main] DataAccessorController - Request to get dataset's distribution dummy
[INFO ] 2016-04-15 12:52:26.102 [main] DataAccessorController - GET : http://localhost/textmining/gene-disease-association_lumc/dummy
[API-REQUEST] 2016-04-15 12:52:26.104 [main] DataAccessorController - 
[INFO ] 2016-04-15 12:52:26.109 [main] DataAccessorController - Request to get dataset's distribution sparql
[INFO ] 2016-04-15 12:52:26.109 [main] DataAccessorController - GET : http://localhost/textmining/gene-disease-association_lumc/sparql
[API-REQUEST] 2016-04-15 12:52:26.110 [main] DataAccessorController - 
[INFO ] 2016-04-15 12:52:26.114 [main] DataAccessorController - Request to get dataset's distribution sparql
[INFO ] 2016-04-15 12:52:26.115 [main] DataAccessorController - GET : http://localhost/textmining/gene-disease-association_lumc/sparql
[API-REQUEST] 2016-04-15 12:52:26.118 [main] DataAccessorController - 
[INFO ] 2016-04-15 12:52:26.128 [main] DataAccessorController - Request to get dataset's distribution sparql
[INFO ] 2016-04-15 12:52:26.129 [main] DataAccessorController - GET : http://localhost/textmining/gene-disease-association_lumc/sparql
[API-REQUEST] 2016-04-15 12:52:26.129 [main] DataAccessorController - 
[INFO ] 2016-04-15 12:52:26.131 [main] DataAccessorController - Request to get dataset's distribution sparql
[INFO ] 2016-04-15 12:52:26.131 [main] DataAccessorController - GET : http://localhost/textmining/gene-disease-association_lumc/sparql
[API-REQUEST] 2016-04-15 12:52:26.132 [main] DataAccessorController - 
[INFO ] 2016-04-15 12:52:26.135 [main] DataAccessorController - Request to get dataset's distribution sparql
[INFO ] 2016-04-15 12:52:26.140 [main] DataAccessorController - GET : http://localhost/textmining/gene-disease-association_lumc/sparql
[API-REQUEST] 2016-04-15 12:52:26.142 [main] DataAccessorController - 
[INFO ] 2016-04-15 12:52:26.152 [main] DataAccessorController - Request to get dataset's distribution sparql
[INFO ] 2016-04-15 12:52:26.152 [main] DataAccessorController - GET : http://localhost/textmining/gene-disease-association_lumc/sparql
[API-REQUEST] 2016-04-15 12:52:26.153 [main] DataAccessorController - 
[INFO ] 2016-04-15 12:53:46.033 [main] RestApiContext - Inmemory triple store initialize for test
[INFO ] 2016-04-15 12:53:47.381 [main] RestApiContext - Inmemory triple store initialize for test
[INFO ] 2016-04-15 12:53:47.663 [main] RestApiContext - Inmemory triple store initialize for test
[INFO ] 2016-04-15 12:53:48.021 [main] RestApiContext - Inmemory triple store initialize for test
[INFO ] 2016-04-15 12:53:48.209 [main] MetadataController - Request to get DATASET metadata textmining
[INFO ] 2016-04-15 12:53:48.209 [main] MetadataController - GET : http://localhost/textmining/gene-disease-association_lumc
[API-REQUEST] 2016-04-15 12:53:48.211 [main] MetadataController - 
[INFO ] 2016-04-15 12:53:48.219 [main] MetadataController - Request to get CATALOG metadata textmining
[INFO ] 2016-04-15 12:53:48.219 [main] MetadataController - GET : http://localhost/textmining
[API-REQUEST] 2016-04-15 12:53:48.220 [main] MetadataController - 
[INFO ] 2016-04-15 12:53:48.222 [main] MetadataController - Request to get CATALOG metadata textmining
[INFO ] 2016-04-15 12:53:48.222 [main] MetadataController - GET : http://localhost/textmining
[API-REQUEST] 2016-04-15 12:53:48.223 [main] MetadataController - 
[INFO ] 2016-04-15 12:53:48.224 [main] MetadataController - Request to get DATASET metadata textmining
[INFO ] 2016-04-15 12:53:48.225 [main] MetadataController - GET : http://localhost/textmining/gene-disease-association_lumc
[API-REQUEST] 2016-04-15 12:53:48.225 [main] MetadataController - 
[INFO ] 2016-04-15 12:53:48.227 [main] MetadataController - Request to get DATASET metadata textmining
[INFO ] 2016-04-15 12:53:48.227 [main] MetadataController - GET : http://localhost/textmining/gene-disease-association_lumc
[API-REQUEST] 2016-04-15 12:53:48.227 [main] MetadataController - 
[INFO ] 2016-04-15 12:53:48.231 [main] MetadataController - Request to get DATASET metadata textmining
[INFO ] 2016-04-15 12:53:48.231 [main] MetadataController - GET : http://localhost/textmining/dumpy
[API-REQUEST] 2016-04-15 12:53:48.231 [main] MetadataController - 
[INFO ] 2016-04-15 12:53:48.234 [main] MetadataController - Request to get CATALOG metadata textmining
[INFO ] 2016-04-15 12:53:48.234 [main] MetadataController - GET : http://localhost/textmining
[API-REQUEST] 2016-04-15 12:53:48.235 [main] MetadataController - 
[INFO ] 2016-04-15 12:53:48.243 [main] MetadataController - Request to get CATALOG metadata textmining
[INFO ] 2016-04-15 12:53:48.243 [main] MetadataController - GET : http://localhost/textmining
[API-REQUEST] 2016-04-15 12:53:48.243 [main] MetadataController - 
[INFO ] 2016-04-15 12:53:48.246 [main] MetadataController - Request to get CATALOG metadata dumpy
[INFO ] 2016-04-15 12:53:48.247 [main] MetadataController - GET : http://localhost/dumpy
[API-REQUEST] 2016-04-15 12:53:48.247 [main] MetadataController - 
[INFO ] 2016-04-15 12:53:48.353 [main] RestApiContext - Inmemory triple store initialize for test
[INFO ] 2016-04-15 12:53:48.464 [main] DataAccessorController - Request to get dataset's distribution dummy
[INFO ] 2016-04-15 12:53:48.464 [main] DataAccessorController - GET : http://localhost/textmining/gene-disease-association_lumc/dummy
[API-REQUEST] 2016-04-15 12:53:48.465 [main] DataAccessorController - 
[INFO ] 2016-04-15 12:53:48.468 [main] DataAccessorController - Request to get dataset's distribution sparql
[INFO ] 2016-04-15 12:53:48.468 [main] DataAccessorController - GET : http://localhost/textmining/gene-disease-association_lumc/sparql
[API-REQUEST] 2016-04-15 12:53:48.470 [main] DataAccessorController - 
[INFO ] 2016-04-15 12:53:48.473 [main] DataAccessorController - Request to get dataset's distribution sparql
[INFO ] 2016-04-15 12:53:48.473 [main] DataAccessorController - GET : http://localhost/textmining/gene-disease-association_lumc/sparql
[API-REQUEST] 2016-04-15 12:53:48.475 [main] DataAccessorController - 
[INFO ] 2016-04-15 12:53:48.478 [main] DataAccessorController - Request to get dataset's distribution sparql
[INFO ] 2016-04-15 12:53:48.478 [main] DataAccessorController - GET : http://localhost/textmining/gene-disease-association_lumc/sparql
[API-REQUEST] 2016-04-15 12:53:48.479 [main] DataAccessorController - 
[INFO ] 2016-04-15 12:53:48.483 [main] DataAccessorController - Request to get dataset's distribution sparql
[INFO ] 2016-04-15 12:53:48.483 [main] DataAccessorController - GET : http://localhost/textmining/gene-disease-association_lumc/sparql
[API-REQUEST] 2016-04-15 12:53:48.484 [main] DataAccessorController - 
[INFO ] 2016-04-15 12:53:48.487 [main] DataAccessorController - Request to get dataset's distribution sparql
[INFO ] 2016-04-15 12:53:48.487 [main] DataAccessorController - GET : http://localhost/textmining/gene-disease-association_lumc/sparql
[API-REQUEST] 2016-04-15 12:53:48.488 [main] DataAccessorController - 
[INFO ] 2016-04-15 12:53:48.493 [main] DataAccessorController - Request to get dataset's distribution sparql
[INFO ] 2016-04-15 12:53:48.493 [main] DataAccessorController - GET : http://localhost/textmining/gene-disease-association_lumc/sparql
[API-REQUEST] 2016-04-15 12:53:48.494 [main] DataAccessorController - 
