 - - [20/05/2016:08:14:56 -0371] "GET /textmining/gene-disease-association_lumc http" 200 
 - - [20/05/2016:08:14:56 -0380] "GET /textmining http" 200 
 - - [20/05/2016:08:14:56 -0383] "GET /textmining http" 200 936
 - - [20/05/2016:08:14:56 -0385] "GET /textmining/gene-disease-association_lumc http" 200 936
 - - [20/05/2016:08:14:56 -0388] "GET /textmining/gene-disease-association_lumc http" 200 936
 - - [20/05/2016:08:14:56 -0391] "GET /textmining/dumpy http" 404 
 - - [20/05/2016:08:14:56 -0394] "GET /textmining http" 200 
 - - [20/05/2016:08:14:56 -0401] "GET /textmining http" 200 
 - - [20/05/2016:08:14:56 -0404] "GET /dumpy http" 404 
 - - [20/05/2016:08:14:56 -0922] "GET /textmining/gene-disease-association_lumc/dummy http" 404 
 - - [20/05/2016:08:14:56 -0927] "GET /textmining/gene-disease-association_lumc/sparql http" 200 
 - - [20/05/2016:08:14:56 -0930] "GET /textmining/gene-disease-association_lumc/sparql http" 200 882
 - - [20/05/2016:08:14:56 -0935] "GET /textmining/gene-disease-association_lumc/sparql http" 200 882
 - - [20/05/2016:08:14:56 -0939] "GET /textmining/gene-disease-association_lumc/sparql http" 200 882
 - - [20/05/2016:08:14:56 -0945] "GET /textmining/gene-disease-association_lumc/sparql http" 200 
 - - [20/05/2016:08:14:56 -0954] "GET /textmining/gene-disease-association_lumc/sparql http" 200 
 - - [20/05/2016:08:15:17 -0069] "GET /textmining/gene-disease-association_lumc http" 200 
 - - [20/05/2016:08:15:17 -0077] "GET /textmining http" 200 
 - - [20/05/2016:08:15:17 -0079] "GET /textmining http" 200 936
 - - [20/05/2016:08:15:17 -0081] "GET /textmining/gene-disease-association_lumc http" 200 936
 - - [20/05/2016:08:15:17 -0083] "GET /textmining/gene-disease-association_lumc http" 200 936
 - - [20/05/2016:08:15:17 -0086] "GET /textmining/dumpy http" 404 
 - - [20/05/2016:08:15:17 -0089] "GET /textmining http" 200 
 - - [20/05/2016:08:15:17 -0095] "GET /textmining http" 200 
 - - [20/05/2016:08:15:17 -0097] "GET /dumpy http" 404 
 - - [20/05/2016:08:15:17 -0492] "GET /textmining/gene-disease-association_lumc/dummy http" 404 
 - - [20/05/2016:08:15:17 -0497] "GET /textmining/gene-disease-association_lumc/sparql http" 200 
 - - [20/05/2016:08:15:17 -0502] "GET /textmining/gene-disease-association_lumc/sparql http" 200 882
 - - [20/05/2016:08:15:17 -0505] "GET /textmining/gene-disease-association_lumc/sparql http" 200 882
 - - [20/05/2016:08:15:17 -0514] "GET /textmining/gene-disease-association_lumc/sparql http" 200 882
 - - [20/05/2016:08:15:17 -0524] "GET /textmining/gene-disease-association_lumc/sparql http" 200 
 - - [20/05/2016:08:15:17 -0533] "GET /textmining/gene-disease-association_lumc/sparql http" 200 
 - - [20/05/2016:08:15:46 -0475] "GET /textmining/gene-disease-association_lumc http" 200 
 - - [20/05/2016:08:15:46 -0484] "GET /textmining http" 200 
 - - [20/05/2016:08:15:46 -0486] "GET /textmining http" 200 936
 - - [20/05/2016:08:15:46 -0488] "GET /textmining/gene-disease-association_lumc http" 200 936
 - - [20/05/2016:08:15:46 -0490] "GET /textmining/gene-disease-association_lumc http" 200 936
 - - [20/05/2016:08:15:46 -0493] "GET /textmining/dumpy http" 404 
 - - [20/05/2016:08:15:46 -0496] "GET /textmining http" 200 
 - - [20/05/2016:08:15:46 -0504] "GET /textmining http" 200 
 - - [20/05/2016:08:15:46 -0507] "GET /dumpy http" 404 
 - - [20/05/2016:08:15:46 -0746] "GET /textmining/gene-disease-association_lumc/dummy http" 404 
 - - [20/05/2016:08:15:46 -0750] "GET /textmining/gene-disease-association_lumc/sparql http" 200 
 - - [20/05/2016:08:15:46 -0754] "GET /textmining/gene-disease-association_lumc/sparql http" 200 882
 - - [20/05/2016:08:15:46 -0757] "GET /textmining/gene-disease-association_lumc/sparql http" 200 882
 - - [20/05/2016:08:15:46 -0758] "GET /textmining/gene-disease-association_lumc/sparql http" 200 882
 - - [20/05/2016:08:15:46 -0761] "GET /textmining/gene-disease-association_lumc/sparql http" 200 
 - - [20/05/2016:08:15:46 -0765] "GET /textmining/gene-disease-association_lumc/sparql http" 200 
 - - [20/05/2016:08:16:02 -0595] "GET /textmining/gene-disease-association_lumc http" 200 
 - - [20/05/2016:08:16:02 -0604] "GET /textmining http" 200 
 - - [20/05/2016:08:16:02 -0606] "GET /textmining http" 200 936
 - - [20/05/2016:08:16:02 -0608] "GET /textmining/gene-disease-association_lumc http" 200 936
 - - [20/05/2016:08:16:02 -0611] "GET /textmining/gene-disease-association_lumc http" 200 936
 - - [20/05/2016:08:16:02 -0615] "GET /textmining/dumpy http" 404 
 - - [20/05/2016:08:16:02 -0618] "GET /textmining http" 200 
 - - [20/05/2016:08:16:02 -0625] "GET /textmining http" 200 
 - - [20/05/2016:08:16:02 -0629] "GET /dumpy http" 404 
 - - [20/05/2016:08:16:02 -0884] "GET /textmining/gene-disease-association_lumc/dummy http" 404 
 - - [20/05/2016:08:16:02 -0886] "GET /textmining/gene-disease-association_lumc/sparql http" 200 
 - - [20/05/2016:08:16:02 -0888] "GET /textmining/gene-disease-association_lumc/sparql http" 200 882
 - - [20/05/2016:08:16:02 -0890] "GET /textmining/gene-disease-association_lumc/sparql http" 200 882
 - - [20/05/2016:08:16:02 -0891] "GET /textmining/gene-disease-association_lumc/sparql http" 200 882
 - - [20/05/2016:08:16:02 -0895] "GET /textmining/gene-disease-association_lumc/sparql http" 200 
 - - [20/05/2016:08:16:02 -0901] "GET /textmining/gene-disease-association_lumc/sparql http" 200 
 - - [20/05/2016:10:18:08 -0197] "GET /textmining/gene-disease-association_lumc http" 200 
 - - [20/05/2016:10:18:08 -0230] "GET /textmining http" 200 
 - - [20/05/2016:10:18:08 -0233] "GET /textmining http" 200 936
 - - [20/05/2016:10:18:08 -0237] "GET /textmining/gene-disease-association_lumc http" 200 936
 - - [20/05/2016:10:18:08 -0240] "GET /textmining/gene-disease-association_lumc http" 200 936
 - - [20/05/2016:10:18:08 -0243] "GET /textmining/dumpy http" 404 
 - - [20/05/2016:10:18:08 -0246] "GET /textmining http" 200 
 - - [20/05/2016:10:18:08 -0255] "GET /textmining http" 200 
 - - [20/05/2016:10:18:08 -0258] "GET /dumpy http" 404 
 - - [20/05/2016:10:18:08 -0621] "GET /textmining/gene-disease-association_lumc/dummy http" 404 
 - - [20/05/2016:10:18:08 -0625] "GET /textmining/gene-disease-association_lumc/sparql http" 200 
 - - [20/05/2016:10:18:08 -0628] "GET /textmining/gene-disease-association_lumc/sparql http" 200 882
 - - [20/05/2016:10:18:08 -0631] "GET /textmining/gene-disease-association_lumc/sparql http" 200 882
 - - [20/05/2016:10:18:08 -0634] "GET /textmining/gene-disease-association_lumc/sparql http" 200 882
 - - [20/05/2016:10:18:08 -0639] "GET /textmining/gene-disease-association_lumc/sparql http" 200 
 - - [20/05/2016:10:18:08 -0646] "GET /textmining/gene-disease-association_lumc/sparql http" 200 
 - - [20/05/2016:10:18:22 -0788] "GET /textmining/gene-disease-association_lumc http" 200 
 - - [20/05/2016:10:18:22 -0798] "GET /textmining http" 200 
 - - [20/05/2016:10:18:22 -0801] "GET /textmining http" 200 936
 - - [20/05/2016:10:18:22 -0804] "GET /textmining/gene-disease-association_lumc http" 200 936
 - - [20/05/2016:10:18:22 -0807] "GET /textmining/gene-disease-association_lumc http" 200 936
 - - [20/05/2016:10:18:22 -0811] "GET /textmining/dumpy http" 404 
 - - [20/05/2016:10:18:22 -0817] "GET /textmining http" 200 
 - - [20/05/2016:10:18:22 -0824] "GET /textmining http" 200 
 - - [20/05/2016:10:18:22 -0828] "GET /dumpy http" 404 
 - - [20/05/2016:10:18:23 -0083] "GET /textmining/gene-disease-association_lumc/dummy http" 404 
 - - [20/05/2016:10:18:23 -0086] "GET /textmining/gene-disease-association_lumc/sparql http" 200 
 - - [20/05/2016:10:18:23 -0088] "GET /textmining/gene-disease-association_lumc/sparql http" 200 882
 - - [20/05/2016:10:18:23 -0089] "GET /textmining/gene-disease-association_lumc/sparql http" 200 882
 - - [20/05/2016:10:18:23 -0091] "GET /textmining/gene-disease-association_lumc/sparql http" 200 882
 - - [20/05/2016:10:18:23 -0093] "GET /textmining/gene-disease-association_lumc/sparql http" 200 
 - - [20/05/2016:10:18:23 -0097] "GET /textmining/gene-disease-association_lumc/sparql http" 200 
