 - - [25/06/2016:13:02:02 -0466] "GET /textmining/gene-disease-association_lumc http" 200 
 - - [25/06/2016:13:02:02 -0475] "GET /textmining http" 200 
 - - [25/06/2016:13:02:02 -0478] "GET /textmining http" 200 936
 - - [25/06/2016:13:02:02 -0480] "GET /textmining/gene-disease-association_lumc http" 200 936
 - - [25/06/2016:13:02:02 -0482] "GET /textmining/gene-disease-association_lumc http" 200 936
 - - [25/06/2016:13:02:02 -0485] "GET /textmining/dumpy http" 404 
 - - [25/06/2016:13:02:02 -0487] "GET /textmining http" 200 
 - - [25/06/2016:13:02:02 -0494] "GET /textmining http" 200 
 - - [25/06/2016:13:02:02 -0499] "GET /dumpy http" 404 
 - - [25/06/2016:13:02:02 -0841] "GET /textmining/gene-disease-association_lumc/dummy http" 404 
 - - [25/06/2016:13:02:02 -0844] "GET /textmining/gene-disease-association_lumc/sparql http" 200 
 - - [25/06/2016:13:02:02 -0847] "GET /textmining/gene-disease-association_lumc/sparql http" 200 882
 - - [25/06/2016:13:02:02 -0849] "GET /textmining/gene-disease-association_lumc/sparql http" 200 882
 - - [25/06/2016:13:02:02 -0852] "GET /textmining/gene-disease-association_lumc/sparql http" 200 882
 - - [25/06/2016:13:02:02 -0855] "GET /textmining/gene-disease-association_lumc/sparql http" 200 
 - - [25/06/2016:13:02:02 -0861] "GET /textmining/gene-disease-association_lumc/sparql http" 200 
 - - [25/06/2016:13:49:50 -0473] "GET /textmining/gene-disease-association_lumc http" 200 
 - - [25/06/2016:13:49:50 -0482] "GET /textmining http" 200 
 - - [25/06/2016:13:49:50 -0485] "GET /textmining http" 200 936
 - - [25/06/2016:13:49:50 -0490] "GET /textmining/gene-disease-association_lumc http" 200 936
 - - [25/06/2016:13:49:50 -0492] "GET /textmining/gene-disease-association_lumc http" 200 936
 - - [25/06/2016:13:49:50 -0495] "GET /textmining/dumpy http" 404 
 - - [25/06/2016:13:49:50 -0497] "GET /textmining http" 200 
 - - [25/06/2016:13:49:50 -0502] "GET /textmining http" 200 
 - - [25/06/2016:13:49:50 -0507] "GET /dumpy http" 404 
 - - [25/06/2016:13:49:50 -0809] "GET /textmining/gene-disease-association_lumc/dummy http" 404 
 - - [25/06/2016:13:49:50 -0813] "GET /textmining/gene-disease-association_lumc/sparql http" 200 
 - - [25/06/2016:13:49:50 -0815] "GET /textmining/gene-disease-association_lumc/sparql http" 200 882
 - - [25/06/2016:13:49:50 -0817] "GET /textmining/gene-disease-association_lumc/sparql http" 200 882
 - - [25/06/2016:13:49:50 -0818] "GET /textmining/gene-disease-association_lumc/sparql http" 200 882
 - - [25/06/2016:13:49:50 -0821] "GET /textmining/gene-disease-association_lumc/sparql http" 200 
 - - [25/06/2016:13:49:50 -0829] "GET /textmining/gene-disease-association_lumc/sparql http" 200 
 - - [25/06/2016:13:51:30 -0170] "GET /textmining/gene-disease-association_lumc http" 200 
 - - [25/06/2016:13:51:30 -0181] "GET /textmining http" 200 
 - - [25/06/2016:13:51:30 -0188] "GET /textmining http" 200 936
 - - [25/06/2016:13:51:30 -0191] "GET /textmining/gene-disease-association_lumc http" 200 936
 - - [25/06/2016:13:51:30 -0193] "GET /textmining/gene-disease-association_lumc http" 200 936
 - - [25/06/2016:13:51:30 -0197] "GET /textmining/dumpy http" 404 
 - - [25/06/2016:13:51:30 -0200] "GET /textmining http" 200 
 - - [25/06/2016:13:51:30 -0210] "GET /textmining http" 200 
 - - [25/06/2016:13:51:30 -0214] "GET /dumpy http" 404 
 - - [25/06/2016:13:51:30 -0477] "GET /textmining/gene-disease-association_lumc/dummy http" 404 
 - - [25/06/2016:13:51:30 -0480] "GET /textmining/gene-disease-association_lumc/sparql http" 200 
 - - [25/06/2016:13:51:30 -0481] "GET /textmining/gene-disease-association_lumc/sparql http" 200 882
 - - [25/06/2016:13:51:30 -0483] "GET /textmining/gene-disease-association_lumc/sparql http" 200 882
 - - [25/06/2016:13:51:30 -0486] "GET /textmining/gene-disease-association_lumc/sparql http" 200 882
 - - [25/06/2016:13:51:30 -0489] "GET /textmining/gene-disease-association_lumc/sparql http" 200 
 - - [25/06/2016:13:51:30 -0493] "GET /textmining/gene-disease-association_lumc/sparql http" 200 
 - - [25/06/2016:13:51:47 -0961] "GET /textmining/gene-disease-association_lumc http" 200 
 - - [25/06/2016:13:51:47 -0971] "GET /textmining http" 200 
 - - [25/06/2016:13:51:47 -0974] "GET /textmining http" 200 936
 - - [25/06/2016:13:51:47 -0977] "GET /textmining/gene-disease-association_lumc http" 200 936
 - - [25/06/2016:13:51:47 -0982] "GET /textmining/gene-disease-association_lumc http" 200 936
 - - [25/06/2016:13:51:47 -0986] "GET /textmining/dumpy http" 404 
 - - [25/06/2016:13:51:47 -0988] "GET /textmining http" 200 
 - - [25/06/2016:13:51:47 -0994] "GET /textmining http" 200 
 - - [25/06/2016:13:51:47 -0999] "GET /dumpy http" 404 
 - - [25/06/2016:13:51:48 -0317] "GET /textmining/gene-disease-association_lumc/dummy http" 404 
 - - [25/06/2016:13:51:48 -0320] "GET /textmining/gene-disease-association_lumc/sparql http" 200 
 - - [25/06/2016:13:51:48 -0323] "GET /textmining/gene-disease-association_lumc/sparql http" 200 882
 - - [25/06/2016:13:51:48 -0324] "GET /textmining/gene-disease-association_lumc/sparql http" 200 882
 - - [25/06/2016:13:51:48 -0327] "GET /textmining/gene-disease-association_lumc/sparql http" 200 882
 - - [25/06/2016:13:51:48 -0330] "GET /textmining/gene-disease-association_lumc/sparql http" 200 
 - - [25/06/2016:13:51:48 -0337] "GET /textmining/gene-disease-association_lumc/sparql http" 200 
 - - [25/06/2016:13:57:24 -0006] "GET /textmining/gene-disease-association_lumc http" 200 
 - - [25/06/2016:13:57:24 -0017] "GET /textmining http" 200 
 - - [25/06/2016:13:57:24 -0020] "GET /textmining http" 200 936
 - - [25/06/2016:13:57:24 -0023] "GET /textmining/gene-disease-association_lumc http" 200 936
 - - [25/06/2016:13:57:24 -0027] "GET /textmining/gene-disease-association_lumc http" 200 936
 - - [25/06/2016:13:57:24 -0030] "GET /textmining/dumpy http" 404 
 - - [25/06/2016:13:57:24 -0033] "GET /textmining http" 200 
 - - [25/06/2016:13:57:24 -0038] "GET /textmining http" 200 
 - - [25/06/2016:13:57:24 -0041] "GET /dumpy http" 404 
 - - [25/06/2016:13:57:24 -0346] "GET /textmining/gene-disease-association_lumc/dummy http" 404 
 - - [25/06/2016:13:57:24 -0349] "GET /textmining/gene-disease-association_lumc/sparql http" 200 
 - - [25/06/2016:13:57:24 -0352] "GET /textmining/gene-disease-association_lumc/sparql http" 200 882
 - - [25/06/2016:13:57:24 -0353] "GET /textmining/gene-disease-association_lumc/sparql http" 200 882
 - - [25/06/2016:13:57:24 -0356] "GET /textmining/gene-disease-association_lumc/sparql http" 200 882
 - - [25/06/2016:13:57:24 -0359] "GET /textmining/gene-disease-association_lumc/sparql http" 200 
 - - [25/06/2016:13:57:24 -0365] "GET /textmining/gene-disease-association_lumc/sparql http" 200 
 - - [25/06/2016:13:57:46 -0320] "GET /textmining/gene-disease-association_lumc http" 200 
 - - [25/06/2016:13:57:46 -0328] "GET /textmining http" 200 
 - - [25/06/2016:13:57:46 -0330] "GET /textmining http" 200 936
 - - [25/06/2016:13:57:46 -0333] "GET /textmining/gene-disease-association_lumc http" 200 936
 - - [25/06/2016:13:57:46 -0336] "GET /textmining/gene-disease-association_lumc http" 200 936
 - - [25/06/2016:13:57:46 -0338] "GET /textmining/dumpy http" 404 
 - - [25/06/2016:13:57:46 -0342] "GET /textmining http" 200 
 - - [25/06/2016:13:57:46 -0350] "GET /textmining http" 200 
 - - [25/06/2016:13:57:46 -0354] "GET /dumpy http" 404 
 - - [25/06/2016:13:57:46 -0679] "GET /textmining/gene-disease-association_lumc/dummy http" 404 
 - - [25/06/2016:13:57:46 -0683] "GET /textmining/gene-disease-association_lumc/sparql http" 200 
 - - [25/06/2016:13:57:46 -0686] "GET /textmining/gene-disease-association_lumc/sparql http" 200 882
 - - [25/06/2016:13:57:46 -0690] "GET /textmining/gene-disease-association_lumc/sparql http" 200 882
 - - [25/06/2016:13:57:46 -0693] "GET /textmining/gene-disease-association_lumc/sparql http" 200 882
 - - [25/06/2016:13:57:46 -0697] "GET /textmining/gene-disease-association_lumc/sparql http" 200 
 - - [25/06/2016:13:57:46 -0704] "GET /textmining/gene-disease-association_lumc/sparql http" 200 
 - - [25/06/2016:13:58:00 -0470] "GET /textmining/gene-disease-association_lumc http" 200 
 - - [25/06/2016:13:58:00 -0481] "GET /textmining http" 200 
 - - [25/06/2016:13:58:00 -0484] "GET /textmining http" 200 936
 - - [25/06/2016:13:58:00 -0488] "GET /textmining/gene-disease-association_lumc http" 200 936
 - - [25/06/2016:13:58:00 -0491] "GET /textmining/gene-disease-association_lumc http" 200 936
 - - [25/06/2016:13:58:00 -0496] "GET /textmining/dumpy http" 404 
 - - [25/06/2016:13:58:00 -0500] "GET /textmining http" 200 
 - - [25/06/2016:13:58:00 -0507] "GET /textmining http" 200 
 - - [25/06/2016:13:58:00 -0512] "GET /dumpy http" 404 
 - - [25/06/2016:13:58:00 -0776] "GET /textmining/gene-disease-association_lumc/dummy http" 404 
 - - [25/06/2016:13:58:00 -0779] "GET /textmining/gene-disease-association_lumc/sparql http" 200 
 - - [25/06/2016:13:58:00 -0781] "GET /textmining/gene-disease-association_lumc/sparql http" 200 882
 - - [25/06/2016:13:58:00 -0782] "GET /textmining/gene-disease-association_lumc/sparql http" 200 882
 - - [25/06/2016:13:58:00 -0784] "GET /textmining/gene-disease-association_lumc/sparql http" 200 882
 - - [25/06/2016:13:58:00 -0787] "GET /textmining/gene-disease-association_lumc/sparql http" 200 
 - - [25/06/2016:13:58:00 -0791] "GET /textmining/gene-disease-association_lumc/sparql http" 200 
 - - [25/06/2016:14:00:05 -0625] "GET /textmining/gene-disease-association_lumc http" 200 
 - - [25/06/2016:14:00:05 -0636] "GET /textmining http" 200 
 - - [25/06/2016:14:00:05 -0639] "GET /textmining http" 200 936
 - - [25/06/2016:14:00:05 -0641] "GET /textmining/gene-disease-association_lumc http" 200 936
 - - [25/06/2016:14:00:05 -0643] "GET /textmining/gene-disease-association_lumc http" 200 936
 - - [25/06/2016:14:00:05 -0647] "GET /textmining/dumpy http" 404 
 - - [25/06/2016:14:00:05 -0650] "GET /textmining http" 200 
 - - [25/06/2016:14:00:05 -0657] "GET /textmining http" 200 
 - - [25/06/2016:14:00:05 -0661] "GET /dumpy http" 404 
 - - [25/06/2016:14:00:05 -0953] "GET /textmining/gene-disease-association_lumc/dummy http" 404 
 - - [25/06/2016:14:00:05 -0956] "GET /textmining/gene-disease-association_lumc/sparql http" 200 
 - - [25/06/2016:14:00:05 -0958] "GET /textmining/gene-disease-association_lumc/sparql http" 200 882
 - - [25/06/2016:14:00:05 -0960] "GET /textmining/gene-disease-association_lumc/sparql http" 200 882
 - - [25/06/2016:14:00:05 -0962] "GET /textmining/gene-disease-association_lumc/sparql http" 200 882
 - - [25/06/2016:14:00:05 -0966] "GET /textmining/gene-disease-association_lumc/sparql http" 200 
 - - [25/06/2016:14:00:05 -0972] "GET /textmining/gene-disease-association_lumc/sparql http" 200 
 - - [25/06/2016:14:00:22 -0402] "GET /textmining/gene-disease-association_lumc http" 200 
 - - [25/06/2016:14:00:22 -0413] "GET /textmining http" 200 
 - - [25/06/2016:14:00:22 -0415] "GET /textmining http" 200 936
 - - [25/06/2016:14:00:22 -0417] "GET /textmining/gene-disease-association_lumc http" 200 936
 - - [25/06/2016:14:00:22 -0419] "GET /textmining/gene-disease-association_lumc http" 200 936
 - - [25/06/2016:14:00:22 -0422] "GET /textmining/dumpy http" 404 
 - - [25/06/2016:14:00:22 -0425] "GET /textmining http" 200 
 - - [25/06/2016:14:00:22 -0431] "GET /textmining http" 200 
 - - [25/06/2016:14:00:22 -0434] "GET /dumpy http" 404 
 - - [25/06/2016:14:00:22 -0676] "GET /textmining/gene-disease-association_lumc/dummy http" 404 
 - - [25/06/2016:14:00:22 -0680] "GET /textmining/gene-disease-association_lumc/sparql http" 200 
 - - [25/06/2016:14:00:22 -0682] "GET /textmining/gene-disease-association_lumc/sparql http" 200 882
 - - [25/06/2016:14:00:22 -0684] "GET /textmining/gene-disease-association_lumc/sparql http" 200 882
 - - [25/06/2016:14:00:22 -0685] "GET /textmining/gene-disease-association_lumc/sparql http" 200 882
 - - [25/06/2016:14:00:22 -0688] "GET /textmining/gene-disease-association_lumc/sparql http" 200 
 - - [25/06/2016:14:00:22 -0693] "GET /textmining/gene-disease-association_lumc/sparql http" 200 
 - - [25/06/2016:14:03:52 -0150] "GET /textmining/gene-disease-association_lumc http" 200 
 - - [25/06/2016:14:03:52 -0159] "GET /textmining http" 200 
 - - [25/06/2016:14:03:52 -0162] "GET /textmining http" 200 936
 - - [25/06/2016:14:03:52 -0165] "GET /textmining/gene-disease-association_lumc http" 200 936
 - - [25/06/2016:14:03:52 -0168] "GET /textmining/gene-disease-association_lumc http" 200 936
 - - [25/06/2016:14:03:52 -0172] "GET /textmining/dumpy http" 404 
 - - [25/06/2016:14:03:52 -0176] "GET /textmining http" 200 
 - - [25/06/2016:14:03:52 -0184] "GET /textmining http" 200 
 - - [25/06/2016:14:03:52 -0188] "GET /dumpy http" 404 
 - - [25/06/2016:14:03:52 -0519] "GET /textmining/gene-disease-association_lumc/dummy http" 404 
 - - [25/06/2016:14:03:52 -0522] "GET /textmining/gene-disease-association_lumc/sparql http" 200 
 - - [25/06/2016:14:03:52 -0526] "GET /textmining/gene-disease-association_lumc/sparql http" 200 882
 - - [25/06/2016:14:03:52 -0532] "GET /textmining/gene-disease-association_lumc/sparql http" 200 882
 - - [25/06/2016:14:03:52 -0536] "GET /textmining/gene-disease-association_lumc/sparql http" 200 882
 - - [25/06/2016:14:03:52 -0541] "GET /textmining/gene-disease-association_lumc/sparql http" 200 
 - - [25/06/2016:14:03:52 -0548] "GET /textmining/gene-disease-association_lumc/sparql http" 200 
 - - [25/06/2016:14:04:11 -0818] "GET /textmining/gene-disease-association_lumc http" 200 
 - - [25/06/2016:14:04:11 -0826] "GET /textmining http" 200 
 - - [25/06/2016:14:04:11 -0829] "GET /textmining http" 200 936
 - - [25/06/2016:14:04:11 -0832] "GET /textmining/gene-disease-association_lumc http" 200 936
 - - [25/06/2016:14:04:11 -0835] "GET /textmining/gene-disease-association_lumc http" 200 936
 - - [25/06/2016:14:04:11 -0840] "GET /textmining/dumpy http" 404 
 - - [25/06/2016:14:04:11 -0844] "GET /textmining http" 200 
 - - [25/06/2016:14:04:11 -0851] "GET /textmining http" 200 
 - - [25/06/2016:14:04:11 -0854] "GET /dumpy http" 404 
 - - [25/06/2016:14:04:12 -0104] "GET /textmining/gene-disease-association_lumc/dummy http" 404 
 - - [25/06/2016:14:04:12 -0106] "GET /textmining/gene-disease-association_lumc/sparql http" 200 
 - - [25/06/2016:14:04:12 -0108] "GET /textmining/gene-disease-association_lumc/sparql http" 200 882
 - - [25/06/2016:14:04:12 -0110] "GET /textmining/gene-disease-association_lumc/sparql http" 200 882
 - - [25/06/2016:14:04:12 -0112] "GET /textmining/gene-disease-association_lumc/sparql http" 200 882
 - - [25/06/2016:14:04:12 -0115] "GET /textmining/gene-disease-association_lumc/sparql http" 200 
 - - [25/06/2016:14:04:12 -0120] "GET /textmining/gene-disease-association_lumc/sparql http" 200 
 - - [25/06/2016:14:21:34 -0285] "GET /textmining/gene-disease-association_lumc http" 200 
 - - [25/06/2016:14:21:34 -0299] "GET /textmining http" 200 
 - - [25/06/2016:14:21:34 -0302] "GET /textmining http" 200 936
 - - [25/06/2016:14:21:34 -0305] "GET /textmining/gene-disease-association_lumc http" 200 936
 - - [25/06/2016:14:21:34 -0308] "GET /textmining/gene-disease-association_lumc http" 200 936
 - - [25/06/2016:14:21:34 -0315] "GET /textmining/dumpy http" 404 
 - - [25/06/2016:14:21:34 -0319] "GET /textmining http" 200 
 - - [25/06/2016:14:21:34 -0328] "GET /textmining http" 200 
 - - [25/06/2016:14:21:34 -0333] "GET /dumpy http" 404 
 - - [25/06/2016:14:21:34 -0667] "GET /textmining/gene-disease-association_lumc/dummy http" 404 
 - - [25/06/2016:14:21:34 -0669] "GET /textmining/gene-disease-association_lumc/sparql http" 200 
 - - [25/06/2016:14:21:34 -0672] "GET /textmining/gene-disease-association_lumc/sparql http" 200 882
 - - [25/06/2016:14:21:34 -0674] "GET /textmining/gene-disease-association_lumc/sparql http" 200 882
 - - [25/06/2016:14:21:34 -0676] "GET /textmining/gene-disease-association_lumc/sparql http" 200 882
 - - [25/06/2016:14:21:34 -0681] "GET /textmining/gene-disease-association_lumc/sparql http" 200 
 - - [25/06/2016:14:21:34 -0689] "GET /textmining/gene-disease-association_lumc/sparql http" 200 
 - - [25/06/2016:14:22:07 -0598] "GET /textmining/gene-disease-association_lumc http" 200 
 - - [25/06/2016:14:22:07 -0613] "GET /textmining http" 200 
 - - [25/06/2016:14:22:07 -0616] "GET /textmining http" 200 936
 - - [25/06/2016:14:22:07 -0619] "GET /textmining/gene-disease-association_lumc http" 200 936
 - - [25/06/2016:14:22:07 -0625] "GET /textmining/gene-disease-association_lumc http" 200 936
 - - [25/06/2016:14:22:07 -0630] "GET /textmining/dumpy http" 404 
 - - [25/06/2016:14:22:07 -0633] "GET /textmining http" 200 
 - - [25/06/2016:14:22:07 -0643] "GET /textmining http" 200 
 - - [25/06/2016:14:22:07 -0646] "GET /dumpy http" 404 
 - - [25/06/2016:14:22:07 -0963] "GET /textmining/gene-disease-association_lumc/dummy http" 404 
 - - [25/06/2016:14:22:07 -0966] "GET /textmining/gene-disease-association_lumc/sparql http" 200 
 - - [25/06/2016:14:22:07 -0968] "GET /textmining/gene-disease-association_lumc/sparql http" 200 882
 - - [25/06/2016:14:22:07 -0970] "GET /textmining/gene-disease-association_lumc/sparql http" 200 882
 - - [25/06/2016:14:22:07 -0972] "GET /textmining/gene-disease-association_lumc/sparql http" 200 882
 - - [25/06/2016:14:22:07 -0975] "GET /textmining/gene-disease-association_lumc/sparql http" 200 
 - - [25/06/2016:14:22:07 -0980] "GET /textmining/gene-disease-association_lumc/sparql http" 200 
 - - [25/06/2016:14:23:06 -0514] "GET /textmining/gene-disease-association_lumc http" 200 
 - - [25/06/2016:14:23:06 -0524] "GET /textmining http" 200 
 - - [25/06/2016:14:23:06 -0527] "GET /textmining http" 200 936
 - - [25/06/2016:14:23:06 -0531] "GET /textmining/gene-disease-association_lumc http" 200 936
 - - [25/06/2016:14:23:06 -0533] "GET /textmining/gene-disease-association_lumc http" 200 936
 - - [25/06/2016:14:23:06 -0537] "GET /textmining/dumpy http" 404 
 - - [25/06/2016:14:23:06 -0539] "GET /textmining http" 200 
 - - [25/06/2016:14:23:06 -0548] "GET /textmining http" 200 
 - - [25/06/2016:14:23:06 -0551] "GET /dumpy http" 404 
 - - [25/06/2016:14:23:06 -0831] "GET /textmining/gene-disease-association_lumc/dummy http" 404 
 - - [25/06/2016:14:23:06 -0834] "GET /textmining/gene-disease-association_lumc/sparql http" 200 
 - - [25/06/2016:14:23:06 -0836] "GET /textmining/gene-disease-association_lumc/sparql http" 200 882
 - - [25/06/2016:14:23:06 -0838] "GET /textmining/gene-disease-association_lumc/sparql http" 200 882
 - - [25/06/2016:14:23:06 -0839] "GET /textmining/gene-disease-association_lumc/sparql http" 200 882
 - - [25/06/2016:14:23:06 -0841] "GET /textmining/gene-disease-association_lumc/sparql http" 200 
 - - [25/06/2016:14:23:06 -0846] "GET /textmining/gene-disease-association_lumc/sparql http" 200 
 - - [25/06/2016:14:24:21 -0951] "GET /textmining/gene-disease-association_lumc http" 200 
 - - [25/06/2016:14:24:21 -0960] "GET /textmining http" 200 
 - - [25/06/2016:14:24:21 -0963] "GET /textmining http" 200 936
 - - [25/06/2016:14:24:21 -0965] "GET /textmining/gene-disease-association_lumc http" 200 936
 - - [25/06/2016:14:24:21 -0968] "GET /textmining/gene-disease-association_lumc http" 200 936
 - - [25/06/2016:14:24:21 -0971] "GET /textmining/dumpy http" 404 
 - - [25/06/2016:14:24:21 -0974] "GET /textmining http" 200 
 - - [25/06/2016:14:24:21 -0979] "GET /textmining http" 200 
 - - [25/06/2016:14:24:21 -0983] "GET /dumpy http" 404 
 - - [25/06/2016:14:24:22 -0253] "GET /textmining/gene-disease-association_lumc/dummy http" 404 
 - - [25/06/2016:14:24:22 -0257] "GET /textmining/gene-disease-association_lumc/sparql http" 200 
 - - [25/06/2016:14:24:22 -0259] "GET /textmining/gene-disease-association_lumc/sparql http" 200 882
 - - [25/06/2016:14:24:22 -0261] "GET /textmining/gene-disease-association_lumc/sparql http" 200 882
 - - [25/06/2016:14:24:22 -0263] "GET /textmining/gene-disease-association_lumc/sparql http" 200 882
 - - [25/06/2016:14:24:22 -0265] "GET /textmining/gene-disease-association_lumc/sparql http" 200 
 - - [25/06/2016:14:24:22 -0269] "GET /textmining/gene-disease-association_lumc/sparql http" 200 
 - - [25/06/2016:14:24:37 -0447] "GET /textmining/gene-disease-association_lumc http" 200 
 - - [25/06/2016:14:24:37 -0457] "GET /textmining http" 200 
 - - [25/06/2016:14:24:37 -0459] "GET /textmining http" 200 936
 - - [25/06/2016:14:24:37 -0461] "GET /textmining/gene-disease-association_lumc http" 200 936
 - - [25/06/2016:14:24:37 -0464] "GET /textmining/gene-disease-association_lumc http" 200 936
 - - [25/06/2016:14:24:37 -0468] "GET /textmining/dumpy http" 404 
 - - [25/06/2016:14:24:37 -0470] "GET /textmining http" 200 
 - - [25/06/2016:14:24:37 -0477] "GET /textmining http" 200 
 - - [25/06/2016:14:24:37 -0481] "GET /dumpy http" 404 
 - - [25/06/2016:14:24:37 -0747] "GET /textmining/gene-disease-association_lumc/dummy http" 404 
 - - [25/06/2016:14:24:37 -0750] "GET /textmining/gene-disease-association_lumc/sparql http" 200 
 - - [25/06/2016:14:24:37 -0753] "GET /textmining/gene-disease-association_lumc/sparql http" 200 882
 - - [25/06/2016:14:24:37 -0755] "GET /textmining/gene-disease-association_lumc/sparql http" 200 882
 - - [25/06/2016:14:24:37 -0757] "GET /textmining/gene-disease-association_lumc/sparql http" 200 882
 - - [25/06/2016:14:24:37 -0762] "GET /textmining/gene-disease-association_lumc/sparql http" 200 
 - - [25/06/2016:14:24:37 -0769] "GET /textmining/gene-disease-association_lumc/sparql http" 200 
 - - [25/06/2016:14:45:06 -0192] "GET /textmining/gene-disease-association_lumc http" 200 
 - - [25/06/2016:14:45:06 -0208] "GET /textmining http" 200 
 - - [25/06/2016:14:45:06 -0213] "GET /textmining http" 200 936
 - - [25/06/2016:14:45:06 -0217] "GET /textmining/gene-disease-association_lumc http" 200 936
 - - [25/06/2016:14:45:06 -0221] "GET /textmining/gene-disease-association_lumc http" 200 936
 - - [25/06/2016:14:45:06 -0228] "GET /textmining/dumpy http" 404 
 - - [25/06/2016:14:45:06 -0233] "GET /textmining http" 200 
 - - [25/06/2016:14:45:06 -0245] "GET /textmining http" 200 
 - - [25/06/2016:14:45:06 -0250] "GET /dumpy http" 404 
 - - [25/06/2016:14:45:06 -0734] "GET /textmining/gene-disease-association_lumc/dummy http" 404 
 - - [25/06/2016:14:45:06 -0737] "GET /textmining/gene-disease-association_lumc/sparql http" 200 
 - - [25/06/2016:14:45:06 -0739] "GET /textmining/gene-disease-association_lumc/sparql http" 200 882
 - - [25/06/2016:14:45:06 -0742] "GET /textmining/gene-disease-association_lumc/sparql http" 200 882
 - - [25/06/2016:14:45:06 -0746] "GET /textmining/gene-disease-association_lumc/sparql http" 200 882
 - - [25/06/2016:14:45:06 -0750] "GET /textmining/gene-disease-association_lumc/sparql http" 200 
 - - [25/06/2016:14:45:06 -0755] "GET /textmining/gene-disease-association_lumc/sparql http" 200 
 - - [25/06/2016:14:45:32 -0777] "GET /textmining/gene-disease-association_lumc http" 200 
 - - [25/06/2016:14:45:32 -0799] "GET /textmining http" 200 
 - - [25/06/2016:14:45:32 -0802] "GET /textmining http" 200 936
 - - [25/06/2016:14:45:32 -0806] "GET /textmining/gene-disease-association_lumc http" 200 936
 - - [25/06/2016:14:45:32 -0810] "GET /textmining/gene-disease-association_lumc http" 200 936
 - - [25/06/2016:14:45:32 -0813] "GET /textmining/dumpy http" 404 
 - - [25/06/2016:14:45:32 -0816] "GET /textmining http" 200 
 - - [25/06/2016:14:45:32 -0824] "GET /textmining http" 200 
 - - [25/06/2016:14:45:32 -0829] "GET /dumpy http" 404 
 - - [25/06/2016:14:45:33 -0215] "GET /textmining/gene-disease-association_lumc/dummy http" 404 
 - - [25/06/2016:14:45:33 -0220] "GET /textmining/gene-disease-association_lumc/sparql http" 200 
 - - [25/06/2016:14:45:33 -0224] "GET /textmining/gene-disease-association_lumc/sparql http" 200 882
 - - [25/06/2016:14:45:33 -0228] "GET /textmining/gene-disease-association_lumc/sparql http" 200 882
 - - [25/06/2016:14:45:33 -0231] "GET /textmining/gene-disease-association_lumc/sparql http" 200 882
 - - [25/06/2016:14:45:33 -0236] "GET /textmining/gene-disease-association_lumc/sparql http" 200 
 - - [25/06/2016:14:45:33 -0244] "GET /textmining/gene-disease-association_lumc/sparql http" 200 
 - - [25/06/2016:16:52:27 -0863] "GET /textmining/gene-disease-association_lumc http" 200 
 - - [25/06/2016:16:52:27 -0880] "GET /textmining http" 200 
 - - [25/06/2016:16:52:27 -0897] "GET /textmining http" 200 936
 - - [25/06/2016:16:52:27 -0900] "GET /textmining/gene-disease-association_lumc http" 200 936
 - - [25/06/2016:16:52:27 -0903] "GET /textmining/gene-disease-association_lumc http" 200 936
 - - [25/06/2016:16:52:27 -0918] "GET /textmining/dumpy http" 404 
 - - [25/06/2016:16:52:27 -0924] "GET /textmining http" 200 
 - - [25/06/2016:16:52:27 -0933] "GET /textmining http" 200 
 - - [25/06/2016:16:52:27 -0939] "GET /dumpy http" 404 
 - - [25/06/2016:16:52:28 -0293] "GET /textmining/gene-disease-association_lumc/dummy http" 404 
 - - [25/06/2016:16:52:28 -0295] "GET /textmining/gene-disease-association_lumc/sparql http" 200 
 - - [25/06/2016:16:52:28 -0297] "GET /textmining/gene-disease-association_lumc/sparql http" 200 882
 - - [25/06/2016:16:52:28 -0299] "GET /textmining/gene-disease-association_lumc/sparql http" 200 882
 - - [25/06/2016:16:52:28 -0302] "GET /textmining/gene-disease-association_lumc/sparql http" 200 882
 - - [25/06/2016:16:52:28 -0305] "GET /textmining/gene-disease-association_lumc/sparql http" 200 
 - - [25/06/2016:16:52:28 -0311] "GET /textmining/gene-disease-association_lumc/sparql http" 200 
 - - [25/06/2016:16:53:53 -0752] "GET /textmining/gene-disease-association_lumc http" 200 
 - - [25/06/2016:16:53:53 -0762] "GET /textmining http" 200 
 - - [25/06/2016:16:53:53 -0765] "GET /textmining http" 200 936
 - - [25/06/2016:16:53:53 -0767] "GET /textmining/gene-disease-association_lumc http" 200 936
 - - [25/06/2016:16:53:53 -0769] "GET /textmining/gene-disease-association_lumc http" 200 936
 - - [25/06/2016:16:53:53 -0772] "GET /textmining/dumpy http" 404 
 - - [25/06/2016:16:53:53 -0775] "GET /textmining http" 200 
 - - [25/06/2016:16:53:53 -0782] "GET /textmining http" 200 
 - - [25/06/2016:16:53:53 -0785] "GET /dumpy http" 404 
 - - [25/06/2016:16:53:54 -0098] "GET /textmining/gene-disease-association_lumc/dummy http" 404 
 - - [25/06/2016:16:53:54 -0101] "GET /textmining/gene-disease-association_lumc/sparql http" 200 
 - - [25/06/2016:16:53:54 -0103] "GET /textmining/gene-disease-association_lumc/sparql http" 200 882
 - - [25/06/2016:16:53:54 -0105] "GET /textmining/gene-disease-association_lumc/sparql http" 200 882
 - - [25/06/2016:16:53:54 -0107] "GET /textmining/gene-disease-association_lumc/sparql http" 200 882
 - - [25/06/2016:16:53:54 -0113] "GET /textmining/gene-disease-association_lumc/sparql http" 200 
 - - [25/06/2016:16:53:54 -0119] "GET /textmining/gene-disease-association_lumc/sparql http" 200 
 - - [25/06/2016:16:54:13 -0979] "GET /textmining/gene-disease-association_lumc http" 200 
 - - [25/06/2016:16:54:13 -0991] "GET /textmining http" 200 
 - - [25/06/2016:16:54:13 -0994] "GET /textmining http" 200 936
 - - [25/06/2016:16:54:13 -0997] "GET /textmining/gene-disease-association_lumc http" 200 936
 - - [25/06/2016:16:54:14 -0000] "GET /textmining/gene-disease-association_lumc http" 200 936
 - - [25/06/2016:16:54:14 -0004] "GET /textmining/dumpy http" 404 
 - - [25/06/2016:16:54:14 -0007] "GET /textmining http" 200 
 - - [25/06/2016:16:54:14 -0016] "GET /textmining http" 200 
 - - [25/06/2016:16:54:14 -0019] "GET /dumpy http" 404 
 - - [25/06/2016:16:54:14 -0350] "GET /textmining/gene-disease-association_lumc/dummy http" 404 
 - - [25/06/2016:16:54:14 -0353] "GET /textmining/gene-disease-association_lumc/sparql http" 200 
 - - [25/06/2016:16:54:14 -0356] "GET /textmining/gene-disease-association_lumc/sparql http" 200 882
 - - [25/06/2016:16:54:14 -0358] "GET /textmining/gene-disease-association_lumc/sparql http" 200 882
 - - [25/06/2016:16:54:14 -0361] "GET /textmining/gene-disease-association_lumc/sparql http" 200 882
 - - [25/06/2016:16:54:14 -0364] "GET /textmining/gene-disease-association_lumc/sparql http" 200 
 - - [25/06/2016:16:54:14 -0371] "GET /textmining/gene-disease-association_lumc/sparql http" 200 
 - - [25/06/2016:16:56:32 -0377] "GET /textmining/gene-disease-association_lumc http" 200 
 - - [25/06/2016:16:56:32 -0390] "GET /textmining http" 200 
 - - [25/06/2016:16:56:32 -0393] "GET /textmining http" 200 936
 - - [25/06/2016:16:56:32 -0396] "GET /textmining/gene-disease-association_lumc http" 200 936
 - - [25/06/2016:16:56:32 -0399] "GET /textmining/gene-disease-association_lumc http" 200 936
 - - [25/06/2016:16:56:32 -0403] "GET /textmining/dumpy http" 404 
 - - [25/06/2016:16:56:32 -0407] "GET /textmining http" 200 
 - - [25/06/2016:16:56:32 -0414] "GET /textmining http" 200 
 - - [25/06/2016:16:56:32 -0419] "GET /dumpy http" 404 
 - - [25/06/2016:16:56:32 -0809] "GET /textmining/gene-disease-association_lumc/dummy http" 404 
 - - [25/06/2016:16:56:32 -0812] "GET /textmining/gene-disease-association_lumc/sparql http" 200 
 - - [25/06/2016:16:56:32 -0816] "GET /textmining/gene-disease-association_lumc/sparql http" 200 882
 - - [25/06/2016:16:56:32 -0818] "GET /textmining/gene-disease-association_lumc/sparql http" 200 882
 - - [25/06/2016:16:56:32 -0820] "GET /textmining/gene-disease-association_lumc/sparql http" 200 882
 - - [25/06/2016:16:56:32 -0824] "GET /textmining/gene-disease-association_lumc/sparql http" 200 
 - - [25/06/2016:16:56:32 -0829] "GET /textmining/gene-disease-association_lumc/sparql http" 200 
 - - [25/06/2016:16:56:48 -0770] "GET /textmining/gene-disease-association_lumc http" 200 
 - - [25/06/2016:16:56:48 -0780] "GET /textmining http" 200 
 - - [25/06/2016:16:56:48 -0782] "GET /textmining http" 200 936
 - - [25/06/2016:16:56:48 -0785] "GET /textmining/gene-disease-association_lumc http" 200 936
 - - [25/06/2016:16:56:48 -0788] "GET /textmining/gene-disease-association_lumc http" 200 936
 - - [25/06/2016:16:56:48 -0792] "GET /textmining/dumpy http" 404 
 - - [25/06/2016:16:56:48 -0794] "GET /textmining http" 200 
 - - [25/06/2016:16:56:48 -0804] "GET /textmining http" 200 
 - - [25/06/2016:16:56:48 -0808] "GET /dumpy http" 404 
 - - [25/06/2016:16:56:49 -0162] "GET /textmining/gene-disease-association_lumc/dummy http" 404 
 - - [25/06/2016:16:56:49 -0167] "GET /textmining/gene-disease-association_lumc/sparql http" 200 
 - - [25/06/2016:16:56:49 -0170] "GET /textmining/gene-disease-association_lumc/sparql http" 200 882
 - - [25/06/2016:16:56:49 -0174] "GET /textmining/gene-disease-association_lumc/sparql http" 200 882
 - - [25/06/2016:16:56:49 -0177] "GET /textmining/gene-disease-association_lumc/sparql http" 200 882
 - - [25/06/2016:16:56:49 -0184] "GET /textmining/gene-disease-association_lumc/sparql http" 200 
 - - [25/06/2016:16:56:49 -0195] "GET /textmining/gene-disease-association_lumc/sparql http" 200 
 - - [25/06/2016:17:09:24 -0880] "GET /textmining/gene-disease-association_lumc http" 200 
 - - [25/06/2016:17:09:24 -0888] "GET /textmining http" 200 
 - - [25/06/2016:17:09:24 -0891] "GET /textmining http" 200 936
 - - [25/06/2016:17:09:24 -0898] "GET /textmining/gene-disease-association_lumc http" 200 936
 - - [25/06/2016:17:09:24 -0901] "GET /textmining/gene-disease-association_lumc http" 200 936
 - - [25/06/2016:17:09:24 -0904] "GET /textmining/dumpy http" 404 
 - - [25/06/2016:17:09:24 -0907] "GET /textmining http" 200 
 - - [25/06/2016:17:09:24 -0913] "GET /textmining http" 200 
 - - [25/06/2016:17:09:24 -0916] "GET /dumpy http" 404 
 - - [25/06/2016:17:09:25 -0253] "GET /textmining/gene-disease-association_lumc/dummy http" 404 
 - - [25/06/2016:17:09:25 -0256] "GET /textmining/gene-disease-association_lumc/sparql http" 200 
 - - [25/06/2016:17:09:25 -0259] "GET /textmining/gene-disease-association_lumc/sparql http" 200 882
 - - [25/06/2016:17:09:25 -0261] "GET /textmining/gene-disease-association_lumc/sparql http" 200 882
 - - [25/06/2016:17:09:25 -0264] "GET /textmining/gene-disease-association_lumc/sparql http" 200 882
 - - [25/06/2016:17:09:25 -0268] "GET /textmining/gene-disease-association_lumc/sparql http" 200 
 - - [25/06/2016:17:09:25 -0276] "GET /textmining/gene-disease-association_lumc/sparql http" 200 
 - - [25/06/2016:17:09:43 -0316] "GET /textmining/gene-disease-association_lumc http" 200 
 - - [25/06/2016:17:09:43 -0336] "GET /textmining http" 200 
 - - [25/06/2016:17:09:43 -0341] "GET /textmining http" 200 936
 - - [25/06/2016:17:09:43 -0344] "GET /textmining/gene-disease-association_lumc http" 200 936
 - - [25/06/2016:17:09:43 -0350] "GET /textmining/gene-disease-association_lumc http" 200 936
 - - [25/06/2016:17:09:43 -0355] "GET /textmining/dumpy http" 404 
 - - [25/06/2016:17:09:43 -0358] "GET /textmining http" 200 
 - - [25/06/2016:17:09:43 -0365] "GET /textmining http" 200 
 - - [25/06/2016:17:09:43 -0369] "GET /dumpy http" 404 
 - - [25/06/2016:17:09:43 -0747] "GET /textmining/gene-disease-association_lumc/dummy http" 404 
 - - [25/06/2016:17:09:43 -0750] "GET /textmining/gene-disease-association_lumc/sparql http" 200 
 - - [25/06/2016:17:09:43 -0753] "GET /textmining/gene-disease-association_lumc/sparql http" 200 882
 - - [25/06/2016:17:09:43 -0756] "GET /textmining/gene-disease-association_lumc/sparql http" 200 882
 - - [25/06/2016:17:09:43 -0760] "GET /textmining/gene-disease-association_lumc/sparql http" 200 882
 - - [25/06/2016:17:09:43 -0764] "GET /textmining/gene-disease-association_lumc/sparql http" 200 
 - - [25/06/2016:17:09:43 -0773] "GET /textmining/gene-disease-association_lumc/sparql http" 200 
 - - [25/06/2016:17:10:05 -0546] "GET /textmining/gene-disease-association_lumc http" 200 
 - - [25/06/2016:17:10:05 -0559] "GET /textmining http" 200 
 - - [25/06/2016:17:10:05 -0561] "GET /textmining http" 200 936
 - - [25/06/2016:17:10:05 -0564] "GET /textmining/gene-disease-association_lumc http" 200 936
 - - [25/06/2016:17:10:05 -0566] "GET /textmining/gene-disease-association_lumc http" 200 936
 - - [25/06/2016:17:10:05 -0570] "GET /textmining/dumpy http" 404 
 - - [25/06/2016:17:10:05 -0573] "GET /textmining http" 200 
 - - [25/06/2016:17:10:05 -0581] "GET /textmining http" 200 
 - - [25/06/2016:17:10:05 -0585] "GET /dumpy http" 404 
 - - [25/06/2016:17:10:05 -0999] "GET /textmining/gene-disease-association_lumc/dummy http" 404 
 - - [25/06/2016:17:10:06 -0004] "GET /textmining/gene-disease-association_lumc/sparql http" 200 
 - - [25/06/2016:17:10:06 -0007] "GET /textmining/gene-disease-association_lumc/sparql http" 200 882
 - - [25/06/2016:17:10:06 -0011] "GET /textmining/gene-disease-association_lumc/sparql http" 200 882
 - - [25/06/2016:17:10:06 -0014] "GET /textmining/gene-disease-association_lumc/sparql http" 200 882
 - - [25/06/2016:17:10:06 -0018] "GET /textmining/gene-disease-association_lumc/sparql http" 200 
 - - [25/06/2016:17:10:06 -0026] "GET /textmining/gene-disease-association_lumc/sparql http" 200 
 - - [25/06/2016:17:12:33 -0862] "GET /textmining/gene-disease-association_lumc http" 200 
 - - [25/06/2016:17:12:33 -0907] "GET /textmining http" 200 
 - - [25/06/2016:17:12:33 -0911] "GET /textmining http" 200 936
 - - [25/06/2016:17:12:33 -0920] "GET /textmining/gene-disease-association_lumc http" 200 936
 - - [25/06/2016:17:12:33 -0931] "GET /textmining/gene-disease-association_lumc http" 200 936
 - - [25/06/2016:17:12:33 -0939] "GET /textmining/dumpy http" 404 
 - - [25/06/2016:17:12:33 -0944] "GET /textmining http" 200 
 - - [25/06/2016:17:12:33 -0965] "GET /textmining http" 200 
 - - [25/06/2016:17:12:33 -0984] "GET /dumpy http" 404 
 - - [25/06/2016:17:12:34 -0536] "GET /textmining/gene-disease-association_lumc/dummy http" 404 
 - - [25/06/2016:17:12:34 -0542] "GET /textmining/gene-disease-association_lumc/sparql http" 200 
 - - [25/06/2016:17:12:34 -0545] "GET /textmining/gene-disease-association_lumc/sparql http" 200 882
 - - [25/06/2016:17:12:34 -0548] "GET /textmining/gene-disease-association_lumc/sparql http" 200 882
 - - [25/06/2016:17:12:34 -0550] "GET /textmining/gene-disease-association_lumc/sparql http" 200 882
 - - [25/06/2016:17:12:34 -0555] "GET /textmining/gene-disease-association_lumc/sparql http" 200 
 - - [25/06/2016:17:12:34 -0581] "GET /textmining/gene-disease-association_lumc/sparql http" 200 
 - - [25/06/2016:17:12:55 -0112] "GET /textmining/gene-disease-association_lumc http" 200 
 - - [25/06/2016:17:12:55 -0124] "GET /textmining http" 200 
 - - [25/06/2016:17:12:55 -0128] "GET /textmining http" 200 936
 - - [25/06/2016:17:12:55 -0133] "GET /textmining/gene-disease-association_lumc http" 200 936
 - - [25/06/2016:17:12:55 -0136] "GET /textmining/gene-disease-association_lumc http" 200 936
 - - [25/06/2016:17:12:55 -0140] "GET /textmining/dumpy http" 404 
 - - [25/06/2016:17:12:55 -0143] "GET /textmining http" 200 
 - - [25/06/2016:17:12:55 -0153] "GET /textmining http" 200 
 - - [25/06/2016:17:12:55 -0156] "GET /dumpy http" 404 
 - - [25/06/2016:17:12:55 -0634] "GET /textmining/gene-disease-association_lumc/dummy http" 404 
 - - [25/06/2016:17:12:55 -0644] "GET /textmining/gene-disease-association_lumc/sparql http" 200 
 - - [25/06/2016:17:12:55 -0648] "GET /textmining/gene-disease-association_lumc/sparql http" 200 882
 - - [25/06/2016:17:12:55 -0652] "GET /textmining/gene-disease-association_lumc/sparql http" 200 882
 - - [25/06/2016:17:12:55 -0654] "GET /textmining/gene-disease-association_lumc/sparql http" 200 882
 - - [25/06/2016:17:12:55 -0658] "GET /textmining/gene-disease-association_lumc/sparql http" 200 
 - - [25/06/2016:17:12:55 -0675] "GET /textmining/gene-disease-association_lumc/sparql http" 200 
 - - [25/06/2016:17:17:50 -0317] "GET /textmining/gene-disease-association_lumc http" 200 
 - - [25/06/2016:17:17:50 -0326] "GET /textmining http" 200 
 - - [25/06/2016:17:17:50 -0328] "GET /textmining http" 200 936
 - - [25/06/2016:17:17:50 -0330] "GET /textmining/gene-disease-association_lumc http" 200 936
 - - [25/06/2016:17:17:50 -0332] "GET /textmining/gene-disease-association_lumc http" 200 936
 - - [25/06/2016:17:17:50 -0337] "GET /textmining/dumpy http" 404 
 - - [25/06/2016:17:17:50 -0341] "GET /textmining http" 200 
 - - [25/06/2016:17:17:50 -0348] "GET /textmining http" 200 
 - - [25/06/2016:17:17:50 -0351] "GET /dumpy http" 404 
 - - [25/06/2016:17:17:50 -0669] "GET /textmining/gene-disease-association_lumc/dummy http" 404 
 - - [25/06/2016:17:17:50 -0673] "GET /textmining/gene-disease-association_lumc/sparql http" 200 
 - - [25/06/2016:17:17:50 -0676] "GET /textmining/gene-disease-association_lumc/sparql http" 200 882
 - - [25/06/2016:17:17:50 -0679] "GET /textmining/gene-disease-association_lumc/sparql http" 200 882
 - - [25/06/2016:17:17:50 -0682] "GET /textmining/gene-disease-association_lumc/sparql http" 200 882
 - - [25/06/2016:17:17:50 -0685] "GET /textmining/gene-disease-association_lumc/sparql http" 200 
 - - [25/06/2016:17:17:50 -0692] "GET /textmining/gene-disease-association_lumc/sparql http" 200 
 - - [25/06/2016:18:51:45 -0881] "GET /textmining/gene-disease-association_lumc http" 200 
 - - [25/06/2016:18:51:45 -0894] "GET /textmining http" 200 
 - - [25/06/2016:18:51:45 -0898] "GET /textmining http" 200 936
 - - [25/06/2016:18:51:45 -0901] "GET /textmining/gene-disease-association_lumc http" 200 936
 - - [25/06/2016:18:51:45 -0905] "GET /textmining/gene-disease-association_lumc http" 200 936
 - - [25/06/2016:18:51:45 -0911] "GET /textmining/dumpy http" 404 
 - - [25/06/2016:18:51:45 -0915] "GET /textmining http" 200 
 - - [25/06/2016:18:51:45 -0926] "GET /textmining http" 200 
 - - [25/06/2016:18:51:45 -0931] "GET /dumpy http" 404 
 - - [25/06/2016:18:51:46 -0363] "GET /textmining/gene-disease-association_lumc/dummy http" 404 
 - - [25/06/2016:18:51:46 -0366] "GET /textmining/gene-disease-association_lumc/sparql http" 200 
 - - [25/06/2016:18:51:46 -0369] "GET /textmining/gene-disease-association_lumc/sparql http" 200 882
 - - [25/06/2016:18:51:46 -0372] "GET /textmining/gene-disease-association_lumc/sparql http" 200 882
 - - [25/06/2016:18:51:46 -0374] "GET /textmining/gene-disease-association_lumc/sparql http" 200 882
 - - [25/06/2016:18:51:46 -0378] "GET /textmining/gene-disease-association_lumc/sparql http" 200 
 - - [25/06/2016:18:51:46 -0384] "GET /textmining/gene-disease-association_lumc/sparql http" 200 
 - - [25/06/2016:18:52:07 -0475] "GET /textmining/gene-disease-association_lumc http" 200 
 - - [25/06/2016:18:52:07 -0485] "GET /textmining http" 200 
 - - [25/06/2016:18:52:07 -0489] "GET /textmining http" 200 936
 - - [25/06/2016:18:52:07 -0492] "GET /textmining/gene-disease-association_lumc http" 200 936
 - - [25/06/2016:18:52:07 -0494] "GET /textmining/gene-disease-association_lumc http" 200 936
 - - [25/06/2016:18:52:07 -0498] "GET /textmining/dumpy http" 404 
 - - [25/06/2016:18:52:07 -0503] "GET /textmining http" 200 
 - - [25/06/2016:18:52:07 -0511] "GET /textmining http" 200 
 - - [25/06/2016:18:52:07 -0515] "GET /dumpy http" 404 
 - - [25/06/2016:18:52:07 -0812] "GET /textmining/gene-disease-association_lumc/dummy http" 404 
 - - [25/06/2016:18:52:07 -0815] "GET /textmining/gene-disease-association_lumc/sparql http" 200 
 - - [25/06/2016:18:52:07 -0817] "GET /textmining/gene-disease-association_lumc/sparql http" 200 882
 - - [25/06/2016:18:52:07 -0820] "GET /textmining/gene-disease-association_lumc/sparql http" 200 882
 - - [25/06/2016:18:52:07 -0822] "GET /textmining/gene-disease-association_lumc/sparql http" 200 882
 - - [25/06/2016:18:52:07 -0828] "GET /textmining/gene-disease-association_lumc/sparql http" 200 
 - - [25/06/2016:18:52:07 -0834] "GET /textmining/gene-disease-association_lumc/sparql http" 200 
 - - [25/06/2016:18:52:25 -0411] "GET /textmining/gene-disease-association_lumc http" 200 
 - - [25/06/2016:18:52:25 -0420] "GET /textmining http" 200 
 - - [25/06/2016:18:52:25 -0422] "GET /textmining http" 200 936
 - - [25/06/2016:18:52:25 -0426] "GET /textmining/gene-disease-association_lumc http" 200 936
 - - [25/06/2016:18:52:25 -0428] "GET /textmining/gene-disease-association_lumc http" 200 936
 - - [25/06/2016:18:52:25 -0432] "GET /textmining/dumpy http" 404 
 - - [25/06/2016:18:52:25 -0435] "GET /textmining http" 200 
 - - [25/06/2016:18:52:25 -0443] "GET /textmining http" 200 
 - - [25/06/2016:18:52:25 -0446] "GET /dumpy http" 404 
 - - [25/06/2016:18:52:25 -0825] "GET /textmining/gene-disease-association_lumc/dummy http" 404 
 - - [25/06/2016:18:52:25 -0829] "GET /textmining/gene-disease-association_lumc/sparql http" 200 
 - - [25/06/2016:18:52:25 -0832] "GET /textmining/gene-disease-association_lumc/sparql http" 200 882
 - - [25/06/2016:18:52:25 -0834] "GET /textmining/gene-disease-association_lumc/sparql http" 200 882
 - - [25/06/2016:18:52:25 -0837] "GET /textmining/gene-disease-association_lumc/sparql http" 200 882
 - - [25/06/2016:18:52:25 -0841] "GET /textmining/gene-disease-association_lumc/sparql http" 200 
 - - [25/06/2016:18:52:25 -0846] "GET /textmining/gene-disease-association_lumc/sparql http" 200 
 - - [25/06/2016:18:56:17 -0540] "GET /textmining/gene-disease-association_lumc http" 200 
 - - [25/06/2016:18:56:17 -0555] "GET /textmining http" 200 
 - - [25/06/2016:18:56:17 -0559] "GET /textmining http" 200 936
 - - [25/06/2016:18:56:17 -0563] "GET /textmining/gene-disease-association_lumc http" 200 936
 - - [25/06/2016:18:56:17 -0566] "GET /textmining/gene-disease-association_lumc http" 200 936
 - - [25/06/2016:18:56:17 -0570] "GET /textmining/dumpy http" 404 
 - - [25/06/2016:18:56:17 -0574] "GET /textmining http" 200 
 - - [25/06/2016:18:56:17 -0584] "GET /textmining http" 200 
 - - [25/06/2016:18:56:17 -0591] "GET /dumpy http" 404 
 - - [25/06/2016:18:56:18 -0003] "GET /textmining/gene-disease-association_lumc/dummy http" 404 
 - - [25/06/2016:18:56:18 -0006] "GET /textmining/gene-disease-association_lumc/sparql http" 200 
 - - [25/06/2016:18:56:18 -0009] "GET /textmining/gene-disease-association_lumc/sparql http" 200 882
 - - [25/06/2016:18:56:18 -0011] "GET /textmining/gene-disease-association_lumc/sparql http" 200 882
 - - [25/06/2016:18:56:18 -0013] "GET /textmining/gene-disease-association_lumc/sparql http" 200 882
 - - [25/06/2016:18:56:18 -0017] "GET /textmining/gene-disease-association_lumc/sparql http" 200 
 - - [25/06/2016:18:56:18 -0024] "GET /textmining/gene-disease-association_lumc/sparql http" 200 
 - - [25/06/2016:18:56:31 -0495] "GET /textmining/gene-disease-association_lumc http" 200 
 - - [25/06/2016:18:56:31 -0509] "GET /textmining http" 200 
 - - [25/06/2016:18:56:31 -0513] "GET /textmining http" 200 936
 - - [25/06/2016:18:56:31 -0517] "GET /textmining/gene-disease-association_lumc http" 200 936
 - - [25/06/2016:18:56:31 -0520] "GET /textmining/gene-disease-association_lumc http" 200 936
 - - [25/06/2016:18:56:31 -0525] "GET /textmining/dumpy http" 404 
 - - [25/06/2016:18:56:31 -0529] "GET /textmining http" 200 
 - - [25/06/2016:18:56:31 -0538] "GET /textmining http" 200 
 - - [25/06/2016:18:56:31 -0546] "GET /dumpy http" 404 
 - - [25/06/2016:18:56:31 -0963] "GET /textmining/gene-disease-association_lumc/dummy http" 404 
 - - [25/06/2016:18:56:31 -0966] "GET /textmining/gene-disease-association_lumc/sparql http" 200 
 - - [25/06/2016:18:56:31 -0971] "GET /textmining/gene-disease-association_lumc/sparql http" 200 882
 - - [25/06/2016:18:56:31 -0973] "GET /textmining/gene-disease-association_lumc/sparql http" 200 882
 - - [25/06/2016:18:56:31 -0976] "GET /textmining/gene-disease-association_lumc/sparql http" 200 882
 - - [25/06/2016:18:56:31 -0979] "GET /textmining/gene-disease-association_lumc/sparql http" 200 
 - - [25/06/2016:18:56:31 -0990] "GET /textmining/gene-disease-association_lumc/sparql http" 200 
 - - [25/06/2016:18:56:50 -0545] "GET /textmining/gene-disease-association_lumc http" 200 
 - - [25/06/2016:18:56:50 -0556] "GET /textmining http" 200 
 - - [25/06/2016:18:56:50 -0559] "GET /textmining http" 200 936
 - - [25/06/2016:18:56:50 -0561] "GET /textmining/gene-disease-association_lumc http" 200 936
 - - [25/06/2016:18:56:50 -0564] "GET /textmining/gene-disease-association_lumc http" 200 936
 - - [25/06/2016:18:56:50 -0571] "GET /textmining/dumpy http" 404 
 - - [25/06/2016:18:56:50 -0575] "GET /textmining http" 200 
 - - [25/06/2016:18:56:50 -0582] "GET /textmining http" 200 
 - - [25/06/2016:18:56:50 -0586] "GET /dumpy http" 404 
 - - [25/06/2016:18:56:50 -0923] "GET /textmining/gene-disease-association_lumc/dummy http" 404 
 - - [25/06/2016:18:56:50 -0925] "GET /textmining/gene-disease-association_lumc/sparql http" 200 
 - - [25/06/2016:18:56:50 -0928] "GET /textmining/gene-disease-association_lumc/sparql http" 200 882
 - - [25/06/2016:18:56:50 -0930] "GET /textmining/gene-disease-association_lumc/sparql http" 200 882
 - - [25/06/2016:18:56:50 -0932] "GET /textmining/gene-disease-association_lumc/sparql http" 200 882
 - - [25/06/2016:18:56:50 -0934] "GET /textmining/gene-disease-association_lumc/sparql http" 200 
 - - [25/06/2016:18:56:50 -0939] "GET /textmining/gene-disease-association_lumc/sparql http" 200 
 - - [25/06/2016:19:02:24 -0808] "GET /textmining/gene-disease-association_lumc http" 200 
 - - [25/06/2016:19:02:24 -0820] "GET /textmining http" 200 
 - - [25/06/2016:19:02:24 -0824] "GET /textmining http" 200 936
 - - [25/06/2016:19:02:24 -0827] "GET /textmining/gene-disease-association_lumc http" 200 936
 - - [25/06/2016:19:02:24 -0831] "GET /textmining/gene-disease-association_lumc http" 200 936
 - - [25/06/2016:19:02:24 -0835] "GET /textmining/dumpy http" 404 
 - - [25/06/2016:19:02:24 -0838] "GET /textmining http" 200 
 - - [25/06/2016:19:02:24 -0846] "GET /textmining http" 200 
 - - [25/06/2016:19:02:24 -0851] "GET /dumpy http" 404 
 - - [25/06/2016:19:02:25 -0240] "GET /textmining/gene-disease-association_lumc/dummy http" 404 
 - - [25/06/2016:19:02:25 -0244] "GET /textmining/gene-disease-association_lumc/sparql http" 200 
 - - [25/06/2016:19:02:25 -0247] "GET /textmining/gene-disease-association_lumc/sparql http" 200 882
 - - [25/06/2016:19:02:25 -0249] "GET /textmining/gene-disease-association_lumc/sparql http" 200 882
 - - [25/06/2016:19:02:25 -0251] "GET /textmining/gene-disease-association_lumc/sparql http" 200 882
 - - [25/06/2016:19:02:25 -0256] "GET /textmining/gene-disease-association_lumc/sparql http" 200 
 - - [25/06/2016:19:02:25 -0262] "GET /textmining/gene-disease-association_lumc/sparql http" 200 
 - - [25/06/2016:19:02:47 -0979] "GET /textmining/gene-disease-association_lumc http" 200 
 - - [25/06/2016:19:02:47 -0990] "GET /textmining http" 200 
 - - [25/06/2016:19:02:47 -0992] "GET /textmining http" 200 936
 - - [25/06/2016:19:02:47 -0995] "GET /textmining/gene-disease-association_lumc http" 200 936
 - - [25/06/2016:19:02:47 -0998] "GET /textmining/gene-disease-association_lumc http" 200 936
 - - [25/06/2016:19:02:48 -0001] "GET /textmining/dumpy http" 404 
 - - [25/06/2016:19:02:48 -0004] "GET /textmining http" 200 
 - - [25/06/2016:19:02:48 -0009] "GET /textmining http" 200 
 - - [25/06/2016:19:02:48 -0014] "GET /dumpy http" 404 
 - - [25/06/2016:19:02:48 -0376] "GET /textmining/gene-disease-association_lumc/dummy http" 404 
 - - [25/06/2016:19:02:48 -0380] "GET /textmining/gene-disease-association_lumc/sparql http" 200 
 - - [25/06/2016:19:02:48 -0383] "GET /textmining/gene-disease-association_lumc/sparql http" 200 882
 - - [25/06/2016:19:02:48 -0386] "GET /textmining/gene-disease-association_lumc/sparql http" 200 882
 - - [25/06/2016:19:02:48 -0389] "GET /textmining/gene-disease-association_lumc/sparql http" 200 882
 - - [25/06/2016:19:02:48 -0393] "GET /textmining/gene-disease-association_lumc/sparql http" 200 
 - - [25/06/2016:19:02:48 -0399] "GET /textmining/gene-disease-association_lumc/sparql http" 200 
 - - [25/06/2016:19:19:20 -0613] "GET /textmining/gene-disease-association_lumc http" 200 
 - - [25/06/2016:19:19:20 -0645] "GET /textmining http" 200 
 - - [25/06/2016:19:19:20 -0648] "GET /textmining http" 200 936
 - - [25/06/2016:19:19:20 -0651] "GET /textmining/gene-disease-association_lumc http" 200 936
 - - [25/06/2016:19:19:20 -0667] "GET /textmining/gene-disease-association_lumc http" 200 936
 - - [25/06/2016:19:19:20 -0671] "GET /textmining/dumpy http" 404 
 - - [25/06/2016:19:19:20 -0674] "GET /textmining http" 200 
 - - [25/06/2016:19:19:20 -0683] "GET /textmining http" 200 
 - - [25/06/2016:19:19:20 -0687] "GET /dumpy http" 404 
 - - [25/06/2016:19:19:21 -0485] "GET /textmining/gene-disease-association_lumc/dummy http" 404 
 - - [25/06/2016:19:19:21 -0489] "GET /textmining/gene-disease-association_lumc/sparql http" 200 
 - - [25/06/2016:19:19:21 -0493] "GET /textmining/gene-disease-association_lumc/sparql http" 200 882
 - - [25/06/2016:19:19:21 -0496] "GET /textmining/gene-disease-association_lumc/sparql http" 200 882
 - - [25/06/2016:19:19:21 -0498] "GET /textmining/gene-disease-association_lumc/sparql http" 200 882
 - - [25/06/2016:19:19:21 -0502] "GET /textmining/gene-disease-association_lumc/sparql http" 200 
 - - [25/06/2016:19:19:21 -0508] "GET /textmining/gene-disease-association_lumc/sparql http" 200 
 - - [25/06/2016:19:58:29 -0808] "GET /textmining/gene-disease-association_lumc http" 200 
 - - [25/06/2016:19:58:29 -0819] "GET /textmining http" 200 
 - - [25/06/2016:19:58:29 -0822] "GET /textmining http" 200 936
 - - [25/06/2016:19:58:29 -0825] "GET /textmining/gene-disease-association_lumc http" 200 936
 - - [25/06/2016:19:58:29 -0828] "GET /textmining/gene-disease-association_lumc http" 200 936
 - - [25/06/2016:19:58:29 -0833] "GET /textmining/dumpy http" 404 
 - - [25/06/2016:19:58:29 -0837] "GET /textmining http" 200 
 - - [25/06/2016:19:58:29 -0843] "GET /textmining http" 200 
 - - [25/06/2016:19:58:29 -0846] "GET /dumpy http" 404 
 - - [25/06/2016:19:58:30 -0353] "GET /textmining/gene-disease-association_lumc/dummy http" 404 
 - - [25/06/2016:19:58:30 -0363] "GET /textmining/gene-disease-association_lumc/sparql http" 200 
 - - [25/06/2016:19:58:30 -0369] "GET /textmining/gene-disease-association_lumc/sparql http" 200 882
 - - [25/06/2016:19:58:30 -0378] "GET /textmining/gene-disease-association_lumc/sparql http" 200 882
 - - [25/06/2016:19:58:30 -0385] "GET /textmining/gene-disease-association_lumc/sparql http" 200 882
 - - [25/06/2016:19:58:30 -0395] "GET /textmining/gene-disease-association_lumc/sparql http" 200 
 - - [25/06/2016:19:58:30 -0408] "GET /textmining/gene-disease-association_lumc/sparql http" 200 
 - - [25/06/2016:19:59:16 -0991] "GET /textmining/gene-disease-association_lumc http" 200 
 - - [25/06/2016:19:59:17 -0000] "GET /textmining http" 200 
 - - [25/06/2016:19:59:17 -0002] "GET /textmining http" 200 936
 - - [25/06/2016:19:59:17 -0005] "GET /textmining/gene-disease-association_lumc http" 200 936
 - - [25/06/2016:19:59:17 -0008] "GET /textmining/gene-disease-association_lumc http" 200 936
 - - [25/06/2016:19:59:17 -0012] "GET /textmining/dumpy http" 404 
 - - [25/06/2016:19:59:17 -0015] "GET /textmining http" 200 
 - - [25/06/2016:19:59:17 -0022] "GET /textmining http" 200 
 - - [25/06/2016:19:59:17 -0028] "GET /dumpy http" 404 
 - - [25/06/2016:19:59:17 -0342] "GET /textmining/gene-disease-association_lumc/dummy http" 404 
 - - [25/06/2016:19:59:17 -0344] "GET /textmining/gene-disease-association_lumc/sparql http" 200 
 - - [25/06/2016:19:59:17 -0346] "GET /textmining/gene-disease-association_lumc/sparql http" 200 882
 - - [25/06/2016:19:59:17 -0348] "GET /textmining/gene-disease-association_lumc/sparql http" 200 882
 - - [25/06/2016:19:59:17 -0349] "GET /textmining/gene-disease-association_lumc/sparql http" 200 882
 - - [25/06/2016:19:59:17 -0352] "GET /textmining/gene-disease-association_lumc/sparql http" 200 
 - - [25/06/2016:19:59:17 -0357] "GET /textmining/gene-disease-association_lumc/sparql http" 200 
 - - [25/06/2016:20:11:08 -0036] "GET /textmining/gene-disease-association_lumc http" 200 
 - - [25/06/2016:20:11:08 -0045] "GET /textmining http" 200 
 - - [25/06/2016:20:11:08 -0048] "GET /textmining http" 200 936
 - - [25/06/2016:20:11:08 -0052] "GET /textmining/gene-disease-association_lumc http" 200 936
 - - [25/06/2016:20:11:08 -0055] "GET /textmining/gene-disease-association_lumc http" 200 936
 - - [25/06/2016:20:11:08 -0062] "GET /textmining/dumpy http" 404 
 - - [25/06/2016:20:11:08 -0067] "GET /textmining http" 200 
 - - [25/06/2016:20:11:08 -0077] "GET /textmining http" 200 
 - - [25/06/2016:20:11:08 -0081] "GET /dumpy http" 404 
 - - [25/06/2016:20:11:08 -0480] "GET /textmining/gene-disease-association_lumc/dummy http" 404 
 - - [25/06/2016:20:11:08 -0484] "GET /textmining/gene-disease-association_lumc/sparql http" 200 
 - - [25/06/2016:20:11:08 -0488] "GET /textmining/gene-disease-association_lumc/sparql http" 200 882
 - - [25/06/2016:20:11:08 -0491] "GET /textmining/gene-disease-association_lumc/sparql http" 200 882
 - - [25/06/2016:20:11:08 -0494] "GET /textmining/gene-disease-association_lumc/sparql http" 200 882
 - - [25/06/2016:20:11:08 -0497] "GET /textmining/gene-disease-association_lumc/sparql http" 200 
 - - [25/06/2016:20:11:08 -0504] "GET /textmining/gene-disease-association_lumc/sparql http" 200 
 - - [25/06/2016:20:11:38 -0585] "GET /textmining/gene-disease-association_lumc http" 200 
 - - [25/06/2016:20:11:38 -0597] "GET /textmining http" 200 
 - - [25/06/2016:20:11:38 -0600] "GET /textmining http" 200 936
 - - [25/06/2016:20:11:38 -0603] "GET /textmining/gene-disease-association_lumc http" 200 936
 - - [25/06/2016:20:11:38 -0607] "GET /textmining/gene-disease-association_lumc http" 200 936
 - - [25/06/2016:20:11:38 -0611] "GET /textmining/dumpy http" 404 
 - - [25/06/2016:20:11:38 -0614] "GET /textmining http" 200 
 - - [25/06/2016:20:11:38 -0622] "GET /textmining http" 200 
 - - [25/06/2016:20:11:38 -0625] "GET /dumpy http" 404 
 - - [25/06/2016:20:11:38 -0926] "GET /textmining/gene-disease-association_lumc/dummy http" 404 
 - - [25/06/2016:20:11:38 -0929] "GET /textmining/gene-disease-association_lumc/sparql http" 200 
 - - [25/06/2016:20:11:38 -0932] "GET /textmining/gene-disease-association_lumc/sparql http" 200 882
 - - [25/06/2016:20:11:38 -0934] "GET /textmining/gene-disease-association_lumc/sparql http" 200 882
 - - [25/06/2016:20:11:38 -0936] "GET /textmining/gene-disease-association_lumc/sparql http" 200 882
 - - [25/06/2016:20:11:38 -0940] "GET /textmining/gene-disease-association_lumc/sparql http" 200 
 - - [25/06/2016:20:11:38 -0947] "GET /textmining/gene-disease-association_lumc/sparql http" 200 
 - - [25/06/2016:20:13:31 -0618] "GET /textmining/gene-disease-association_lumc http" 200 
 - - [25/06/2016:20:13:31 -0628] "GET /textmining http" 200 
 - - [25/06/2016:20:13:31 -0631] "GET /textmining http" 200 936
 - - [25/06/2016:20:13:31 -0634] "GET /textmining/gene-disease-association_lumc http" 200 936
 - - [25/06/2016:20:13:31 -0637] "GET /textmining/gene-disease-association_lumc http" 200 936
 - - [25/06/2016:20:13:31 -0640] "GET /textmining/dumpy http" 404 
 - - [25/06/2016:20:13:31 -0643] "GET /textmining http" 200 
 - - [25/06/2016:20:13:31 -0650] "GET /textmining http" 200 
 - - [25/06/2016:20:13:31 -0653] "GET /dumpy http" 404 
 - - [25/06/2016:20:13:31 -0921] "GET /textmining/gene-disease-association_lumc/dummy http" 404 
 - - [25/06/2016:20:13:31 -0923] "GET /textmining/gene-disease-association_lumc/sparql http" 200 
 - - [25/06/2016:20:13:31 -0925] "GET /textmining/gene-disease-association_lumc/sparql http" 200 882
 - - [25/06/2016:20:13:31 -0926] "GET /textmining/gene-disease-association_lumc/sparql http" 200 882
 - - [25/06/2016:20:13:31 -0928] "GET /textmining/gene-disease-association_lumc/sparql http" 200 882
 - - [25/06/2016:20:13:31 -0930] "GET /textmining/gene-disease-association_lumc/sparql http" 200 
 - - [25/06/2016:20:13:31 -0934] "GET /textmining/gene-disease-association_lumc/sparql http" 200 
 - - [25/06/2016:20:15:28 -0372] "GET /textmining/gene-disease-association_lumc http" 200 
 - - [25/06/2016:20:15:28 -0380] "GET /textmining http" 200 
 - - [25/06/2016:20:15:28 -0383] "GET /textmining http" 200 936
 - - [25/06/2016:20:15:28 -0385] "GET /textmining/gene-disease-association_lumc http" 200 936
 - - [25/06/2016:20:15:28 -0387] "GET /textmining/gene-disease-association_lumc http" 200 936
 - - [25/06/2016:20:15:28 -0390] "GET /textmining/dumpy http" 404 
 - - [25/06/2016:20:15:28 -0393] "GET /textmining http" 200 
 - - [25/06/2016:20:15:28 -0399] "GET /textmining http" 200 
 - - [25/06/2016:20:15:28 -0402] "GET /dumpy http" 404 
 - - [25/06/2016:20:15:28 -0680] "GET /textmining/gene-disease-association_lumc/dummy http" 404 
 - - [25/06/2016:20:15:28 -0685] "GET /textmining/gene-disease-association_lumc/sparql http" 200 
 - - [25/06/2016:20:15:28 -0688] "GET /textmining/gene-disease-association_lumc/sparql http" 200 882
 - - [25/06/2016:20:15:28 -0693] "GET /textmining/gene-disease-association_lumc/sparql http" 200 882
 - - [25/06/2016:20:15:28 -0696] "GET /textmining/gene-disease-association_lumc/sparql http" 200 882
 - - [25/06/2016:20:15:28 -0703] "GET /textmining/gene-disease-association_lumc/sparql http" 200 
 - - [25/06/2016:20:15:28 -0708] "GET /textmining/gene-disease-association_lumc/sparql http" 200 
 - - [25/06/2016:20:16:11 -0033] "GET /textmining/gene-disease-association_lumc http" 200 
 - - [25/06/2016:20:16:11 -0043] "GET /textmining http" 200 
 - - [25/06/2016:20:16:11 -0045] "GET /textmining http" 200 936
 - - [25/06/2016:20:16:11 -0047] "GET /textmining/gene-disease-association_lumc http" 200 936
 - - [25/06/2016:20:16:11 -0049] "GET /textmining/gene-disease-association_lumc http" 200 936
 - - [25/06/2016:20:16:11 -0051] "GET /textmining/dumpy http" 404 
 - - [25/06/2016:20:16:11 -0053] "GET /textmining http" 200 
 - - [25/06/2016:20:16:11 -0059] "GET /textmining http" 200 
 - - [25/06/2016:20:16:11 -0062] "GET /dumpy http" 404 
 - - [25/06/2016:20:16:11 -0375] "GET /textmining/gene-disease-association_lumc/dummy http" 404 
 - - [25/06/2016:20:16:11 -0378] "GET /textmining/gene-disease-association_lumc/sparql http" 200 
 - - [25/06/2016:20:16:11 -0381] "GET /textmining/gene-disease-association_lumc/sparql http" 200 882
 - - [25/06/2016:20:16:11 -0383] "GET /textmining/gene-disease-association_lumc/sparql http" 200 882
 - - [25/06/2016:20:16:11 -0386] "GET /textmining/gene-disease-association_lumc/sparql http" 200 882
 - - [25/06/2016:20:16:11 -0389] "GET /textmining/gene-disease-association_lumc/sparql http" 200 
 - - [25/06/2016:20:16:11 -0395] "GET /textmining/gene-disease-association_lumc/sparql http" 200 
 - - [25/06/2016:20:16:46 -0312] "GET /textmining/gene-disease-association_lumc http" 200 
 - - [25/06/2016:20:16:46 -0325] "GET /textmining http" 200 
 - - [25/06/2016:20:16:46 -0328] "GET /textmining http" 200 936
 - - [25/06/2016:20:16:46 -0331] "GET /textmining/gene-disease-association_lumc http" 200 936
 - - [25/06/2016:20:16:46 -0334] "GET /textmining/gene-disease-association_lumc http" 200 936
 - - [25/06/2016:20:16:46 -0338] "GET /textmining/dumpy http" 404 
 - - [25/06/2016:20:16:46 -0342] "GET /textmining http" 200 
 - - [25/06/2016:20:16:46 -0352] "GET /textmining http" 200 
 - - [25/06/2016:20:16:46 -0358] "GET /dumpy http" 404 
 - - [25/06/2016:20:16:46 -0876] "GET /textmining/gene-disease-association_lumc/dummy http" 404 
 - - [25/06/2016:20:16:46 -0879] "GET /textmining/gene-disease-association_lumc/sparql http" 200 
 - - [25/06/2016:20:16:46 -0881] "GET /textmining/gene-disease-association_lumc/sparql http" 200 882
 - - [25/06/2016:20:16:46 -0882] "GET /textmining/gene-disease-association_lumc/sparql http" 200 882
 - - [25/06/2016:20:16:46 -0884] "GET /textmining/gene-disease-association_lumc/sparql http" 200 882
 - - [25/06/2016:20:16:46 -0890] "GET /textmining/gene-disease-association_lumc/sparql http" 200 
 - - [25/06/2016:20:16:46 -0894] "GET /textmining/gene-disease-association_lumc/sparql http" 200 
 - - [25/06/2016:20:31:11 -0208] "GET /textmining/gene-disease-association_lumc http" 200 
 - - [25/06/2016:20:31:11 -0218] "GET /textmining http" 200 
 - - [25/06/2016:20:31:11 -0220] "GET /textmining http" 200 936
 - - [25/06/2016:20:31:11 -0223] "GET /textmining/gene-disease-association_lumc http" 200 936
 - - [25/06/2016:20:31:11 -0226] "GET /textmining/gene-disease-association_lumc http" 200 936
 - - [25/06/2016:20:31:11 -0229] "GET /textmining/dumpy http" 404 
 - - [25/06/2016:20:31:11 -0232] "GET /textmining http" 200 
 - - [25/06/2016:20:31:11 -0239] "GET /textmining http" 200 
 - - [25/06/2016:20:31:11 -0242] "GET /dumpy http" 404 
 - - [25/06/2016:20:31:11 -0545] "GET /textmining/gene-disease-association_lumc/dummy http" 404 
 - - [25/06/2016:20:31:11 -0548] "GET /textmining/gene-disease-association_lumc/sparql http" 200 
 - - [25/06/2016:20:31:11 -0552] "GET /textmining/gene-disease-association_lumc/sparql http" 200 882
 - - [25/06/2016:20:31:11 -0554] "GET /textmining/gene-disease-association_lumc/sparql http" 200 882
 - - [25/06/2016:20:31:11 -0557] "GET /textmining/gene-disease-association_lumc/sparql http" 200 882
 - - [25/06/2016:20:31:11 -0559] "GET /textmining/gene-disease-association_lumc/sparql http" 200 
 - - [25/06/2016:20:31:11 -0566] "GET /textmining/gene-disease-association_lumc/sparql http" 200 
 - - [25/06/2016:20:31:27 -0898] "GET /textmining/gene-disease-association_lumc http" 200 
 - - [25/06/2016:20:31:27 -0906] "GET /textmining http" 200 
 - - [25/06/2016:20:31:27 -0909] "GET /textmining http" 200 936
 - - [25/06/2016:20:31:27 -0911] "GET /textmining/gene-disease-association_lumc http" 200 936
 - - [25/06/2016:20:31:27 -0913] "GET /textmining/gene-disease-association_lumc http" 200 936
 - - [25/06/2016:20:31:27 -0916] "GET /textmining/dumpy http" 404 
 - - [25/06/2016:20:31:27 -0918] "GET /textmining http" 200 
 - - [25/06/2016:20:31:27 -0924] "GET /textmining http" 200 
 - - [25/06/2016:20:31:27 -0927] "GET /dumpy http" 404 
 - - [25/06/2016:20:31:28 -0243] "GET /textmining/gene-disease-association_lumc/dummy http" 404 
 - - [25/06/2016:20:31:28 -0247] "GET /textmining/gene-disease-association_lumc/sparql http" 200 
 - - [25/06/2016:20:31:28 -0249] "GET /textmining/gene-disease-association_lumc/sparql http" 200 882
 - - [25/06/2016:20:31:28 -0252] "GET /textmining/gene-disease-association_lumc/sparql http" 200 882
 - - [25/06/2016:20:31:28 -0254] "GET /textmining/gene-disease-association_lumc/sparql http" 200 882
 - - [25/06/2016:20:31:28 -0258] "GET /textmining/gene-disease-association_lumc/sparql http" 200 
 - - [25/06/2016:20:31:28 -0264] "GET /textmining/gene-disease-association_lumc/sparql http" 200 
 - - [25/06/2016:20:31:42 -0788] "GET /textmining/gene-disease-association_lumc http" 200 
 - - [25/06/2016:20:31:42 -0800] "GET /textmining http" 200 
 - - [25/06/2016:20:31:42 -0803] "GET /textmining http" 200 936
 - - [25/06/2016:20:31:42 -0806] "GET /textmining/gene-disease-association_lumc http" 200 936
 - - [25/06/2016:20:31:42 -0810] "GET /textmining/gene-disease-association_lumc http" 200 936
 - - [25/06/2016:20:31:42 -0814] "GET /textmining/dumpy http" 404 
 - - [25/06/2016:20:31:42 -0817] "GET /textmining http" 200 
 - - [25/06/2016:20:31:42 -0825] "GET /textmining http" 200 
 - - [25/06/2016:20:31:42 -0830] "GET /dumpy http" 404 
 - - [25/06/2016:20:31:43 -0182] "GET /textmining/gene-disease-association_lumc/dummy http" 404 
 - - [25/06/2016:20:31:43 -0186] "GET /textmining/gene-disease-association_lumc/sparql http" 200 
 - - [25/06/2016:20:31:43 -0189] "GET /textmining/gene-disease-association_lumc/sparql http" 200 882
 - - [25/06/2016:20:31:43 -0191] "GET /textmining/gene-disease-association_lumc/sparql http" 200 882
 - - [25/06/2016:20:31:43 -0194] "GET /textmining/gene-disease-association_lumc/sparql http" 200 882
 - - [25/06/2016:20:31:43 -0199] "GET /textmining/gene-disease-association_lumc/sparql http" 200 
 - - [25/06/2016:20:31:43 -0204] "GET /textmining/gene-disease-association_lumc/sparql http" 200 
 - - [25/06/2016:20:34:06 -0252] "GET /textmining/gene-disease-association_lumc http" 200 
 - - [25/06/2016:20:34:06 -0262] "GET /textmining http" 200 
 - - [25/06/2016:20:34:06 -0266] "GET /textmining http" 200 936
 - - [25/06/2016:20:34:06 -0269] "GET /textmining/gene-disease-association_lumc http" 200 936
 - - [25/06/2016:20:34:06 -0273] "GET /textmining/gene-disease-association_lumc http" 200 936
 - - [25/06/2016:20:34:06 -0283] "GET /textmining/dumpy http" 404 
 - - [25/06/2016:20:34:06 -0287] "GET /textmining http" 200 
 - - [25/06/2016:20:34:06 -0294] "GET /textmining http" 200 
 - - [25/06/2016:20:34:06 -0298] "GET /dumpy http" 404 
 - - [25/06/2016:20:34:06 -0701] "GET /textmining/gene-disease-association_lumc/dummy http" 404 
 - - [25/06/2016:20:34:06 -0705] "GET /textmining/gene-disease-association_lumc/sparql http" 200 
 - - [25/06/2016:20:34:06 -0709] "GET /textmining/gene-disease-association_lumc/sparql http" 200 882
 - - [25/06/2016:20:34:06 -0712] "GET /textmining/gene-disease-association_lumc/sparql http" 200 882
 - - [25/06/2016:20:34:06 -0715] "GET /textmining/gene-disease-association_lumc/sparql http" 200 882
 - - [25/06/2016:20:34:06 -0721] "GET /textmining/gene-disease-association_lumc/sparql http" 200 
 - - [25/06/2016:20:34:06 -0728] "GET /textmining/gene-disease-association_lumc/sparql http" 200 
 - - [25/06/2016:20:35:41 -0132] "GET /textmining/gene-disease-association_lumc http" 200 
 - - [25/06/2016:20:35:41 -0140] "GET /textmining http" 200 
 - - [25/06/2016:20:35:41 -0142] "GET /textmining http" 200 936
 - - [25/06/2016:20:35:41 -0144] "GET /textmining/gene-disease-association_lumc http" 200 936
 - - [25/06/2016:20:35:41 -0147] "GET /textmining/gene-disease-association_lumc http" 200 936
 - - [25/06/2016:20:35:41 -0152] "GET /textmining/dumpy http" 404 
 - - [25/06/2016:20:35:41 -0155] "GET /textmining http" 200 
 - - [25/06/2016:20:35:41 -0163] "GET /textmining http" 200 
 - - [25/06/2016:20:35:41 -0167] "GET /dumpy http" 404 
 - - [25/06/2016:20:35:41 -0422] "GET /textmining/gene-disease-association_lumc/dummy http" 404 
 - - [25/06/2016:20:35:41 -0424] "GET /textmining/gene-disease-association_lumc/sparql http" 200 
 - - [25/06/2016:20:35:41 -0426] "GET /textmining/gene-disease-association_lumc/sparql http" 200 882
 - - [25/06/2016:20:35:41 -0427] "GET /textmining/gene-disease-association_lumc/sparql http" 200 882
 - - [25/06/2016:20:35:41 -0429] "GET /textmining/gene-disease-association_lumc/sparql http" 200 882
 - - [25/06/2016:20:35:41 -0432] "GET /textmining/gene-disease-association_lumc/sparql http" 200 
 - - [25/06/2016:20:35:41 -0437] "GET /textmining/gene-disease-association_lumc/sparql http" 200 
 - - [25/06/2016:20:35:58 -0385] "GET /textmining/gene-disease-association_lumc http" 200 
 - - [25/06/2016:20:35:58 -0394] "GET /textmining http" 200 
 - - [25/06/2016:20:35:58 -0396] "GET /textmining http" 200 936
 - - [25/06/2016:20:35:58 -0398] "GET /textmining/gene-disease-association_lumc http" 200 936
 - - [25/06/2016:20:35:58 -0400] "GET /textmining/gene-disease-association_lumc http" 200 936
 - - [25/06/2016:20:35:58 -0404] "GET /textmining/dumpy http" 404 
 - - [25/06/2016:20:35:58 -0406] "GET /textmining http" 200 
 - - [25/06/2016:20:35:58 -0412] "GET /textmining http" 200 
 - - [25/06/2016:20:35:58 -0415] "GET /dumpy http" 404 
 - - [25/06/2016:20:35:58 -0661] "GET /textmining/gene-disease-association_lumc/dummy http" 404 
 - - [25/06/2016:20:35:58 -0664] "GET /textmining/gene-disease-association_lumc/sparql http" 200 
 - - [25/06/2016:20:35:58 -0666] "GET /textmining/gene-disease-association_lumc/sparql http" 200 882
 - - [25/06/2016:20:35:58 -0667] "GET /textmining/gene-disease-association_lumc/sparql http" 200 882
 - - [25/06/2016:20:35:58 -0669] "GET /textmining/gene-disease-association_lumc/sparql http" 200 882
 - - [25/06/2016:20:35:58 -0672] "GET /textmining/gene-disease-association_lumc/sparql http" 200 
 - - [25/06/2016:20:35:58 -0676] "GET /textmining/gene-disease-association_lumc/sparql http" 200 
 - - [25/06/2016:20:36:12 -0159] "GET /textmining/gene-disease-association_lumc http" 200 
 - - [25/06/2016:20:36:12 -0169] "GET /textmining http" 200 
 - - [25/06/2016:20:36:12 -0171] "GET /textmining http" 200 936
 - - [25/06/2016:20:36:12 -0174] "GET /textmining/gene-disease-association_lumc http" 200 936
 - - [25/06/2016:20:36:12 -0176] "GET /textmining/gene-disease-association_lumc http" 200 936
 - - [25/06/2016:20:36:12 -0180] "GET /textmining/dumpy http" 404 
 - - [25/06/2016:20:36:12 -0182] "GET /textmining http" 200 
 - - [25/06/2016:20:36:12 -0189] "GET /textmining http" 200 
 - - [25/06/2016:20:36:12 -0194] "GET /dumpy http" 404 
 - - [25/06/2016:20:36:12 -0486] "GET /textmining/gene-disease-association_lumc/dummy http" 404 
 - - [25/06/2016:20:36:12 -0490] "GET /textmining/gene-disease-association_lumc/sparql http" 200 
 - - [25/06/2016:20:36:12 -0494] "GET /textmining/gene-disease-association_lumc/sparql http" 200 882
 - - [25/06/2016:20:36:12 -0497] "GET /textmining/gene-disease-association_lumc/sparql http" 200 882
 - - [25/06/2016:20:36:12 -0500] "GET /textmining/gene-disease-association_lumc/sparql http" 200 882
 - - [25/06/2016:20:36:12 -0504] "GET /textmining/gene-disease-association_lumc/sparql http" 200 
 - - [25/06/2016:20:36:12 -0510] "GET /textmining/gene-disease-association_lumc/sparql http" 200 
 - - [25/06/2016:22:29:22 -0372] "GET /textmining/gene-disease-association_lumc http" 200 
 - - [25/06/2016:22:29:22 -0382] "GET /textmining http" 200 
 - - [25/06/2016:22:29:22 -0385] "GET /textmining http" 200 936
 - - [25/06/2016:22:29:22 -0388] "GET /textmining/gene-disease-association_lumc http" 200 936
 - - [25/06/2016:22:29:22 -0395] "GET /textmining/gene-disease-association_lumc http" 200 936
 - - [25/06/2016:22:29:22 -0399] "GET /textmining/dumpy http" 404 
 - - [25/06/2016:22:29:22 -0403] "GET /textmining http" 200 
 - - [25/06/2016:22:29:22 -0410] "GET /textmining http" 200 
 - - [25/06/2016:22:29:22 -0413] "GET /dumpy http" 404 
 - - [25/06/2016:22:29:22 -0795] "GET /textmining/gene-disease-association_lumc/dummy http" 404 
 - - [25/06/2016:22:29:22 -0800] "GET /textmining/gene-disease-association_lumc/sparql http" 200 
 - - [25/06/2016:22:29:22 -0802] "GET /textmining/gene-disease-association_lumc/sparql http" 200 882
 - - [25/06/2016:22:29:22 -0805] "GET /textmining/gene-disease-association_lumc/sparql http" 200 882
 - - [25/06/2016:22:29:22 -0807] "GET /textmining/gene-disease-association_lumc/sparql http" 200 882
 - - [25/06/2016:22:29:22 -0810] "GET /textmining/gene-disease-association_lumc/sparql http" 200 
 - - [25/06/2016:22:29:22 -0818] "GET /textmining/gene-disease-association_lumc/sparql http" 200 
