 - - [30/05/2016:15:24:06 -0560] "GET /textmining/gene-disease-association_lumc http" 200 
 - - [30/05/2016:15:24:06 -0574] "GET /textmining http" 200 
 - - [30/05/2016:15:24:06 -0577] "GET /textmining http" 200 936
 - - [30/05/2016:15:24:06 -0580] "GET /textmining/gene-disease-association_lumc http" 200 936
 - - [30/05/2016:15:24:06 -0582] "GET /textmining/gene-disease-association_lumc http" 200 936
 - - [30/05/2016:15:24:06 -0586] "GET /textmining/dumpy http" 404 
 - - [30/05/2016:15:24:06 -0590] "GET /textmining http" 200 
 - - [30/05/2016:15:24:06 -0598] "GET /textmining http" 200 
 - - [30/05/2016:15:24:06 -0602] "GET /dumpy http" 404 
 - - [30/05/2016:15:24:07 -0406] "GET /textmining/gene-disease-association_lumc/dummy http" 404 
 - - [30/05/2016:15:24:07 -0411] "GET /textmining/gene-disease-association_lumc/sparql http" 200 
 - - [30/05/2016:15:24:07 -0414] "GET /textmining/gene-disease-association_lumc/sparql http" 200 882
 - - [30/05/2016:15:24:07 -0417] "GET /textmining/gene-disease-association_lumc/sparql http" 200 882
 - - [30/05/2016:15:24:07 -0419] "GET /textmining/gene-disease-association_lumc/sparql http" 200 882
 - - [30/05/2016:15:24:07 -0424] "GET /textmining/gene-disease-association_lumc/sparql http" 200 
 - - [30/05/2016:15:24:07 -0430] "GET /textmining/gene-disease-association_lumc/sparql http" 200 
 - - [30/05/2016:15:27:38 -0475] "GET /textmining/gene-disease-association_lumc http" 200 
 - - [30/05/2016:15:27:38 -0489] "GET /textmining http" 200 
 - - [30/05/2016:15:27:38 -0493] "GET /textmining http" 200 936
 - - [30/05/2016:15:27:38 -0497] "GET /textmining/gene-disease-association_lumc http" 200 936
 - - [30/05/2016:15:27:38 -0501] "GET /textmining/gene-disease-association_lumc http" 200 936
 - - [30/05/2016:15:27:38 -0506] "GET /textmining/dumpy http" 404 
 - - [30/05/2016:15:27:38 -0511] "GET /textmining http" 200 
 - - [30/05/2016:15:27:38 -0523] "GET /textmining http" 200 
 - - [30/05/2016:15:27:38 -0529] "GET /dumpy http" 404 
 - - [30/05/2016:15:27:39 -0062] "GET /textmining/gene-disease-association_lumc/dummy http" 404 
 - - [30/05/2016:15:27:39 -0066] "GET /textmining/gene-disease-association_lumc/sparql http" 200 
 - - [30/05/2016:15:27:39 -0070] "GET /textmining/gene-disease-association_lumc/sparql http" 200 882
 - - [30/05/2016:15:27:39 -0073] "GET /textmining/gene-disease-association_lumc/sparql http" 200 882
 - - [30/05/2016:15:27:39 -0076] "GET /textmining/gene-disease-association_lumc/sparql http" 200 882
 - - [30/05/2016:15:27:39 -0082] "GET /textmining/gene-disease-association_lumc/sparql http" 200 
 - - [30/05/2016:15:27:39 -0090] "GET /textmining/gene-disease-association_lumc/sparql http" 200 
 - - [30/05/2016:15:36:42 -0102] "GET /textmining/gene-disease-association_lumc http" 200 
 - - [30/05/2016:15:36:42 -0116] "GET /textmining http" 200 
 - - [30/05/2016:15:36:42 -0122] "GET /textmining http" 200 936
 - - [30/05/2016:15:36:42 -0126] "GET /textmining/gene-disease-association_lumc http" 200 936
 - - [30/05/2016:15:36:42 -0130] "GET /textmining/gene-disease-association_lumc http" 200 936
 - - [30/05/2016:15:36:42 -0136] "GET /textmining/dumpy http" 404 
 - - [30/05/2016:15:36:42 -0141] "GET /textmining http" 200 
 - - [30/05/2016:15:36:42 -0154] "GET /textmining http" 200 
 - - [30/05/2016:15:36:42 -0159] "GET /dumpy http" 404 
 - - [30/05/2016:15:36:42 -0610] "GET /textmining/gene-disease-association_lumc/dummy http" 404 
 - - [30/05/2016:15:36:42 -0616] "GET /textmining/gene-disease-association_lumc/sparql http" 200 
 - - [30/05/2016:15:36:42 -0620] "GET /textmining/gene-disease-association_lumc/sparql http" 200 882
 - - [30/05/2016:15:36:42 -0623] "GET /textmining/gene-disease-association_lumc/sparql http" 200 882
 - - [30/05/2016:15:36:42 -0627] "GET /textmining/gene-disease-association_lumc/sparql http" 200 882
 - - [30/05/2016:15:36:42 -0632] "GET /textmining/gene-disease-association_lumc/sparql http" 200 
 - - [30/05/2016:15:36:42 -0639] "GET /textmining/gene-disease-association_lumc/sparql http" 200 
 - - [30/05/2016:15:49:50 -0281] "GET /textmining/gene-disease-association_lumc http" 200 
 - - [30/05/2016:15:49:50 -0296] "GET /textmining http" 200 
 - - [30/05/2016:15:49:50 -0300] "GET /textmining http" 200 936
 - - [30/05/2016:15:49:50 -0304] "GET /textmining/gene-disease-association_lumc http" 200 936
 - - [30/05/2016:15:49:50 -0308] "GET /textmining/gene-disease-association_lumc http" 200 936
 - - [30/05/2016:15:49:50 -0313] "GET /textmining/dumpy http" 404 
 - - [30/05/2016:15:49:50 -0317] "GET /textmining http" 200 
 - - [30/05/2016:15:49:50 -0326] "GET /textmining http" 200 
 - - [30/05/2016:15:49:50 -0330] "GET /dumpy http" 404 
 - - [30/05/2016:15:49:50 -0805] "GET /textmining/gene-disease-association_lumc/dummy http" 404 
 - - [30/05/2016:15:49:50 -0810] "GET /textmining/gene-disease-association_lumc/sparql http" 200 
 - - [30/05/2016:15:49:50 -0814] "GET /textmining/gene-disease-association_lumc/sparql http" 200 882
 - - [30/05/2016:15:49:50 -0817] "GET /textmining/gene-disease-association_lumc/sparql http" 200 882
 - - [30/05/2016:15:49:50 -0820] "GET /textmining/gene-disease-association_lumc/sparql http" 200 882
 - - [30/05/2016:15:49:50 -0825] "GET /textmining/gene-disease-association_lumc/sparql http" 200 
 - - [30/05/2016:15:49:50 -0833] "GET /textmining/gene-disease-association_lumc/sparql http" 200 
 - - [30/05/2016:15:50:19 -0565] "GET /textmining/gene-disease-association_lumc http" 200 
 - - [30/05/2016:15:50:19 -0579] "GET /textmining http" 200 
 - - [30/05/2016:15:50:19 -0583] "GET /textmining http" 200 936
 - - [30/05/2016:15:50:19 -0587] "GET /textmining/gene-disease-association_lumc http" 200 936
 - - [30/05/2016:15:50:19 -0591] "GET /textmining/gene-disease-association_lumc http" 200 936
 - - [30/05/2016:15:50:19 -0596] "GET /textmining/dumpy http" 404 
 - - [30/05/2016:15:50:19 -0602] "GET /textmining http" 200 
 - - [30/05/2016:15:50:19 -0612] "GET /textmining http" 200 
 - - [30/05/2016:15:50:19 -0616] "GET /dumpy http" 404 
 - - [30/05/2016:15:50:20 -0065] "GET /textmining/gene-disease-association_lumc/dummy http" 404 
 - - [30/05/2016:15:50:20 -0069] "GET /textmining/gene-disease-association_lumc/sparql http" 200 
 - - [30/05/2016:15:50:20 -0072] "GET /textmining/gene-disease-association_lumc/sparql http" 200 882
 - - [30/05/2016:15:50:20 -0076] "GET /textmining/gene-disease-association_lumc/sparql http" 200 882
 - - [30/05/2016:15:50:20 -0078] "GET /textmining/gene-disease-association_lumc/sparql http" 200 882
 - - [30/05/2016:15:50:20 -0082] "GET /textmining/gene-disease-association_lumc/sparql http" 200 
 - - [30/05/2016:15:50:20 -0088] "GET /textmining/gene-disease-association_lumc/sparql http" 200 
 - - [30/05/2016:15:51:33 -0755] "GET /textmining/gene-disease-association_lumc http" 200 
 - - [30/05/2016:15:51:33 -0775] "GET /textmining http" 200 
 - - [30/05/2016:15:51:33 -0779] "GET /textmining http" 200 936
 - - [30/05/2016:15:51:33 -0783] "GET /textmining/gene-disease-association_lumc http" 200 936
 - - [30/05/2016:15:51:33 -0787] "GET /textmining/gene-disease-association_lumc http" 200 936
 - - [30/05/2016:15:51:33 -0791] "GET /textmining/dumpy http" 404 
 - - [30/05/2016:15:51:33 -0795] "GET /textmining http" 200 
 - - [30/05/2016:15:51:33 -0805] "GET /textmining http" 200 
 - - [30/05/2016:15:51:33 -0812] "GET /dumpy http" 404 
 - - [30/05/2016:15:51:34 -0380] "GET /textmining/gene-disease-association_lumc/dummy http" 404 
 - - [30/05/2016:15:51:34 -0386] "GET /textmining/gene-disease-association_lumc/sparql http" 200 
 - - [30/05/2016:15:51:34 -0391] "GET /textmining/gene-disease-association_lumc/sparql http" 200 882
 - - [30/05/2016:15:51:34 -0395] "GET /textmining/gene-disease-association_lumc/sparql http" 200 882
 - - [30/05/2016:15:51:34 -0399] "GET /textmining/gene-disease-association_lumc/sparql http" 200 882
 - - [30/05/2016:15:51:34 -0404] "GET /textmining/gene-disease-association_lumc/sparql http" 200 
 - - [30/05/2016:15:51:34 -0415] "GET /textmining/gene-disease-association_lumc/sparql http" 200 
 - - [30/05/2016:15:51:49 -0651] "GET /textmining/gene-disease-association_lumc http" 200 
 - - [30/05/2016:15:51:49 -0667] "GET /textmining http" 200 
 - - [30/05/2016:15:51:49 -0672] "GET /textmining http" 200 936
 - - [30/05/2016:15:51:49 -0676] "GET /textmining/gene-disease-association_lumc http" 200 936
 - - [30/05/2016:15:51:49 -0680] "GET /textmining/gene-disease-association_lumc http" 200 936
 - - [30/05/2016:15:51:49 -0685] "GET /textmining/dumpy http" 404 
 - - [30/05/2016:15:51:49 -0689] "GET /textmining http" 200 
 - - [30/05/2016:15:51:49 -0700] "GET /textmining http" 200 
 - - [30/05/2016:15:51:49 -0705] "GET /dumpy http" 404 
 - - [30/05/2016:15:51:50 -0207] "GET /textmining/gene-disease-association_lumc/dummy http" 404 
 - - [30/05/2016:15:51:50 -0211] "GET /textmining/gene-disease-association_lumc/sparql http" 200 
 - - [30/05/2016:15:51:50 -0215] "GET /textmining/gene-disease-association_lumc/sparql http" 200 882
 - - [30/05/2016:15:51:50 -0219] "GET /textmining/gene-disease-association_lumc/sparql http" 200 882
 - - [30/05/2016:15:51:50 -0221] "GET /textmining/gene-disease-association_lumc/sparql http" 200 882
 - - [30/05/2016:15:51:50 -0225] "GET /textmining/gene-disease-association_lumc/sparql http" 200 
 - - [30/05/2016:15:51:50 -0233] "GET /textmining/gene-disease-association_lumc/sparql http" 200 
 - - [30/05/2016:15:54:18 -0768] "GET /textmining/gene-disease-association_lumc http" 200 
 - - [30/05/2016:15:54:18 -0789] "GET /textmining http" 200 
 - - [30/05/2016:15:54:18 -0794] "GET /textmining http" 200 936
 - - [30/05/2016:15:54:18 -0799] "GET /textmining/gene-disease-association_lumc http" 200 936
 - - [30/05/2016:15:54:18 -0803] "GET /textmining/gene-disease-association_lumc http" 200 936
 - - [30/05/2016:15:54:18 -0808] "GET /textmining/dumpy http" 404 
 - - [30/05/2016:15:54:18 -0813] "GET /textmining http" 200 
 - - [30/05/2016:15:54:18 -0829] "GET /textmining http" 200 
 - - [30/05/2016:15:54:18 -0837] "GET /dumpy http" 404 
 - - [30/05/2016:15:54:19 -0372] "GET /textmining/gene-disease-association_lumc/dummy http" 404 
 - - [30/05/2016:15:54:19 -0378] "GET /textmining/gene-disease-association_lumc/sparql http" 200 
 - - [30/05/2016:15:54:19 -0382] "GET /textmining/gene-disease-association_lumc/sparql http" 200 882
 - - [30/05/2016:15:54:19 -0387] "GET /textmining/gene-disease-association_lumc/sparql http" 200 882
 - - [30/05/2016:15:54:19 -0392] "GET /textmining/gene-disease-association_lumc/sparql http" 200 882
 - - [30/05/2016:15:54:19 -0398] "GET /textmining/gene-disease-association_lumc/sparql http" 200 
 - - [30/05/2016:15:54:19 -0410] "GET /textmining/gene-disease-association_lumc/sparql http" 200 
 - - [30/05/2016:15:54:40 -0644] "GET /textmining/gene-disease-association_lumc http" 200 
 - - [30/05/2016:15:54:40 -0661] "GET /textmining http" 200 
 - - [30/05/2016:15:54:40 -0665] "GET /textmining http" 200 936
 - - [30/05/2016:15:54:40 -0669] "GET /textmining/gene-disease-association_lumc http" 200 936
 - - [30/05/2016:15:54:40 -0673] "GET /textmining/gene-disease-association_lumc http" 200 936
 - - [30/05/2016:15:54:40 -0678] "GET /textmining/dumpy http" 404 
 - - [30/05/2016:15:54:40 -0683] "GET /textmining http" 200 
 - - [30/05/2016:15:54:40 -0694] "GET /textmining http" 200 
 - - [30/05/2016:15:54:40 -0699] "GET /dumpy http" 404 
 - - [30/05/2016:15:54:41 -0166] "GET /textmining/gene-disease-association_lumc/dummy http" 404 
 - - [30/05/2016:15:54:41 -0172] "GET /textmining/gene-disease-association_lumc/sparql http" 200 
 - - [30/05/2016:15:54:41 -0177] "GET /textmining/gene-disease-association_lumc/sparql http" 200 882
 - - [30/05/2016:15:54:41 -0181] "GET /textmining/gene-disease-association_lumc/sparql http" 200 882
 - - [30/05/2016:15:54:41 -0184] "GET /textmining/gene-disease-association_lumc/sparql http" 200 882
 - - [30/05/2016:15:54:41 -0190] "GET /textmining/gene-disease-association_lumc/sparql http" 200 
 - - [30/05/2016:15:54:41 -0198] "GET /textmining/gene-disease-association_lumc/sparql http" 200 
 - - [30/05/2016:17:09:37 -0823] "GET /textmining/gene-disease-association_lumc http" 200 
 - - [30/05/2016:17:09:37 -0851] "GET /textmining http" 200 
 - - [30/05/2016:17:09:37 -0856] "GET /textmining http" 200 936
 - - [30/05/2016:17:09:37 -0861] "GET /textmining/gene-disease-association_lumc http" 200 936
 - - [30/05/2016:17:09:37 -0866] "GET /textmining/gene-disease-association_lumc http" 200 936
 - - [30/05/2016:17:09:37 -0871] "GET /textmining/dumpy http" 404 
 - - [30/05/2016:17:09:37 -0877] "GET /textmining http" 200 
 - - [30/05/2016:17:09:37 -0888] "GET /textmining http" 200 
 - - [30/05/2016:17:09:37 -0894] "GET /dumpy http" 404 
 - - [30/05/2016:17:09:38 -0509] "GET /textmining/gene-disease-association_lumc/dummy http" 404 
 - - [30/05/2016:17:09:38 -0514] "GET /textmining/gene-disease-association_lumc/sparql http" 200 
 - - [30/05/2016:17:09:38 -0517] "GET /textmining/gene-disease-association_lumc/sparql http" 200 882
 - - [30/05/2016:17:09:38 -0520] "GET /textmining/gene-disease-association_lumc/sparql http" 200 882
 - - [30/05/2016:17:09:38 -0522] "GET /textmining/gene-disease-association_lumc/sparql http" 200 882
 - - [30/05/2016:17:09:38 -0528] "GET /textmining/gene-disease-association_lumc/sparql http" 200 
 - - [30/05/2016:17:09:38 -0555] "GET /textmining/gene-disease-association_lumc/sparql http" 200 
 - - [30/05/2016:17:10:05 -0063] "GET /textmining/gene-disease-association_lumc http" 200 
 - - [30/05/2016:17:10:05 -0081] "GET /textmining http" 200 
 - - [30/05/2016:17:10:05 -0085] "GET /textmining http" 200 936
 - - [30/05/2016:17:10:05 -0089] "GET /textmining/gene-disease-association_lumc http" 200 936
 - - [30/05/2016:17:10:05 -0094] "GET /textmining/gene-disease-association_lumc http" 200 936
 - - [30/05/2016:17:10:05 -0100] "GET /textmining/dumpy http" 404 
 - - [30/05/2016:17:10:05 -0105] "GET /textmining http" 200 
 - - [30/05/2016:17:10:05 -0115] "GET /textmining http" 200 
 - - [30/05/2016:17:10:05 -0121] "GET /dumpy http" 404 
 - - [30/05/2016:17:10:05 -0575] "GET /textmining/gene-disease-association_lumc/dummy http" 404 
 - - [30/05/2016:17:10:05 -0579] "GET /textmining/gene-disease-association_lumc/sparql http" 200 
 - - [30/05/2016:17:10:05 -0582] "GET /textmining/gene-disease-association_lumc/sparql http" 200 882
 - - [30/05/2016:17:10:05 -0585] "GET /textmining/gene-disease-association_lumc/sparql http" 200 882
 - - [30/05/2016:17:10:05 -0588] "GET /textmining/gene-disease-association_lumc/sparql http" 200 882
 - - [30/05/2016:17:10:05 -0593] "GET /textmining/gene-disease-association_lumc/sparql http" 200 
 - - [30/05/2016:17:10:05 -0599] "GET /textmining/gene-disease-association_lumc/sparql http" 200 
 - - [30/05/2016:17:24:30 -0922] "GET /textmining/gene-disease-association_lumc http" 200 
 - - [30/05/2016:17:24:30 -0950] "GET /textmining http" 200 
 - - [30/05/2016:17:24:30 -0954] "GET /textmining http" 200 936
 - - [30/05/2016:17:24:30 -0959] "GET /textmining/gene-disease-association_lumc http" 200 936
 - - [30/05/2016:17:24:30 -0963] "GET /textmining/gene-disease-association_lumc http" 200 936
 - - [30/05/2016:17:24:30 -0968] "GET /textmining/dumpy http" 404 
 - - [30/05/2016:17:24:30 -0973] "GET /textmining http" 200 
 - - [30/05/2016:17:24:30 -0984] "GET /textmining http" 200 
 - - [30/05/2016:17:24:30 -0989] "GET /dumpy http" 404 
 - - [30/05/2016:17:24:32 -0149] "GET /textmining/gene-disease-association_lumc/dummy http" 404 
 - - [30/05/2016:17:24:32 -0155] "GET /textmining/gene-disease-association_lumc/sparql http" 200 
 - - [30/05/2016:17:24:32 -0160] "GET /textmining/gene-disease-association_lumc/sparql http" 200 882
 - - [30/05/2016:17:24:32 -0163] "GET /textmining/gene-disease-association_lumc/sparql http" 200 882
 - - [30/05/2016:17:24:32 -0167] "GET /textmining/gene-disease-association_lumc/sparql http" 200 882
 - - [30/05/2016:17:24:32 -0172] "GET /textmining/gene-disease-association_lumc/sparql http" 200 
 - - [30/05/2016:17:24:32 -0181] "GET /textmining/gene-disease-association_lumc/sparql http" 200 
 - - [30/05/2016:17:24:58 -0114] "GET /textmining/gene-disease-association_lumc http" 200 
 - - [30/05/2016:17:24:58 -0146] "GET /textmining http" 200 
 - - [30/05/2016:17:24:58 -0152] "GET /textmining http" 200 936
 - - [30/05/2016:17:24:58 -0158] "GET /textmining/gene-disease-association_lumc http" 200 936
 - - [30/05/2016:17:24:58 -0164] "GET /textmining/gene-disease-association_lumc http" 200 936
 - - [30/05/2016:17:24:58 -0170] "GET /textmining/dumpy http" 404 
 - - [30/05/2016:17:24:58 -0176] "GET /textmining http" 200 
 - - [30/05/2016:17:24:58 -0188] "GET /textmining http" 200 
 - - [30/05/2016:17:24:58 -0195] "GET /dumpy http" 404 
 - - [30/05/2016:17:24:58 -0707] "GET /textmining/gene-disease-association_lumc/dummy http" 404 
 - - [30/05/2016:17:24:58 -0712] "GET /textmining/gene-disease-association_lumc/sparql http" 200 
 - - [30/05/2016:17:24:58 -0715] "GET /textmining/gene-disease-association_lumc/sparql http" 200 882
 - - [30/05/2016:17:24:58 -0719] "GET /textmining/gene-disease-association_lumc/sparql http" 200 882
 - - [30/05/2016:17:24:58 -0723] "GET /textmining/gene-disease-association_lumc/sparql http" 200 882
 - - [30/05/2016:17:24:58 -0728] "GET /textmining/gene-disease-association_lumc/sparql http" 200 
 - - [30/05/2016:17:24:58 -0736] "GET /textmining/gene-disease-association_lumc/sparql http" 200 
 - - [30/05/2016:17:26:16 -0646] "GET /textmining/gene-disease-association_lumc http" 200 
 - - [30/05/2016:17:26:16 -0659] "GET /textmining http" 200 
 - - [30/05/2016:17:26:16 -0664] "GET /textmining http" 200 936
 - - [30/05/2016:17:26:16 -0667] "GET /textmining/gene-disease-association_lumc http" 200 936
 - - [30/05/2016:17:26:16 -0671] "GET /textmining/gene-disease-association_lumc http" 200 936
 - - [30/05/2016:17:26:16 -0676] "GET /textmining/dumpy http" 404 
 - - [30/05/2016:17:26:16 -0679] "GET /textmining http" 200 
 - - [30/05/2016:17:26:16 -0689] "GET /textmining http" 200 
 - - [30/05/2016:17:26:16 -0693] "GET /dumpy http" 404 
 - - [30/05/2016:17:26:17 -0160] "GET /textmining/gene-disease-association_lumc/dummy http" 404 
 - - [30/05/2016:17:26:17 -0164] "GET /textmining/gene-disease-association_lumc/sparql http" 200 
 - - [30/05/2016:17:26:17 -0168] "GET /textmining/gene-disease-association_lumc/sparql http" 200 882
 - - [30/05/2016:17:26:17 -0170] "GET /textmining/gene-disease-association_lumc/sparql http" 200 882
 - - [30/05/2016:17:26:17 -0173] "GET /textmining/gene-disease-association_lumc/sparql http" 200 882
 - - [30/05/2016:17:26:17 -0176] "GET /textmining/gene-disease-association_lumc/sparql http" 200 
 - - [30/05/2016:17:26:17 -0182] "GET /textmining/gene-disease-association_lumc/sparql http" 200 
 - - [30/05/2016:17:31:12 -0877] "GET /textmining/gene-disease-association_lumc http" 200 
 - - [30/05/2016:17:31:12 -0910] "GET /textmining http" 200 
 - - [30/05/2016:17:31:12 -0913] "GET /textmining http" 200 936
 - - [30/05/2016:17:31:12 -0916] "GET /textmining/gene-disease-association_lumc http" 200 936
 - - [30/05/2016:17:31:12 -0920] "GET /textmining/gene-disease-association_lumc http" 200 936
 - - [30/05/2016:17:31:12 -0925] "GET /textmining/dumpy http" 404 
 - - [30/05/2016:17:31:12 -0928] "GET /textmining http" 200 
 - - [30/05/2016:17:31:12 -0938] "GET /textmining http" 200 
 - - [30/05/2016:17:31:12 -0943] "GET /dumpy http" 404 
 - - [30/05/2016:17:31:13 -0605] "GET /textmining/gene-disease-association_lumc/dummy http" 404 
 - - [30/05/2016:17:31:13 -0611] "GET /textmining/gene-disease-association_lumc/sparql http" 200 
 - - [30/05/2016:17:31:13 -0616] "GET /textmining/gene-disease-association_lumc/sparql http" 200 882
 - - [30/05/2016:17:31:13 -0619] "GET /textmining/gene-disease-association_lumc/sparql http" 200 882
 - - [30/05/2016:17:31:13 -0623] "GET /textmining/gene-disease-association_lumc/sparql http" 200 882
 - - [30/05/2016:17:31:13 -0628] "GET /textmining/gene-disease-association_lumc/sparql http" 200 
 - - [30/05/2016:17:31:13 -0635] "GET /textmining/gene-disease-association_lumc/sparql http" 200 
 - - [30/05/2016:17:31:33 -0287] "GET /textmining/gene-disease-association_lumc http" 200 
 - - [30/05/2016:17:31:33 -0310] "GET /textmining http" 200 
 - - [30/05/2016:17:31:33 -0314] "GET /textmining http" 200 936
 - - [30/05/2016:17:31:33 -0317] "GET /textmining/gene-disease-association_lumc http" 200 936
 - - [30/05/2016:17:31:33 -0321] "GET /textmining/gene-disease-association_lumc http" 200 936
 - - [30/05/2016:17:31:33 -0325] "GET /textmining/dumpy http" 404 
 - - [30/05/2016:17:31:33 -0329] "GET /textmining http" 200 
 - - [30/05/2016:17:31:33 -0338] "GET /textmining http" 200 
 - - [30/05/2016:17:31:33 -0343] "GET /dumpy http" 404 
 - - [30/05/2016:17:31:33 -0909] "GET /textmining/gene-disease-association_lumc/dummy http" 404 
 - - [30/05/2016:17:31:33 -0914] "GET /textmining/gene-disease-association_lumc/sparql http" 200 
 - - [30/05/2016:17:31:33 -0918] "GET /textmining/gene-disease-association_lumc/sparql http" 200 882
 - - [30/05/2016:17:31:33 -0921] "GET /textmining/gene-disease-association_lumc/sparql http" 200 882
 - - [30/05/2016:17:31:33 -0924] "GET /textmining/gene-disease-association_lumc/sparql http" 200 882
 - - [30/05/2016:17:31:33 -0928] "GET /textmining/gene-disease-association_lumc/sparql http" 200 
 - - [30/05/2016:17:31:33 -0937] "GET /textmining/gene-disease-association_lumc/sparql http" 200 
 - - [30/05/2016:17:33:43 -0761] "GET /textmining/gene-disease-association_lumc http" 200 
 - - [30/05/2016:17:33:43 -0839] "GET /textmining http" 200 
 - - [30/05/2016:17:33:43 -0848] "GET /textmining http" 200 936
 - - [30/05/2016:17:33:43 -0861] "GET /textmining/gene-disease-association_lumc http" 200 936
 - - [30/05/2016:17:33:43 -0868] "GET /textmining/gene-disease-association_lumc http" 200 936
 - - [30/05/2016:17:33:43 -0879] "GET /textmining/dumpy http" 404 
 - - [30/05/2016:17:33:43 -0891] "GET /textmining http" 200 
 - - [30/05/2016:17:33:43 -0925] "GET /textmining http" 200 
 - - [30/05/2016:17:33:43 -0940] "GET /dumpy http" 404 
 - - [30/05/2016:17:33:44 -0725] "GET /textmining/gene-disease-association_lumc/dummy http" 404 
 - - [30/05/2016:17:33:44 -0731] "GET /textmining/gene-disease-association_lumc/sparql http" 200 
 - - [30/05/2016:17:33:44 -0735] "GET /textmining/gene-disease-association_lumc/sparql http" 200 882
 - - [30/05/2016:17:33:44 -0739] "GET /textmining/gene-disease-association_lumc/sparql http" 200 882
 - - [30/05/2016:17:33:44 -0742] "GET /textmining/gene-disease-association_lumc/sparql http" 200 882
 - - [30/05/2016:17:33:44 -0746] "GET /textmining/gene-disease-association_lumc/sparql http" 200 
 - - [30/05/2016:17:33:44 -0756] "GET /textmining/gene-disease-association_lumc/sparql http" 200 
 - - [30/05/2016:17:33:58 -0893] "GET /textmining/gene-disease-association_lumc http" 200 
 - - [30/05/2016:17:33:58 -0925] "GET /textmining http" 200 
 - - [30/05/2016:17:33:58 -0931] "GET /textmining http" 200 936
 - - [30/05/2016:17:33:58 -0937] "GET /textmining/gene-disease-association_lumc http" 200 936
 - - [30/05/2016:17:33:58 -0942] "GET /textmining/gene-disease-association_lumc http" 200 936
 - - [30/05/2016:17:33:58 -0958] "GET /textmining/dumpy http" 404 
 - - [30/05/2016:17:33:58 -0974] "GET /textmining http" 200 
 - - [30/05/2016:17:33:58 -0989] "GET /textmining http" 200 
 - - [30/05/2016:17:33:59 -0005] "GET /dumpy http" 404 
 - - [30/05/2016:17:33:59 -0667] "GET /textmining/gene-disease-association_lumc/dummy http" 404 
 - - [30/05/2016:17:33:59 -0707] "GET /textmining/gene-disease-association_lumc/sparql http" 200 
 - - [30/05/2016:17:33:59 -0712] "GET /textmining/gene-disease-association_lumc/sparql http" 200 882
 - - [30/05/2016:17:33:59 -0715] "GET /textmining/gene-disease-association_lumc/sparql http" 200 882
 - - [30/05/2016:17:33:59 -0718] "GET /textmining/gene-disease-association_lumc/sparql http" 200 882
 - - [30/05/2016:17:33:59 -0723] "GET /textmining/gene-disease-association_lumc/sparql http" 200 
 - - [30/05/2016:17:33:59 -0732] "GET /textmining/gene-disease-association_lumc/sparql http" 200 
 - - [30/05/2016:17:35:47 -0553] "GET /textmining/gene-disease-association_lumc http" 200 
 - - [30/05/2016:17:35:47 -0590] "GET /textmining http" 200 
 - - [30/05/2016:17:35:47 -0593] "GET /textmining http" 200 936
 - - [30/05/2016:17:35:47 -0597] "GET /textmining/gene-disease-association_lumc http" 200 936
 - - [30/05/2016:17:35:47 -0600] "GET /textmining/gene-disease-association_lumc http" 200 936
 - - [30/05/2016:17:35:47 -0606] "GET /textmining/dumpy http" 404 
 - - [30/05/2016:17:35:47 -0610] "GET /textmining http" 200 
 - - [30/05/2016:17:35:47 -0621] "GET /textmining http" 200 
 - - [30/05/2016:17:35:47 -0626] "GET /dumpy http" 404 
 - - [30/05/2016:17:35:48 -0205] "GET /textmining/gene-disease-association_lumc/dummy http" 404 
 - - [30/05/2016:17:35:48 -0210] "GET /textmining/gene-disease-association_lumc/sparql http" 200 
 - - [30/05/2016:17:35:48 -0213] "GET /textmining/gene-disease-association_lumc/sparql http" 200 882
 - - [30/05/2016:17:35:48 -0215] "GET /textmining/gene-disease-association_lumc/sparql http" 200 882
 - - [30/05/2016:17:35:48 -0218] "GET /textmining/gene-disease-association_lumc/sparql http" 200 882
 - - [30/05/2016:17:35:48 -0222] "GET /textmining/gene-disease-association_lumc/sparql http" 200 
 - - [30/05/2016:17:35:48 -0229] "GET /textmining/gene-disease-association_lumc/sparql http" 200 
 - - [30/05/2016:17:36:08 -0016] "GET /textmining/gene-disease-association_lumc http" 200 
 - - [30/05/2016:17:36:08 -0032] "GET /textmining http" 200 
 - - [30/05/2016:17:36:08 -0036] "GET /textmining http" 200 936
 - - [30/05/2016:17:36:08 -0040] "GET /textmining/gene-disease-association_lumc http" 200 936
 - - [30/05/2016:17:36:08 -0045] "GET /textmining/gene-disease-association_lumc http" 200 936
 - - [30/05/2016:17:36:08 -0050] "GET /textmining/dumpy http" 404 
 - - [30/05/2016:17:36:08 -0055] "GET /textmining http" 200 
 - - [30/05/2016:17:36:08 -0067] "GET /textmining http" 200 
 - - [30/05/2016:17:36:08 -0075] "GET /dumpy http" 404 
 - - [30/05/2016:17:36:08 -0610] "GET /textmining/gene-disease-association_lumc/dummy http" 404 
 - - [30/05/2016:17:36:08 -0615] "GET /textmining/gene-disease-association_lumc/sparql http" 200 
 - - [30/05/2016:17:36:08 -0619] "GET /textmining/gene-disease-association_lumc/sparql http" 200 882
 - - [30/05/2016:17:36:08 -0622] "GET /textmining/gene-disease-association_lumc/sparql http" 200 882
 - - [30/05/2016:17:36:08 -0625] "GET /textmining/gene-disease-association_lumc/sparql http" 200 882
 - - [30/05/2016:17:36:08 -0630] "GET /textmining/gene-disease-association_lumc/sparql http" 200 
 - - [30/05/2016:17:36:08 -0638] "GET /textmining/gene-disease-association_lumc/sparql http" 200 
 - - [30/05/2016:17:38:45 -0858] "GET /textmining/gene-disease-association_lumc http" 200 
 - - [30/05/2016:17:38:45 -0873] "GET /textmining http" 200 
 - - [30/05/2016:17:38:45 -0877] "GET /textmining http" 200 936
 - - [30/05/2016:17:38:45 -0880] "GET /textmining/gene-disease-association_lumc http" 200 936
 - - [30/05/2016:17:38:45 -0884] "GET /textmining/gene-disease-association_lumc http" 200 936
 - - [30/05/2016:17:38:45 -0889] "GET /textmining/dumpy http" 404 
 - - [30/05/2016:17:38:45 -0894] "GET /textmining http" 200 
 - - [30/05/2016:17:38:45 -0905] "GET /textmining http" 200 
 - - [30/05/2016:17:38:45 -0911] "GET /dumpy http" 404 
 - - [30/05/2016:17:38:46 -0445] "GET /textmining/gene-disease-association_lumc/dummy http" 404 
 - - [30/05/2016:17:38:46 -0450] "GET /textmining/gene-disease-association_lumc/sparql http" 200 
 - - [30/05/2016:17:38:46 -0454] "GET /textmining/gene-disease-association_lumc/sparql http" 200 882
 - - [30/05/2016:17:38:46 -0457] "GET /textmining/gene-disease-association_lumc/sparql http" 200 882
 - - [30/05/2016:17:38:46 -0461] "GET /textmining/gene-disease-association_lumc/sparql http" 200 882
 - - [30/05/2016:17:38:46 -0466] "GET /textmining/gene-disease-association_lumc/sparql http" 200 
 - - [30/05/2016:17:38:46 -0471] "GET /textmining/gene-disease-association_lumc/sparql http" 200 
 - - [30/05/2016:17:39:16 -0960] "GET /textmining/gene-disease-association_lumc http" 200 
 - - [30/05/2016:17:39:16 -0973] "GET /textmining http" 200 
 - - [30/05/2016:17:39:16 -0976] "GET /textmining http" 200 936
 - - [30/05/2016:17:39:16 -0979] "GET /textmining/gene-disease-association_lumc http" 200 936
 - - [30/05/2016:17:39:16 -0984] "GET /textmining/gene-disease-association_lumc http" 200 936
 - - [30/05/2016:17:39:16 -0989] "GET /textmining/dumpy http" 404 
 - - [30/05/2016:17:39:16 -0993] "GET /textmining http" 200 
 - - [30/05/2016:17:39:17 -0004] "GET /textmining http" 200 
 - - [30/05/2016:17:39:17 -0010] "GET /dumpy http" 404 
 - - [30/05/2016:17:39:17 -0438] "GET /textmining/gene-disease-association_lumc/dummy http" 404 
 - - [30/05/2016:17:39:17 -0441] "GET /textmining/gene-disease-association_lumc/sparql http" 200 
 - - [30/05/2016:17:39:17 -0446] "GET /textmining/gene-disease-association_lumc/sparql http" 200 882
 - - [30/05/2016:17:39:17 -0450] "GET /textmining/gene-disease-association_lumc/sparql http" 200 882
 - - [30/05/2016:17:39:17 -0454] "GET /textmining/gene-disease-association_lumc/sparql http" 200 882
 - - [30/05/2016:17:39:17 -0460] "GET /textmining/gene-disease-association_lumc/sparql http" 200 
 - - [30/05/2016:17:39:17 -0468] "GET /textmining/gene-disease-association_lumc/sparql http" 200 
 - - [30/05/2016:19:29:06 -0219] "GET /textmining/gene-disease-association_lumc http" 200 
 - - [30/05/2016:19:29:06 -0265] "GET /textmining http" 200 
 - - [30/05/2016:19:29:06 -0267] "GET /textmining http" 200 936
 - - [30/05/2016:19:29:06 -0269] "GET /textmining/gene-disease-association_lumc http" 200 936
 - - [30/05/2016:19:29:06 -0271] "GET /textmining/gene-disease-association_lumc http" 200 936
 - - [30/05/2016:19:29:06 -0274] "GET /textmining/dumpy http" 404 
 - - [30/05/2016:19:29:06 -0277] "GET /textmining http" 200 
 - - [30/05/2016:19:29:06 -0307] "GET /textmining http" 200 
 - - [30/05/2016:19:29:06 -0310] "GET /dumpy http" 404 
 - - [30/05/2016:19:29:06 -0582] "GET /textmining/gene-disease-association_lumc/dummy http" 404 
 - - [30/05/2016:19:29:06 -0584] "GET /textmining/gene-disease-association_lumc/sparql http" 200 
 - - [30/05/2016:19:29:06 -0586] "GET /textmining/gene-disease-association_lumc/sparql http" 200 882
 - - [30/05/2016:19:29:06 -0588] "GET /textmining/gene-disease-association_lumc/sparql http" 200 882
 - - [30/05/2016:19:29:06 -0591] "GET /textmining/gene-disease-association_lumc/sparql http" 200 882
 - - [30/05/2016:19:29:06 -0593] "GET /textmining/gene-disease-association_lumc/sparql http" 200 
 - - [30/05/2016:19:29:06 -0597] "GET /textmining/gene-disease-association_lumc/sparql http" 200 
 - - [30/05/2016:19:29:30 -0017] "GET /textmining/gene-disease-association_lumc http" 200 
 - - [30/05/2016:19:29:30 -0025] "GET /textmining http" 200 
 - - [30/05/2016:19:29:30 -0027] "GET /textmining http" 200 936
 - - [30/05/2016:19:29:30 -0029] "GET /textmining/gene-disease-association_lumc http" 200 936
 - - [30/05/2016:19:29:30 -0031] "GET /textmining/gene-disease-association_lumc http" 200 936
 - - [30/05/2016:19:29:30 -0034] "GET /textmining/dumpy http" 404 
 - - [30/05/2016:19:29:30 -0036] "GET /textmining http" 200 
 - - [30/05/2016:19:29:30 -0043] "GET /textmining http" 200 
 - - [30/05/2016:19:29:30 -0046] "GET /dumpy http" 404 
 - - [30/05/2016:19:29:30 -0317] "GET /textmining/gene-disease-association_lumc/dummy http" 404 
 - - [30/05/2016:19:29:30 -0320] "GET /textmining/gene-disease-association_lumc/sparql http" 200 
 - - [30/05/2016:19:29:30 -0322] "GET /textmining/gene-disease-association_lumc/sparql http" 200 882
 - - [30/05/2016:19:29:30 -0324] "GET /textmining/gene-disease-association_lumc/sparql http" 200 882
 - - [30/05/2016:19:29:30 -0326] "GET /textmining/gene-disease-association_lumc/sparql http" 200 882
 - - [30/05/2016:19:29:30 -0329] "GET /textmining/gene-disease-association_lumc/sparql http" 200 
 - - [30/05/2016:19:29:30 -0334] "GET /textmining/gene-disease-association_lumc/sparql http" 200 
 - - [30/05/2016:19:32:20 -0292] "GET /textmining/gene-disease-association_lumc http" 200 
 - - [30/05/2016:19:32:20 -0300] "GET /textmining http" 200 
 - - [30/05/2016:19:32:20 -0303] "GET /textmining http" 200 936
 - - [30/05/2016:19:32:20 -0305] "GET /textmining/gene-disease-association_lumc http" 200 936
 - - [30/05/2016:19:32:20 -0307] "GET /textmining/gene-disease-association_lumc http" 200 936
 - - [30/05/2016:19:32:20 -0310] "GET /textmining/dumpy http" 404 
 - - [30/05/2016:19:32:20 -0313] "GET /textmining http" 200 
 - - [30/05/2016:19:32:20 -0320] "GET /textmining http" 200 
 - - [30/05/2016:19:32:20 -0323] "GET /dumpy http" 404 
 - - [30/05/2016:19:32:20 -0580] "GET /textmining/gene-disease-association_lumc/dummy http" 404 
 - - [30/05/2016:19:32:20 -0583] "GET /textmining/gene-disease-association_lumc/sparql http" 200 
 - - [30/05/2016:19:32:20 -0585] "GET /textmining/gene-disease-association_lumc/sparql http" 200 882
 - - [30/05/2016:19:32:20 -0586] "GET /textmining/gene-disease-association_lumc/sparql http" 200 882
 - - [30/05/2016:19:32:20 -0588] "GET /textmining/gene-disease-association_lumc/sparql http" 200 882
 - - [30/05/2016:19:32:20 -0590] "GET /textmining/gene-disease-association_lumc/sparql http" 200 
 - - [30/05/2016:19:32:20 -0594] "GET /textmining/gene-disease-association_lumc/sparql http" 200 
 - - [30/05/2016:19:32:36 -0170] "GET /textmining/gene-disease-association_lumc http" 200 
 - - [30/05/2016:19:32:36 -0184] "GET /textmining http" 200 
 - - [30/05/2016:19:32:36 -0187] "GET /textmining http" 200 936
 - - [30/05/2016:19:32:36 -0190] "GET /textmining/gene-disease-association_lumc http" 200 936
 - - [30/05/2016:19:32:36 -0193] "GET /textmining/gene-disease-association_lumc http" 200 936
 - - [30/05/2016:19:32:36 -0197] "GET /textmining/dumpy http" 404 
 - - [30/05/2016:19:32:36 -0202] "GET /textmining http" 200 
 - - [30/05/2016:19:32:36 -0209] "GET /textmining http" 200 
 - - [30/05/2016:19:32:36 -0215] "GET /dumpy http" 404 
 - - [30/05/2016:19:32:36 -0537] "GET /textmining/gene-disease-association_lumc/dummy http" 404 
 - - [30/05/2016:19:32:36 -0540] "GET /textmining/gene-disease-association_lumc/sparql http" 200 
 - - [30/05/2016:19:32:36 -0543] "GET /textmining/gene-disease-association_lumc/sparql http" 200 882
 - - [30/05/2016:19:32:36 -0545] "GET /textmining/gene-disease-association_lumc/sparql http" 200 882
 - - [30/05/2016:19:32:36 -0547] "GET /textmining/gene-disease-association_lumc/sparql http" 200 882
 - - [30/05/2016:19:32:36 -0551] "GET /textmining/gene-disease-association_lumc/sparql http" 200 
 - - [30/05/2016:19:32:36 -0556] "GET /textmining/gene-disease-association_lumc/sparql http" 200 
 - - [30/05/2016:19:41:42 -0559] "GET /textmining/gene-disease-association_lumc http" 200 
 - - [30/05/2016:19:41:42 -0583] "GET /textmining http" 200 
 - - [30/05/2016:19:41:42 -0585] "GET /textmining http" 200 936
 - - [30/05/2016:19:41:42 -0587] "GET /textmining/gene-disease-association_lumc http" 200 936
 - - [30/05/2016:19:41:42 -0590] "GET /textmining/gene-disease-association_lumc http" 200 936
 - - [30/05/2016:19:41:42 -0593] "GET /textmining/dumpy http" 404 
 - - [30/05/2016:19:41:42 -0595] "GET /textmining http" 200 
 - - [30/05/2016:19:41:42 -0601] "GET /textmining http" 200 
 - - [30/05/2016:19:41:42 -0603] "GET /dumpy http" 404 
 - - [30/05/2016:19:41:42 -0859] "GET /textmining/gene-disease-association_lumc/dummy http" 404 
 - - [30/05/2016:19:41:42 -0861] "GET /textmining/gene-disease-association_lumc/sparql http" 200 
 - - [30/05/2016:19:41:42 -0863] "GET /textmining/gene-disease-association_lumc/sparql http" 200 882
 - - [30/05/2016:19:41:42 -0865] "GET /textmining/gene-disease-association_lumc/sparql http" 200 882
 - - [30/05/2016:19:41:42 -0867] "GET /textmining/gene-disease-association_lumc/sparql http" 200 882
 - - [30/05/2016:19:41:42 -0869] "GET /textmining/gene-disease-association_lumc/sparql http" 200 
 - - [30/05/2016:19:41:42 -0873] "GET /textmining/gene-disease-association_lumc/sparql http" 200 
 - - [30/05/2016:19:53:24 -0848] "GET /textmining/gene-disease-association_lumc http" 200 
 - - [30/05/2016:19:53:24 -0857] "GET /textmining http" 200 
 - - [30/05/2016:19:53:24 -0859] "GET /textmining http" 200 936
 - - [30/05/2016:19:53:24 -0862] "GET /textmining/gene-disease-association_lumc http" 200 936
 - - [30/05/2016:19:53:24 -0865] "GET /textmining/gene-disease-association_lumc http" 200 936
 - - [30/05/2016:19:53:24 -0869] "GET /textmining/dumpy http" 404 
 - - [30/05/2016:19:53:24 -0872] "GET /textmining http" 200 
 - - [30/05/2016:19:53:24 -0878] "GET /textmining http" 200 
 - - [30/05/2016:19:53:24 -0882] "GET /dumpy http" 404 
 - - [30/05/2016:19:53:25 -0154] "GET /textmining/gene-disease-association_lumc/dummy http" 404 
 - - [30/05/2016:19:53:25 -0158] "GET /textmining/gene-disease-association_lumc/sparql http" 200 
 - - [30/05/2016:19:53:25 -0160] "GET /textmining/gene-disease-association_lumc/sparql http" 200 882
 - - [30/05/2016:19:53:25 -0162] "GET /textmining/gene-disease-association_lumc/sparql http" 200 882
 - - [30/05/2016:19:53:25 -0164] "GET /textmining/gene-disease-association_lumc/sparql http" 200 882
 - - [30/05/2016:19:53:25 -0167] "GET /textmining/gene-disease-association_lumc/sparql http" 200 
 - - [30/05/2016:19:53:25 -0171] "GET /textmining/gene-disease-association_lumc/sparql http" 200 
 - - [30/05/2016:19:53:54 -0090] "GET /textmining/gene-disease-association_lumc http" 200 
 - - [30/05/2016:19:53:54 -0101] "GET /textmining http" 200 
 - - [30/05/2016:19:53:54 -0104] "GET /textmining http" 200 936
 - - [30/05/2016:19:53:54 -0107] "GET /textmining/gene-disease-association_lumc http" 200 936
 - - [30/05/2016:19:53:54 -0110] "GET /textmining/gene-disease-association_lumc http" 200 936
 - - [30/05/2016:19:53:54 -0113] "GET /textmining/dumpy http" 404 
 - - [30/05/2016:19:53:54 -0117] "GET /textmining http" 200 
 - - [30/05/2016:19:53:54 -0125] "GET /textmining http" 200 
 - - [30/05/2016:19:53:54 -0129] "GET /dumpy http" 404 
 - - [30/05/2016:19:53:54 -0514] "GET /textmining/gene-disease-association_lumc/dummy http" 404 
 - - [30/05/2016:19:53:54 -0518] "GET /textmining/gene-disease-association_lumc/sparql http" 200 
 - - [30/05/2016:19:53:54 -0521] "GET /textmining/gene-disease-association_lumc/sparql http" 200 882
 - - [30/05/2016:19:53:54 -0523] "GET /textmining/gene-disease-association_lumc/sparql http" 200 882
 - - [30/05/2016:19:53:54 -0526] "GET /textmining/gene-disease-association_lumc/sparql http" 200 882
 - - [30/05/2016:19:53:54 -0530] "GET /textmining/gene-disease-association_lumc/sparql http" 200 
 - - [30/05/2016:19:53:54 -0536] "GET /textmining/gene-disease-association_lumc/sparql http" 200 
 - - [30/05/2016:19:54:28 -0089] "GET /textmining/gene-disease-association_lumc http" 200 
 - - [30/05/2016:19:54:28 -0103] "GET /textmining http" 200 
 - - [30/05/2016:19:54:28 -0106] "GET /textmining http" 200 936
 - - [30/05/2016:19:54:28 -0109] "GET /textmining/gene-disease-association_lumc http" 200 936
 - - [30/05/2016:19:54:28 -0112] "GET /textmining/gene-disease-association_lumc http" 200 936
 - - [30/05/2016:19:54:28 -0116] "GET /textmining/dumpy http" 404 
 - - [30/05/2016:19:54:28 -0119] "GET /textmining http" 200 
 - - [30/05/2016:19:54:28 -0128] "GET /textmining http" 200 
 - - [30/05/2016:19:54:28 -0131] "GET /dumpy http" 404 
 - - [30/05/2016:19:54:28 -0454] "GET /textmining/gene-disease-association_lumc/dummy http" 404 
 - - [30/05/2016:19:54:28 -0456] "GET /textmining/gene-disease-association_lumc/sparql http" 200 
 - - [30/05/2016:19:54:28 -0458] "GET /textmining/gene-disease-association_lumc/sparql http" 200 882
 - - [30/05/2016:19:54:28 -0460] "GET /textmining/gene-disease-association_lumc/sparql http" 200 882
 - - [30/05/2016:19:54:28 -0462] "GET /textmining/gene-disease-association_lumc/sparql http" 200 882
 - - [30/05/2016:19:54:28 -0464] "GET /textmining/gene-disease-association_lumc/sparql http" 200 
 - - [30/05/2016:19:54:28 -0469] "GET /textmining/gene-disease-association_lumc/sparql http" 200 
 - - [30/05/2016:19:54:43 -0166] "GET /textmining/gene-disease-association_lumc http" 200 
 - - [30/05/2016:19:54:43 -0173] "GET /textmining http" 200 
 - - [30/05/2016:19:54:43 -0175] "GET /textmining http" 200 936
 - - [30/05/2016:19:54:43 -0177] "GET /textmining/gene-disease-association_lumc http" 200 936
 - - [30/05/2016:19:54:43 -0179] "GET /textmining/gene-disease-association_lumc http" 200 936
 - - [30/05/2016:19:54:43 -0182] "GET /textmining/dumpy http" 404 
 - - [30/05/2016:19:54:43 -0184] "GET /textmining http" 200 
 - - [30/05/2016:19:54:43 -0189] "GET /textmining http" 200 
 - - [30/05/2016:19:54:43 -0191] "GET /dumpy http" 404 
 - - [30/05/2016:19:54:43 -0410] "GET /textmining/gene-disease-association_lumc/dummy http" 404 
 - - [30/05/2016:19:54:43 -0413] "GET /textmining/gene-disease-association_lumc/sparql http" 200 
 - - [30/05/2016:19:54:43 -0415] "GET /textmining/gene-disease-association_lumc/sparql http" 200 882
 - - [30/05/2016:19:54:43 -0417] "GET /textmining/gene-disease-association_lumc/sparql http" 200 882
 - - [30/05/2016:19:54:43 -0418] "GET /textmining/gene-disease-association_lumc/sparql http" 200 882
 - - [30/05/2016:19:54:43 -0421] "GET /textmining/gene-disease-association_lumc/sparql http" 200 
 - - [30/05/2016:19:54:43 -0426] "GET /textmining/gene-disease-association_lumc/sparql http" 200 
