 - - [19/05/2016:12:43:57 -0833] "GET /textmining/gene-disease-association_lumc http" 200 
 - - [19/05/2016:12:43:57 -0843] "GET /textmining http" 200 
 - - [19/05/2016:12:43:57 -0845] "GET /textmining http" 200 936
 - - [19/05/2016:12:43:57 -0848] "GET /textmining/gene-disease-association_lumc http" 200 936
 - - [19/05/2016:12:43:57 -0852] "GET /textmining/gene-disease-association_lumc http" 200 936
 - - [19/05/2016:12:43:57 -0855] "GET /textmining/dumpy http" 404 
 - - [19/05/2016:12:43:57 -0858] "GET /textmining http" 200 
 - - [19/05/2016:12:43:57 -0868] "GET /textmining http" 200 
 - - [19/05/2016:12:43:57 -0872] "GET /dumpy http" 404 
 - - [19/05/2016:12:43:58 -0250] "GET /textmining/gene-disease-association_lumc/dummy http" 404 
 - - [19/05/2016:12:43:58 -0253] "GET /textmining/gene-disease-association_lumc/sparql http" 200 
 - - [19/05/2016:12:43:58 -0257] "GET /textmining/gene-disease-association_lumc/sparql http" 200 882
 - - [19/05/2016:12:43:58 -0259] "GET /textmining/gene-disease-association_lumc/sparql http" 200 882
 - - [19/05/2016:12:43:58 -0262] "GET /textmining/gene-disease-association_lumc/sparql http" 200 882
 - - [19/05/2016:12:43:58 -0266] "GET /textmining/gene-disease-association_lumc/sparql http" 200 
 - - [19/05/2016:12:43:58 -0272] "GET /textmining/gene-disease-association_lumc/sparql http" 200 
 - - [19/05/2016:12:44:19 -0683] "GET /textmining/gene-disease-association_lumc http" 200 
 - - [19/05/2016:12:44:19 -0693] "GET /textmining http" 200 
 - - [19/05/2016:12:44:19 -0696] "GET /textmining http" 200 936
 - - [19/05/2016:12:44:19 -0698] "GET /textmining/gene-disease-association_lumc http" 200 936
 - - [19/05/2016:12:44:19 -0701] "GET /textmining/gene-disease-association_lumc http" 200 936
 - - [19/05/2016:12:44:19 -0704] "GET /textmining/dumpy http" 404 
 - - [19/05/2016:12:44:19 -0708] "GET /textmining http" 200 
 - - [19/05/2016:12:44:19 -0716] "GET /textmining http" 200 
 - - [19/05/2016:12:44:19 -0719] "GET /dumpy http" 404 
 - - [19/05/2016:12:44:20 -0076] "GET /textmining/gene-disease-association_lumc/dummy http" 404 
 - - [19/05/2016:12:44:20 -0080] "GET /textmining/gene-disease-association_lumc/sparql http" 200 
 - - [19/05/2016:12:44:20 -0083] "GET /textmining/gene-disease-association_lumc/sparql http" 200 882
 - - [19/05/2016:12:44:20 -0086] "GET /textmining/gene-disease-association_lumc/sparql http" 200 882
 - - [19/05/2016:12:44:20 -0088] "GET /textmining/gene-disease-association_lumc/sparql http" 200 882
 - - [19/05/2016:12:44:20 -0092] "GET /textmining/gene-disease-association_lumc/sparql http" 200 
 - - [19/05/2016:12:44:20 -0099] "GET /textmining/gene-disease-association_lumc/sparql http" 200 
 - - [19/05/2016:12:55:44 -0999] "GET /textmining/gene-disease-association_lumc http" 200 
 - - [19/05/2016:12:55:45 -0007] "GET /textmining http" 200 
 - - [19/05/2016:12:55:45 -0009] "GET /textmining http" 200 936
 - - [19/05/2016:12:55:45 -0011] "GET /textmining/gene-disease-association_lumc http" 200 936
 - - [19/05/2016:12:55:45 -0014] "GET /textmining/gene-disease-association_lumc http" 200 936
 - - [19/05/2016:12:55:45 -0017] "GET /textmining/dumpy http" 404 
 - - [19/05/2016:12:55:45 -0021] "GET /textmining http" 200 
 - - [19/05/2016:12:55:45 -0028] "GET /textmining http" 200 
 - - [19/05/2016:12:55:45 -0031] "GET /dumpy http" 404 
 - - [19/05/2016:12:55:45 -0269] "GET /textmining/gene-disease-association_lumc/dummy http" 404 
 - - [19/05/2016:12:55:45 -0272] "GET /textmining/gene-disease-association_lumc/sparql http" 200 
 - - [19/05/2016:12:55:45 -0275] "GET /textmining/gene-disease-association_lumc/sparql http" 200 882
 - - [19/05/2016:12:55:45 -0276] "GET /textmining/gene-disease-association_lumc/sparql http" 200 882
 - - [19/05/2016:12:55:45 -0278] "GET /textmining/gene-disease-association_lumc/sparql http" 200 882
 - - [19/05/2016:12:55:45 -0281] "GET /textmining/gene-disease-association_lumc/sparql http" 200 
 - - [19/05/2016:12:55:45 -0285] "GET /textmining/gene-disease-association_lumc/sparql http" 200 
 - - [19/05/2016:12:56:53 -0954] "GET /textmining/gene-disease-association_lumc http" 200 
 - - [19/05/2016:12:56:53 -0963] "GET /textmining http" 200 
 - - [19/05/2016:12:56:53 -0965] "GET /textmining http" 200 936
 - - [19/05/2016:12:56:53 -0968] "GET /textmining/gene-disease-association_lumc http" 200 936
 - - [19/05/2016:12:56:53 -0971] "GET /textmining/gene-disease-association_lumc http" 200 936
 - - [19/05/2016:12:56:53 -0975] "GET /textmining/dumpy http" 404 
 - - [19/05/2016:12:56:53 -0978] "GET /textmining http" 200 
 - - [19/05/2016:12:56:53 -0985] "GET /textmining http" 200 
 - - [19/05/2016:12:56:53 -0989] "GET /dumpy http" 404 
 - - [19/05/2016:12:56:54 -0245] "GET /textmining/gene-disease-association_lumc/dummy http" 404 
 - - [19/05/2016:12:56:54 -0247] "GET /textmining/gene-disease-association_lumc/sparql http" 200 
 - - [19/05/2016:12:56:54 -0249] "GET /textmining/gene-disease-association_lumc/sparql http" 200 882
 - - [19/05/2016:12:56:54 -0251] "GET /textmining/gene-disease-association_lumc/sparql http" 200 882
 - - [19/05/2016:12:56:54 -0253] "GET /textmining/gene-disease-association_lumc/sparql http" 200 882
 - - [19/05/2016:12:56:54 -0255] "GET /textmining/gene-disease-association_lumc/sparql http" 200 
 - - [19/05/2016:12:56:54 -0259] "GET /textmining/gene-disease-association_lumc/sparql http" 200 
 - - [19/05/2016:13:08:17 -0119] "GET /textmining/gene-disease-association_lumc http" 200 
 - - [19/05/2016:13:08:17 -0128] "GET /textmining http" 200 
 - - [19/05/2016:13:08:17 -0131] "GET /textmining http" 200 936
 - - [19/05/2016:13:08:17 -0133] "GET /textmining/gene-disease-association_lumc http" 200 936
 - - [19/05/2016:13:08:17 -0135] "GET /textmining/gene-disease-association_lumc http" 200 936
 - - [19/05/2016:13:08:17 -0139] "GET /textmining/dumpy http" 404 
 - - [19/05/2016:13:08:17 -0141] "GET /textmining http" 200 
 - - [19/05/2016:13:08:17 -0148] "GET /textmining http" 200 
 - - [19/05/2016:13:08:17 -0150] "GET /dumpy http" 404 
 - - [19/05/2016:13:08:17 -0474] "GET /textmining/gene-disease-association_lumc/dummy http" 404 
 - - [19/05/2016:13:08:17 -0477] "GET /textmining/gene-disease-association_lumc/sparql http" 200 
 - - [19/05/2016:13:08:17 -0479] "GET /textmining/gene-disease-association_lumc/sparql http" 200 882
 - - [19/05/2016:13:08:17 -0481] "GET /textmining/gene-disease-association_lumc/sparql http" 200 882
 - - [19/05/2016:13:08:17 -0483] "GET /textmining/gene-disease-association_lumc/sparql http" 200 882
 - - [19/05/2016:13:08:17 -0486] "GET /textmining/gene-disease-association_lumc/sparql http" 200 
 - - [19/05/2016:13:08:17 -0491] "GET /textmining/gene-disease-association_lumc/sparql http" 200 
 - - [19/05/2016:13:11:01 -0501] "GET /textmining/gene-disease-association_lumc http" 200 
 - - [19/05/2016:13:11:01 -0511] "GET /textmining http" 200 
 - - [19/05/2016:13:11:01 -0514] "GET /textmining http" 200 936
 - - [19/05/2016:13:11:01 -0516] "GET /textmining/gene-disease-association_lumc http" 200 936
 - - [19/05/2016:13:11:01 -0519] "GET /textmining/gene-disease-association_lumc http" 200 936
 - - [19/05/2016:13:11:01 -0523] "GET /textmining/dumpy http" 404 
 - - [19/05/2016:13:11:01 -0526] "GET /textmining http" 200 
 - - [19/05/2016:13:11:01 -0533] "GET /textmining http" 200 
 - - [19/05/2016:13:11:01 -0536] "GET /dumpy http" 404 
 - - [19/05/2016:13:11:01 -0848] "GET /textmining/gene-disease-association_lumc/dummy http" 404 
 - - [19/05/2016:13:11:01 -0851] "GET /textmining/gene-disease-association_lumc/sparql http" 200 
 - - [19/05/2016:13:11:01 -0853] "GET /textmining/gene-disease-association_lumc/sparql http" 200 882
 - - [19/05/2016:13:11:01 -0855] "GET /textmining/gene-disease-association_lumc/sparql http" 200 882
 - - [19/05/2016:13:11:01 -0857] "GET /textmining/gene-disease-association_lumc/sparql http" 200 882
 - - [19/05/2016:13:11:01 -0860] "GET /textmining/gene-disease-association_lumc/sparql http" 200 
 - - [19/05/2016:13:11:01 -0864] "GET /textmining/gene-disease-association_lumc/sparql http" 200 
 - - [19/05/2016:18:04:18 -0185] "GET /textmining/gene-disease-association_lumc http" 200 
 - - [19/05/2016:18:04:18 -0197] "GET /textmining http" 200 
 - - [19/05/2016:18:04:18 -0200] "GET /textmining http" 200 936
 - - [19/05/2016:18:04:18 -0203] "GET /textmining/gene-disease-association_lumc http" 200 936
 - - [19/05/2016:18:04:18 -0234] "GET /textmining/gene-disease-association_lumc http" 200 936
 - - [19/05/2016:18:04:18 -0238] "GET /textmining/dumpy http" 404 
 - - [19/05/2016:18:04:18 -0241] "GET /textmining http" 200 
 - - [19/05/2016:18:04:18 -0246] "GET /textmining http" 200 
 - - [19/05/2016:18:04:18 -0251] "GET /dumpy http" 404 
 - - [19/05/2016:18:04:18 -0594] "GET /textmining/gene-disease-association_lumc/dummy http" 404 
 - - [19/05/2016:18:04:18 -0598] "GET /textmining/gene-disease-association_lumc/sparql http" 200 
 - - [19/05/2016:18:04:18 -0601] "GET /textmining/gene-disease-association_lumc/sparql http" 200 882
 - - [19/05/2016:18:04:18 -0604] "GET /textmining/gene-disease-association_lumc/sparql http" 200 882
 - - [19/05/2016:18:04:18 -0606] "GET /textmining/gene-disease-association_lumc/sparql http" 200 882
 - - [19/05/2016:18:04:18 -0610] "GET /textmining/gene-disease-association_lumc/sparql http" 200 
 - - [19/05/2016:18:04:18 -0617] "GET /textmining/gene-disease-association_lumc/sparql http" 200 
 - - [19/05/2016:18:06:29 -0765] "GET /textmining/gene-disease-association_lumc http" 200 
 - - [19/05/2016:18:06:29 -0775] "GET /textmining http" 200 
 - - [19/05/2016:18:06:29 -0778] "GET /textmining http" 200 936
 - - [19/05/2016:18:06:29 -0781] "GET /textmining/gene-disease-association_lumc http" 200 936
 - - [19/05/2016:18:06:29 -0784] "GET /textmining/gene-disease-association_lumc http" 200 936
 - - [19/05/2016:18:06:29 -0788] "GET /textmining/dumpy http" 404 
 - - [19/05/2016:18:06:29 -0791] "GET /textmining http" 200 
 - - [19/05/2016:18:06:29 -0799] "GET /textmining http" 200 
 - - [19/05/2016:18:06:29 -0803] "GET /dumpy http" 404 
 - - [19/05/2016:18:06:30 -0124] "GET /textmining/gene-disease-association_lumc/dummy http" 404 
 - - [19/05/2016:18:06:30 -0127] "GET /textmining/gene-disease-association_lumc/sparql http" 200 
 - - [19/05/2016:18:06:30 -0130] "GET /textmining/gene-disease-association_lumc/sparql http" 200 882
 - - [19/05/2016:18:06:30 -0133] "GET /textmining/gene-disease-association_lumc/sparql http" 200 882
 - - [19/05/2016:18:06:30 -0136] "GET /textmining/gene-disease-association_lumc/sparql http" 200 882
 - - [19/05/2016:18:06:30 -0140] "GET /textmining/gene-disease-association_lumc/sparql http" 200 
 - - [19/05/2016:18:06:30 -0147] "GET /textmining/gene-disease-association_lumc/sparql http" 200 
 - - [19/05/2016:20:25:52 -0756] "GET /textmining/gene-disease-association_lumc http" 200 
 - - [19/05/2016:20:25:52 -0776] "GET /textmining http" 200 
 - - [19/05/2016:20:25:52 -0781] "GET /textmining http" 200 936
 - - [19/05/2016:20:25:52 -0785] "GET /textmining/gene-disease-association_lumc http" 200 936
 - - [19/05/2016:20:25:52 -0790] "GET /textmining/gene-disease-association_lumc http" 200 936
 - - [19/05/2016:20:25:52 -0797] "GET /textmining/dumpy http" 404 
 - - [19/05/2016:20:25:52 -0802] "GET /textmining http" 200 
 - - [19/05/2016:20:25:52 -0813] "GET /textmining http" 200 
 - - [19/05/2016:20:25:52 -0823] "GET /dumpy http" 404 
 - - [19/05/2016:20:25:53 -0464] "GET /textmining/gene-disease-association_lumc/dummy http" 404 
 - - [19/05/2016:20:25:53 -0475] "GET /textmining/gene-disease-association_lumc/sparql http" 200 
 - - [19/05/2016:20:25:53 -0483] "GET /textmining/gene-disease-association_lumc/sparql http" 200 882
 - - [19/05/2016:20:25:53 -0492] "GET /textmining/gene-disease-association_lumc/sparql http" 200 882
 - - [19/05/2016:20:25:53 -0501] "GET /textmining/gene-disease-association_lumc/sparql http" 200 882
 - - [19/05/2016:20:25:53 -0507] "GET /textmining/gene-disease-association_lumc/sparql http" 200 
 - - [19/05/2016:20:25:53 -0519] "GET /textmining/gene-disease-association_lumc/sparql http" 200 
 - - [19/05/2016:20:25:58 -0185] "GET /textmining/gene-disease-association_lumc http" 200 
 - - [19/05/2016:20:25:58 -0197] "GET /textmining http" 200 
 - - [19/05/2016:20:25:58 -0201] "GET /textmining http" 200 936
 - - [19/05/2016:20:25:58 -0205] "GET /textmining/gene-disease-association_lumc http" 200 936
 - - [19/05/2016:20:25:58 -0209] "GET /textmining/gene-disease-association_lumc http" 200 936
 - - [19/05/2016:20:25:58 -0215] "GET /textmining/dumpy http" 404 
 - - [19/05/2016:20:25:58 -0220] "GET /textmining http" 200 
 - - [19/05/2016:20:25:58 -0228] "GET /textmining http" 200 
 - - [19/05/2016:20:25:58 -0239] "GET /dumpy http" 404 
 - - [19/05/2016:20:25:58 -0975] "GET /textmining/gene-disease-association_lumc/dummy http" 404 
 - - [19/05/2016:20:25:58 -0984] "GET /textmining/gene-disease-association_lumc/sparql http" 200 
 - - [19/05/2016:20:25:58 -0989] "GET /textmining/gene-disease-association_lumc/sparql http" 200 882
 - - [19/05/2016:20:25:58 -0992] "GET /textmining/gene-disease-association_lumc/sparql http" 200 882
 - - [19/05/2016:20:25:58 -0996] "GET /textmining/gene-disease-association_lumc/sparql http" 200 882
 - - [19/05/2016:20:25:59 -0003] "GET /textmining/gene-disease-association_lumc/sparql http" 200 
 - - [19/05/2016:20:25:59 -0011] "GET /textmining/gene-disease-association_lumc/sparql http" 200 
 - - [19/05/2016:20:28:03 -0745] "GET /textmining/gene-disease-association_lumc http" 200 
 - - [19/05/2016:20:28:03 -0756] "GET /textmining http" 200 
 - - [19/05/2016:20:28:03 -0758] "GET /textmining http" 200 936
 - - [19/05/2016:20:28:03 -0761] "GET /textmining/gene-disease-association_lumc http" 200 936
 - - [19/05/2016:20:28:03 -0764] "GET /textmining/gene-disease-association_lumc http" 200 936
 - - [19/05/2016:20:28:03 -0768] "GET /textmining/dumpy http" 404 
 - - [19/05/2016:20:28:03 -0772] "GET /textmining http" 200 
 - - [19/05/2016:20:28:03 -0781] "GET /textmining http" 200 
 - - [19/05/2016:20:28:03 -0784] "GET /dumpy http" 404 
 - - [19/05/2016:20:28:04 -0138] "GET /textmining/gene-disease-association_lumc/dummy http" 404 
 - - [19/05/2016:20:28:04 -0141] "GET /textmining/gene-disease-association_lumc/sparql http" 200 
 - - [19/05/2016:20:28:04 -0144] "GET /textmining/gene-disease-association_lumc/sparql http" 200 882
 - - [19/05/2016:20:28:04 -0146] "GET /textmining/gene-disease-association_lumc/sparql http" 200 882
 - - [19/05/2016:20:28:04 -0148] "GET /textmining/gene-disease-association_lumc/sparql http" 200 882
 - - [19/05/2016:20:28:04 -0152] "GET /textmining/gene-disease-association_lumc/sparql http" 200 
 - - [19/05/2016:20:28:04 -0157] "GET /textmining/gene-disease-association_lumc/sparql http" 200 
