[INFO ] 2016-06-21 09:48:20.010 [main] RestApiTestContext - Inmemory triple store initialize for test
[INFO ] 2016-06-21 09:48:23.371 [main] RestApiTestContext - Inmemory triple store initialize for test
[INFO ] 2016-06-21 09:48:23.815 [main] RestApiTestContext - Inmemory triple store initialize for test
[INFO ] 2016-06-21 09:48:24.367 [main] RestApiTestContext - Inmemory triple store initialize for test
[INFO ] 2016-06-21 09:48:24.662 [main] MetadataController - Request to get DATASET metadata textmining
[INFO ] 2016-06-21 09:48:24.663 [main] MetadataController - GET : http://localhost/textmining/gene-disease-association_lumc
[API-REQUEST] 2016-06-21 09:48:24.665 [main] MetadataController - 
[INFO ] 2016-06-21 09:48:24.675 [main] MetadataController - Request to get CATALOG metadata textmining
[INFO ] 2016-06-21 09:48:24.675 [main] MetadataController - GET : http://localhost/textmining
[API-REQUEST] 2016-06-21 09:48:24.676 [main] MetadataController - 
[INFO ] 2016-06-21 09:48:24.678 [main] MetadataController - Request to get CATALOG metadata textmining
[INFO ] 2016-06-21 09:48:24.678 [main] MetadataController - GET : http://localhost/textmining
[API-REQUEST] 2016-06-21 09:48:24.678 [main] MetadataController - 
[INFO ] 2016-06-21 09:48:24.680 [main] MetadataController - Request to get DATASET metadata textmining
[INFO ] 2016-06-21 09:48:24.680 [main] MetadataController - GET : http://localhost/textmining/gene-disease-association_lumc
[API-REQUEST] 2016-06-21 09:48:24.681 [main] MetadataController - 
[INFO ] 2016-06-21 09:48:24.682 [main] MetadataController - Request to get DATASET metadata textmining
[INFO ] 2016-06-21 09:48:24.682 [main] MetadataController - GET : http://localhost/textmining/gene-disease-association_lumc
[API-REQUEST] 2016-06-21 09:48:24.683 [main] MetadataController - 
[INFO ] 2016-06-21 09:48:24.687 [main] MetadataController - Request to get DATASET metadata textmining
[INFO ] 2016-06-21 09:48:24.687 [main] MetadataController - GET : http://localhost/textmining/dumpy
[API-REQUEST] 2016-06-21 09:48:24.687 [main] MetadataController - 
[INFO ] 2016-06-21 09:48:24.690 [main] MetadataController - Request to get CATALOG metadata textmining
[INFO ] 2016-06-21 09:48:24.690 [main] MetadataController - GET : http://localhost/textmining
[API-REQUEST] 2016-06-21 09:48:24.691 [main] MetadataController - 
[INFO ] 2016-06-21 09:48:24.698 [main] MetadataController - Request to get CATALOG metadata textmining
[INFO ] 2016-06-21 09:48:24.698 [main] MetadataController - GET : http://localhost/textmining
[API-REQUEST] 2016-06-21 09:48:24.698 [main] MetadataController - 
[INFO ] 2016-06-21 09:48:24.702 [main] MetadataController - Request to get CATALOG metadata dumpy
[INFO ] 2016-06-21 09:48:24.702 [main] MetadataController - GET : http://localhost/dumpy
[API-REQUEST] 2016-06-21 09:48:24.702 [main] MetadataController - 
[INFO ] 2016-06-21 09:48:24.843 [main] RestApiTestContext - Inmemory triple store initialize for test
[INFO ] 2016-06-21 09:48:25.071 [main] DataAccessorController - Request to get dataset's distribution dummy
[INFO ] 2016-06-21 09:48:25.072 [main] DataAccessorController - GET : http://localhost/textmining/gene-disease-association_lumc/dummy
[API-REQUEST] 2016-06-21 09:48:25.072 [main] DataAccessorController - 
[INFO ] 2016-06-21 09:48:25.076 [main] DataAccessorController - Request to get dataset's distribution sparql
[INFO ] 2016-06-21 09:48:25.076 [main] DataAccessorController - GET : http://localhost/textmining/gene-disease-association_lumc/sparql
[API-REQUEST] 2016-06-21 09:48:25.077 [main] DataAccessorController - 
[INFO ] 2016-06-21 09:48:25.079 [main] DataAccessorController - Request to get dataset's distribution sparql
[INFO ] 2016-06-21 09:48:25.079 [main] DataAccessorController - GET : http://localhost/textmining/gene-disease-association_lumc/sparql
[API-REQUEST] 2016-06-21 09:48:25.080 [main] DataAccessorController - 
[INFO ] 2016-06-21 09:48:25.082 [main] DataAccessorController - Request to get dataset's distribution sparql
[INFO ] 2016-06-21 09:48:25.082 [main] DataAccessorController - GET : http://localhost/textmining/gene-disease-association_lumc/sparql
[API-REQUEST] 2016-06-21 09:48:25.083 [main] DataAccessorController - 
[INFO ] 2016-06-21 09:48:25.085 [main] DataAccessorController - Request to get dataset's distribution sparql
[INFO ] 2016-06-21 09:48:25.085 [main] DataAccessorController - GET : http://localhost/textmining/gene-disease-association_lumc/sparql
[API-REQUEST] 2016-06-21 09:48:25.086 [main] DataAccessorController - 
[INFO ] 2016-06-21 09:48:25.090 [main] DataAccessorController - Request to get dataset's distribution sparql
[INFO ] 2016-06-21 09:48:25.090 [main] DataAccessorController - GET : http://localhost/textmining/gene-disease-association_lumc/sparql
[API-REQUEST] 2016-06-21 09:48:25.090 [main] DataAccessorController - 
[INFO ] 2016-06-21 09:48:25.097 [main] DataAccessorController - Request to get dataset's distribution sparql
[INFO ] 2016-06-21 09:48:25.097 [main] DataAccessorController - GET : http://localhost/textmining/gene-disease-association_lumc/sparql
[API-REQUEST] 2016-06-21 09:48:25.097 [main] DataAccessorController - 
[INFO ] 2016-06-21 09:49:54.364 [main] RestApiTestContext - Inmemory triple store initialize for test
[INFO ] 2016-06-21 09:49:57.525 [main] RestApiTestContext - Inmemory triple store initialize for test
[INFO ] 2016-06-21 09:49:58.128 [main] RestApiTestContext - Inmemory triple store initialize for test
[INFO ] 2016-06-21 09:49:59.034 [main] RestApiTestContext - Inmemory triple store initialize for test
[INFO ] 2016-06-21 09:49:59.470 [main] MetadataController - Request to get DATASET metadata textmining
[INFO ] 2016-06-21 09:49:59.471 [main] MetadataController - GET : http://localhost/textmining/gene-disease-association_lumc
[API-REQUEST] 2016-06-21 09:49:59.473 [main] MetadataController - 
[INFO ] 2016-06-21 09:49:59.484 [main] MetadataController - Request to get CATALOG metadata textmining
[INFO ] 2016-06-21 09:49:59.484 [main] MetadataController - GET : http://localhost/textmining
[API-REQUEST] 2016-06-21 09:49:59.485 [main] MetadataController - 
[INFO ] 2016-06-21 09:49:59.487 [main] MetadataController - Request to get CATALOG metadata textmining
[INFO ] 2016-06-21 09:49:59.487 [main] MetadataController - GET : http://localhost/textmining
[API-REQUEST] 2016-06-21 09:49:59.488 [main] MetadataController - 
[INFO ] 2016-06-21 09:49:59.491 [main] MetadataController - Request to get DATASET metadata textmining
[INFO ] 2016-06-21 09:49:59.491 [main] MetadataController - GET : http://localhost/textmining/gene-disease-association_lumc
[API-REQUEST] 2016-06-21 09:49:59.492 [main] MetadataController - 
[INFO ] 2016-06-21 09:49:59.494 [main] MetadataController - Request to get DATASET metadata textmining
[INFO ] 2016-06-21 09:49:59.494 [main] MetadataController - GET : http://localhost/textmining/gene-disease-association_lumc
[API-REQUEST] 2016-06-21 09:49:59.495 [main] MetadataController - 
[INFO ] 2016-06-21 09:49:59.501 [main] MetadataController - Request to get DATASET metadata textmining
[INFO ] 2016-06-21 09:49:59.501 [main] MetadataController - GET : http://localhost/textmining/dumpy
[API-REQUEST] 2016-06-21 09:49:59.502 [main] MetadataController - 
[INFO ] 2016-06-21 09:49:59.504 [main] MetadataController - Request to get CATALOG metadata textmining
[INFO ] 2016-06-21 09:49:59.505 [main] MetadataController - GET : http://localhost/textmining
[API-REQUEST] 2016-06-21 09:49:59.505 [main] MetadataController - 
[INFO ] 2016-06-21 09:49:59.514 [main] MetadataController - Request to get CATALOG metadata textmining
[INFO ] 2016-06-21 09:49:59.514 [main] MetadataController - GET : http://localhost/textmining
[API-REQUEST] 2016-06-21 09:49:59.515 [main] MetadataController - 
[INFO ] 2016-06-21 09:49:59.519 [main] MetadataController - Request to get CATALOG metadata dumpy
[INFO ] 2016-06-21 09:49:59.519 [main] MetadataController - GET : http://localhost/dumpy
[API-REQUEST] 2016-06-21 09:49:59.519 [main] MetadataController - 
[INFO ] 2016-06-21 09:49:59.697 [main] RestApiTestContext - Inmemory triple store initialize for test
[INFO ] 2016-06-21 09:49:59.934 [main] DataAccessorController - Request to get dataset's distribution dummy
[INFO ] 2016-06-21 09:49:59.934 [main] DataAccessorController - GET : http://localhost/textmining/gene-disease-association_lumc/dummy
[API-REQUEST] 2016-06-21 09:49:59.937 [main] DataAccessorController - 
[INFO ] 2016-06-21 09:49:59.940 [main] DataAccessorController - Request to get dataset's distribution sparql
[INFO ] 2016-06-21 09:49:59.940 [main] DataAccessorController - GET : http://localhost/textmining/gene-disease-association_lumc/sparql
[API-REQUEST] 2016-06-21 09:49:59.941 [main] DataAccessorController - 
[INFO ] 2016-06-21 09:49:59.942 [main] DataAccessorController - Request to get dataset's distribution sparql
[INFO ] 2016-06-21 09:49:59.943 [main] DataAccessorController - GET : http://localhost/textmining/gene-disease-association_lumc/sparql
[API-REQUEST] 2016-06-21 09:49:59.943 [main] DataAccessorController - 
[INFO ] 2016-06-21 09:49:59.944 [main] DataAccessorController - Request to get dataset's distribution sparql
[INFO ] 2016-06-21 09:49:59.945 [main] DataAccessorController - GET : http://localhost/textmining/gene-disease-association_lumc/sparql
[API-REQUEST] 2016-06-21 09:49:59.945 [main] DataAccessorController - 
[INFO ] 2016-06-21 09:49:59.947 [main] DataAccessorController - Request to get dataset's distribution sparql
[INFO ] 2016-06-21 09:49:59.948 [main] DataAccessorController - GET : http://localhost/textmining/gene-disease-association_lumc/sparql
[API-REQUEST] 2016-06-21 09:49:59.949 [main] DataAccessorController - 
[INFO ] 2016-06-21 09:49:59.953 [main] DataAccessorController - Request to get dataset's distribution sparql
[INFO ] 2016-06-21 09:49:59.953 [main] DataAccessorController - GET : http://localhost/textmining/gene-disease-association_lumc/sparql
[API-REQUEST] 2016-06-21 09:49:59.954 [main] DataAccessorController - 
[INFO ] 2016-06-21 09:49:59.960 [main] DataAccessorController - Request to get dataset's distribution sparql
[INFO ] 2016-06-21 09:49:59.961 [main] DataAccessorController - GET : http://localhost/textmining/gene-disease-association_lumc/sparql
[API-REQUEST] 2016-06-21 09:49:59.961 [main] DataAccessorController - 
[INFO ] 2016-06-21 10:25:05.138 [main] RestApiTestContext - Inmemory triple store initialize for test
[INFO ] 2016-06-21 10:25:08.829 [main] RestApiTestContext - Inmemory triple store initialize for test
[INFO ] 2016-06-21 10:25:09.467 [main] RestApiTestContext - Inmemory triple store initialize for test
[INFO ] 2016-06-21 10:25:11.760 [main] RestApiTestContext - Inmemory triple store initialize for test
[INFO ] 2016-06-21 10:25:12.065 [main] MetadataController - Request to get DATASET metadata textmining
[INFO ] 2016-06-21 10:25:12.066 [main] MetadataController - GET : http://localhost/textmining/gene-disease-association_lumc
[API-REQUEST] 2016-06-21 10:25:12.068 [main] MetadataController - 
[INFO ] 2016-06-21 10:25:12.105 [main] MetadataController - Request to get CATALOG metadata textmining
[INFO ] 2016-06-21 10:25:12.105 [main] MetadataController - GET : http://localhost/textmining
[API-REQUEST] 2016-06-21 10:25:12.106 [main] MetadataController - 
[INFO ] 2016-06-21 10:25:12.109 [main] MetadataController - Request to get CATALOG metadata textmining
[INFO ] 2016-06-21 10:25:12.109 [main] MetadataController - GET : http://localhost/textmining
[API-REQUEST] 2016-06-21 10:25:12.110 [main] MetadataController - 
[INFO ] 2016-06-21 10:25:12.113 [main] MetadataController - Request to get DATASET metadata textmining
[INFO ] 2016-06-21 10:25:12.114 [main] MetadataController - GET : http://localhost/textmining/gene-disease-association_lumc
[API-REQUEST] 2016-06-21 10:25:12.115 [main] MetadataController - 
[INFO ] 2016-06-21 10:25:12.118 [main] MetadataController - Request to get DATASET metadata textmining
[INFO ] 2016-06-21 10:25:12.119 [main] MetadataController - GET : http://localhost/textmining/gene-disease-association_lumc
[API-REQUEST] 2016-06-21 10:25:12.120 [main] MetadataController - 
[INFO ] 2016-06-21 10:25:12.125 [main] MetadataController - Request to get DATASET metadata textmining
[INFO ] 2016-06-21 10:25:12.125 [main] MetadataController - GET : http://localhost/textmining/dumpy
[API-REQUEST] 2016-06-21 10:25:12.126 [main] MetadataController - 
[INFO ] 2016-06-21 10:25:12.130 [main] MetadataController - Request to get CATALOG metadata textmining
[INFO ] 2016-06-21 10:25:12.131 [main] MetadataController - GET : http://localhost/textmining
[API-REQUEST] 2016-06-21 10:25:12.131 [main] MetadataController - 
[INFO ] 2016-06-21 10:25:12.141 [main] MetadataController - Request to get CATALOG metadata textmining
[INFO ] 2016-06-21 10:25:12.141 [main] MetadataController - GET : http://localhost/textmining
[API-REQUEST] 2016-06-21 10:25:12.142 [main] MetadataController - 
[INFO ] 2016-06-21 10:25:12.146 [main] MetadataController - Request to get CATALOG metadata dumpy
[INFO ] 2016-06-21 10:25:12.147 [main] MetadataController - GET : http://localhost/dumpy
[API-REQUEST] 2016-06-21 10:25:12.147 [main] MetadataController - 
[INFO ] 2016-06-21 10:25:12.380 [main] RestApiTestContext - Inmemory triple store initialize for test
[INFO ] 2016-06-21 10:25:12.620 [main] DataAccessorController - Request to get dataset's distribution dummy
[INFO ] 2016-06-21 10:25:12.620 [main] DataAccessorController - GET : http://localhost/textmining/gene-disease-association_lumc/dummy
[API-REQUEST] 2016-06-21 10:25:12.621 [main] DataAccessorController - 
[INFO ] 2016-06-21 10:25:12.623 [main] DataAccessorController - Request to get dataset's distribution sparql
[INFO ] 2016-06-21 10:25:12.623 [main] DataAccessorController - GET : http://localhost/textmining/gene-disease-association_lumc/sparql
[API-REQUEST] 2016-06-21 10:25:12.624 [main] DataAccessorController - 
[INFO ] 2016-06-21 10:25:12.627 [main] DataAccessorController - Request to get dataset's distribution sparql
[INFO ] 2016-06-21 10:25:12.628 [main] DataAccessorController - GET : http://localhost/textmining/gene-disease-association_lumc/sparql
[API-REQUEST] 2016-06-21 10:25:12.628 [main] DataAccessorController - 
[INFO ] 2016-06-21 10:25:12.630 [main] DataAccessorController - Request to get dataset's distribution sparql
[INFO ] 2016-06-21 10:25:12.631 [main] DataAccessorController - GET : http://localhost/textmining/gene-disease-association_lumc/sparql
[API-REQUEST] 2016-06-21 10:25:12.631 [main] DataAccessorController - 
[INFO ] 2016-06-21 10:25:12.633 [main] DataAccessorController - Request to get dataset's distribution sparql
[INFO ] 2016-06-21 10:25:12.633 [main] DataAccessorController - GET : http://localhost/textmining/gene-disease-association_lumc/sparql
[API-REQUEST] 2016-06-21 10:25:12.634 [main] DataAccessorController - 
[INFO ] 2016-06-21 10:25:12.638 [main] DataAccessorController - Request to get dataset's distribution sparql
[INFO ] 2016-06-21 10:25:12.638 [main] DataAccessorController - GET : http://localhost/textmining/gene-disease-association_lumc/sparql
[API-REQUEST] 2016-06-21 10:25:12.639 [main] DataAccessorController - 
[INFO ] 2016-06-21 10:25:12.645 [main] DataAccessorController - Request to get dataset's distribution sparql
[INFO ] 2016-06-21 10:25:12.646 [main] DataAccessorController - GET : http://localhost/textmining/gene-disease-association_lumc/sparql
[API-REQUEST] 2016-06-21 10:25:12.646 [main] DataAccessorController - 
[INFO ] 2016-06-21 10:25:38.656 [main] RestApiTestContext - Inmemory triple store initialize for test
[INFO ] 2016-06-21 10:25:41.306 [main] RestApiTestContext - Inmemory triple store initialize for test
[INFO ] 2016-06-21 10:25:41.910 [main] RestApiTestContext - Inmemory triple store initialize for test
[INFO ] 2016-06-21 10:25:42.620 [main] RestApiTestContext - Inmemory triple store initialize for test
[INFO ] 2016-06-21 10:25:42.941 [main] MetadataController - Request to get DATASET metadata textmining
[INFO ] 2016-06-21 10:25:42.941 [main] MetadataController - GET : http://localhost/textmining/gene-disease-association_lumc
[API-REQUEST] 2016-06-21 10:25:42.944 [main] MetadataController - 
[INFO ] 2016-06-21 10:25:42.958 [main] MetadataController - Request to get CATALOG metadata textmining
[INFO ] 2016-06-21 10:25:42.959 [main] MetadataController - GET : http://localhost/textmining
[API-REQUEST] 2016-06-21 10:25:42.960 [main] MetadataController - 
[INFO ] 2016-06-21 10:25:42.963 [main] MetadataController - Request to get CATALOG metadata textmining
[INFO ] 2016-06-21 10:25:42.963 [main] MetadataController - GET : http://localhost/textmining
[API-REQUEST] 2016-06-21 10:25:42.964 [main] MetadataController - 
[INFO ] 2016-06-21 10:25:42.967 [main] MetadataController - Request to get DATASET metadata textmining
[INFO ] 2016-06-21 10:25:42.967 [main] MetadataController - GET : http://localhost/textmining/gene-disease-association_lumc
[API-REQUEST] 2016-06-21 10:25:42.968 [main] MetadataController - 
[INFO ] 2016-06-21 10:25:42.971 [main] MetadataController - Request to get DATASET metadata textmining
[INFO ] 2016-06-21 10:25:42.972 [main] MetadataController - GET : http://localhost/textmining/gene-disease-association_lumc
[API-REQUEST] 2016-06-21 10:25:42.973 [main] MetadataController - 
[INFO ] 2016-06-21 10:25:42.978 [main] MetadataController - Request to get DATASET metadata textmining
[INFO ] 2016-06-21 10:25:42.978 [main] MetadataController - GET : http://localhost/textmining/dumpy
[API-REQUEST] 2016-06-21 10:25:42.979 [main] MetadataController - 
[INFO ] 2016-06-21 10:25:42.982 [main] MetadataController - Request to get CATALOG metadata textmining
[INFO ] 2016-06-21 10:25:42.983 [main] MetadataController - GET : http://localhost/textmining
[API-REQUEST] 2016-06-21 10:25:42.984 [main] MetadataController - 
[INFO ] 2016-06-21 10:25:42.994 [main] MetadataController - Request to get CATALOG metadata textmining
[INFO ] 2016-06-21 10:25:42.994 [main] MetadataController - GET : http://localhost/textmining
[API-REQUEST] 2016-06-21 10:25:42.995 [main] MetadataController - 
[INFO ] 2016-06-21 10:25:42.999 [main] MetadataController - Request to get CATALOG metadata dumpy
[INFO ] 2016-06-21 10:25:43.000 [main] MetadataController - GET : http://localhost/dumpy
[API-REQUEST] 2016-06-21 10:25:43.000 [main] MetadataController - 
[INFO ] 2016-06-21 10:25:43.221 [main] RestApiTestContext - Inmemory triple store initialize for test
[INFO ] 2016-06-21 10:25:43.556 [main] DataAccessorController - Request to get dataset's distribution dummy
[INFO ] 2016-06-21 10:25:43.556 [main] DataAccessorController - GET : http://localhost/textmining/gene-disease-association_lumc/dummy
[API-REQUEST] 2016-06-21 10:25:43.557 [main] DataAccessorController - 
[INFO ] 2016-06-21 10:25:43.560 [main] DataAccessorController - Request to get dataset's distribution sparql
[INFO ] 2016-06-21 10:25:43.560 [main] DataAccessorController - GET : http://localhost/textmining/gene-disease-association_lumc/sparql
[API-REQUEST] 2016-06-21 10:25:43.561 [main] DataAccessorController - 
[INFO ] 2016-06-21 10:25:43.564 [main] DataAccessorController - Request to get dataset's distribution sparql
[INFO ] 2016-06-21 10:25:43.564 [main] DataAccessorController - GET : http://localhost/textmining/gene-disease-association_lumc/sparql
[API-REQUEST] 2016-06-21 10:25:43.565 [main] DataAccessorController - 
[INFO ] 2016-06-21 10:25:43.567 [main] DataAccessorController - Request to get dataset's distribution sparql
[INFO ] 2016-06-21 10:25:43.567 [main] DataAccessorController - GET : http://localhost/textmining/gene-disease-association_lumc/sparql
[API-REQUEST] 2016-06-21 10:25:43.568 [main] DataAccessorController - 
[INFO ] 2016-06-21 10:25:43.570 [main] DataAccessorController - Request to get dataset's distribution sparql
[INFO ] 2016-06-21 10:25:43.570 [main] DataAccessorController - GET : http://localhost/textmining/gene-disease-association_lumc/sparql
[API-REQUEST] 2016-06-21 10:25:43.571 [main] DataAccessorController - 
[INFO ] 2016-06-21 10:25:43.574 [main] DataAccessorController - Request to get dataset's distribution sparql
[INFO ] 2016-06-21 10:25:43.575 [main] DataAccessorController - GET : http://localhost/textmining/gene-disease-association_lumc/sparql
[API-REQUEST] 2016-06-21 10:25:43.576 [main] DataAccessorController - 
[INFO ] 2016-06-21 10:25:43.585 [main] DataAccessorController - Request to get dataset's distribution sparql
[INFO ] 2016-06-21 10:25:43.586 [main] DataAccessorController - GET : http://localhost/textmining/gene-disease-association_lumc/sparql
[API-REQUEST] 2016-06-21 10:25:43.588 [main] DataAccessorController - 
[INFO ] 2016-06-21 10:29:47.836 [main] RestApiTestContext - Inmemory triple store initialize for test
[INFO ] 2016-06-21 10:29:50.986 [main] RestApiTestContext - Inmemory triple store initialize for test
[INFO ] 2016-06-21 10:29:51.878 [main] RestApiTestContext - Inmemory triple store initialize for test
[INFO ] 2016-06-21 10:29:54.055 [main] RestApiTestContext - Inmemory triple store initialize for test
[INFO ] 2016-06-21 10:29:54.839 [main] MetadataController - Request to get DATASET metadata textmining
[INFO ] 2016-06-21 10:29:54.840 [main] MetadataController - GET : http://localhost/textmining/gene-disease-association_lumc
[API-REQUEST] 2016-06-21 10:29:54.842 [main] MetadataController - 
[INFO ] 2016-06-21 10:29:54.876 [main] MetadataController - Request to get CATALOG metadata textmining
[INFO ] 2016-06-21 10:29:54.876 [main] MetadataController - GET : http://localhost/textmining
[API-REQUEST] 2016-06-21 10:29:54.877 [main] MetadataController - 
[INFO ] 2016-06-21 10:29:54.880 [main] MetadataController - Request to get CATALOG metadata textmining
[INFO ] 2016-06-21 10:29:54.881 [main] MetadataController - GET : http://localhost/textmining
[API-REQUEST] 2016-06-21 10:29:54.881 [main] MetadataController - 
[INFO ] 2016-06-21 10:29:54.884 [main] MetadataController - Request to get DATASET metadata textmining
[INFO ] 2016-06-21 10:29:54.884 [main] MetadataController - GET : http://localhost/textmining/gene-disease-association_lumc
[API-REQUEST] 2016-06-21 10:29:54.885 [main] MetadataController - 
[INFO ] 2016-06-21 10:29:54.888 [main] MetadataController - Request to get DATASET metadata textmining
[INFO ] 2016-06-21 10:29:54.888 [main] MetadataController - GET : http://localhost/textmining/gene-disease-association_lumc
[API-REQUEST] 2016-06-21 10:29:54.889 [main] MetadataController - 
[INFO ] 2016-06-21 10:29:54.893 [main] MetadataController - Request to get DATASET metadata textmining
[INFO ] 2016-06-21 10:29:54.894 [main] MetadataController - GET : http://localhost/textmining/dumpy
[API-REQUEST] 2016-06-21 10:29:54.894 [main] MetadataController - 
[INFO ] 2016-06-21 10:29:54.897 [main] MetadataController - Request to get CATALOG metadata textmining
[INFO ] 2016-06-21 10:29:54.897 [main] MetadataController - GET : http://localhost/textmining
[API-REQUEST] 2016-06-21 10:29:54.898 [main] MetadataController - 
[INFO ] 2016-06-21 10:29:54.907 [main] MetadataController - Request to get CATALOG metadata textmining
[INFO ] 2016-06-21 10:29:54.907 [main] MetadataController - GET : http://localhost/textmining
[API-REQUEST] 2016-06-21 10:29:54.908 [main] MetadataController - 
[INFO ] 2016-06-21 10:29:54.912 [main] MetadataController - Request to get CATALOG metadata dumpy
[INFO ] 2016-06-21 10:29:54.912 [main] MetadataController - GET : http://localhost/dumpy
[API-REQUEST] 2016-06-21 10:29:54.913 [main] MetadataController - 
[INFO ] 2016-06-21 10:29:55.124 [main] RestApiTestContext - Inmemory triple store initialize for test
[INFO ] 2016-06-21 10:29:55.386 [main] DataAccessorController - Request to get dataset's distribution dummy
[INFO ] 2016-06-21 10:29:55.387 [main] DataAccessorController - GET : http://localhost/textmining/gene-disease-association_lumc/dummy
[API-REQUEST] 2016-06-21 10:29:55.387 [main] DataAccessorController - 
[INFO ] 2016-06-21 10:29:55.391 [main] DataAccessorController - Request to get dataset's distribution sparql
[INFO ] 2016-06-21 10:29:55.391 [main] DataAccessorController - GET : http://localhost/textmining/gene-disease-association_lumc/sparql
[API-REQUEST] 2016-06-21 10:29:55.392 [main] DataAccessorController - 
[INFO ] 2016-06-21 10:29:55.394 [main] DataAccessorController - Request to get dataset's distribution sparql
[INFO ] 2016-06-21 10:29:55.394 [main] DataAccessorController - GET : http://localhost/textmining/gene-disease-association_lumc/sparql
[API-REQUEST] 2016-06-21 10:29:55.395 [main] DataAccessorController - 
[INFO ] 2016-06-21 10:29:55.397 [main] DataAccessorController - Request to get dataset's distribution sparql
[INFO ] 2016-06-21 10:29:55.397 [main] DataAccessorController - GET : http://localhost/textmining/gene-disease-association_lumc/sparql
[API-REQUEST] 2016-06-21 10:29:55.398 [main] DataAccessorController - 
[INFO ] 2016-06-21 10:29:55.400 [main] DataAccessorController - Request to get dataset's distribution sparql
[INFO ] 2016-06-21 10:29:55.401 [main] DataAccessorController - GET : http://localhost/textmining/gene-disease-association_lumc/sparql
[API-REQUEST] 2016-06-21 10:29:55.401 [main] DataAccessorController - 
[INFO ] 2016-06-21 10:29:55.404 [main] DataAccessorController - Request to get dataset's distribution sparql
[INFO ] 2016-06-21 10:29:55.405 [main] DataAccessorController - GET : http://localhost/textmining/gene-disease-association_lumc/sparql
[API-REQUEST] 2016-06-21 10:29:55.405 [main] DataAccessorController - 
[INFO ] 2016-06-21 10:29:55.412 [main] DataAccessorController - Request to get dataset's distribution sparql
[INFO ] 2016-06-21 10:29:55.412 [main] DataAccessorController - GET : http://localhost/textmining/gene-disease-association_lumc/sparql
[API-REQUEST] 2016-06-21 10:29:55.412 [main] DataAccessorController - 
[INFO ] 2016-06-21 10:30:17.768 [main] RestApiTestContext - Inmemory triple store initialize for test
[INFO ] 2016-06-21 10:30:20.653 [main] RestApiTestContext - Inmemory triple store initialize for test
[INFO ] 2016-06-21 10:30:21.297 [main] RestApiTestContext - Inmemory triple store initialize for test
[INFO ] 2016-06-21 10:30:22.705 [main] RestApiTestContext - Inmemory triple store initialize for test
[INFO ] 2016-06-21 10:30:23.051 [main] MetadataController - Request to get DATASET metadata textmining
[INFO ] 2016-06-21 10:30:23.051 [main] MetadataController - GET : http://localhost/textmining/gene-disease-association_lumc
[API-REQUEST] 2016-06-21 10:30:23.054 [main] MetadataController - 
[INFO ] 2016-06-21 10:30:23.068 [main] MetadataController - Request to get CATALOG metadata textmining
[INFO ] 2016-06-21 10:30:23.069 [main] MetadataController - GET : http://localhost/textmining
[API-REQUEST] 2016-06-21 10:30:23.070 [main] MetadataController - 
[INFO ] 2016-06-21 10:30:23.073 [main] MetadataController - Request to get CATALOG metadata textmining
[INFO ] 2016-06-21 10:30:23.074 [main] MetadataController - GET : http://localhost/textmining
[API-REQUEST] 2016-06-21 10:30:23.075 [main] MetadataController - 
[INFO ] 2016-06-21 10:30:23.078 [main] MetadataController - Request to get DATASET metadata textmining
[INFO ] 2016-06-21 10:30:23.079 [main] MetadataController - GET : http://localhost/textmining/gene-disease-association_lumc
[API-REQUEST] 2016-06-21 10:30:23.080 [main] MetadataController - 
[INFO ] 2016-06-21 10:30:23.084 [main] MetadataController - Request to get DATASET metadata textmining
[INFO ] 2016-06-21 10:30:23.085 [main] MetadataController - GET : http://localhost/textmining/gene-disease-association_lumc
[API-REQUEST] 2016-06-21 10:30:23.086 [main] MetadataController - 
[INFO ] 2016-06-21 10:30:23.090 [main] MetadataController - Request to get DATASET metadata textmining
[INFO ] 2016-06-21 10:30:23.090 [main] MetadataController - GET : http://localhost/textmining/dumpy
[API-REQUEST] 2016-06-21 10:30:23.091 [main] MetadataController - 
[INFO ] 2016-06-21 10:30:23.094 [main] MetadataController - Request to get CATALOG metadata textmining
[INFO ] 2016-06-21 10:30:23.094 [main] MetadataController - GET : http://localhost/textmining
[API-REQUEST] 2016-06-21 10:30:23.095 [main] MetadataController - 
[INFO ] 2016-06-21 10:30:23.106 [main] MetadataController - Request to get CATALOG metadata textmining
[INFO ] 2016-06-21 10:30:23.106 [main] MetadataController - GET : http://localhost/textmining
[API-REQUEST] 2016-06-21 10:30:23.107 [main] MetadataController - 
[INFO ] 2016-06-21 10:30:23.111 [main] MetadataController - Request to get CATALOG metadata dumpy
[INFO ] 2016-06-21 10:30:23.111 [main] MetadataController - GET : http://localhost/dumpy
[API-REQUEST] 2016-06-21 10:30:23.112 [main] MetadataController - 
[INFO ] 2016-06-21 10:30:23.338 [main] RestApiTestContext - Inmemory triple store initialize for test
[INFO ] 2016-06-21 10:30:23.691 [main] DataAccessorController - Request to get dataset's distribution dummy
[INFO ] 2016-06-21 10:30:23.691 [main] DataAccessorController - GET : http://localhost/textmining/gene-disease-association_lumc/dummy
[API-REQUEST] 2016-06-21 10:30:23.691 [main] DataAccessorController - 
[INFO ] 2016-06-21 10:30:23.695 [main] DataAccessorController - Request to get dataset's distribution sparql
[INFO ] 2016-06-21 10:30:23.695 [main] DataAccessorController - GET : http://localhost/textmining/gene-disease-association_lumc/sparql
[API-REQUEST] 2016-06-21 10:30:23.696 [main] DataAccessorController - 
[INFO ] 2016-06-21 10:30:23.699 [main] DataAccessorController - Request to get dataset's distribution sparql
[INFO ] 2016-06-21 10:30:23.699 [main] DataAccessorController - GET : http://localhost/textmining/gene-disease-association_lumc/sparql
[API-REQUEST] 2016-06-21 10:30:23.700 [main] DataAccessorController - 
[INFO ] 2016-06-21 10:30:23.702 [main] DataAccessorController - Request to get dataset's distribution sparql
[INFO ] 2016-06-21 10:30:23.703 [main] DataAccessorController - GET : http://localhost/textmining/gene-disease-association_lumc/sparql
[API-REQUEST] 2016-06-21 10:30:23.703 [main] DataAccessorController - 
[INFO ] 2016-06-21 10:30:23.705 [main] DataAccessorController - Request to get dataset's distribution sparql
[INFO ] 2016-06-21 10:30:23.706 [main] DataAccessorController - GET : http://localhost/textmining/gene-disease-association_lumc/sparql
[API-REQUEST] 2016-06-21 10:30:23.706 [main] DataAccessorController - 
[INFO ] 2016-06-21 10:30:23.710 [main] DataAccessorController - Request to get dataset's distribution sparql
[INFO ] 2016-06-21 10:30:23.711 [main] DataAccessorController - GET : http://localhost/textmining/gene-disease-association_lumc/sparql
[API-REQUEST] 2016-06-21 10:30:23.712 [main] DataAccessorController - 
[INFO ] 2016-06-21 10:30:23.719 [main] DataAccessorController - Request to get dataset's distribution sparql
[INFO ] 2016-06-21 10:30:23.719 [main] DataAccessorController - GET : http://localhost/textmining/gene-disease-association_lumc/sparql
[API-REQUEST] 2016-06-21 10:30:23.720 [main] DataAccessorController - 
