 - - [21/06/2016:09:48:24 -0665] "GET /textmining/gene-disease-association_lumc http" 200 
 - - [21/06/2016:09:48:24 -0676] "GET /textmining http" 200 
 - - [21/06/2016:09:48:24 -0678] "GET /textmining http" 200 936
 - - [21/06/2016:09:48:24 -0681] "GET /textmining/gene-disease-association_lumc http" 200 936
 - - [21/06/2016:09:48:24 -0683] "GET /textmining/gene-disease-association_lumc http" 200 936
 - - [21/06/2016:09:48:24 -0687] "GET /textmining/dumpy http" 404 
 - - [21/06/2016:09:48:24 -0691] "GET /textmining http" 200 
 - - [21/06/2016:09:48:24 -0698] "GET /textmining http" 200 
 - - [21/06/2016:09:48:24 -0702] "GET /dumpy http" 404 
 - - [21/06/2016:09:48:25 -0072] "GET /textmining/gene-disease-association_lumc/dummy http" 404 
 - - [21/06/2016:09:48:25 -0077] "GET /textmining/gene-disease-association_lumc/sparql http" 200 
 - - [21/06/2016:09:48:25 -0080] "GET /textmining/gene-disease-association_lumc/sparql http" 200 882
 - - [21/06/2016:09:48:25 -0083] "GET /textmining/gene-disease-association_lumc/sparql http" 200 882
 - - [21/06/2016:09:48:25 -0086] "GET /textmining/gene-disease-association_lumc/sparql http" 200 882
 - - [21/06/2016:09:48:25 -0090] "GET /textmining/gene-disease-association_lumc/sparql http" 200 
 - - [21/06/2016:09:48:25 -0097] "GET /textmining/gene-disease-association_lumc/sparql http" 200 
 - - [21/06/2016:09:49:59 -0473] "GET /textmining/gene-disease-association_lumc http" 200 
 - - [21/06/2016:09:49:59 -0485] "GET /textmining http" 200 
 - - [21/06/2016:09:49:59 -0488] "GET /textmining http" 200 936
 - - [21/06/2016:09:49:59 -0492] "GET /textmining/gene-disease-association_lumc http" 200 936
 - - [21/06/2016:09:49:59 -0495] "GET /textmining/gene-disease-association_lumc http" 200 936
 - - [21/06/2016:09:49:59 -0502] "GET /textmining/dumpy http" 404 
 - - [21/06/2016:09:49:59 -0505] "GET /textmining http" 200 
 - - [21/06/2016:09:49:59 -0515] "GET /textmining http" 200 
 - - [21/06/2016:09:49:59 -0519] "GET /dumpy http" 404 
 - - [21/06/2016:09:49:59 -0937] "GET /textmining/gene-disease-association_lumc/dummy http" 404 
 - - [21/06/2016:09:49:59 -0941] "GET /textmining/gene-disease-association_lumc/sparql http" 200 
 - - [21/06/2016:09:49:59 -0943] "GET /textmining/gene-disease-association_lumc/sparql http" 200 882
 - - [21/06/2016:09:49:59 -0945] "GET /textmining/gene-disease-association_lumc/sparql http" 200 882
 - - [21/06/2016:09:49:59 -0949] "GET /textmining/gene-disease-association_lumc/sparql http" 200 882
 - - [21/06/2016:09:49:59 -0954] "GET /textmining/gene-disease-association_lumc/sparql http" 200 
 - - [21/06/2016:09:49:59 -0961] "GET /textmining/gene-disease-association_lumc/sparql http" 200 
 - - [21/06/2016:10:25:12 -0068] "GET /textmining/gene-disease-association_lumc http" 200 
 - - [21/06/2016:10:25:12 -0106] "GET /textmining http" 200 
 - - [21/06/2016:10:25:12 -0110] "GET /textmining http" 200 936
 - - [21/06/2016:10:25:12 -0115] "GET /textmining/gene-disease-association_lumc http" 200 936
 - - [21/06/2016:10:25:12 -0120] "GET /textmining/gene-disease-association_lumc http" 200 936
 - - [21/06/2016:10:25:12 -0126] "GET /textmining/dumpy http" 404 
 - - [21/06/2016:10:25:12 -0131] "GET /textmining http" 200 
 - - [21/06/2016:10:25:12 -0142] "GET /textmining http" 200 
 - - [21/06/2016:10:25:12 -0147] "GET /dumpy http" 404 
 - - [21/06/2016:10:25:12 -0621] "GET /textmining/gene-disease-association_lumc/dummy http" 404 
 - - [21/06/2016:10:25:12 -0624] "GET /textmining/gene-disease-association_lumc/sparql http" 200 
 - - [21/06/2016:10:25:12 -0628] "GET /textmining/gene-disease-association_lumc/sparql http" 200 882
 - - [21/06/2016:10:25:12 -0631] "GET /textmining/gene-disease-association_lumc/sparql http" 200 882
 - - [21/06/2016:10:25:12 -0634] "GET /textmining/gene-disease-association_lumc/sparql http" 200 882
 - - [21/06/2016:10:25:12 -0639] "GET /textmining/gene-disease-association_lumc/sparql http" 200 
 - - [21/06/2016:10:25:12 -0646] "GET /textmining/gene-disease-association_lumc/sparql http" 200 
 - - [21/06/2016:10:25:42 -0944] "GET /textmining/gene-disease-association_lumc http" 200 
 - - [21/06/2016:10:25:42 -0960] "GET /textmining http" 200 
 - - [21/06/2016:10:25:42 -0964] "GET /textmining http" 200 936
 - - [21/06/2016:10:25:42 -0968] "GET /textmining/gene-disease-association_lumc http" 200 936
 - - [21/06/2016:10:25:42 -0973] "GET /textmining/gene-disease-association_lumc http" 200 936
 - - [21/06/2016:10:25:42 -0979] "GET /textmining/dumpy http" 404 
 - - [21/06/2016:10:25:42 -0984] "GET /textmining http" 200 
 - - [21/06/2016:10:25:42 -0995] "GET /textmining http" 200 
 - - [21/06/2016:10:25:43 -0000] "GET /dumpy http" 404 
 - - [21/06/2016:10:25:43 -0557] "GET /textmining/gene-disease-association_lumc/dummy http" 404 
 - - [21/06/2016:10:25:43 -0561] "GET /textmining/gene-disease-association_lumc/sparql http" 200 
 - - [21/06/2016:10:25:43 -0565] "GET /textmining/gene-disease-association_lumc/sparql http" 200 882
 - - [21/06/2016:10:25:43 -0568] "GET /textmining/gene-disease-association_lumc/sparql http" 200 882
 - - [21/06/2016:10:25:43 -0571] "GET /textmining/gene-disease-association_lumc/sparql http" 200 882
 - - [21/06/2016:10:25:43 -0576] "GET /textmining/gene-disease-association_lumc/sparql http" 200 
 - - [21/06/2016:10:25:43 -0588] "GET /textmining/gene-disease-association_lumc/sparql http" 200 
 - - [21/06/2016:10:29:54 -0842] "GET /textmining/gene-disease-association_lumc http" 200 
 - - [21/06/2016:10:29:54 -0877] "GET /textmining http" 200 
 - - [21/06/2016:10:29:54 -0881] "GET /textmining http" 200 936
 - - [21/06/2016:10:29:54 -0885] "GET /textmining/gene-disease-association_lumc http" 200 936
 - - [21/06/2016:10:29:54 -0889] "GET /textmining/gene-disease-association_lumc http" 200 936
 - - [21/06/2016:10:29:54 -0894] "GET /textmining/dumpy http" 404 
 - - [21/06/2016:10:29:54 -0898] "GET /textmining http" 200 
 - - [21/06/2016:10:29:54 -0908] "GET /textmining http" 200 
 - - [21/06/2016:10:29:54 -0913] "GET /dumpy http" 404 
 - - [21/06/2016:10:29:55 -0387] "GET /textmining/gene-disease-association_lumc/dummy http" 404 
 - - [21/06/2016:10:29:55 -0392] "GET /textmining/gene-disease-association_lumc/sparql http" 200 
 - - [21/06/2016:10:29:55 -0395] "GET /textmining/gene-disease-association_lumc/sparql http" 200 882
 - - [21/06/2016:10:29:55 -0398] "GET /textmining/gene-disease-association_lumc/sparql http" 200 882
 - - [21/06/2016:10:29:55 -0401] "GET /textmining/gene-disease-association_lumc/sparql http" 200 882
 - - [21/06/2016:10:29:55 -0405] "GET /textmining/gene-disease-association_lumc/sparql http" 200 
 - - [21/06/2016:10:29:55 -0412] "GET /textmining/gene-disease-association_lumc/sparql http" 200 
 - - [21/06/2016:10:30:23 -0054] "GET /textmining/gene-disease-association_lumc http" 200 
 - - [21/06/2016:10:30:23 -0070] "GET /textmining http" 200 
 - - [21/06/2016:10:30:23 -0075] "GET /textmining http" 200 936
 - - [21/06/2016:10:30:23 -0080] "GET /textmining/gene-disease-association_lumc http" 200 936
 - - [21/06/2016:10:30:23 -0086] "GET /textmining/gene-disease-association_lumc http" 200 936
 - - [21/06/2016:10:30:23 -0091] "GET /textmining/dumpy http" 404 
 - - [21/06/2016:10:30:23 -0095] "GET /textmining http" 200 
 - - [21/06/2016:10:30:23 -0107] "GET /textmining http" 200 
 - - [21/06/2016:10:30:23 -0112] "GET /dumpy http" 404 
 - - [21/06/2016:10:30:23 -0691] "GET /textmining/gene-disease-association_lumc/dummy http" 404 
 - - [21/06/2016:10:30:23 -0696] "GET /textmining/gene-disease-association_lumc/sparql http" 200 
 - - [21/06/2016:10:30:23 -0700] "GET /textmining/gene-disease-association_lumc/sparql http" 200 882
 - - [21/06/2016:10:30:23 -0703] "GET /textmining/gene-disease-association_lumc/sparql http" 200 882
 - - [21/06/2016:10:30:23 -0706] "GET /textmining/gene-disease-association_lumc/sparql http" 200 882
 - - [21/06/2016:10:30:23 -0712] "GET /textmining/gene-disease-association_lumc/sparql http" 200 
 - - [21/06/2016:10:30:23 -0720] "GET /textmining/gene-disease-association_lumc/sparql http" 200 
 - - [21/06/2016:17:54:31 -0560] "GET /textmining/gene-disease-association_lumc http" 200 
 - - [21/06/2016:17:54:31 -0612] "GET /textmining http" 200 
 - - [21/06/2016:17:54:31 -0616] "GET /textmining http" 200 936
 - - [21/06/2016:17:54:31 -0625] "GET /textmining/gene-disease-association_lumc http" 200 936
 - - [21/06/2016:17:54:31 -0644] "GET /textmining/gene-disease-association_lumc http" 200 936
 - - [21/06/2016:17:54:31 -0656] "GET /textmining/dumpy http" 404 
 - - [21/06/2016:17:54:31 -0673] "GET /textmining http" 200 
 - - [21/06/2016:17:54:31 -0679] "GET /textmining/gene-disease-association_lumc http" 200 
 - - [21/06/2016:17:54:31 -0694] "GET /textmining http" 200 
 - - [21/06/2016:17:54:31 -0703] "GET /textmining http" 200 
 - - [21/06/2016:17:54:31 -0713] "GET /textmining http" 200 936
 - - [21/06/2016:17:54:31 -0719] "GET /dumpy http" 404 
 - - [21/06/2016:17:54:31 -0720] "GET /textmining/gene-disease-association_lumc http" 200 936
 - - [21/06/2016:17:54:31 -0751] "GET /textmining/gene-disease-association_lumc http" 200 936
 - - [21/06/2016:17:54:31 -0760] "GET /textmining/dumpy http" 404 
 - - [21/06/2016:17:54:31 -0780] "GET /textmining http" 200 
 - - [21/06/2016:17:54:31 -0803] "GET /textmining http" 200 
 - - [21/06/2016:17:54:31 -0819] "GET /dumpy http" 404 
 - - [21/06/2016:17:54:32 -0235] "GET /textmining/gene-disease-association_lumc/dummy http" 404 
 - - [21/06/2016:17:54:32 -0245] "GET /textmining/gene-disease-association_lumc/sparql http" 200 
 - - [21/06/2016:17:54:32 -0258] "GET /textmining/gene-disease-association_lumc/sparql http" 200 882
 - - [21/06/2016:17:54:32 -0265] "GET /textmining/gene-disease-association_lumc/sparql http" 200 882
 - - [21/06/2016:17:54:32 -0271] "GET /textmining/gene-disease-association_lumc/sparql http" 200 882
 - - [21/06/2016:17:54:32 -0278] "GET /textmining/gene-disease-association_lumc/sparql http" 200 
 - - [21/06/2016:17:54:32 -0308] "GET /textmining/gene-disease-association_lumc/sparql http" 200 
 - - [21/06/2016:17:54:32 -0394] "GET /textmining/gene-disease-association_lumc/dummy http" 404 
 - - [21/06/2016:17:54:32 -0399] "GET /textmining/gene-disease-association_lumc/sparql http" 200 
 - - [21/06/2016:17:54:32 -0403] "GET /textmining/gene-disease-association_lumc/sparql http" 200 882
 - - [21/06/2016:17:54:32 -0406] "GET /textmining/gene-disease-association_lumc/sparql http" 200 882
 - - [21/06/2016:17:54:32 -0408] "GET /textmining/gene-disease-association_lumc/sparql http" 200 882
 - - [21/06/2016:17:54:32 -0412] "GET /textmining/gene-disease-association_lumc/sparql http" 200 
 - - [21/06/2016:17:54:32 -0431] "GET /textmining/gene-disease-association_lumc/sparql http" 200 
 - - [21/06/2016:17:54:47 -0863] "GET /textmining/gene-disease-association_lumc http" 200 
 - - [21/06/2016:17:54:47 -0873] "GET /textmining http" 200 
 - - [21/06/2016:17:54:47 -0876] "GET /textmining http" 200 936
 - - [21/06/2016:17:54:47 -0880] "GET /textmining/gene-disease-association_lumc http" 200 936
 - - [21/06/2016:17:54:47 -0884] "GET /textmining/gene-disease-association_lumc http" 200 936
 - - [21/06/2016:17:54:47 -0890] "GET /textmining/dumpy http" 404 
 - - [21/06/2016:17:54:47 -0893] "GET /textmining http" 200 
 - - [21/06/2016:17:54:47 -0901] "GET /textmining http" 200 
 - - [21/06/2016:17:54:47 -0905] "GET /dumpy http" 404 
 - - [21/06/2016:17:54:48 -0238] "GET /textmining/gene-disease-association_lumc/dummy http" 404 
 - - [21/06/2016:17:54:48 -0241] "GET /textmining/gene-disease-association_lumc/sparql http" 200 
 - - [21/06/2016:17:54:48 -0244] "GET /textmining/gene-disease-association_lumc/sparql http" 200 882
 - - [21/06/2016:17:54:48 -0246] "GET /textmining/gene-disease-association_lumc/sparql http" 200 882
 - - [21/06/2016:17:54:48 -0248] "GET /textmining/gene-disease-association_lumc/sparql http" 200 882
 - - [21/06/2016:17:54:48 -0251] "GET /textmining/gene-disease-association_lumc/sparql http" 200 
 - - [21/06/2016:17:54:48 -0257] "GET /textmining/gene-disease-association_lumc/sparql http" 200 
