[INFO ] 2016-05-28 14:35:25.285 [main] RestApiTestContext - Inmemory triple store initialize for test
[INFO ] 2016-05-28 14:35:27.615 [main] RestApiTestContext - Inmemory triple store initialize for test
[INFO ] 2016-05-28 14:35:28.058 [main] RestApiTestContext - Inmemory triple store initialize for test
[INFO ] 2016-05-28 14:35:28.491 [main] RestApiTestContext - Inmemory triple store initialize for test
[INFO ] 2016-05-28 14:35:28.689 [main] MetadataController - Request to get DATASET metadata textmining
[INFO ] 2016-05-28 14:35:28.690 [main] MetadataController - GET : http://localhost/textmining/gene-disease-association_lumc
[API-REQUEST] 2016-05-28 14:35:28.692 [main] MetadataController - 
[INFO ] 2016-05-28 14:35:28.703 [main] MetadataController - Request to get CATALOG metadata textmining
[INFO ] 2016-05-28 14:35:28.704 [main] MetadataController - GET : http://localhost/textmining
[API-REQUEST] 2016-05-28 14:35:28.704 [main] MetadataController - 
[INFO ] 2016-05-28 14:35:28.706 [main] MetadataController - Request to get CATALOG metadata textmining
[INFO ] 2016-05-28 14:35:28.706 [main] MetadataController - GET : http://localhost/textmining
[API-REQUEST] 2016-05-28 14:35:28.707 [main] MetadataController - 
[INFO ] 2016-05-28 14:35:28.709 [main] MetadataController - Request to get DATASET metadata textmining
[INFO ] 2016-05-28 14:35:28.710 [main] MetadataController - GET : http://localhost/textmining/gene-disease-association_lumc
[API-REQUEST] 2016-05-28 14:35:28.710 [main] MetadataController - 
[INFO ] 2016-05-28 14:35:28.714 [main] MetadataController - Request to get DATASET metadata textmining
[INFO ] 2016-05-28 14:35:28.714 [main] MetadataController - GET : http://localhost/textmining/gene-disease-association_lumc
[API-REQUEST] 2016-05-28 14:35:28.715 [main] MetadataController - 
[INFO ] 2016-05-28 14:35:28.718 [main] MetadataController - Request to get DATASET metadata textmining
[INFO ] 2016-05-28 14:35:28.718 [main] MetadataController - GET : http://localhost/textmining/dumpy
[API-REQUEST] 2016-05-28 14:35:28.718 [main] MetadataController - 
[INFO ] 2016-05-28 14:35:28.721 [main] MetadataController - Request to get CATALOG metadata textmining
[INFO ] 2016-05-28 14:35:28.721 [main] MetadataController - GET : http://localhost/textmining
[API-REQUEST] 2016-05-28 14:35:28.721 [main] MetadataController - 
[INFO ] 2016-05-28 14:35:28.730 [main] MetadataController - Request to get CATALOG metadata textmining
[INFO ] 2016-05-28 14:35:28.730 [main] MetadataController - GET : http://localhost/textmining
[API-REQUEST] 2016-05-28 14:35:28.731 [main] MetadataController - 
[INFO ] 2016-05-28 14:35:28.735 [main] MetadataController - Request to get CATALOG metadata dumpy
[INFO ] 2016-05-28 14:35:28.735 [main] MetadataController - GET : http://localhost/dumpy
[API-REQUEST] 2016-05-28 14:35:28.735 [main] MetadataController - 
[INFO ] 2016-05-28 14:35:28.927 [main] RestApiTestContext - Inmemory triple store initialize for test
[INFO ] 2016-05-28 14:35:29.090 [main] DataAccessorController - Request to get dataset's distribution dummy
[INFO ] 2016-05-28 14:35:29.090 [main] DataAccessorController - GET : http://localhost/textmining/gene-disease-association_lumc/dummy
[API-REQUEST] 2016-05-28 14:35:29.090 [main] DataAccessorController - 
[INFO ] 2016-05-28 14:35:29.092 [main] DataAccessorController - Request to get dataset's distribution sparql
[INFO ] 2016-05-28 14:35:29.092 [main] DataAccessorController - GET : http://localhost/textmining/gene-disease-association_lumc/sparql
[API-REQUEST] 2016-05-28 14:35:29.093 [main] DataAccessorController - 
[INFO ] 2016-05-28 14:35:29.094 [main] DataAccessorController - Request to get dataset's distribution sparql
[INFO ] 2016-05-28 14:35:29.095 [main] DataAccessorController - GET : http://localhost/textmining/gene-disease-association_lumc/sparql
[API-REQUEST] 2016-05-28 14:35:29.095 [main] DataAccessorController - 
[INFO ] 2016-05-28 14:35:29.097 [main] DataAccessorController - Request to get dataset's distribution sparql
[INFO ] 2016-05-28 14:35:29.097 [main] DataAccessorController - GET : http://localhost/textmining/gene-disease-association_lumc/sparql
[API-REQUEST] 2016-05-28 14:35:29.098 [main] DataAccessorController - 
[INFO ] 2016-05-28 14:35:29.100 [main] DataAccessorController - Request to get dataset's distribution sparql
[INFO ] 2016-05-28 14:35:29.100 [main] DataAccessorController - GET : http://localhost/textmining/gene-disease-association_lumc/sparql
[API-REQUEST] 2016-05-28 14:35:29.100 [main] DataAccessorController - 
[INFO ] 2016-05-28 14:35:29.103 [main] DataAccessorController - Request to get dataset's distribution sparql
[INFO ] 2016-05-28 14:35:29.104 [main] DataAccessorController - GET : http://localhost/textmining/gene-disease-association_lumc/sparql
[API-REQUEST] 2016-05-28 14:35:29.104 [main] DataAccessorController - 
[INFO ] 2016-05-28 14:35:29.110 [main] DataAccessorController - Request to get dataset's distribution sparql
[INFO ] 2016-05-28 14:35:29.111 [main] DataAccessorController - GET : http://localhost/textmining/gene-disease-association_lumc/sparql
[API-REQUEST] 2016-05-28 14:35:29.111 [main] DataAccessorController - 
[INFO ] 2016-05-28 14:35:42.722 [main] RestApiTestContext - Inmemory triple store initialize for test
[INFO ] 2016-05-28 14:35:44.345 [main] RestApiTestContext - Inmemory triple store initialize for test
[INFO ] 2016-05-28 14:35:44.712 [main] RestApiTestContext - Inmemory triple store initialize for test
[INFO ] 2016-05-28 14:35:45.073 [main] RestApiTestContext - Inmemory triple store initialize for test
[INFO ] 2016-05-28 14:35:45.261 [main] MetadataController - Request to get DATASET metadata textmining
[INFO ] 2016-05-28 14:35:45.262 [main] MetadataController - GET : http://localhost/textmining/gene-disease-association_lumc
[API-REQUEST] 2016-05-28 14:35:45.263 [main] MetadataController - 
[INFO ] 2016-05-28 14:35:45.273 [main] MetadataController - Request to get CATALOG metadata textmining
[INFO ] 2016-05-28 14:35:45.273 [main] MetadataController - GET : http://localhost/textmining
[API-REQUEST] 2016-05-28 14:35:45.274 [main] MetadataController - 
[INFO ] 2016-05-28 14:35:45.276 [main] MetadataController - Request to get CATALOG metadata textmining
[INFO ] 2016-05-28 14:35:45.276 [main] MetadataController - GET : http://localhost/textmining
[API-REQUEST] 2016-05-28 14:35:45.276 [main] MetadataController - 
[INFO ] 2016-05-28 14:35:45.278 [main] MetadataController - Request to get DATASET metadata textmining
[INFO ] 2016-05-28 14:35:45.278 [main] MetadataController - GET : http://localhost/textmining/gene-disease-association_lumc
[API-REQUEST] 2016-05-28 14:35:45.279 [main] MetadataController - 
[INFO ] 2016-05-28 14:35:45.281 [main] MetadataController - Request to get DATASET metadata textmining
[INFO ] 2016-05-28 14:35:45.281 [main] MetadataController - GET : http://localhost/textmining/gene-disease-association_lumc
[API-REQUEST] 2016-05-28 14:35:45.282 [main] MetadataController - 
[INFO ] 2016-05-28 14:35:45.286 [main] MetadataController - Request to get DATASET metadata textmining
[INFO ] 2016-05-28 14:35:45.286 [main] MetadataController - GET : http://localhost/textmining/dumpy
[API-REQUEST] 2016-05-28 14:35:45.286 [main] MetadataController - 
[INFO ] 2016-05-28 14:35:45.290 [main] MetadataController - Request to get CATALOG metadata textmining
[INFO ] 2016-05-28 14:35:45.291 [main] MetadataController - GET : http://localhost/textmining
[API-REQUEST] 2016-05-28 14:35:45.291 [main] MetadataController - 
[INFO ] 2016-05-28 14:35:45.299 [main] MetadataController - Request to get CATALOG metadata textmining
[INFO ] 2016-05-28 14:35:45.299 [main] MetadataController - GET : http://localhost/textmining
[API-REQUEST] 2016-05-28 14:35:45.300 [main] MetadataController - 
[INFO ] 2016-05-28 14:35:45.304 [main] MetadataController - Request to get CATALOG metadata dumpy
[INFO ] 2016-05-28 14:35:45.304 [main] MetadataController - GET : http://localhost/dumpy
[API-REQUEST] 2016-05-28 14:35:45.305 [main] MetadataController - 
[INFO ] 2016-05-28 14:35:45.451 [main] RestApiTestContext - Inmemory triple store initialize for test
[INFO ] 2016-05-28 14:35:45.617 [main] DataAccessorController - Request to get dataset's distribution dummy
[INFO ] 2016-05-28 14:35:45.617 [main] DataAccessorController - GET : http://localhost/textmining/gene-disease-association_lumc/dummy
[API-REQUEST] 2016-05-28 14:35:45.617 [main] DataAccessorController - 
[INFO ] 2016-05-28 14:35:45.621 [main] DataAccessorController - Request to get dataset's distribution sparql
[INFO ] 2016-05-28 14:35:45.621 [main] DataAccessorController - GET : http://localhost/textmining/gene-disease-association_lumc/sparql
[API-REQUEST] 2016-05-28 14:35:45.621 [main] DataAccessorController - 
[INFO ] 2016-05-28 14:35:45.623 [main] DataAccessorController - Request to get dataset's distribution sparql
[INFO ] 2016-05-28 14:35:45.624 [main] DataAccessorController - GET : http://localhost/textmining/gene-disease-association_lumc/sparql
[API-REQUEST] 2016-05-28 14:35:45.624 [main] DataAccessorController - 
[INFO ] 2016-05-28 14:35:45.626 [main] DataAccessorController - Request to get dataset's distribution sparql
[INFO ] 2016-05-28 14:35:45.626 [main] DataAccessorController - GET : http://localhost/textmining/gene-disease-association_lumc/sparql
[API-REQUEST] 2016-05-28 14:35:45.627 [main] DataAccessorController - 
[INFO ] 2016-05-28 14:35:45.629 [main] DataAccessorController - Request to get dataset's distribution sparql
[INFO ] 2016-05-28 14:35:45.629 [main] DataAccessorController - GET : http://localhost/textmining/gene-disease-association_lumc/sparql
[API-REQUEST] 2016-05-28 14:35:45.630 [main] DataAccessorController - 
[INFO ] 2016-05-28 14:35:45.633 [main] DataAccessorController - Request to get dataset's distribution sparql
[INFO ] 2016-05-28 14:35:45.633 [main] DataAccessorController - GET : http://localhost/textmining/gene-disease-association_lumc/sparql
[API-REQUEST] 2016-05-28 14:35:45.634 [main] DataAccessorController - 
[INFO ] 2016-05-28 14:35:45.638 [main] DataAccessorController - Request to get dataset's distribution sparql
[INFO ] 2016-05-28 14:35:45.639 [main] DataAccessorController - GET : http://localhost/textmining/gene-disease-association_lumc/sparql
[API-REQUEST] 2016-05-28 14:35:45.639 [main] DataAccessorController - 
[INFO ] 2016-05-28 17:10:57.579 [main] RestApiTestContext - Inmemory triple store initialize for test
[INFO ] 2016-05-28 17:10:59.349 [main] RestApiTestContext - Inmemory triple store initialize for test
[INFO ] 2016-05-28 17:10:59.825 [main] RestApiTestContext - Inmemory triple store initialize for test
[INFO ] 2016-05-28 17:11:00.347 [main] RestApiTestContext - Inmemory triple store initialize for test
[INFO ] 2016-05-28 17:11:00.571 [main] MetadataController - Request to get DATASET metadata textmining
[INFO ] 2016-05-28 17:11:00.571 [main] MetadataController - GET : http://localhost/textmining/gene-disease-association_lumc
[API-REQUEST] 2016-05-28 17:11:00.573 [main] MetadataController - 
[INFO ] 2016-05-28 17:11:00.583 [main] MetadataController - Request to get CATALOG metadata textmining
[INFO ] 2016-05-28 17:11:00.583 [main] MetadataController - GET : http://localhost/textmining
[API-REQUEST] 2016-05-28 17:11:00.583 [main] MetadataController - 
[INFO ] 2016-05-28 17:11:00.585 [main] MetadataController - Request to get CATALOG metadata textmining
[INFO ] 2016-05-28 17:11:00.585 [main] MetadataController - GET : http://localhost/textmining
[API-REQUEST] 2016-05-28 17:11:00.586 [main] MetadataController - 
[INFO ] 2016-05-28 17:11:00.587 [main] MetadataController - Request to get DATASET metadata textmining
[INFO ] 2016-05-28 17:11:00.588 [main] MetadataController - GET : http://localhost/textmining/gene-disease-association_lumc
[API-REQUEST] 2016-05-28 17:11:00.588 [main] MetadataController - 
[INFO ] 2016-05-28 17:11:00.590 [main] MetadataController - Request to get DATASET metadata textmining
[INFO ] 2016-05-28 17:11:00.591 [main] MetadataController - GET : http://localhost/textmining/gene-disease-association_lumc
[API-REQUEST] 2016-05-28 17:11:00.591 [main] MetadataController - 
[INFO ] 2016-05-28 17:11:00.594 [main] MetadataController - Request to get DATASET metadata textmining
[INFO ] 2016-05-28 17:11:00.594 [main] MetadataController - GET : http://localhost/textmining/dumpy
[API-REQUEST] 2016-05-28 17:11:00.594 [main] MetadataController - 
[INFO ] 2016-05-28 17:11:00.599 [main] MetadataController - Request to get CATALOG metadata textmining
[INFO ] 2016-05-28 17:11:00.599 [main] MetadataController - GET : http://localhost/textmining
[API-REQUEST] 2016-05-28 17:11:00.600 [main] MetadataController - 
[INFO ] 2016-05-28 17:11:00.607 [main] MetadataController - Request to get CATALOG metadata textmining
[INFO ] 2016-05-28 17:11:00.607 [main] MetadataController - GET : http://localhost/textmining
[API-REQUEST] 2016-05-28 17:11:00.608 [main] MetadataController - 
[INFO ] 2016-05-28 17:11:00.610 [main] MetadataController - Request to get CATALOG metadata dumpy
[INFO ] 2016-05-28 17:11:00.610 [main] MetadataController - GET : http://localhost/dumpy
[API-REQUEST] 2016-05-28 17:11:00.610 [main] MetadataController - 
[INFO ] 2016-05-28 17:11:00.763 [main] RestApiTestContext - Inmemory triple store initialize for test
[INFO ] 2016-05-28 17:11:00.958 [main] DataAccessorController - Request to get dataset's distribution dummy
[INFO ] 2016-05-28 17:11:00.958 [main] DataAccessorController - GET : http://localhost/textmining/gene-disease-association_lumc/dummy
[API-REQUEST] 2016-05-28 17:11:00.959 [main] DataAccessorController - 
[INFO ] 2016-05-28 17:11:00.962 [main] DataAccessorController - Request to get dataset's distribution sparql
[INFO ] 2016-05-28 17:11:00.962 [main] DataAccessorController - GET : http://localhost/textmining/gene-disease-association_lumc/sparql
[API-REQUEST] 2016-05-28 17:11:00.963 [main] DataAccessorController - 
[INFO ] 2016-05-28 17:11:00.965 [main] DataAccessorController - Request to get dataset's distribution sparql
[INFO ] 2016-05-28 17:11:00.966 [main] DataAccessorController - GET : http://localhost/textmining/gene-disease-association_lumc/sparql
[API-REQUEST] 2016-05-28 17:11:00.967 [main] DataAccessorController - 
[INFO ] 2016-05-28 17:11:00.969 [main] DataAccessorController - Request to get dataset's distribution sparql
[INFO ] 2016-05-28 17:11:00.969 [main] DataAccessorController - GET : http://localhost/textmining/gene-disease-association_lumc/sparql
[API-REQUEST] 2016-05-28 17:11:00.969 [main] DataAccessorController - 
[INFO ] 2016-05-28 17:11:00.971 [main] DataAccessorController - Request to get dataset's distribution sparql
[INFO ] 2016-05-28 17:11:00.971 [main] DataAccessorController - GET : http://localhost/textmining/gene-disease-association_lumc/sparql
[API-REQUEST] 2016-05-28 17:11:00.972 [main] DataAccessorController - 
[INFO ] 2016-05-28 17:11:00.975 [main] DataAccessorController - Request to get dataset's distribution sparql
[INFO ] 2016-05-28 17:11:00.975 [main] DataAccessorController - GET : http://localhost/textmining/gene-disease-association_lumc/sparql
[API-REQUEST] 2016-05-28 17:11:00.976 [main] DataAccessorController - 
[INFO ] 2016-05-28 17:11:00.981 [main] DataAccessorController - Request to get dataset's distribution sparql
[INFO ] 2016-05-28 17:11:00.981 [main] DataAccessorController - GET : http://localhost/textmining/gene-disease-association_lumc/sparql
[API-REQUEST] 2016-05-28 17:11:00.982 [main] DataAccessorController - 
[INFO ] 2016-05-28 17:13:22.007 [main] RestApiTestContext - Inmemory triple store initialize for test
[INFO ] 2016-05-28 17:13:24.130 [main] RestApiTestContext - Inmemory triple store initialize for test
[INFO ] 2016-05-28 17:13:24.579 [main] RestApiTestContext - Inmemory triple store initialize for test
[INFO ] 2016-05-28 17:13:24.956 [main] RestApiTestContext - Inmemory triple store initialize for test
[INFO ] 2016-05-28 17:13:25.214 [main] MetadataController - Request to get DATASET metadata textmining
[INFO ] 2016-05-28 17:13:25.214 [main] MetadataController - GET : http://localhost/textmining/gene-disease-association_lumc
[API-REQUEST] 2016-05-28 17:13:25.216 [main] MetadataController - 
[INFO ] 2016-05-28 17:13:25.228 [main] MetadataController - Request to get CATALOG metadata textmining
[INFO ] 2016-05-28 17:13:25.228 [main] MetadataController - GET : http://localhost/textmining
[API-REQUEST] 2016-05-28 17:13:25.229 [main] MetadataController - 
[INFO ] 2016-05-28 17:13:25.232 [main] MetadataController - Request to get CATALOG metadata textmining
[INFO ] 2016-05-28 17:13:25.232 [main] MetadataController - GET : http://localhost/textmining
[API-REQUEST] 2016-05-28 17:13:25.233 [main] MetadataController - 
[INFO ] 2016-05-28 17:13:25.234 [main] MetadataController - Request to get DATASET metadata textmining
[INFO ] 2016-05-28 17:13:25.234 [main] MetadataController - GET : http://localhost/textmining/gene-disease-association_lumc
[API-REQUEST] 2016-05-28 17:13:25.235 [main] MetadataController - 
[INFO ] 2016-05-28 17:13:25.237 [main] MetadataController - Request to get DATASET metadata textmining
[INFO ] 2016-05-28 17:13:25.237 [main] MetadataController - GET : http://localhost/textmining/gene-disease-association_lumc
[API-REQUEST] 2016-05-28 17:13:25.238 [main] MetadataController - 
[INFO ] 2016-05-28 17:13:25.242 [main] MetadataController - Request to get DATASET metadata textmining
[INFO ] 2016-05-28 17:13:25.242 [main] MetadataController - GET : http://localhost/textmining/dumpy
[API-REQUEST] 2016-05-28 17:13:25.242 [main] MetadataController - 
[INFO ] 2016-05-28 17:13:25.244 [main] MetadataController - Request to get CATALOG metadata textmining
[INFO ] 2016-05-28 17:13:25.245 [main] MetadataController - GET : http://localhost/textmining
[API-REQUEST] 2016-05-28 17:13:25.245 [main] MetadataController - 
[INFO ] 2016-05-28 17:13:25.251 [main] MetadataController - Request to get CATALOG metadata textmining
[INFO ] 2016-05-28 17:13:25.251 [main] MetadataController - GET : http://localhost/textmining
[API-REQUEST] 2016-05-28 17:13:25.252 [main] MetadataController - 
[INFO ] 2016-05-28 17:13:25.256 [main] MetadataController - Request to get CATALOG metadata dumpy
[INFO ] 2016-05-28 17:13:25.257 [main] MetadataController - GET : http://localhost/dumpy
[API-REQUEST] 2016-05-28 17:13:25.257 [main] MetadataController - 
[INFO ] 2016-05-28 17:13:25.402 [main] RestApiTestContext - Inmemory triple store initialize for test
[INFO ] 2016-05-28 17:13:25.610 [main] DataAccessorController - Request to get dataset's distribution dummy
[INFO ] 2016-05-28 17:13:25.611 [main] DataAccessorController - GET : http://localhost/textmining/gene-disease-association_lumc/dummy
[API-REQUEST] 2016-05-28 17:13:25.611 [main] DataAccessorController - 
[INFO ] 2016-05-28 17:13:25.615 [main] DataAccessorController - Request to get dataset's distribution sparql
[INFO ] 2016-05-28 17:13:25.615 [main] DataAccessorController - GET : http://localhost/textmining/gene-disease-association_lumc/sparql
[API-REQUEST] 2016-05-28 17:13:25.616 [main] DataAccessorController - 
[INFO ] 2016-05-28 17:13:25.619 [main] DataAccessorController - Request to get dataset's distribution sparql
[INFO ] 2016-05-28 17:13:25.619 [main] DataAccessorController - GET : http://localhost/textmining/gene-disease-association_lumc/sparql
[API-REQUEST] 2016-05-28 17:13:25.620 [main] DataAccessorController - 
[INFO ] 2016-05-28 17:13:25.623 [main] DataAccessorController - Request to get dataset's distribution sparql
[INFO ] 2016-05-28 17:13:25.623 [main] DataAccessorController - GET : http://localhost/textmining/gene-disease-association_lumc/sparql
[API-REQUEST] 2016-05-28 17:13:25.624 [main] DataAccessorController - 
[INFO ] 2016-05-28 17:13:25.626 [main] DataAccessorController - Request to get dataset's distribution sparql
[INFO ] 2016-05-28 17:13:25.627 [main] DataAccessorController - GET : http://localhost/textmining/gene-disease-association_lumc/sparql
[API-REQUEST] 2016-05-28 17:13:25.627 [main] DataAccessorController - 
[INFO ] 2016-05-28 17:13:25.632 [main] DataAccessorController - Request to get dataset's distribution sparql
[INFO ] 2016-05-28 17:13:25.632 [main] DataAccessorController - GET : http://localhost/textmining/gene-disease-association_lumc/sparql
[API-REQUEST] 2016-05-28 17:13:25.633 [main] DataAccessorController - 
[INFO ] 2016-05-28 17:13:25.639 [main] DataAccessorController - Request to get dataset's distribution sparql
[INFO ] 2016-05-28 17:13:25.639 [main] DataAccessorController - GET : http://localhost/textmining/gene-disease-association_lumc/sparql
[API-REQUEST] 2016-05-28 17:13:25.639 [main] DataAccessorController - 
[INFO ] 2016-05-28 17:16:37.534 [main] RestApiTestContext - Inmemory triple store initialize for test
[INFO ] 2016-05-28 17:16:45.827 [main] RestApiTestContext - Inmemory triple store initialize for test
[INFO ] 2016-05-28 17:16:47.633 [main] RestApiTestContext - Inmemory triple store initialize for test
[INFO ] 2016-05-28 17:16:48.096 [main] RestApiTestContext - Inmemory triple store initialize for test
[INFO ] 2016-05-28 17:16:48.569 [main] RestApiTestContext - Inmemory triple store initialize for test
[INFO ] 2016-05-28 17:16:48.824 [main] MetadataController - Request to get DATASET metadata textmining
[INFO ] 2016-05-28 17:16:48.824 [main] MetadataController - GET : http://localhost/textmining/gene-disease-association_lumc
[API-REQUEST] 2016-05-28 17:16:48.827 [main] MetadataController - 
[INFO ] 2016-05-28 17:16:48.838 [main] MetadataController - Request to get CATALOG metadata textmining
[INFO ] 2016-05-28 17:16:48.838 [main] MetadataController - GET : http://localhost/textmining
[API-REQUEST] 2016-05-28 17:16:48.839 [main] MetadataController - 
[INFO ] 2016-05-28 17:16:48.841 [main] MetadataController - Request to get CATALOG metadata textmining
[INFO ] 2016-05-28 17:16:48.841 [main] MetadataController - GET : http://localhost/textmining
[API-REQUEST] 2016-05-28 17:16:48.842 [main] MetadataController - 
[INFO ] 2016-05-28 17:16:48.845 [main] MetadataController - Request to get DATASET metadata textmining
[INFO ] 2016-05-28 17:16:48.845 [main] MetadataController - GET : http://localhost/textmining/gene-disease-association_lumc
[API-REQUEST] 2016-05-28 17:16:48.846 [main] MetadataController - 
[INFO ] 2016-05-28 17:16:48.848 [main] MetadataController - Request to get DATASET metadata textmining
[INFO ] 2016-05-28 17:16:48.849 [main] MetadataController - GET : http://localhost/textmining/gene-disease-association_lumc
[API-REQUEST] 2016-05-28 17:16:48.850 [main] MetadataController - 
[INFO ] 2016-05-28 17:16:48.856 [main] MetadataController - Request to get DATASET metadata textmining
[INFO ] 2016-05-28 17:16:48.856 [main] MetadataController - GET : http://localhost/textmining/dumpy
[API-REQUEST] 2016-05-28 17:16:48.857 [main] MetadataController - 
[INFO ] 2016-05-28 17:16:48.860 [main] MetadataController - Request to get CATALOG metadata textmining
[INFO ] 2016-05-28 17:16:48.860 [main] MetadataController - GET : http://localhost/textmining
[API-REQUEST] 2016-05-28 17:16:48.861 [main] MetadataController - 
[INFO ] 2016-05-28 17:16:48.868 [main] MetadataController - Request to get CATALOG metadata textmining
[INFO ] 2016-05-28 17:16:48.868 [main] MetadataController - GET : http://localhost/textmining
[API-REQUEST] 2016-05-28 17:16:48.869 [main] MetadataController - 
[INFO ] 2016-05-28 17:16:48.872 [main] MetadataController - Request to get CATALOG metadata dumpy
[INFO ] 2016-05-28 17:16:48.873 [main] MetadataController - GET : http://localhost/dumpy
[API-REQUEST] 2016-05-28 17:16:48.873 [main] MetadataController - 
[INFO ] 2016-05-28 17:16:49.015 [main] RestApiTestContext - Inmemory triple store initialize for test
[INFO ] 2016-05-28 17:16:49.178 [main] DataAccessorController - Request to get dataset's distribution dummy
[INFO ] 2016-05-28 17:16:49.178 [main] DataAccessorController - GET : http://localhost/textmining/gene-disease-association_lumc/dummy
[API-REQUEST] 2016-05-28 17:16:49.178 [main] DataAccessorController - 
[INFO ] 2016-05-28 17:16:49.181 [main] DataAccessorController - Request to get dataset's distribution sparql
[INFO ] 2016-05-28 17:16:49.181 [main] DataAccessorController - GET : http://localhost/textmining/gene-disease-association_lumc/sparql
[API-REQUEST] 2016-05-28 17:16:49.182 [main] DataAccessorController - 
[INFO ] 2016-05-28 17:16:49.183 [main] DataAccessorController - Request to get dataset's distribution sparql
[INFO ] 2016-05-28 17:16:49.184 [main] DataAccessorController - GET : http://localhost/textmining/gene-disease-association_lumc/sparql
[API-REQUEST] 2016-05-28 17:16:49.184 [main] DataAccessorController - 
[INFO ] 2016-05-28 17:16:49.186 [main] DataAccessorController - Request to get dataset's distribution sparql
[INFO ] 2016-05-28 17:16:49.186 [main] DataAccessorController - GET : http://localhost/textmining/gene-disease-association_lumc/sparql
[API-REQUEST] 2016-05-28 17:16:49.187 [main] DataAccessorController - 
[INFO ] 2016-05-28 17:16:49.188 [main] DataAccessorController - Request to get dataset's distribution sparql
[INFO ] 2016-05-28 17:16:49.189 [main] DataAccessorController - GET : http://localhost/textmining/gene-disease-association_lumc/sparql
[API-REQUEST] 2016-05-28 17:16:49.189 [main] DataAccessorController - 
[INFO ] 2016-05-28 17:16:49.194 [main] DataAccessorController - Request to get dataset's distribution sparql
[INFO ] 2016-05-28 17:16:49.194 [main] DataAccessorController - GET : http://localhost/textmining/gene-disease-association_lumc/sparql
[API-REQUEST] 2016-05-28 17:16:49.195 [main] DataAccessorController - 
[INFO ] 2016-05-28 17:16:49.201 [main] DataAccessorController - Request to get dataset's distribution sparql
[INFO ] 2016-05-28 17:16:49.201 [main] DataAccessorController - GET : http://localhost/textmining/gene-disease-association_lumc/sparql
[API-REQUEST] 2016-05-28 17:16:49.201 [main] DataAccessorController - 
[INFO ] 2016-05-28 17:17:01.065 [main] RestApiTestContext - Inmemory triple store initialize for test
[INFO ] 2016-05-28 17:17:02.612 [main] RestApiTestContext - Inmemory triple store initialize for test
[INFO ] 2016-05-28 17:17:02.964 [main] RestApiTestContext - Inmemory triple store initialize for test
[INFO ] 2016-05-28 17:17:03.365 [main] RestApiTestContext - Inmemory triple store initialize for test
[INFO ] 2016-05-28 17:17:03.640 [main] MetadataController - Request to get DATASET metadata textmining
[INFO ] 2016-05-28 17:17:03.641 [main] MetadataController - GET : http://localhost/textmining/gene-disease-association_lumc
[API-REQUEST] 2016-05-28 17:17:03.643 [main] MetadataController - 
[INFO ] 2016-05-28 17:17:03.653 [main] MetadataController - Request to get CATALOG metadata textmining
[INFO ] 2016-05-28 17:17:03.654 [main] MetadataController - GET : http://localhost/textmining
[API-REQUEST] 2016-05-28 17:17:03.655 [main] MetadataController - 
[INFO ] 2016-05-28 17:17:03.658 [main] MetadataController - Request to get CATALOG metadata textmining
[INFO ] 2016-05-28 17:17:03.658 [main] MetadataController - GET : http://localhost/textmining
[API-REQUEST] 2016-05-28 17:17:03.659 [main] MetadataController - 
[INFO ] 2016-05-28 17:17:03.661 [main] MetadataController - Request to get DATASET metadata textmining
[INFO ] 2016-05-28 17:17:03.661 [main] MetadataController - GET : http://localhost/textmining/gene-disease-association_lumc
[API-REQUEST] 2016-05-28 17:17:03.662 [main] MetadataController - 
[INFO ] 2016-05-28 17:17:03.665 [main] MetadataController - Request to get DATASET metadata textmining
[INFO ] 2016-05-28 17:17:03.665 [main] MetadataController - GET : http://localhost/textmining/gene-disease-association_lumc
[API-REQUEST] 2016-05-28 17:17:03.666 [main] MetadataController - 
[INFO ] 2016-05-28 17:17:03.671 [main] MetadataController - Request to get DATASET metadata textmining
[INFO ] 2016-05-28 17:17:03.671 [main] MetadataController - GET : http://localhost/textmining/dumpy
[API-REQUEST] 2016-05-28 17:17:03.672 [main] MetadataController - 
[INFO ] 2016-05-28 17:17:03.676 [main] MetadataController - Request to get CATALOG metadata textmining
[INFO ] 2016-05-28 17:17:03.676 [main] MetadataController - GET : http://localhost/textmining
[API-REQUEST] 2016-05-28 17:17:03.676 [main] MetadataController - 
[INFO ] 2016-05-28 17:17:03.685 [main] MetadataController - Request to get CATALOG metadata textmining
[INFO ] 2016-05-28 17:17:03.685 [main] MetadataController - GET : http://localhost/textmining
[API-REQUEST] 2016-05-28 17:17:03.686 [main] MetadataController - 
[INFO ] 2016-05-28 17:17:03.690 [main] MetadataController - Request to get CATALOG metadata dumpy
[INFO ] 2016-05-28 17:17:03.691 [main] MetadataController - GET : http://localhost/dumpy
[API-REQUEST] 2016-05-28 17:17:03.691 [main] MetadataController - 
[INFO ] 2016-05-28 17:17:03.837 [main] RestApiTestContext - Inmemory triple store initialize for test
[INFO ] 2016-05-28 17:17:04.095 [main] DataAccessorController - Request to get dataset's distribution dummy
[INFO ] 2016-05-28 17:17:04.095 [main] DataAccessorController - GET : http://localhost/textmining/gene-disease-association_lumc/dummy
[API-REQUEST] 2016-05-28 17:17:04.095 [main] DataAccessorController - 
[INFO ] 2016-05-28 17:17:04.098 [main] DataAccessorController - Request to get dataset's distribution sparql
[INFO ] 2016-05-28 17:17:04.098 [main] DataAccessorController - GET : http://localhost/textmining/gene-disease-association_lumc/sparql
[API-REQUEST] 2016-05-28 17:17:04.099 [main] DataAccessorController - 
[INFO ] 2016-05-28 17:17:04.101 [main] DataAccessorController - Request to get dataset's distribution sparql
[INFO ] 2016-05-28 17:17:04.101 [main] DataAccessorController - GET : http://localhost/textmining/gene-disease-association_lumc/sparql
[API-REQUEST] 2016-05-28 17:17:04.102 [main] DataAccessorController - 
[INFO ] 2016-05-28 17:17:04.103 [main] DataAccessorController - Request to get dataset's distribution sparql
[INFO ] 2016-05-28 17:17:04.103 [main] DataAccessorController - GET : http://localhost/textmining/gene-disease-association_lumc/sparql
[API-REQUEST] 2016-05-28 17:17:04.104 [main] DataAccessorController - 
[INFO ] 2016-05-28 17:17:04.106 [main] DataAccessorController - Request to get dataset's distribution sparql
[INFO ] 2016-05-28 17:17:04.106 [main] DataAccessorController - GET : http://localhost/textmining/gene-disease-association_lumc/sparql
[API-REQUEST] 2016-05-28 17:17:04.107 [main] DataAccessorController - 
[INFO ] 2016-05-28 17:17:04.110 [main] DataAccessorController - Request to get dataset's distribution sparql
[INFO ] 2016-05-28 17:17:04.110 [main] DataAccessorController - GET : http://localhost/textmining/gene-disease-association_lumc/sparql
[API-REQUEST] 2016-05-28 17:17:04.112 [main] DataAccessorController - 
[INFO ] 2016-05-28 17:17:04.117 [main] DataAccessorController - Request to get dataset's distribution sparql
[INFO ] 2016-05-28 17:17:04.118 [main] DataAccessorController - GET : http://localhost/textmining/gene-disease-association_lumc/sparql
[API-REQUEST] 2016-05-28 17:17:04.118 [main] DataAccessorController - 
[INFO ] 2016-05-28 17:17:14.542 [main] RestApiTestContext - Inmemory triple store initialize for test
[INFO ] 2016-05-28 17:17:16.144 [main] RestApiTestContext - Inmemory triple store initialize for test
[INFO ] 2016-05-28 17:17:16.537 [main] RestApiTestContext - Inmemory triple store initialize for test
[INFO ] 2016-05-28 17:17:16.924 [main] RestApiTestContext - Inmemory triple store initialize for test
[INFO ] 2016-05-28 17:17:17.114 [main] MetadataController - Request to get DATASET metadata textmining
[INFO ] 2016-05-28 17:17:17.115 [main] MetadataController - GET : http://localhost/textmining/gene-disease-association_lumc
[API-REQUEST] 2016-05-28 17:17:17.116 [main] MetadataController - 
[INFO ] 2016-05-28 17:17:17.125 [main] MetadataController - Request to get CATALOG metadata textmining
[INFO ] 2016-05-28 17:17:17.125 [main] MetadataController - GET : http://localhost/textmining
[API-REQUEST] 2016-05-28 17:17:17.126 [main] MetadataController - 
[INFO ] 2016-05-28 17:17:17.129 [main] MetadataController - Request to get CATALOG metadata textmining
[INFO ] 2016-05-28 17:17:17.129 [main] MetadataController - GET : http://localhost/textmining
[API-REQUEST] 2016-05-28 17:17:17.130 [main] MetadataController - 
[INFO ] 2016-05-28 17:17:17.133 [main] MetadataController - Request to get DATASET metadata textmining
[INFO ] 2016-05-28 17:17:17.133 [main] MetadataController - GET : http://localhost/textmining/gene-disease-association_lumc
[API-REQUEST] 2016-05-28 17:17:17.133 [main] MetadataController - 
[INFO ] 2016-05-28 17:17:17.135 [main] MetadataController - Request to get DATASET metadata textmining
[INFO ] 2016-05-28 17:17:17.135 [main] MetadataController - GET : http://localhost/textmining/gene-disease-association_lumc
[API-REQUEST] 2016-05-28 17:17:17.136 [main] MetadataController - 
[INFO ] 2016-05-28 17:17:17.140 [main] MetadataController - Request to get DATASET metadata textmining
[INFO ] 2016-05-28 17:17:17.140 [main] MetadataController - GET : http://localhost/textmining/dumpy
[API-REQUEST] 2016-05-28 17:17:17.140 [main] MetadataController - 
[INFO ] 2016-05-28 17:17:17.146 [main] MetadataController - Request to get CATALOG metadata textmining
[INFO ] 2016-05-28 17:17:17.146 [main] MetadataController - GET : http://localhost/textmining
[API-REQUEST] 2016-05-28 17:17:17.147 [main] MetadataController - 
[INFO ] 2016-05-28 17:17:17.156 [main] MetadataController - Request to get CATALOG metadata textmining
[INFO ] 2016-05-28 17:17:17.156 [main] MetadataController - GET : http://localhost/textmining
[API-REQUEST] 2016-05-28 17:17:17.157 [main] MetadataController - 
[INFO ] 2016-05-28 17:17:17.173 [main] MetadataController - Request to get CATALOG metadata dumpy
[INFO ] 2016-05-28 17:17:17.173 [main] MetadataController - GET : http://localhost/dumpy
[API-REQUEST] 2016-05-28 17:17:17.174 [main] MetadataController - 
[INFO ] 2016-05-28 17:17:17.327 [main] RestApiTestContext - Inmemory triple store initialize for test
[INFO ] 2016-05-28 17:17:17.545 [main] DataAccessorController - Request to get dataset's distribution dummy
[INFO ] 2016-05-28 17:17:17.545 [main] DataAccessorController - GET : http://localhost/textmining/gene-disease-association_lumc/dummy
[API-REQUEST] 2016-05-28 17:17:17.546 [main] DataAccessorController - 
[INFO ] 2016-05-28 17:17:17.548 [main] DataAccessorController - Request to get dataset's distribution sparql
[INFO ] 2016-05-28 17:17:17.548 [main] DataAccessorController - GET : http://localhost/textmining/gene-disease-association_lumc/sparql
[API-REQUEST] 2016-05-28 17:17:17.548 [main] DataAccessorController - 
[INFO ] 2016-05-28 17:17:17.550 [main] DataAccessorController - Request to get dataset's distribution sparql
[INFO ] 2016-05-28 17:17:17.550 [main] DataAccessorController - GET : http://localhost/textmining/gene-disease-association_lumc/sparql
[API-REQUEST] 2016-05-28 17:17:17.550 [main] DataAccessorController - 
[INFO ] 2016-05-28 17:17:17.551 [main] DataAccessorController - Request to get dataset's distribution sparql
[INFO ] 2016-05-28 17:17:17.551 [main] DataAccessorController - GET : http://localhost/textmining/gene-disease-association_lumc/sparql
[API-REQUEST] 2016-05-28 17:17:17.552 [main] DataAccessorController - 
[INFO ] 2016-05-28 17:17:17.553 [main] DataAccessorController - Request to get dataset's distribution sparql
[INFO ] 2016-05-28 17:17:17.553 [main] DataAccessorController - GET : http://localhost/textmining/gene-disease-association_lumc/sparql
[API-REQUEST] 2016-05-28 17:17:17.553 [main] DataAccessorController - 
[INFO ] 2016-05-28 17:17:17.556 [main] DataAccessorController - Request to get dataset's distribution sparql
[INFO ] 2016-05-28 17:17:17.557 [main] DataAccessorController - GET : http://localhost/textmining/gene-disease-association_lumc/sparql
[API-REQUEST] 2016-05-28 17:17:17.557 [main] DataAccessorController - 
[INFO ] 2016-05-28 17:17:17.561 [main] DataAccessorController - Request to get dataset's distribution sparql
[INFO ] 2016-05-28 17:17:17.561 [main] DataAccessorController - GET : http://localhost/textmining/gene-disease-association_lumc/sparql
[API-REQUEST] 2016-05-28 17:17:17.562 [main] DataAccessorController - 
[INFO ] 2016-05-28 17:17:59.700 [main] RestApiTestContext - Inmemory triple store initialize for test
[INFO ] 2016-05-28 17:18:01.349 [main] RestApiTestContext - Inmemory triple store initialize for test
[INFO ] 2016-05-28 17:18:01.780 [main] RestApiTestContext - Inmemory triple store initialize for test
[INFO ] 2016-05-28 17:18:02.255 [main] RestApiTestContext - Inmemory triple store initialize for test
[INFO ] 2016-05-28 17:18:02.494 [main] MetadataController - Request to get DATASET metadata textmining
[INFO ] 2016-05-28 17:18:02.494 [main] MetadataController - GET : http://localhost/textmining/gene-disease-association_lumc
[API-REQUEST] 2016-05-28 17:18:02.496 [main] MetadataController - 
[INFO ] 2016-05-28 17:18:02.505 [main] MetadataController - Request to get CATALOG metadata textmining
[INFO ] 2016-05-28 17:18:02.505 [main] MetadataController - GET : http://localhost/textmining
[API-REQUEST] 2016-05-28 17:18:02.506 [main] MetadataController - 
[INFO ] 2016-05-28 17:18:02.508 [main] MetadataController - Request to get CATALOG metadata textmining
[INFO ] 2016-05-28 17:18:02.508 [main] MetadataController - GET : http://localhost/textmining
[API-REQUEST] 2016-05-28 17:18:02.509 [main] MetadataController - 
[INFO ] 2016-05-28 17:18:02.511 [main] MetadataController - Request to get DATASET metadata textmining
[INFO ] 2016-05-28 17:18:02.511 [main] MetadataController - GET : http://localhost/textmining/gene-disease-association_lumc
[API-REQUEST] 2016-05-28 17:18:02.511 [main] MetadataController - 
[INFO ] 2016-05-28 17:18:02.514 [main] MetadataController - Request to get DATASET metadata textmining
[INFO ] 2016-05-28 17:18:02.514 [main] MetadataController - GET : http://localhost/textmining/gene-disease-association_lumc
[API-REQUEST] 2016-05-28 17:18:02.515 [main] MetadataController - 
[INFO ] 2016-05-28 17:18:02.519 [main] MetadataController - Request to get DATASET metadata textmining
[INFO ] 2016-05-28 17:18:02.519 [main] MetadataController - GET : http://localhost/textmining/dumpy
[API-REQUEST] 2016-05-28 17:18:02.520 [main] MetadataController - 
[INFO ] 2016-05-28 17:18:02.522 [main] MetadataController - Request to get CATALOG metadata textmining
[INFO ] 2016-05-28 17:18:02.522 [main] MetadataController - GET : http://localhost/textmining
[API-REQUEST] 2016-05-28 17:18:02.523 [main] MetadataController - 
[INFO ] 2016-05-28 17:18:02.529 [main] MetadataController - Request to get CATALOG metadata textmining
[INFO ] 2016-05-28 17:18:02.529 [main] MetadataController - GET : http://localhost/textmining
[API-REQUEST] 2016-05-28 17:18:02.530 [main] MetadataController - 
[INFO ] 2016-05-28 17:18:02.533 [main] MetadataController - Request to get CATALOG metadata dumpy
[INFO ] 2016-05-28 17:18:02.533 [main] MetadataController - GET : http://localhost/dumpy
[API-REQUEST] 2016-05-28 17:18:02.534 [main] MetadataController - 
[INFO ] 2016-05-28 17:18:02.710 [main] RestApiTestContext - Inmemory triple store initialize for test
[INFO ] 2016-05-28 17:18:02.911 [main] DataAccessorController - Request to get dataset's distribution dummy
[INFO ] 2016-05-28 17:18:02.911 [main] DataAccessorController - GET : http://localhost/textmining/gene-disease-association_lumc/dummy
[API-REQUEST] 2016-05-28 17:18:02.912 [main] DataAccessorController - 
[INFO ] 2016-05-28 17:18:02.914 [main] DataAccessorController - Request to get dataset's distribution sparql
[INFO ] 2016-05-28 17:18:02.915 [main] DataAccessorController - GET : http://localhost/textmining/gene-disease-association_lumc/sparql
[API-REQUEST] 2016-05-28 17:18:02.915 [main] DataAccessorController - 
[INFO ] 2016-05-28 17:18:02.917 [main] DataAccessorController - Request to get dataset's distribution sparql
[INFO ] 2016-05-28 17:18:02.917 [main] DataAccessorController - GET : http://localhost/textmining/gene-disease-association_lumc/sparql
[API-REQUEST] 2016-05-28 17:18:02.918 [main] DataAccessorController - 
[INFO ] 2016-05-28 17:18:02.920 [main] DataAccessorController - Request to get dataset's distribution sparql
[INFO ] 2016-05-28 17:18:02.920 [main] DataAccessorController - GET : http://localhost/textmining/gene-disease-association_lumc/sparql
[API-REQUEST] 2016-05-28 17:18:02.920 [main] DataAccessorController - 
[INFO ] 2016-05-28 17:18:02.922 [main] DataAccessorController - Request to get dataset's distribution sparql
[INFO ] 2016-05-28 17:18:02.922 [main] DataAccessorController - GET : http://localhost/textmining/gene-disease-association_lumc/sparql
[API-REQUEST] 2016-05-28 17:18:02.923 [main] DataAccessorController - 
[INFO ] 2016-05-28 17:18:02.925 [main] DataAccessorController - Request to get dataset's distribution sparql
[INFO ] 2016-05-28 17:18:02.926 [main] DataAccessorController - GET : http://localhost/textmining/gene-disease-association_lumc/sparql
[API-REQUEST] 2016-05-28 17:18:02.927 [main] DataAccessorController - 
[INFO ] 2016-05-28 17:18:02.932 [main] DataAccessorController - Request to get dataset's distribution sparql
[INFO ] 2016-05-28 17:18:02.932 [main] DataAccessorController - GET : http://localhost/textmining/gene-disease-association_lumc/sparql
[API-REQUEST] 2016-05-28 17:18:02.933 [main] DataAccessorController - 
[INFO ] 2016-05-28 17:19:50.116 [main] RestApiTestContext - Inmemory triple store initialize for test
[INFO ] 2016-05-28 17:19:52.789 [main] RestApiTestContext - Inmemory triple store initialize for test
[INFO ] 2016-05-28 17:19:53.430 [main] RestApiTestContext - Inmemory triple store initialize for test
[INFO ] 2016-05-28 17:19:54.041 [main] RestApiTestContext - Inmemory triple store initialize for test
[INFO ] 2016-05-28 17:19:54.429 [main] MetadataController - Request to get DATASET metadata textmining
[INFO ] 2016-05-28 17:19:54.429 [main] MetadataController - GET : http://localhost/textmining/gene-disease-association_lumc
[API-REQUEST] 2016-05-28 17:19:54.431 [main] MetadataController - 
[INFO ] 2016-05-28 17:19:54.445 [main] MetadataController - Request to get CATALOG metadata textmining
[INFO ] 2016-05-28 17:19:54.446 [main] MetadataController - GET : http://localhost/textmining
[API-REQUEST] 2016-05-28 17:19:54.447 [main] MetadataController - 
[INFO ] 2016-05-28 17:19:54.450 [main] MetadataController - Request to get CATALOG metadata textmining
[INFO ] 2016-05-28 17:19:54.450 [main] MetadataController - GET : http://localhost/textmining
[API-REQUEST] 2016-05-28 17:19:54.451 [main] MetadataController - 
[INFO ] 2016-05-28 17:19:54.453 [main] MetadataController - Request to get DATASET metadata textmining
[INFO ] 2016-05-28 17:19:54.453 [main] MetadataController - GET : http://localhost/textmining/gene-disease-association_lumc
[API-REQUEST] 2016-05-28 17:19:54.454 [main] MetadataController - 
[INFO ] 2016-05-28 17:19:54.456 [main] MetadataController - Request to get DATASET metadata textmining
[INFO ] 2016-05-28 17:19:54.456 [main] MetadataController - GET : http://localhost/textmining/gene-disease-association_lumc
[API-REQUEST] 2016-05-28 17:19:54.457 [main] MetadataController - 
[INFO ] 2016-05-28 17:19:54.466 [main] MetadataController - Request to get DATASET metadata textmining
[INFO ] 2016-05-28 17:19:54.467 [main] MetadataController - GET : http://localhost/textmining/dumpy
[API-REQUEST] 2016-05-28 17:19:54.467 [main] MetadataController - 
[INFO ] 2016-05-28 17:19:54.471 [main] MetadataController - Request to get CATALOG metadata textmining
[INFO ] 2016-05-28 17:19:54.471 [main] MetadataController - GET : http://localhost/textmining
[API-REQUEST] 2016-05-28 17:19:54.473 [main] MetadataController - 
[INFO ] 2016-05-28 17:19:54.482 [main] MetadataController - Request to get CATALOG metadata textmining
[INFO ] 2016-05-28 17:19:54.482 [main] MetadataController - GET : http://localhost/textmining
[API-REQUEST] 2016-05-28 17:19:54.483 [main] MetadataController - 
[INFO ] 2016-05-28 17:19:54.486 [main] MetadataController - Request to get CATALOG metadata dumpy
[INFO ] 2016-05-28 17:19:54.486 [main] MetadataController - GET : http://localhost/dumpy
[API-REQUEST] 2016-05-28 17:19:54.486 [main] MetadataController - 
[INFO ] 2016-05-28 17:19:54.656 [main] RestApiTestContext - Inmemory triple store initialize for test
[INFO ] 2016-05-28 17:19:54.866 [main] DataAccessorController - Request to get dataset's distribution dummy
[INFO ] 2016-05-28 17:19:54.866 [main] DataAccessorController - GET : http://localhost/textmining/gene-disease-association_lumc/dummy
[API-REQUEST] 2016-05-28 17:19:54.867 [main] DataAccessorController - 
[INFO ] 2016-05-28 17:19:54.870 [main] DataAccessorController - Request to get dataset's distribution sparql
[INFO ] 2016-05-28 17:19:54.870 [main] DataAccessorController - GET : http://localhost/textmining/gene-disease-association_lumc/sparql
[API-REQUEST] 2016-05-28 17:19:54.872 [main] DataAccessorController - 
[INFO ] 2016-05-28 17:19:54.875 [main] DataAccessorController - Request to get dataset's distribution sparql
[INFO ] 2016-05-28 17:19:54.875 [main] DataAccessorController - GET : http://localhost/textmining/gene-disease-association_lumc/sparql
[API-REQUEST] 2016-05-28 17:19:54.876 [main] DataAccessorController - 
[INFO ] 2016-05-28 17:19:54.877 [main] DataAccessorController - Request to get dataset's distribution sparql
[INFO ] 2016-05-28 17:19:54.877 [main] DataAccessorController - GET : http://localhost/textmining/gene-disease-association_lumc/sparql
[API-REQUEST] 2016-05-28 17:19:54.878 [main] DataAccessorController - 
[INFO ] 2016-05-28 17:19:54.880 [main] DataAccessorController - Request to get dataset's distribution sparql
[INFO ] 2016-05-28 17:19:54.880 [main] DataAccessorController - GET : http://localhost/textmining/gene-disease-association_lumc/sparql
[API-REQUEST] 2016-05-28 17:19:54.881 [main] DataAccessorController - 
[INFO ] 2016-05-28 17:19:54.884 [main] DataAccessorController - Request to get dataset's distribution sparql
[INFO ] 2016-05-28 17:19:54.884 [main] DataAccessorController - GET : http://localhost/textmining/gene-disease-association_lumc/sparql
[API-REQUEST] 2016-05-28 17:19:54.885 [main] DataAccessorController - 
[INFO ] 2016-05-28 17:19:54.892 [main] DataAccessorController - Request to get dataset's distribution sparql
[INFO ] 2016-05-28 17:19:54.893 [main] DataAccessorController - GET : http://localhost/textmining/gene-disease-association_lumc/sparql
[API-REQUEST] 2016-05-28 17:19:54.893 [main] DataAccessorController - 
[INFO ] 2016-05-28 17:20:23.556 [main] RestApiTestContext - Inmemory triple store initialize for test
[INFO ] 2016-05-28 17:20:26.109 [main] RestApiTestContext - Inmemory triple store initialize for test
[INFO ] 2016-05-28 17:20:26.650 [main] RestApiTestContext - Inmemory triple store initialize for test
[INFO ] 2016-05-28 17:20:27.113 [main] RestApiTestContext - Inmemory triple store initialize for test
[INFO ] 2016-05-28 17:20:27.503 [main] MetadataController - Request to get DATASET metadata textmining
[INFO ] 2016-05-28 17:20:27.504 [main] MetadataController - GET : http://localhost/textmining/gene-disease-association_lumc
[API-REQUEST] 2016-05-28 17:20:27.505 [main] MetadataController - 
[INFO ] 2016-05-28 17:20:27.515 [main] MetadataController - Request to get CATALOG metadata textmining
[INFO ] 2016-05-28 17:20:27.515 [main] MetadataController - GET : http://localhost/textmining
[API-REQUEST] 2016-05-28 17:20:27.516 [main] MetadataController - 
[INFO ] 2016-05-28 17:20:27.517 [main] MetadataController - Request to get CATALOG metadata textmining
[INFO ] 2016-05-28 17:20:27.517 [main] MetadataController - GET : http://localhost/textmining
[API-REQUEST] 2016-05-28 17:20:27.518 [main] MetadataController - 
[INFO ] 2016-05-28 17:20:27.520 [main] MetadataController - Request to get DATASET metadata textmining
[INFO ] 2016-05-28 17:20:27.521 [main] MetadataController - GET : http://localhost/textmining/gene-disease-association_lumc
[API-REQUEST] 2016-05-28 17:20:27.521 [main] MetadataController - 
[INFO ] 2016-05-28 17:20:27.524 [main] MetadataController - Request to get DATASET metadata textmining
[INFO ] 2016-05-28 17:20:27.524 [main] MetadataController - GET : http://localhost/textmining/gene-disease-association_lumc
[API-REQUEST] 2016-05-28 17:20:27.524 [main] MetadataController - 
[INFO ] 2016-05-28 17:20:27.528 [main] MetadataController - Request to get DATASET metadata textmining
[INFO ] 2016-05-28 17:20:27.529 [main] MetadataController - GET : http://localhost/textmining/dumpy
[API-REQUEST] 2016-05-28 17:20:27.529 [main] MetadataController - 
[INFO ] 2016-05-28 17:20:27.533 [main] MetadataController - Request to get CATALOG metadata textmining
[INFO ] 2016-05-28 17:20:27.534 [main] MetadataController - GET : http://localhost/textmining
[API-REQUEST] 2016-05-28 17:20:27.534 [main] MetadataController - 
[INFO ] 2016-05-28 17:20:27.543 [main] MetadataController - Request to get CATALOG metadata textmining
[INFO ] 2016-05-28 17:20:27.543 [main] MetadataController - GET : http://localhost/textmining
[API-REQUEST] 2016-05-28 17:20:27.544 [main] MetadataController - 
[INFO ] 2016-05-28 17:20:27.547 [main] MetadataController - Request to get CATALOG metadata dumpy
[INFO ] 2016-05-28 17:20:27.547 [main] MetadataController - GET : http://localhost/dumpy
[API-REQUEST] 2016-05-28 17:20:27.547 [main] MetadataController - 
[INFO ] 2016-05-28 17:20:27.728 [main] RestApiTestContext - Inmemory triple store initialize for test
[INFO ] 2016-05-28 17:20:27.906 [main] DataAccessorController - Request to get dataset's distribution dummy
[INFO ] 2016-05-28 17:20:27.906 [main] DataAccessorController - GET : http://localhost/textmining/gene-disease-association_lumc/dummy
[API-REQUEST] 2016-05-28 17:20:27.907 [main] DataAccessorController - 
[INFO ] 2016-05-28 17:20:27.911 [main] DataAccessorController - Request to get dataset's distribution sparql
[INFO ] 2016-05-28 17:20:27.911 [main] DataAccessorController - GET : http://localhost/textmining/gene-disease-association_lumc/sparql
[API-REQUEST] 2016-05-28 17:20:27.912 [main] DataAccessorController - 
[INFO ] 2016-05-28 17:20:27.913 [main] DataAccessorController - Request to get dataset's distribution sparql
[INFO ] 2016-05-28 17:20:27.914 [main] DataAccessorController - GET : http://localhost/textmining/gene-disease-association_lumc/sparql
[API-REQUEST] 2016-05-28 17:20:27.914 [main] DataAccessorController - 
[INFO ] 2016-05-28 17:20:27.916 [main] DataAccessorController - Request to get dataset's distribution sparql
[INFO ] 2016-05-28 17:20:27.916 [main] DataAccessorController - GET : http://localhost/textmining/gene-disease-association_lumc/sparql
[API-REQUEST] 2016-05-28 17:20:27.917 [main] DataAccessorController - 
[INFO ] 2016-05-28 17:20:27.920 [main] DataAccessorController - Request to get dataset's distribution sparql
[INFO ] 2016-05-28 17:20:27.920 [main] DataAccessorController - GET : http://localhost/textmining/gene-disease-association_lumc/sparql
[API-REQUEST] 2016-05-28 17:20:27.921 [main] DataAccessorController - 
[INFO ] 2016-05-28 17:20:27.925 [main] DataAccessorController - Request to get dataset's distribution sparql
[INFO ] 2016-05-28 17:20:27.925 [main] DataAccessorController - GET : http://localhost/textmining/gene-disease-association_lumc/sparql
[API-REQUEST] 2016-05-28 17:20:27.926 [main] DataAccessorController - 
[INFO ] 2016-05-28 17:20:27.932 [main] DataAccessorController - Request to get dataset's distribution sparql
[INFO ] 2016-05-28 17:20:27.932 [main] DataAccessorController - GET : http://localhost/textmining/gene-disease-association_lumc/sparql
[API-REQUEST] 2016-05-28 17:20:27.933 [main] DataAccessorController - 
[INFO ] 2016-05-28 17:22:33.943 [main] RestApiTestContext - Inmemory triple store initialize for test
[INFO ] 2016-05-28 17:22:35.698 [main] RestApiTestContext - Inmemory triple store initialize for test
[INFO ] 2016-05-28 17:22:36.136 [main] RestApiTestContext - Inmemory triple store initialize for test
[INFO ] 2016-05-28 17:22:36.556 [main] RestApiTestContext - Inmemory triple store initialize for test
[INFO ] 2016-05-28 17:22:36.766 [main] MetadataController - Request to get DATASET metadata textmining
[INFO ] 2016-05-28 17:22:36.767 [main] MetadataController - GET : http://localhost/textmining/gene-disease-association_lumc
[API-REQUEST] 2016-05-28 17:22:36.770 [main] MetadataController - 
[INFO ] 2016-05-28 17:22:36.782 [main] MetadataController - Request to get CATALOG metadata textmining
[INFO ] 2016-05-28 17:22:36.783 [main] MetadataController - GET : http://localhost/textmining
[API-REQUEST] 2016-05-28 17:22:36.783 [main] MetadataController - 
[INFO ] 2016-05-28 17:22:36.785 [main] MetadataController - Request to get CATALOG metadata textmining
[INFO ] 2016-05-28 17:22:36.785 [main] MetadataController - GET : http://localhost/textmining
[API-REQUEST] 2016-05-28 17:22:36.786 [main] MetadataController - 
[INFO ] 2016-05-28 17:22:36.788 [main] MetadataController - Request to get DATASET metadata textmining
[INFO ] 2016-05-28 17:22:36.788 [main] MetadataController - GET : http://localhost/textmining/gene-disease-association_lumc
[API-REQUEST] 2016-05-28 17:22:36.789 [main] MetadataController - 
[INFO ] 2016-05-28 17:22:36.791 [main] MetadataController - Request to get DATASET metadata textmining
[INFO ] 2016-05-28 17:22:36.791 [main] MetadataController - GET : http://localhost/textmining/gene-disease-association_lumc
[API-REQUEST] 2016-05-28 17:22:36.792 [main] MetadataController - 
[INFO ] 2016-05-28 17:22:36.796 [main] MetadataController - Request to get DATASET metadata textmining
[INFO ] 2016-05-28 17:22:36.796 [main] MetadataController - GET : http://localhost/textmining/dumpy
[API-REQUEST] 2016-05-28 17:22:36.797 [main] MetadataController - 
[INFO ] 2016-05-28 17:22:36.802 [main] MetadataController - Request to get CATALOG metadata textmining
[INFO ] 2016-05-28 17:22:36.802 [main] MetadataController - GET : http://localhost/textmining
[API-REQUEST] 2016-05-28 17:22:36.803 [main] MetadataController - 
[INFO ] 2016-05-28 17:22:36.815 [main] MetadataController - Request to get CATALOG metadata textmining
[INFO ] 2016-05-28 17:22:36.815 [main] MetadataController - GET : http://localhost/textmining
[API-REQUEST] 2016-05-28 17:22:36.816 [main] MetadataController - 
[INFO ] 2016-05-28 17:22:36.819 [main] MetadataController - Request to get CATALOG metadata dumpy
[INFO ] 2016-05-28 17:22:36.819 [main] MetadataController - GET : http://localhost/dumpy
[API-REQUEST] 2016-05-28 17:22:36.820 [main] MetadataController - 
[INFO ] 2016-05-28 17:22:36.973 [main] RestApiTestContext - Inmemory triple store initialize for test
[INFO ] 2016-05-28 17:22:37.220 [main] DataAccessorController - Request to get dataset's distribution dummy
[INFO ] 2016-05-28 17:22:37.220 [main] DataAccessorController - GET : http://localhost/textmining/gene-disease-association_lumc/dummy
[API-REQUEST] 2016-05-28 17:22:37.221 [main] DataAccessorController - 
[INFO ] 2016-05-28 17:22:37.224 [main] DataAccessorController - Request to get dataset's distribution sparql
[INFO ] 2016-05-28 17:22:37.224 [main] DataAccessorController - GET : http://localhost/textmining/gene-disease-association_lumc/sparql
[API-REQUEST] 2016-05-28 17:22:37.225 [main] DataAccessorController - 
[INFO ] 2016-05-28 17:22:37.227 [main] DataAccessorController - Request to get dataset's distribution sparql
[INFO ] 2016-05-28 17:22:37.227 [main] DataAccessorController - GET : http://localhost/textmining/gene-disease-association_lumc/sparql
[API-REQUEST] 2016-05-28 17:22:37.228 [main] DataAccessorController - 
[INFO ] 2016-05-28 17:22:37.230 [main] DataAccessorController - Request to get dataset's distribution sparql
[INFO ] 2016-05-28 17:22:37.230 [main] DataAccessorController - GET : http://localhost/textmining/gene-disease-association_lumc/sparql
[API-REQUEST] 2016-05-28 17:22:37.231 [main] DataAccessorController - 
[INFO ] 2016-05-28 17:22:37.235 [main] DataAccessorController - Request to get dataset's distribution sparql
[INFO ] 2016-05-28 17:22:37.235 [main] DataAccessorController - GET : http://localhost/textmining/gene-disease-association_lumc/sparql
[API-REQUEST] 2016-05-28 17:22:37.236 [main] DataAccessorController - 
[INFO ] 2016-05-28 17:22:37.239 [main] DataAccessorController - Request to get dataset's distribution sparql
[INFO ] 2016-05-28 17:22:37.239 [main] DataAccessorController - GET : http://localhost/textmining/gene-disease-association_lumc/sparql
[API-REQUEST] 2016-05-28 17:22:37.240 [main] DataAccessorController - 
[INFO ] 2016-05-28 17:22:37.246 [main] DataAccessorController - Request to get dataset's distribution sparql
[INFO ] 2016-05-28 17:22:37.246 [main] DataAccessorController - GET : http://localhost/textmining/gene-disease-association_lumc/sparql
[API-REQUEST] 2016-05-28 17:22:37.247 [main] DataAccessorController - 
[INFO ] 2016-05-28 17:29:24.302 [main] RestApiTestContext - Inmemory triple store initialize for test
[INFO ] 2016-05-28 17:29:26.016 [main] RestApiTestContext - Inmemory triple store initialize for test
[INFO ] 2016-05-28 17:29:26.393 [main] RestApiTestContext - Inmemory triple store initialize for test
[INFO ] 2016-05-28 17:29:26.840 [main] RestApiTestContext - Inmemory triple store initialize for test
[INFO ] 2016-05-28 17:29:27.036 [main] MetadataController - Request to get DATASET metadata textmining
[INFO ] 2016-05-28 17:29:27.036 [main] MetadataController - GET : http://localhost/textmining/gene-disease-association_lumc
[API-REQUEST] 2016-05-28 17:29:27.039 [main] MetadataController - 
[INFO ] 2016-05-28 17:29:27.051 [main] MetadataController - Request to get CATALOG metadata textmining
[INFO ] 2016-05-28 17:29:27.051 [main] MetadataController - GET : http://localhost/textmining
[API-REQUEST] 2016-05-28 17:29:27.052 [main] MetadataController - 
[INFO ] 2016-05-28 17:29:27.055 [main] MetadataController - Request to get CATALOG metadata textmining
[INFO ] 2016-05-28 17:29:27.055 [main] MetadataController - GET : http://localhost/textmining
[API-REQUEST] 2016-05-28 17:29:27.055 [main] MetadataController - 
[INFO ] 2016-05-28 17:29:27.058 [main] MetadataController - Request to get DATASET metadata textmining
[INFO ] 2016-05-28 17:29:27.058 [main] MetadataController - GET : http://localhost/textmining/gene-disease-association_lumc
[API-REQUEST] 2016-05-28 17:29:27.059 [main] MetadataController - 
[INFO ] 2016-05-28 17:29:27.061 [main] MetadataController - Request to get DATASET metadata textmining
[INFO ] 2016-05-28 17:29:27.061 [main] MetadataController - GET : http://localhost/textmining/gene-disease-association_lumc
[API-REQUEST] 2016-05-28 17:29:27.062 [main] MetadataController - 
[INFO ] 2016-05-28 17:29:27.067 [main] MetadataController - Request to get DATASET metadata textmining
[INFO ] 2016-05-28 17:29:27.067 [main] MetadataController - GET : http://localhost/textmining/dumpy
[API-REQUEST] 2016-05-28 17:29:27.068 [main] MetadataController - 
[INFO ] 2016-05-28 17:29:27.071 [main] MetadataController - Request to get CATALOG metadata textmining
[INFO ] 2016-05-28 17:29:27.071 [main] MetadataController - GET : http://localhost/textmining
[API-REQUEST] 2016-05-28 17:29:27.072 [main] MetadataController - 
[INFO ] 2016-05-28 17:29:27.080 [main] MetadataController - Request to get CATALOG metadata textmining
[INFO ] 2016-05-28 17:29:27.080 [main] MetadataController - GET : http://localhost/textmining
[API-REQUEST] 2016-05-28 17:29:27.081 [main] MetadataController - 
[INFO ] 2016-05-28 17:29:27.085 [main] MetadataController - Request to get CATALOG metadata dumpy
[INFO ] 2016-05-28 17:29:27.086 [main] MetadataController - GET : http://localhost/dumpy
[API-REQUEST] 2016-05-28 17:29:27.086 [main] MetadataController - 
[INFO ] 2016-05-28 17:29:27.275 [main] RestApiTestContext - Inmemory triple store initialize for test
[INFO ] 2016-05-28 17:29:27.466 [main] DataAccessorController - Request to get dataset's distribution dummy
[INFO ] 2016-05-28 17:29:27.466 [main] DataAccessorController - GET : http://localhost/textmining/gene-disease-association_lumc/dummy
[API-REQUEST] 2016-05-28 17:29:27.467 [main] DataAccessorController - 
[INFO ] 2016-05-28 17:29:27.470 [main] DataAccessorController - Request to get dataset's distribution sparql
[INFO ] 2016-05-28 17:29:27.471 [main] DataAccessorController - GET : http://localhost/textmining/gene-disease-association_lumc/sparql
[API-REQUEST] 2016-05-28 17:29:27.471 [main] DataAccessorController - 
[INFO ] 2016-05-28 17:29:27.473 [main] DataAccessorController - Request to get dataset's distribution sparql
[INFO ] 2016-05-28 17:29:27.473 [main] DataAccessorController - GET : http://localhost/textmining/gene-disease-association_lumc/sparql
[API-REQUEST] 2016-05-28 17:29:27.474 [main] DataAccessorController - 
[INFO ] 2016-05-28 17:29:27.475 [main] DataAccessorController - Request to get dataset's distribution sparql
[INFO ] 2016-05-28 17:29:27.475 [main] DataAccessorController - GET : http://localhost/textmining/gene-disease-association_lumc/sparql
[API-REQUEST] 2016-05-28 17:29:27.476 [main] DataAccessorController - 
[INFO ] 2016-05-28 17:29:27.478 [main] DataAccessorController - Request to get dataset's distribution sparql
[INFO ] 2016-05-28 17:29:27.478 [main] DataAccessorController - GET : http://localhost/textmining/gene-disease-association_lumc/sparql
[API-REQUEST] 2016-05-28 17:29:27.479 [main] DataAccessorController - 
[INFO ] 2016-05-28 17:29:27.482 [main] DataAccessorController - Request to get dataset's distribution sparql
[INFO ] 2016-05-28 17:29:27.482 [main] DataAccessorController - GET : http://localhost/textmining/gene-disease-association_lumc/sparql
[API-REQUEST] 2016-05-28 17:29:27.483 [main] DataAccessorController - 
[INFO ] 2016-05-28 17:29:27.489 [main] DataAccessorController - Request to get dataset's distribution sparql
[INFO ] 2016-05-28 17:29:27.489 [main] DataAccessorController - GET : http://localhost/textmining/gene-disease-association_lumc/sparql
[API-REQUEST] 2016-05-28 17:29:27.489 [main] DataAccessorController - 
[INFO ] 2016-05-28 17:29:38.714 [main] RestApiTestContext - Inmemory triple store initialize for test
[INFO ] 2016-05-28 17:29:40.345 [main] RestApiTestContext - Inmemory triple store initialize for test
[INFO ] 2016-05-28 17:29:40.770 [main] RestApiTestContext - Inmemory triple store initialize for test
[INFO ] 2016-05-28 17:29:41.178 [main] RestApiTestContext - Inmemory triple store initialize for test
[INFO ] 2016-05-28 17:29:41.443 [main] MetadataController - Request to get DATASET metadata textmining
[INFO ] 2016-05-28 17:29:41.443 [main] MetadataController - GET : http://localhost/textmining/gene-disease-association_lumc
[API-REQUEST] 2016-05-28 17:29:41.445 [main] MetadataController - 
[INFO ] 2016-05-28 17:29:41.454 [main] MetadataController - Request to get CATALOG metadata textmining
[INFO ] 2016-05-28 17:29:41.454 [main] MetadataController - GET : http://localhost/textmining
[API-REQUEST] 2016-05-28 17:29:41.455 [main] MetadataController - 
[INFO ] 2016-05-28 17:29:41.457 [main] MetadataController - Request to get CATALOG metadata textmining
[INFO ] 2016-05-28 17:29:41.457 [main] MetadataController - GET : http://localhost/textmining
[API-REQUEST] 2016-05-28 17:29:41.458 [main] MetadataController - 
[INFO ] 2016-05-28 17:29:41.460 [main] MetadataController - Request to get DATASET metadata textmining
[INFO ] 2016-05-28 17:29:41.460 [main] MetadataController - GET : http://localhost/textmining/gene-disease-association_lumc
[API-REQUEST] 2016-05-28 17:29:41.461 [main] MetadataController - 
[INFO ] 2016-05-28 17:29:41.462 [main] MetadataController - Request to get DATASET metadata textmining
[INFO ] 2016-05-28 17:29:41.462 [main] MetadataController - GET : http://localhost/textmining/gene-disease-association_lumc
[API-REQUEST] 2016-05-28 17:29:41.463 [main] MetadataController - 
[INFO ] 2016-05-28 17:29:41.465 [main] MetadataController - Request to get DATASET metadata textmining
[INFO ] 2016-05-28 17:29:41.465 [main] MetadataController - GET : http://localhost/textmining/dumpy
[API-REQUEST] 2016-05-28 17:29:41.465 [main] MetadataController - 
[INFO ] 2016-05-28 17:29:41.469 [main] MetadataController - Request to get CATALOG metadata textmining
[INFO ] 2016-05-28 17:29:41.469 [main] MetadataController - GET : http://localhost/textmining
[API-REQUEST] 2016-05-28 17:29:41.469 [main] MetadataController - 
[INFO ] 2016-05-28 17:29:41.477 [main] MetadataController - Request to get CATALOG metadata textmining
[INFO ] 2016-05-28 17:29:41.477 [main] MetadataController - GET : http://localhost/textmining
[API-REQUEST] 2016-05-28 17:29:41.477 [main] MetadataController - 
[INFO ] 2016-05-28 17:29:41.480 [main] MetadataController - Request to get CATALOG metadata dumpy
[INFO ] 2016-05-28 17:29:41.480 [main] MetadataController - GET : http://localhost/dumpy
[API-REQUEST] 2016-05-28 17:29:41.480 [main] MetadataController - 
[INFO ] 2016-05-28 17:29:41.636 [main] RestApiTestContext - Inmemory triple store initialize for test
[INFO ] 2016-05-28 17:29:41.818 [main] DataAccessorController - Request to get dataset's distribution dummy
[INFO ] 2016-05-28 17:29:41.818 [main] DataAccessorController - GET : http://localhost/textmining/gene-disease-association_lumc/dummy
[API-REQUEST] 2016-05-28 17:29:41.819 [main] DataAccessorController - 
[INFO ] 2016-05-28 17:29:41.822 [main] DataAccessorController - Request to get dataset's distribution sparql
[INFO ] 2016-05-28 17:29:41.822 [main] DataAccessorController - GET : http://localhost/textmining/gene-disease-association_lumc/sparql
[API-REQUEST] 2016-05-28 17:29:41.823 [main] DataAccessorController - 
[INFO ] 2016-05-28 17:29:41.825 [main] DataAccessorController - Request to get dataset's distribution sparql
[INFO ] 2016-05-28 17:29:41.825 [main] DataAccessorController - GET : http://localhost/textmining/gene-disease-association_lumc/sparql
[API-REQUEST] 2016-05-28 17:29:41.825 [main] DataAccessorController - 
[INFO ] 2016-05-28 17:29:41.827 [main] DataAccessorController - Request to get dataset's distribution sparql
[INFO ] 2016-05-28 17:29:41.827 [main] DataAccessorController - GET : http://localhost/textmining/gene-disease-association_lumc/sparql
[API-REQUEST] 2016-05-28 17:29:41.828 [main] DataAccessorController - 
[INFO ] 2016-05-28 17:29:41.829 [main] DataAccessorController - Request to get dataset's distribution sparql
[INFO ] 2016-05-28 17:29:41.830 [main] DataAccessorController - GET : http://localhost/textmining/gene-disease-association_lumc/sparql
[API-REQUEST] 2016-05-28 17:29:41.830 [main] DataAccessorController - 
[INFO ] 2016-05-28 17:29:41.832 [main] DataAccessorController - Request to get dataset's distribution sparql
[INFO ] 2016-05-28 17:29:41.833 [main] DataAccessorController - GET : http://localhost/textmining/gene-disease-association_lumc/sparql
[API-REQUEST] 2016-05-28 17:29:41.833 [main] DataAccessorController - 
[INFO ] 2016-05-28 17:29:41.838 [main] DataAccessorController - Request to get dataset's distribution sparql
[INFO ] 2016-05-28 17:29:41.838 [main] DataAccessorController - GET : http://localhost/textmining/gene-disease-association_lumc/sparql
[API-REQUEST] 2016-05-28 17:29:41.838 [main] DataAccessorController - 
[INFO ] 2016-05-28 17:30:46.573 [main] RestApiTestContext - Inmemory triple store initialize for test
[INFO ] 2016-05-28 17:30:48.215 [main] RestApiTestContext - Inmemory triple store initialize for test
[INFO ] 2016-05-28 17:30:48.585 [main] RestApiTestContext - Inmemory triple store initialize for test
[INFO ] 2016-05-28 17:30:48.965 [main] RestApiTestContext - Inmemory triple store initialize for test
[INFO ] 2016-05-28 17:30:49.224 [main] MetadataController - Request to get DATASET metadata textmining
[INFO ] 2016-05-28 17:30:49.225 [main] MetadataController - GET : http://localhost/textmining/gene-disease-association_lumc
[API-REQUEST] 2016-05-28 17:30:49.227 [main] MetadataController - 
[INFO ] 2016-05-28 17:30:49.238 [main] MetadataController - Request to get CATALOG metadata textmining
[INFO ] 2016-05-28 17:30:49.238 [main] MetadataController - GET : http://localhost/textmining
[API-REQUEST] 2016-05-28 17:30:49.239 [main] MetadataController - 
[INFO ] 2016-05-28 17:30:49.242 [main] MetadataController - Request to get CATALOG metadata textmining
[INFO ] 2016-05-28 17:30:49.242 [main] MetadataController - GET : http://localhost/textmining
[API-REQUEST] 2016-05-28 17:30:49.243 [main] MetadataController - 
[INFO ] 2016-05-28 17:30:49.245 [main] MetadataController - Request to get DATASET metadata textmining
[INFO ] 2016-05-28 17:30:49.245 [main] MetadataController - GET : http://localhost/textmining/gene-disease-association_lumc
[API-REQUEST] 2016-05-28 17:30:49.246 [main] MetadataController - 
[INFO ] 2016-05-28 17:30:49.248 [main] MetadataController - Request to get DATASET metadata textmining
[INFO ] 2016-05-28 17:30:49.248 [main] MetadataController - GET : http://localhost/textmining/gene-disease-association_lumc
[API-REQUEST] 2016-05-28 17:30:49.249 [main] MetadataController - 
[INFO ] 2016-05-28 17:30:49.252 [main] MetadataController - Request to get DATASET metadata textmining
[INFO ] 2016-05-28 17:30:49.252 [main] MetadataController - GET : http://localhost/textmining/dumpy
[API-REQUEST] 2016-05-28 17:30:49.252 [main] MetadataController - 
[INFO ] 2016-05-28 17:30:49.256 [main] MetadataController - Request to get CATALOG metadata textmining
[INFO ] 2016-05-28 17:30:49.256 [main] MetadataController - GET : http://localhost/textmining
[API-REQUEST] 2016-05-28 17:30:49.257 [main] MetadataController - 
[INFO ] 2016-05-28 17:30:49.265 [main] MetadataController - Request to get CATALOG metadata textmining
[INFO ] 2016-05-28 17:30:49.265 [main] MetadataController - GET : http://localhost/textmining
[API-REQUEST] 2016-05-28 17:30:49.267 [main] MetadataController - 
[INFO ] 2016-05-28 17:30:49.271 [main] MetadataController - Request to get CATALOG metadata dumpy
[INFO ] 2016-05-28 17:30:49.271 [main] MetadataController - GET : http://localhost/dumpy
[API-REQUEST] 2016-05-28 17:30:49.272 [main] MetadataController - 
[INFO ] 2016-05-28 17:30:49.439 [main] RestApiTestContext - Inmemory triple store initialize for test
[INFO ] 2016-05-28 17:30:49.601 [main] DataAccessorController - Request to get dataset's distribution dummy
[INFO ] 2016-05-28 17:30:49.602 [main] DataAccessorController - GET : http://localhost/textmining/gene-disease-association_lumc/dummy
[API-REQUEST] 2016-05-28 17:30:49.602 [main] DataAccessorController - 
[INFO ] 2016-05-28 17:30:49.604 [main] DataAccessorController - Request to get dataset's distribution sparql
[INFO ] 2016-05-28 17:30:49.604 [main] DataAccessorController - GET : http://localhost/textmining/gene-disease-association_lumc/sparql
[API-REQUEST] 2016-05-28 17:30:49.605 [main] DataAccessorController - 
[INFO ] 2016-05-28 17:30:49.606 [main] DataAccessorController - Request to get dataset's distribution sparql
[INFO ] 2016-05-28 17:30:49.607 [main] DataAccessorController - GET : http://localhost/textmining/gene-disease-association_lumc/sparql
[API-REQUEST] 2016-05-28 17:30:49.607 [main] DataAccessorController - 
[INFO ] 2016-05-28 17:30:49.608 [main] DataAccessorController - Request to get dataset's distribution sparql
[INFO ] 2016-05-28 17:30:49.609 [main] DataAccessorController - GET : http://localhost/textmining/gene-disease-association_lumc/sparql
[API-REQUEST] 2016-05-28 17:30:49.609 [main] DataAccessorController - 
[INFO ] 2016-05-28 17:30:49.610 [main] DataAccessorController - Request to get dataset's distribution sparql
[INFO ] 2016-05-28 17:30:49.610 [main] DataAccessorController - GET : http://localhost/textmining/gene-disease-association_lumc/sparql
[API-REQUEST] 2016-05-28 17:30:49.610 [main] DataAccessorController - 
[INFO ] 2016-05-28 17:30:49.612 [main] DataAccessorController - Request to get dataset's distribution sparql
[INFO ] 2016-05-28 17:30:49.612 [main] DataAccessorController - GET : http://localhost/textmining/gene-disease-association_lumc/sparql
[API-REQUEST] 2016-05-28 17:30:49.613 [main] DataAccessorController - 
[INFO ] 2016-05-28 17:30:49.617 [main] DataAccessorController - Request to get dataset's distribution sparql
[INFO ] 2016-05-28 17:30:49.617 [main] DataAccessorController - GET : http://localhost/textmining/gene-disease-association_lumc/sparql
[API-REQUEST] 2016-05-28 17:30:49.618 [main] DataAccessorController - 
[INFO ] 2016-05-28 17:30:58.319 [main] RestApiTestContext - Inmemory triple store initialize for test
[INFO ] 2016-05-28 17:31:00.425 [main] RestApiTestContext - Inmemory triple store initialize for test
[INFO ] 2016-05-28 17:31:00.865 [main] RestApiTestContext - Inmemory triple store initialize for test
[INFO ] 2016-05-28 17:31:01.285 [main] RestApiTestContext - Inmemory triple store initialize for test
[INFO ] 2016-05-28 17:31:01.499 [main] MetadataController - Request to get DATASET metadata textmining
[INFO ] 2016-05-28 17:31:01.500 [main] MetadataController - GET : http://localhost/textmining/gene-disease-association_lumc
[API-REQUEST] 2016-05-28 17:31:01.501 [main] MetadataController - 
[INFO ] 2016-05-28 17:31:01.510 [main] MetadataController - Request to get CATALOG metadata textmining
[INFO ] 2016-05-28 17:31:01.510 [main] MetadataController - GET : http://localhost/textmining
[API-REQUEST] 2016-05-28 17:31:01.511 [main] MetadataController - 
[INFO ] 2016-05-28 17:31:01.512 [main] MetadataController - Request to get CATALOG metadata textmining
[INFO ] 2016-05-28 17:31:01.513 [main] MetadataController - GET : http://localhost/textmining
[API-REQUEST] 2016-05-28 17:31:01.513 [main] MetadataController - 
[INFO ] 2016-05-28 17:31:01.515 [main] MetadataController - Request to get DATASET metadata textmining
[INFO ] 2016-05-28 17:31:01.515 [main] MetadataController - GET : http://localhost/textmining/gene-disease-association_lumc
[API-REQUEST] 2016-05-28 17:31:01.516 [main] MetadataController - 
[INFO ] 2016-05-28 17:31:01.518 [main] MetadataController - Request to get DATASET metadata textmining
[INFO ] 2016-05-28 17:31:01.518 [main] MetadataController - GET : http://localhost/textmining/gene-disease-association_lumc
[API-REQUEST] 2016-05-28 17:31:01.519 [main] MetadataController - 
[INFO ] 2016-05-28 17:31:01.523 [main] MetadataController - Request to get DATASET metadata textmining
[INFO ] 2016-05-28 17:31:01.523 [main] MetadataController - GET : http://localhost/textmining/dumpy
[API-REQUEST] 2016-05-28 17:31:01.523 [main] MetadataController - 
[INFO ] 2016-05-28 17:31:01.525 [main] MetadataController - Request to get CATALOG metadata textmining
[INFO ] 2016-05-28 17:31:01.526 [main] MetadataController - GET : http://localhost/textmining
[API-REQUEST] 2016-05-28 17:31:01.526 [main] MetadataController - 
[INFO ] 2016-05-28 17:31:01.532 [main] MetadataController - Request to get CATALOG metadata textmining
[INFO ] 2016-05-28 17:31:01.532 [main] MetadataController - GET : http://localhost/textmining
[API-REQUEST] 2016-05-28 17:31:01.533 [main] MetadataController - 
[INFO ] 2016-05-28 17:31:01.535 [main] MetadataController - Request to get CATALOG metadata dumpy
[INFO ] 2016-05-28 17:31:01.536 [main] MetadataController - GET : http://localhost/dumpy
[API-REQUEST] 2016-05-28 17:31:01.536 [main] MetadataController - 
[INFO ] 2016-05-28 17:31:01.685 [main] RestApiTestContext - Inmemory triple store initialize for test
[INFO ] 2016-05-28 17:31:01.862 [main] DataAccessorController - Request to get dataset's distribution dummy
[INFO ] 2016-05-28 17:31:01.862 [main] DataAccessorController - GET : http://localhost/textmining/gene-disease-association_lumc/dummy
[API-REQUEST] 2016-05-28 17:31:01.862 [main] DataAccessorController - 
[INFO ] 2016-05-28 17:31:01.865 [main] DataAccessorController - Request to get dataset's distribution sparql
[INFO ] 2016-05-28 17:31:01.866 [main] DataAccessorController - GET : http://localhost/textmining/gene-disease-association_lumc/sparql
[API-REQUEST] 2016-05-28 17:31:01.866 [main] DataAccessorController - 
[INFO ] 2016-05-28 17:31:01.869 [main] DataAccessorController - Request to get dataset's distribution sparql
[INFO ] 2016-05-28 17:31:01.869 [main] DataAccessorController - GET : http://localhost/textmining/gene-disease-association_lumc/sparql
[API-REQUEST] 2016-05-28 17:31:01.870 [main] DataAccessorController - 
[INFO ] 2016-05-28 17:31:01.872 [main] DataAccessorController - Request to get dataset's distribution sparql
[INFO ] 2016-05-28 17:31:01.872 [main] DataAccessorController - GET : http://localhost/textmining/gene-disease-association_lumc/sparql
[API-REQUEST] 2016-05-28 17:31:01.873 [main] DataAccessorController - 
[INFO ] 2016-05-28 17:31:01.875 [main] DataAccessorController - Request to get dataset's distribution sparql
[INFO ] 2016-05-28 17:31:01.875 [main] DataAccessorController - GET : http://localhost/textmining/gene-disease-association_lumc/sparql
[API-REQUEST] 2016-05-28 17:31:01.876 [main] DataAccessorController - 
[INFO ] 2016-05-28 17:31:01.879 [main] DataAccessorController - Request to get dataset's distribution sparql
[INFO ] 2016-05-28 17:31:01.879 [main] DataAccessorController - GET : http://localhost/textmining/gene-disease-association_lumc/sparql
[API-REQUEST] 2016-05-28 17:31:01.880 [main] DataAccessorController - 
[INFO ] 2016-05-28 17:31:01.885 [main] DataAccessorController - Request to get dataset's distribution sparql
[INFO ] 2016-05-28 17:31:01.885 [main] DataAccessorController - GET : http://localhost/textmining/gene-disease-association_lumc/sparql
[API-REQUEST] 2016-05-28 17:31:01.886 [main] DataAccessorController - 
[INFO ] 2016-05-28 17:39:35.165 [main] RestApiTestContext - Inmemory triple store initialize for test
[INFO ] 2016-05-28 17:39:36.785 [main] RestApiTestContext - Inmemory triple store initialize for test
[INFO ] 2016-05-28 17:39:37.194 [main] RestApiTestContext - Inmemory triple store initialize for test
[INFO ] 2016-05-28 17:39:37.625 [main] RestApiTestContext - Inmemory triple store initialize for test
[INFO ] 2016-05-28 17:39:37.871 [main] MetadataController - Request to get DATASET metadata textmining
[INFO ] 2016-05-28 17:39:37.871 [main] MetadataController - GET : http://localhost/textmining/gene-disease-association_lumc
[API-REQUEST] 2016-05-28 17:39:37.873 [main] MetadataController - 
[INFO ] 2016-05-28 17:39:37.885 [main] MetadataController - Request to get CATALOG metadata textmining
[INFO ] 2016-05-28 17:39:37.885 [main] MetadataController - GET : http://localhost/textmining
[API-REQUEST] 2016-05-28 17:39:37.886 [main] MetadataController - 
[INFO ] 2016-05-28 17:39:37.888 [main] MetadataController - Request to get CATALOG metadata textmining
[INFO ] 2016-05-28 17:39:37.888 [main] MetadataController - GET : http://localhost/textmining
[API-REQUEST] 2016-05-28 17:39:37.888 [main] MetadataController - 
[INFO ] 2016-05-28 17:39:37.890 [main] MetadataController - Request to get DATASET metadata textmining
[INFO ] 2016-05-28 17:39:37.891 [main] MetadataController - GET : http://localhost/textmining/gene-disease-association_lumc
[API-REQUEST] 2016-05-28 17:39:37.892 [main] MetadataController - 
[INFO ] 2016-05-28 17:39:37.893 [main] MetadataController - Request to get DATASET metadata textmining
[INFO ] 2016-05-28 17:39:37.894 [main] MetadataController - GET : http://localhost/textmining/gene-disease-association_lumc
[API-REQUEST] 2016-05-28 17:39:37.894 [main] MetadataController - 
[INFO ] 2016-05-28 17:39:37.898 [main] MetadataController - Request to get DATASET metadata textmining
[INFO ] 2016-05-28 17:39:37.898 [main] MetadataController - GET : http://localhost/textmining/dumpy
[API-REQUEST] 2016-05-28 17:39:37.899 [main] MetadataController - 
[INFO ] 2016-05-28 17:39:37.901 [main] MetadataController - Request to get CATALOG metadata textmining
[INFO ] 2016-05-28 17:39:37.901 [main] MetadataController - GET : http://localhost/textmining
[API-REQUEST] 2016-05-28 17:39:37.902 [main] MetadataController - 
[INFO ] 2016-05-28 17:39:37.908 [main] MetadataController - Request to get CATALOG metadata textmining
[INFO ] 2016-05-28 17:39:37.908 [main] MetadataController - GET : http://localhost/textmining
[API-REQUEST] 2016-05-28 17:39:37.909 [main] MetadataController - 
[INFO ] 2016-05-28 17:39:37.912 [main] MetadataController - Request to get CATALOG metadata dumpy
[INFO ] 2016-05-28 17:39:37.912 [main] MetadataController - GET : http://localhost/dumpy
[API-REQUEST] 2016-05-28 17:39:37.913 [main] MetadataController - 
[INFO ] 2016-05-28 17:39:38.094 [main] RestApiTestContext - Inmemory triple store initialize for test
[INFO ] 2016-05-28 17:39:38.286 [main] DataAccessorController - Request to get dataset's distribution dummy
[INFO ] 2016-05-28 17:39:38.286 [main] DataAccessorController - GET : http://localhost/textmining/gene-disease-association_lumc/dummy
[API-REQUEST] 2016-05-28 17:39:38.287 [main] DataAccessorController - 
[INFO ] 2016-05-28 17:39:38.289 [main] DataAccessorController - Request to get dataset's distribution sparql
[INFO ] 2016-05-28 17:39:38.289 [main] DataAccessorController - GET : http://localhost/textmining/gene-disease-association_lumc/sparql
[API-REQUEST] 2016-05-28 17:39:38.290 [main] DataAccessorController - 
[INFO ] 2016-05-28 17:39:38.291 [main] DataAccessorController - Request to get dataset's distribution sparql
[INFO ] 2016-05-28 17:39:38.292 [main] DataAccessorController - GET : http://localhost/textmining/gene-disease-association_lumc/sparql
[API-REQUEST] 2016-05-28 17:39:38.292 [main] DataAccessorController - 
[INFO ] 2016-05-28 17:39:38.294 [main] DataAccessorController - Request to get dataset's distribution sparql
[INFO ] 2016-05-28 17:39:38.294 [main] DataAccessorController - GET : http://localhost/textmining/gene-disease-association_lumc/sparql
[API-REQUEST] 2016-05-28 17:39:38.294 [main] DataAccessorController - 
[INFO ] 2016-05-28 17:39:38.296 [main] DataAccessorController - Request to get dataset's distribution sparql
[INFO ] 2016-05-28 17:39:38.296 [main] DataAccessorController - GET : http://localhost/textmining/gene-disease-association_lumc/sparql
[API-REQUEST] 2016-05-28 17:39:38.297 [main] DataAccessorController - 
[INFO ] 2016-05-28 17:39:38.299 [main] DataAccessorController - Request to get dataset's distribution sparql
[INFO ] 2016-05-28 17:39:38.300 [main] DataAccessorController - GET : http://localhost/textmining/gene-disease-association_lumc/sparql
[API-REQUEST] 2016-05-28 17:39:38.300 [main] DataAccessorController - 
[INFO ] 2016-05-28 17:39:38.305 [main] DataAccessorController - Request to get dataset's distribution sparql
[INFO ] 2016-05-28 17:39:38.305 [main] DataAccessorController - GET : http://localhost/textmining/gene-disease-association_lumc/sparql
[API-REQUEST] 2016-05-28 17:39:38.306 [main] DataAccessorController - 
[INFO ] 2016-05-28 17:39:50.265 [main] RestApiTestContext - Inmemory triple store initialize for test
[INFO ] 2016-05-28 17:39:51.931 [main] RestApiTestContext - Inmemory triple store initialize for test
[INFO ] 2016-05-28 17:39:52.276 [main] RestApiTestContext - Inmemory triple store initialize for test
[INFO ] 2016-05-28 17:39:52.669 [main] RestApiTestContext - Inmemory triple store initialize for test
[INFO ] 2016-05-28 17:39:52.873 [main] MetadataController - Request to get DATASET metadata textmining
[INFO ] 2016-05-28 17:39:52.873 [main] MetadataController - GET : http://localhost/textmining/gene-disease-association_lumc
[API-REQUEST] 2016-05-28 17:39:52.875 [main] MetadataController - 
[INFO ] 2016-05-28 17:39:52.884 [main] MetadataController - Request to get CATALOG metadata textmining
[INFO ] 2016-05-28 17:39:52.885 [main] MetadataController - GET : http://localhost/textmining
[API-REQUEST] 2016-05-28 17:39:52.885 [main] MetadataController - 
[INFO ] 2016-05-28 17:39:52.889 [main] MetadataController - Request to get CATALOG metadata textmining
[INFO ] 2016-05-28 17:39:52.889 [main] MetadataController - GET : http://localhost/textmining
[API-REQUEST] 2016-05-28 17:39:52.889 [main] MetadataController - 
[INFO ] 2016-05-28 17:39:52.892 [main] MetadataController - Request to get DATASET metadata textmining
[INFO ] 2016-05-28 17:39:52.892 [main] MetadataController - GET : http://localhost/textmining/gene-disease-association_lumc
[API-REQUEST] 2016-05-28 17:39:52.893 [main] MetadataController - 
[INFO ] 2016-05-28 17:39:52.895 [main] MetadataController - Request to get DATASET metadata textmining
[INFO ] 2016-05-28 17:39:52.895 [main] MetadataController - GET : http://localhost/textmining/gene-disease-association_lumc
[API-REQUEST] 2016-05-28 17:39:52.896 [main] MetadataController - 
[INFO ] 2016-05-28 17:39:52.899 [main] MetadataController - Request to get DATASET metadata textmining
[INFO ] 2016-05-28 17:39:52.899 [main] MetadataController - GET : http://localhost/textmining/dumpy
[API-REQUEST] 2016-05-28 17:39:52.900 [main] MetadataController - 
[INFO ] 2016-05-28 17:39:52.903 [main] MetadataController - Request to get CATALOG metadata textmining
[INFO ] 2016-05-28 17:39:52.903 [main] MetadataController - GET : http://localhost/textmining
[API-REQUEST] 2016-05-28 17:39:52.903 [main] MetadataController - 
[INFO ] 2016-05-28 17:39:52.910 [main] MetadataController - Request to get CATALOG metadata textmining
[INFO ] 2016-05-28 17:39:52.911 [main] MetadataController - GET : http://localhost/textmining
[API-REQUEST] 2016-05-28 17:39:52.911 [main] MetadataController - 
[INFO ] 2016-05-28 17:39:52.914 [main] MetadataController - Request to get CATALOG metadata dumpy
[INFO ] 2016-05-28 17:39:52.914 [main] MetadataController - GET : http://localhost/dumpy
[API-REQUEST] 2016-05-28 17:39:52.915 [main] MetadataController - 
[INFO ] 2016-05-28 17:39:53.046 [main] RestApiTestContext - Inmemory triple store initialize for test
[INFO ] 2016-05-28 17:39:53.201 [main] DataAccessorController - Request to get dataset's distribution dummy
[INFO ] 2016-05-28 17:39:53.202 [main] DataAccessorController - GET : http://localhost/textmining/gene-disease-association_lumc/dummy
[API-REQUEST] 2016-05-28 17:39:53.202 [main] DataAccessorController - 
[INFO ] 2016-05-28 17:39:53.205 [main] DataAccessorController - Request to get dataset's distribution sparql
[INFO ] 2016-05-28 17:39:53.205 [main] DataAccessorController - GET : http://localhost/textmining/gene-disease-association_lumc/sparql
[API-REQUEST] 2016-05-28 17:39:53.205 [main] DataAccessorController - 
[INFO ] 2016-05-28 17:39:53.207 [main] DataAccessorController - Request to get dataset's distribution sparql
[INFO ] 2016-05-28 17:39:53.207 [main] DataAccessorController - GET : http://localhost/textmining/gene-disease-association_lumc/sparql
[API-REQUEST] 2016-05-28 17:39:53.208 [main] DataAccessorController - 
[INFO ] 2016-05-28 17:39:53.209 [main] DataAccessorController - Request to get dataset's distribution sparql
[INFO ] 2016-05-28 17:39:53.209 [main] DataAccessorController - GET : http://localhost/textmining/gene-disease-association_lumc/sparql
[API-REQUEST] 2016-05-28 17:39:53.209 [main] DataAccessorController - 
[INFO ] 2016-05-28 17:39:53.211 [main] DataAccessorController - Request to get dataset's distribution sparql
[INFO ] 2016-05-28 17:39:53.211 [main] DataAccessorController - GET : http://localhost/textmining/gene-disease-association_lumc/sparql
[API-REQUEST] 2016-05-28 17:39:53.211 [main] DataAccessorController - 
[INFO ] 2016-05-28 17:39:53.213 [main] DataAccessorController - Request to get dataset's distribution sparql
[INFO ] 2016-05-28 17:39:53.213 [main] DataAccessorController - GET : http://localhost/textmining/gene-disease-association_lumc/sparql
[API-REQUEST] 2016-05-28 17:39:53.214 [main] DataAccessorController - 
[INFO ] 2016-05-28 17:39:53.218 [main] DataAccessorController - Request to get dataset's distribution sparql
[INFO ] 2016-05-28 17:39:53.218 [main] DataAccessorController - GET : http://localhost/textmining/gene-disease-association_lumc/sparql
[API-REQUEST] 2016-05-28 17:39:53.219 [main] DataAccessorController - 
[INFO ] 2016-05-28 17:47:07.381 [main] RestApiTestContext - Inmemory triple store initialize for test
[INFO ] 2016-05-28 17:47:09.005 [main] RestApiTestContext - Inmemory triple store initialize for test
[INFO ] 2016-05-28 17:47:09.340 [main] RestApiTestContext - Inmemory triple store initialize for test
[INFO ] 2016-05-28 17:47:09.810 [main] RestApiTestContext - Inmemory triple store initialize for test
[INFO ] 2016-05-28 17:47:10.032 [main] MetadataController - Request to get DATASET metadata textmining
[INFO ] 2016-05-28 17:47:10.032 [main] MetadataController - GET : http://localhost/textmining/gene-disease-association_lumc
[API-REQUEST] 2016-05-28 17:47:10.034 [main] MetadataController - 
[INFO ] 2016-05-28 17:47:10.045 [main] MetadataController - Request to get CATALOG metadata textmining
[INFO ] 2016-05-28 17:47:10.045 [main] MetadataController - GET : http://localhost/textmining
[API-REQUEST] 2016-05-28 17:47:10.046 [main] MetadataController - 
[INFO ] 2016-05-28 17:47:10.048 [main] MetadataController - Request to get CATALOG metadata textmining
[INFO ] 2016-05-28 17:47:10.048 [main] MetadataController - GET : http://localhost/textmining
[API-REQUEST] 2016-05-28 17:47:10.049 [main] MetadataController - 
[INFO ] 2016-05-28 17:47:10.051 [main] MetadataController - Request to get DATASET metadata textmining
[INFO ] 2016-05-28 17:47:10.051 [main] MetadataController - GET : http://localhost/textmining/gene-disease-association_lumc
[API-REQUEST] 2016-05-28 17:47:10.052 [main] MetadataController - 
[INFO ] 2016-05-28 17:47:10.053 [main] MetadataController - Request to get DATASET metadata textmining
[INFO ] 2016-05-28 17:47:10.054 [main] MetadataController - GET : http://localhost/textmining/gene-disease-association_lumc
[API-REQUEST] 2016-05-28 17:47:10.054 [main] MetadataController - 
[INFO ] 2016-05-28 17:47:10.058 [main] MetadataController - Request to get DATASET metadata textmining
[INFO ] 2016-05-28 17:47:10.059 [main] MetadataController - GET : http://localhost/textmining/dumpy
[API-REQUEST] 2016-05-28 17:47:10.060 [main] MetadataController - 
[INFO ] 2016-05-28 17:47:10.064 [main] MetadataController - Request to get CATALOG metadata textmining
[INFO ] 2016-05-28 17:47:10.064 [main] MetadataController - GET : http://localhost/textmining
[API-REQUEST] 2016-05-28 17:47:10.064 [main] MetadataController - 
[INFO ] 2016-05-28 17:47:10.072 [main] MetadataController - Request to get CATALOG metadata textmining
[INFO ] 2016-05-28 17:47:10.073 [main] MetadataController - GET : http://localhost/textmining
[API-REQUEST] 2016-05-28 17:47:10.073 [main] MetadataController - 
[INFO ] 2016-05-28 17:47:10.077 [main] MetadataController - Request to get CATALOG metadata dumpy
[INFO ] 2016-05-28 17:47:10.077 [main] MetadataController - GET : http://localhost/dumpy
[API-REQUEST] 2016-05-28 17:47:10.077 [main] MetadataController - 
[INFO ] 2016-05-28 17:47:10.221 [main] RestApiTestContext - Inmemory triple store initialize for test
[INFO ] 2016-05-28 17:47:10.424 [main] DataAccessorController - Request to get dataset's distribution dummy
[INFO ] 2016-05-28 17:47:10.424 [main] DataAccessorController - GET : http://localhost/textmining/gene-disease-association_lumc/dummy
[API-REQUEST] 2016-05-28 17:47:10.425 [main] DataAccessorController - 
[INFO ] 2016-05-28 17:47:10.427 [main] DataAccessorController - Request to get dataset's distribution sparql
[INFO ] 2016-05-28 17:47:10.428 [main] DataAccessorController - GET : http://localhost/textmining/gene-disease-association_lumc/sparql
[API-REQUEST] 2016-05-28 17:47:10.428 [main] DataAccessorController - 
[INFO ] 2016-05-28 17:47:10.430 [main] DataAccessorController - Request to get dataset's distribution sparql
[INFO ] 2016-05-28 17:47:10.431 [main] DataAccessorController - GET : http://localhost/textmining/gene-disease-association_lumc/sparql
[API-REQUEST] 2016-05-28 17:47:10.433 [main] DataAccessorController - 
[INFO ] 2016-05-28 17:47:10.435 [main] DataAccessorController - Request to get dataset's distribution sparql
[INFO ] 2016-05-28 17:47:10.435 [main] DataAccessorController - GET : http://localhost/textmining/gene-disease-association_lumc/sparql
[API-REQUEST] 2016-05-28 17:47:10.435 [main] DataAccessorController - 
[INFO ] 2016-05-28 17:47:10.437 [main] DataAccessorController - Request to get dataset's distribution sparql
[INFO ] 2016-05-28 17:47:10.437 [main] DataAccessorController - GET : http://localhost/textmining/gene-disease-association_lumc/sparql
[API-REQUEST] 2016-05-28 17:47:10.438 [main] DataAccessorController - 
[INFO ] 2016-05-28 17:47:10.440 [main] DataAccessorController - Request to get dataset's distribution sparql
[INFO ] 2016-05-28 17:47:10.441 [main] DataAccessorController - GET : http://localhost/textmining/gene-disease-association_lumc/sparql
[API-REQUEST] 2016-05-28 17:47:10.441 [main] DataAccessorController - 
[INFO ] 2016-05-28 17:47:10.447 [main] DataAccessorController - Request to get dataset's distribution sparql
[INFO ] 2016-05-28 17:47:10.447 [main] DataAccessorController - GET : http://localhost/textmining/gene-disease-association_lumc/sparql
[API-REQUEST] 2016-05-28 17:47:10.449 [main] DataAccessorController - 
