[INFO ] 2016-06-30 14:41:11.204 [main] RestApiTestContext - Inmemory triple store initialize for test
[INFO ] 2016-06-30 14:41:15.177 [main] RestApiTestContext - Inmemory triple store initialize for test
[INFO ] 2016-06-30 14:41:15.824 [main] RestApiTestContext - Inmemory triple store initialize for test
[INFO ] 2016-06-30 14:41:16.245 [main] RestApiTestContext - Inmemory triple store initialize for test
[INFO ] 2016-06-30 14:41:16.515 [main] MetadataController - Request to get DATASET metadata textmining
[INFO ] 2016-06-30 14:41:16.516 [main] MetadataController - GET : http://localhost/textmining/gene-disease-association_lumc
[API-REQUEST] 2016-06-30 14:41:16.518 [main] MetadataController - 
[INFO ] 2016-06-30 14:41:16.529 [main] MetadataController - Request to get CATALOG metadata textmining
[INFO ] 2016-06-30 14:41:16.529 [main] MetadataController - GET : http://localhost/textmining
[API-REQUEST] 2016-06-30 14:41:16.530 [main] MetadataController - 
[INFO ] 2016-06-30 14:41:16.532 [main] MetadataController - Request to get CATALOG metadata textmining
[INFO ] 2016-06-30 14:41:16.533 [main] MetadataController - GET : http://localhost/textmining
[API-REQUEST] 2016-06-30 14:41:16.533 [main] MetadataController - 
[INFO ] 2016-06-30 14:41:16.536 [main] MetadataController - Request to get DATASET metadata textmining
[INFO ] 2016-06-30 14:41:16.536 [main] MetadataController - GET : http://localhost/textmining/gene-disease-association_lumc
[API-REQUEST] 2016-06-30 14:41:16.536 [main] MetadataController - 
[INFO ] 2016-06-30 14:41:16.539 [main] MetadataController - Request to get DATASET metadata textmining
[INFO ] 2016-06-30 14:41:16.539 [main] MetadataController - GET : http://localhost/textmining/gene-disease-association_lumc
[API-REQUEST] 2016-06-30 14:41:16.541 [main] MetadataController - 
[INFO ] 2016-06-30 14:41:16.544 [main] MetadataController - Request to get DATASET metadata textmining
[INFO ] 2016-06-30 14:41:16.545 [main] MetadataController - GET : http://localhost/textmining/dumpy
[API-REQUEST] 2016-06-30 14:41:16.545 [main] MetadataController - 
[INFO ] 2016-06-30 14:41:16.547 [main] MetadataController - Request to get CATALOG metadata textmining
[INFO ] 2016-06-30 14:41:16.547 [main] MetadataController - GET : http://localhost/textmining
[API-REQUEST] 2016-06-30 14:41:16.548 [main] MetadataController - 
[INFO ] 2016-06-30 14:41:16.554 [main] MetadataController - Request to get CATALOG metadata textmining
[INFO ] 2016-06-30 14:41:16.554 [main] MetadataController - GET : http://localhost/textmining
[API-REQUEST] 2016-06-30 14:41:16.555 [main] MetadataController - 
[INFO ] 2016-06-30 14:41:16.558 [main] MetadataController - Request to get CATALOG metadata dumpy
[INFO ] 2016-06-30 14:41:16.559 [main] MetadataController - GET : http://localhost/dumpy
[API-REQUEST] 2016-06-30 14:41:16.559 [main] MetadataController - 
[INFO ] 2016-06-30 14:41:16.694 [main] RestApiTestContext - Inmemory triple store initialize for test
[INFO ] 2016-06-30 14:41:16.955 [main] DataAccessorController - Request to get dataset's distribution dummy
[INFO ] 2016-06-30 14:41:16.956 [main] DataAccessorController - GET : http://localhost/textmining/gene-disease-association_lumc/dummy
[API-REQUEST] 2016-06-30 14:41:16.956 [main] DataAccessorController - 
[INFO ] 2016-06-30 14:41:16.961 [main] DataAccessorController - Request to get dataset's distribution sparql
[INFO ] 2016-06-30 14:41:16.961 [main] DataAccessorController - GET : http://localhost/textmining/gene-disease-association_lumc/sparql
[API-REQUEST] 2016-06-30 14:41:16.962 [main] DataAccessorController - 
[INFO ] 2016-06-30 14:41:16.964 [main] DataAccessorController - Request to get dataset's distribution sparql
[INFO ] 2016-06-30 14:41:16.964 [main] DataAccessorController - GET : http://localhost/textmining/gene-disease-association_lumc/sparql
[API-REQUEST] 2016-06-30 14:41:16.965 [main] DataAccessorController - 
[INFO ] 2016-06-30 14:41:16.967 [main] DataAccessorController - Request to get dataset's distribution sparql
[INFO ] 2016-06-30 14:41:16.967 [main] DataAccessorController - GET : http://localhost/textmining/gene-disease-association_lumc/sparql
[API-REQUEST] 2016-06-30 14:41:16.968 [main] DataAccessorController - 
[INFO ] 2016-06-30 14:41:16.970 [main] DataAccessorController - Request to get dataset's distribution sparql
[INFO ] 2016-06-30 14:41:16.971 [main] DataAccessorController - GET : http://localhost/textmining/gene-disease-association_lumc/sparql
[API-REQUEST] 2016-06-30 14:41:16.971 [main] DataAccessorController - 
[INFO ] 2016-06-30 14:41:16.975 [main] DataAccessorController - Request to get dataset's distribution sparql
[INFO ] 2016-06-30 14:41:16.975 [main] DataAccessorController - GET : http://localhost/textmining/gene-disease-association_lumc/sparql
[API-REQUEST] 2016-06-30 14:41:16.976 [main] DataAccessorController - 
[INFO ] 2016-06-30 14:41:16.982 [main] DataAccessorController - Request to get dataset's distribution sparql
[INFO ] 2016-06-30 14:41:16.982 [main] DataAccessorController - GET : http://localhost/textmining/gene-disease-association_lumc/sparql
[API-REQUEST] 2016-06-30 14:41:16.983 [main] DataAccessorController - 
[INFO ] 2016-06-30 14:48:55.884 [main] RestApiTestContext - Inmemory triple store initialize for test
[INFO ] 2016-06-30 14:48:57.796 [main] RestApiTestContext - Inmemory triple store initialize for test
[INFO ] 2016-06-30 14:48:58.221 [main] RestApiTestContext - Inmemory triple store initialize for test
[INFO ] 2016-06-30 14:48:58.646 [main] RestApiTestContext - Inmemory triple store initialize for test
[INFO ] 2016-06-30 14:48:58.949 [main] MetadataController - Request to get DATASET metadata textmining
[INFO ] 2016-06-30 14:48:58.949 [main] MetadataController - GET : http://localhost/textmining/gene-disease-association_lumc
[API-REQUEST] 2016-06-30 14:48:58.951 [main] MetadataController - 
[INFO ] 2016-06-30 14:48:58.968 [main] MetadataController - Request to get CATALOG metadata textmining
[INFO ] 2016-06-30 14:48:58.968 [main] MetadataController - GET : http://localhost/textmining
[API-REQUEST] 2016-06-30 14:48:58.969 [main] MetadataController - 
[INFO ] 2016-06-30 14:48:58.971 [main] MetadataController - Request to get CATALOG metadata textmining
[INFO ] 2016-06-30 14:48:58.971 [main] MetadataController - GET : http://localhost/textmining
[API-REQUEST] 2016-06-30 14:48:58.972 [main] MetadataController - 
[INFO ] 2016-06-30 14:48:58.974 [main] MetadataController - Request to get DATASET metadata textmining
[INFO ] 2016-06-30 14:48:58.974 [main] MetadataController - GET : http://localhost/textmining/gene-disease-association_lumc
[API-REQUEST] 2016-06-30 14:48:58.975 [main] MetadataController - 
[INFO ] 2016-06-30 14:48:58.977 [main] MetadataController - Request to get DATASET metadata textmining
[INFO ] 2016-06-30 14:48:58.978 [main] MetadataController - GET : http://localhost/textmining/gene-disease-association_lumc
[API-REQUEST] 2016-06-30 14:48:58.978 [main] MetadataController - 
[INFO ] 2016-06-30 14:48:58.982 [main] MetadataController - Request to get DATASET metadata textmining
[INFO ] 2016-06-30 14:48:58.982 [main] MetadataController - GET : http://localhost/textmining/dumpy
[API-REQUEST] 2016-06-30 14:48:58.983 [main] MetadataController - 
[INFO ] 2016-06-30 14:48:58.986 [main] MetadataController - Request to get CATALOG metadata textmining
[INFO ] 2016-06-30 14:48:58.987 [main] MetadataController - GET : http://localhost/textmining
[API-REQUEST] 2016-06-30 14:48:58.987 [main] MetadataController - 
[INFO ] 2016-06-30 14:48:58.994 [main] MetadataController - Request to get CATALOG metadata textmining
[INFO ] 2016-06-30 14:48:58.994 [main] MetadataController - GET : http://localhost/textmining
[API-REQUEST] 2016-06-30 14:48:58.995 [main] MetadataController - 
[INFO ] 2016-06-30 14:48:58.998 [main] MetadataController - Request to get CATALOG metadata dumpy
[INFO ] 2016-06-30 14:48:58.998 [main] MetadataController - GET : http://localhost/dumpy
[API-REQUEST] 2016-06-30 14:48:58.998 [main] MetadataController - 
[INFO ] 2016-06-30 14:48:59.167 [main] RestApiTestContext - Inmemory triple store initialize for test
[INFO ] 2016-06-30 14:48:59.367 [main] DataAccessorController - Request to get dataset's distribution dummy
[INFO ] 2016-06-30 14:48:59.367 [main] DataAccessorController - GET : http://localhost/textmining/gene-disease-association_lumc/dummy
[API-REQUEST] 2016-06-30 14:48:59.368 [main] DataAccessorController - 
[INFO ] 2016-06-30 14:48:59.370 [main] DataAccessorController - Request to get dataset's distribution sparql
[INFO ] 2016-06-30 14:48:59.370 [main] DataAccessorController - GET : http://localhost/textmining/gene-disease-association_lumc/sparql
[API-REQUEST] 2016-06-30 14:48:59.371 [main] DataAccessorController - 
[INFO ] 2016-06-30 14:48:59.373 [main] DataAccessorController - Request to get dataset's distribution sparql
[INFO ] 2016-06-30 14:48:59.373 [main] DataAccessorController - GET : http://localhost/textmining/gene-disease-association_lumc/sparql
[API-REQUEST] 2016-06-30 14:48:59.373 [main] DataAccessorController - 
[INFO ] 2016-06-30 14:48:59.375 [main] DataAccessorController - Request to get dataset's distribution sparql
[INFO ] 2016-06-30 14:48:59.375 [main] DataAccessorController - GET : http://localhost/textmining/gene-disease-association_lumc/sparql
[API-REQUEST] 2016-06-30 14:48:59.376 [main] DataAccessorController - 
[INFO ] 2016-06-30 14:48:59.378 [main] DataAccessorController - Request to get dataset's distribution sparql
[INFO ] 2016-06-30 14:48:59.378 [main] DataAccessorController - GET : http://localhost/textmining/gene-disease-association_lumc/sparql
[API-REQUEST] 2016-06-30 14:48:59.379 [main] DataAccessorController - 
[INFO ] 2016-06-30 14:48:59.382 [main] DataAccessorController - Request to get dataset's distribution sparql
[INFO ] 2016-06-30 14:48:59.382 [main] DataAccessorController - GET : http://localhost/textmining/gene-disease-association_lumc/sparql
[API-REQUEST] 2016-06-30 14:48:59.383 [main] DataAccessorController - 
[INFO ] 2016-06-30 14:48:59.388 [main] DataAccessorController - Request to get dataset's distribution sparql
[INFO ] 2016-06-30 14:48:59.389 [main] DataAccessorController - GET : http://localhost/textmining/gene-disease-association_lumc/sparql
[API-REQUEST] 2016-06-30 14:48:59.390 [main] DataAccessorController - 
[INFO ] 2016-06-30 14:50:38.444 [main] RestApiTestContext - Inmemory triple store initialize for test
[INFO ] 2016-06-30 14:50:40.195 [main] RestApiTestContext - Inmemory triple store initialize for test
[INFO ] 2016-06-30 14:50:40.606 [main] RestApiTestContext - Inmemory triple store initialize for test
[INFO ] 2016-06-30 14:50:40.995 [main] RestApiTestContext - Inmemory triple store initialize for test
[INFO ] 2016-06-30 14:50:41.251 [main] MetadataController - Request to get DATASET metadata textmining
[INFO ] 2016-06-30 14:50:41.251 [main] MetadataController - GET : http://localhost/textmining/gene-disease-association_lumc
[API-REQUEST] 2016-06-30 14:50:41.253 [main] MetadataController - 
[INFO ] 2016-06-30 14:50:41.265 [main] MetadataController - Request to get CATALOG metadata textmining
[INFO ] 2016-06-30 14:50:41.265 [main] MetadataController - GET : http://localhost/textmining
[API-REQUEST] 2016-06-30 14:50:41.265 [main] MetadataController - 
[INFO ] 2016-06-30 14:50:41.267 [main] MetadataController - Request to get CATALOG metadata textmining
[INFO ] 2016-06-30 14:50:41.268 [main] MetadataController - GET : http://localhost/textmining
[API-REQUEST] 2016-06-30 14:50:41.268 [main] MetadataController - 
[INFO ] 2016-06-30 14:50:41.270 [main] MetadataController - Request to get DATASET metadata textmining
[INFO ] 2016-06-30 14:50:41.271 [main] MetadataController - GET : http://localhost/textmining/gene-disease-association_lumc
[API-REQUEST] 2016-06-30 14:50:41.272 [main] MetadataController - 
[INFO ] 2016-06-30 14:50:41.274 [main] MetadataController - Request to get DATASET metadata textmining
[INFO ] 2016-06-30 14:50:41.274 [main] MetadataController - GET : http://localhost/textmining/gene-disease-association_lumc
[API-REQUEST] 2016-06-30 14:50:41.275 [main] MetadataController - 
[INFO ] 2016-06-30 14:50:41.279 [main] MetadataController - Request to get DATASET metadata textmining
[INFO ] 2016-06-30 14:50:41.279 [main] MetadataController - GET : http://localhost/textmining/dumpy
[API-REQUEST] 2016-06-30 14:50:41.279 [main] MetadataController - 
[INFO ] 2016-06-30 14:50:41.282 [main] MetadataController - Request to get CATALOG metadata textmining
[INFO ] 2016-06-30 14:50:41.282 [main] MetadataController - GET : http://localhost/textmining
[API-REQUEST] 2016-06-30 14:50:41.282 [main] MetadataController - 
[INFO ] 2016-06-30 14:50:41.288 [main] MetadataController - Request to get CATALOG metadata textmining
[INFO ] 2016-06-30 14:50:41.288 [main] MetadataController - GET : http://localhost/textmining
[API-REQUEST] 2016-06-30 14:50:41.289 [main] MetadataController - 
[INFO ] 2016-06-30 14:50:41.292 [main] MetadataController - Request to get CATALOG metadata dumpy
[INFO ] 2016-06-30 14:50:41.292 [main] MetadataController - GET : http://localhost/dumpy
[API-REQUEST] 2016-06-30 14:50:41.292 [main] MetadataController - 
[INFO ] 2016-06-30 14:50:41.463 [main] RestApiTestContext - Inmemory triple store initialize for test
[INFO ] 2016-06-30 14:50:41.659 [main] DataAccessorController - Request to get dataset's distribution dummy
[INFO ] 2016-06-30 14:50:41.659 [main] DataAccessorController - GET : http://localhost/textmining/gene-disease-association_lumc/dummy
[API-REQUEST] 2016-06-30 14:50:41.659 [main] DataAccessorController - 
[INFO ] 2016-06-30 14:50:41.662 [main] DataAccessorController - Request to get dataset's distribution sparql
[INFO ] 2016-06-30 14:50:41.662 [main] DataAccessorController - GET : http://localhost/textmining/gene-disease-association_lumc/sparql
[API-REQUEST] 2016-06-30 14:50:41.663 [main] DataAccessorController - 
[INFO ] 2016-06-30 14:50:41.664 [main] DataAccessorController - Request to get dataset's distribution sparql
[INFO ] 2016-06-30 14:50:41.664 [main] DataAccessorController - GET : http://localhost/textmining/gene-disease-association_lumc/sparql
[API-REQUEST] 2016-06-30 14:50:41.665 [main] DataAccessorController - 
[INFO ] 2016-06-30 14:50:41.666 [main] DataAccessorController - Request to get dataset's distribution sparql
[INFO ] 2016-06-30 14:50:41.667 [main] DataAccessorController - GET : http://localhost/textmining/gene-disease-association_lumc/sparql
[API-REQUEST] 2016-06-30 14:50:41.667 [main] DataAccessorController - 
[INFO ] 2016-06-30 14:50:41.668 [main] DataAccessorController - Request to get dataset's distribution sparql
[INFO ] 2016-06-30 14:50:41.669 [main] DataAccessorController - GET : http://localhost/textmining/gene-disease-association_lumc/sparql
[API-REQUEST] 2016-06-30 14:50:41.669 [main] DataAccessorController - 
[INFO ] 2016-06-30 14:50:41.672 [main] DataAccessorController - Request to get dataset's distribution sparql
[INFO ] 2016-06-30 14:50:41.672 [main] DataAccessorController - GET : http://localhost/textmining/gene-disease-association_lumc/sparql
[API-REQUEST] 2016-06-30 14:50:41.673 [main] DataAccessorController - 
[INFO ] 2016-06-30 14:50:41.678 [main] DataAccessorController - Request to get dataset's distribution sparql
[INFO ] 2016-06-30 14:50:41.678 [main] DataAccessorController - GET : http://localhost/textmining/gene-disease-association_lumc/sparql
[API-REQUEST] 2016-06-30 14:50:41.678 [main] DataAccessorController - 
[INFO ] 2016-06-30 14:51:48.743 [main] RestApiTestContext - Inmemory triple store initialize for test
[INFO ] 2016-06-30 14:51:50.232 [main] RestApiTestContext - Inmemory triple store initialize for test
[INFO ] 2016-06-30 14:51:50.755 [main] RestApiTestContext - Inmemory triple store initialize for test
[INFO ] 2016-06-30 14:51:51.130 [main] RestApiTestContext - Inmemory triple store initialize for test
[INFO ] 2016-06-30 14:51:51.308 [main] MetadataController - Request to get DATASET metadata textmining
[INFO ] 2016-06-30 14:51:51.309 [main] MetadataController - GET : http://localhost/textmining/gene-disease-association_lumc
[API-REQUEST] 2016-06-30 14:51:51.310 [main] MetadataController - 
[INFO ] 2016-06-30 14:51:51.320 [main] MetadataController - Request to get CATALOG metadata textmining
[INFO ] 2016-06-30 14:51:51.320 [main] MetadataController - GET : http://localhost/textmining
[API-REQUEST] 2016-06-30 14:51:51.321 [main] MetadataController - 
[INFO ] 2016-06-30 14:51:51.323 [main] MetadataController - Request to get CATALOG metadata textmining
[INFO ] 2016-06-30 14:51:51.324 [main] MetadataController - GET : http://localhost/textmining
[API-REQUEST] 2016-06-30 14:51:51.324 [main] MetadataController - 
[INFO ] 2016-06-30 14:51:51.326 [main] MetadataController - Request to get DATASET metadata textmining
[INFO ] 2016-06-30 14:51:51.326 [main] MetadataController - GET : http://localhost/textmining/gene-disease-association_lumc
[API-REQUEST] 2016-06-30 14:51:51.327 [main] MetadataController - 
[INFO ] 2016-06-30 14:51:51.329 [main] MetadataController - Request to get DATASET metadata textmining
[INFO ] 2016-06-30 14:51:51.330 [main] MetadataController - GET : http://localhost/textmining/gene-disease-association_lumc
[API-REQUEST] 2016-06-30 14:51:51.330 [main] MetadataController - 
[INFO ] 2016-06-30 14:51:51.333 [main] MetadataController - Request to get DATASET metadata textmining
[INFO ] 2016-06-30 14:51:51.334 [main] MetadataController - GET : http://localhost/textmining/dumpy
[API-REQUEST] 2016-06-30 14:51:51.334 [main] MetadataController - 
[INFO ] 2016-06-30 14:51:51.337 [main] MetadataController - Request to get CATALOG metadata textmining
[INFO ] 2016-06-30 14:51:51.337 [main] MetadataController - GET : http://localhost/textmining
[API-REQUEST] 2016-06-30 14:51:51.338 [main] MetadataController - 
[INFO ] 2016-06-30 14:51:51.344 [main] MetadataController - Request to get CATALOG metadata textmining
[INFO ] 2016-06-30 14:51:51.344 [main] MetadataController - GET : http://localhost/textmining
[API-REQUEST] 2016-06-30 14:51:51.344 [main] MetadataController - 
[INFO ] 2016-06-30 14:51:51.347 [main] MetadataController - Request to get CATALOG metadata dumpy
[INFO ] 2016-06-30 14:51:51.348 [main] MetadataController - GET : http://localhost/dumpy
[API-REQUEST] 2016-06-30 14:51:51.348 [main] MetadataController - 
[INFO ] 2016-06-30 14:51:51.472 [main] RestApiTestContext - Inmemory triple store initialize for test
[INFO ] 2016-06-30 14:51:51.632 [main] DataAccessorController - Request to get dataset's distribution dummy
[INFO ] 2016-06-30 14:51:51.633 [main] DataAccessorController - GET : http://localhost/textmining/gene-disease-association_lumc/dummy
[API-REQUEST] 2016-06-30 14:51:51.633 [main] DataAccessorController - 
[INFO ] 2016-06-30 14:51:51.637 [main] DataAccessorController - Request to get dataset's distribution sparql
[INFO ] 2016-06-30 14:51:51.637 [main] DataAccessorController - GET : http://localhost/textmining/gene-disease-association_lumc/sparql
[API-REQUEST] 2016-06-30 14:51:51.638 [main] DataAccessorController - 
[INFO ] 2016-06-30 14:51:51.640 [main] DataAccessorController - Request to get dataset's distribution sparql
[INFO ] 2016-06-30 14:51:51.641 [main] DataAccessorController - GET : http://localhost/textmining/gene-disease-association_lumc/sparql
[API-REQUEST] 2016-06-30 14:51:51.641 [main] DataAccessorController - 
[INFO ] 2016-06-30 14:51:51.643 [main] DataAccessorController - Request to get dataset's distribution sparql
[INFO ] 2016-06-30 14:51:51.643 [main] DataAccessorController - GET : http://localhost/textmining/gene-disease-association_lumc/sparql
[API-REQUEST] 2016-06-30 14:51:51.644 [main] DataAccessorController - 
[INFO ] 2016-06-30 14:51:51.645 [main] DataAccessorController - Request to get dataset's distribution sparql
[INFO ] 2016-06-30 14:51:51.645 [main] DataAccessorController - GET : http://localhost/textmining/gene-disease-association_lumc/sparql
[API-REQUEST] 2016-06-30 14:51:51.646 [main] DataAccessorController - 
[INFO ] 2016-06-30 14:51:51.649 [main] DataAccessorController - Request to get dataset's distribution sparql
[INFO ] 2016-06-30 14:51:51.649 [main] DataAccessorController - GET : http://localhost/textmining/gene-disease-association_lumc/sparql
[API-REQUEST] 2016-06-30 14:51:51.649 [main] DataAccessorController - 
[INFO ] 2016-06-30 14:51:51.656 [main] DataAccessorController - Request to get dataset's distribution sparql
[INFO ] 2016-06-30 14:51:51.656 [main] DataAccessorController - GET : http://localhost/textmining/gene-disease-association_lumc/sparql
[API-REQUEST] 2016-06-30 14:51:51.657 [main] DataAccessorController - 
[INFO ] 2016-06-30 14:54:16.790 [main] RestApiTestContext - Inmemory triple store initialize for test
[INFO ] 2016-06-30 14:54:18.329 [main] RestApiTestContext - Inmemory triple store initialize for test
[INFO ] 2016-06-30 14:54:18.697 [main] RestApiTestContext - Inmemory triple store initialize for test
[INFO ] 2016-06-30 14:54:19.054 [main] RestApiTestContext - Inmemory triple store initialize for test
[INFO ] 2016-06-30 14:54:19.211 [main] MetadataController - Request to get DATASET metadata textmining
[INFO ] 2016-06-30 14:54:19.212 [main] MetadataController - GET : http://localhost/textmining/gene-disease-association_lumc
[API-REQUEST] 2016-06-30 14:54:19.213 [main] MetadataController - 
[INFO ] 2016-06-30 14:54:19.220 [main] MetadataController - Request to get CATALOG metadata textmining
[INFO ] 2016-06-30 14:54:19.220 [main] MetadataController - GET : http://localhost/textmining
[API-REQUEST] 2016-06-30 14:54:19.220 [main] MetadataController - 
[INFO ] 2016-06-30 14:54:19.222 [main] MetadataController - Request to get CATALOG metadata textmining
[INFO ] 2016-06-30 14:54:19.222 [main] MetadataController - GET : http://localhost/textmining
[API-REQUEST] 2016-06-30 14:54:19.222 [main] MetadataController - 
[INFO ] 2016-06-30 14:54:19.224 [main] MetadataController - Request to get DATASET metadata textmining
[INFO ] 2016-06-30 14:54:19.224 [main] MetadataController - GET : http://localhost/textmining/gene-disease-association_lumc
[API-REQUEST] 2016-06-30 14:54:19.224 [main] MetadataController - 
[INFO ] 2016-06-30 14:54:19.226 [main] MetadataController - Request to get DATASET metadata textmining
[INFO ] 2016-06-30 14:54:19.226 [main] MetadataController - GET : http://localhost/textmining/gene-disease-association_lumc
[API-REQUEST] 2016-06-30 14:54:19.226 [main] MetadataController - 
[INFO ] 2016-06-30 14:54:19.228 [main] MetadataController - Request to get DATASET metadata textmining
[INFO ] 2016-06-30 14:54:19.229 [main] MetadataController - GET : http://localhost/textmining/dumpy
[API-REQUEST] 2016-06-30 14:54:19.229 [main] MetadataController - 
[INFO ] 2016-06-30 14:54:19.231 [main] MetadataController - Request to get CATALOG metadata textmining
[INFO ] 2016-06-30 14:54:19.231 [main] MetadataController - GET : http://localhost/textmining
[API-REQUEST] 2016-06-30 14:54:19.232 [main] MetadataController - 
[INFO ] 2016-06-30 14:54:19.236 [main] MetadataController - Request to get CATALOG metadata textmining
[INFO ] 2016-06-30 14:54:19.236 [main] MetadataController - GET : http://localhost/textmining
[API-REQUEST] 2016-06-30 14:54:19.237 [main] MetadataController - 
[INFO ] 2016-06-30 14:54:19.239 [main] MetadataController - Request to get CATALOG metadata dumpy
[INFO ] 2016-06-30 14:54:19.239 [main] MetadataController - GET : http://localhost/dumpy
[API-REQUEST] 2016-06-30 14:54:19.239 [main] MetadataController - 
[INFO ] 2016-06-30 14:54:19.342 [main] RestApiTestContext - Inmemory triple store initialize for test
[INFO ] 2016-06-30 14:54:19.480 [main] DataAccessorController - Request to get dataset's distribution dummy
[INFO ] 2016-06-30 14:54:19.480 [main] DataAccessorController - GET : http://localhost/textmining/gene-disease-association_lumc/dummy
[API-REQUEST] 2016-06-30 14:54:19.480 [main] DataAccessorController - 
[INFO ] 2016-06-30 14:54:19.482 [main] DataAccessorController - Request to get dataset's distribution sparql
[INFO ] 2016-06-30 14:54:19.482 [main] DataAccessorController - GET : http://localhost/textmining/gene-disease-association_lumc/sparql
[API-REQUEST] 2016-06-30 14:54:19.483 [main] DataAccessorController - 
[INFO ] 2016-06-30 14:54:19.484 [main] DataAccessorController - Request to get dataset's distribution sparql
[INFO ] 2016-06-30 14:54:19.484 [main] DataAccessorController - GET : http://localhost/textmining/gene-disease-association_lumc/sparql
[API-REQUEST] 2016-06-30 14:54:19.484 [main] DataAccessorController - 
[INFO ] 2016-06-30 14:54:19.485 [main] DataAccessorController - Request to get dataset's distribution sparql
[INFO ] 2016-06-30 14:54:19.485 [main] DataAccessorController - GET : http://localhost/textmining/gene-disease-association_lumc/sparql
[API-REQUEST] 2016-06-30 14:54:19.486 [main] DataAccessorController - 
[INFO ] 2016-06-30 14:54:19.487 [main] DataAccessorController - Request to get dataset's distribution sparql
[INFO ] 2016-06-30 14:54:19.487 [main] DataAccessorController - GET : http://localhost/textmining/gene-disease-association_lumc/sparql
[API-REQUEST] 2016-06-30 14:54:19.487 [main] DataAccessorController - 
[INFO ] 2016-06-30 14:54:19.489 [main] DataAccessorController - Request to get dataset's distribution sparql
[INFO ] 2016-06-30 14:54:19.489 [main] DataAccessorController - GET : http://localhost/textmining/gene-disease-association_lumc/sparql
[API-REQUEST] 2016-06-30 14:54:19.489 [main] DataAccessorController - 
[INFO ] 2016-06-30 14:54:19.493 [main] DataAccessorController - Request to get dataset's distribution sparql
[INFO ] 2016-06-30 14:54:19.493 [main] DataAccessorController - GET : http://localhost/textmining/gene-disease-association_lumc/sparql
[API-REQUEST] 2016-06-30 14:54:19.493 [main] DataAccessorController - 
[INFO ] 2016-06-30 15:10:59.513 [main] RestApiTestContext - Inmemory triple store initialize for test
[INFO ] 2016-06-30 15:11:00.983 [main] RestApiTestContext - Inmemory triple store initialize for test
[INFO ] 2016-06-30 15:11:01.322 [main] RestApiTestContext - Inmemory triple store initialize for test
[INFO ] 2016-06-30 15:11:01.710 [main] RestApiTestContext - Inmemory triple store initialize for test
[INFO ] 2016-06-30 15:11:01.875 [main] MetadataController - Request to get DATASET metadata textmining
[INFO ] 2016-06-30 15:11:01.875 [main] MetadataController - GET : http://localhost/textmining/gene-disease-association_lumc
[API-REQUEST] 2016-06-30 15:11:01.877 [main] MetadataController - 
[INFO ] 2016-06-30 15:11:01.886 [main] MetadataController - Request to get CATALOG metadata textmining
[INFO ] 2016-06-30 15:11:01.887 [main] MetadataController - GET : http://localhost/textmining
[API-REQUEST] 2016-06-30 15:11:01.887 [main] MetadataController - 
[INFO ] 2016-06-30 15:11:01.889 [main] MetadataController - Request to get CATALOG metadata textmining
[INFO ] 2016-06-30 15:11:01.889 [main] MetadataController - GET : http://localhost/textmining
[API-REQUEST] 2016-06-30 15:11:01.890 [main] MetadataController - 
[INFO ] 2016-06-30 15:11:01.891 [main] MetadataController - Request to get DATASET metadata textmining
[INFO ] 2016-06-30 15:11:01.892 [main] MetadataController - GET : http://localhost/textmining/gene-disease-association_lumc
[API-REQUEST] 2016-06-30 15:11:01.892 [main] MetadataController - 
[INFO ] 2016-06-30 15:11:01.893 [main] MetadataController - Request to get DATASET metadata textmining
[INFO ] 2016-06-30 15:11:01.894 [main] MetadataController - GET : http://localhost/textmining/gene-disease-association_lumc
[API-REQUEST] 2016-06-30 15:11:01.894 [main] MetadataController - 
[INFO ] 2016-06-30 15:11:01.897 [main] MetadataController - Request to get DATASET metadata textmining
[INFO ] 2016-06-30 15:11:01.897 [main] MetadataController - GET : http://localhost/textmining/dumpy
[API-REQUEST] 2016-06-30 15:11:01.898 [main] MetadataController - 
[INFO ] 2016-06-30 15:11:01.900 [main] MetadataController - Request to get CATALOG metadata textmining
[INFO ] 2016-06-30 15:11:01.900 [main] MetadataController - GET : http://localhost/textmining
[API-REQUEST] 2016-06-30 15:11:01.901 [main] MetadataController - 
[INFO ] 2016-06-30 15:11:01.909 [main] MetadataController - Request to get CATALOG metadata textmining
[INFO ] 2016-06-30 15:11:01.909 [main] MetadataController - GET : http://localhost/textmining
[API-REQUEST] 2016-06-30 15:11:01.909 [main] MetadataController - 
[INFO ] 2016-06-30 15:11:01.913 [main] MetadataController - Request to get CATALOG metadata dumpy
[INFO ] 2016-06-30 15:11:01.913 [main] MetadataController - GET : http://localhost/dumpy
[API-REQUEST] 2016-06-30 15:11:01.913 [main] MetadataController - 
[INFO ] 2016-06-30 15:11:02.021 [main] RestApiTestContext - Inmemory triple store initialize for test
[INFO ] 2016-06-30 15:11:02.161 [main] DataAccessorController - Request to get dataset's distribution dummy
[INFO ] 2016-06-30 15:11:02.161 [main] DataAccessorController - GET : http://localhost/textmining/gene-disease-association_lumc/dummy
[API-REQUEST] 2016-06-30 15:11:02.161 [main] DataAccessorController - 
[INFO ] 2016-06-30 15:11:02.163 [main] DataAccessorController - Request to get dataset's distribution sparql
[INFO ] 2016-06-30 15:11:02.163 [main] DataAccessorController - GET : http://localhost/textmining/gene-disease-association_lumc/sparql
[API-REQUEST] 2016-06-30 15:11:02.164 [main] DataAccessorController - 
[INFO ] 2016-06-30 15:11:02.166 [main] DataAccessorController - Request to get dataset's distribution sparql
[INFO ] 2016-06-30 15:11:02.166 [main] DataAccessorController - GET : http://localhost/textmining/gene-disease-association_lumc/sparql
[API-REQUEST] 2016-06-30 15:11:02.167 [main] DataAccessorController - 
[INFO ] 2016-06-30 15:11:02.168 [main] DataAccessorController - Request to get dataset's distribution sparql
[INFO ] 2016-06-30 15:11:02.168 [main] DataAccessorController - GET : http://localhost/textmining/gene-disease-association_lumc/sparql
[API-REQUEST] 2016-06-30 15:11:02.169 [main] DataAccessorController - 
[INFO ] 2016-06-30 15:11:02.170 [main] DataAccessorController - Request to get dataset's distribution sparql
[INFO ] 2016-06-30 15:11:02.170 [main] DataAccessorController - GET : http://localhost/textmining/gene-disease-association_lumc/sparql
[API-REQUEST] 2016-06-30 15:11:02.170 [main] DataAccessorController - 
[INFO ] 2016-06-30 15:11:02.172 [main] DataAccessorController - Request to get dataset's distribution sparql
[INFO ] 2016-06-30 15:11:02.172 [main] DataAccessorController - GET : http://localhost/textmining/gene-disease-association_lumc/sparql
[API-REQUEST] 2016-06-30 15:11:02.172 [main] DataAccessorController - 
[INFO ] 2016-06-30 15:11:02.176 [main] DataAccessorController - Request to get dataset's distribution sparql
[INFO ] 2016-06-30 15:11:02.176 [main] DataAccessorController - GET : http://localhost/textmining/gene-disease-association_lumc/sparql
[API-REQUEST] 2016-06-30 15:11:02.176 [main] DataAccessorController - 
[INFO ] 2016-06-30 15:17:10.952 [main] RestApiTestContext - Inmemory triple store initialize for test
[INFO ] 2016-06-30 15:17:12.856 [main] RestApiTestContext - Inmemory triple store initialize for test
[INFO ] 2016-06-30 15:17:13.338 [main] RestApiTestContext - Inmemory triple store initialize for test
[INFO ] 2016-06-30 15:17:13.973 [main] RestApiTestContext - Inmemory triple store initialize for test
[INFO ] 2016-06-30 15:17:14.234 [main] MetadataController - Request to get DATASET metadata textmining
[INFO ] 2016-06-30 15:17:14.235 [main] MetadataController - GET : http://localhost/textmining/gene-disease-association_lumc
[API-REQUEST] 2016-06-30 15:17:14.238 [main] MetadataController - 
[INFO ] 2016-06-30 15:17:14.250 [main] MetadataController - Request to get CATALOG metadata textmining
[INFO ] 2016-06-30 15:17:14.251 [main] MetadataController - GET : http://localhost/textmining
[API-REQUEST] 2016-06-30 15:17:14.252 [main] MetadataController - 
[INFO ] 2016-06-30 15:17:14.255 [main] MetadataController - Request to get CATALOG metadata textmining
[INFO ] 2016-06-30 15:17:14.255 [main] MetadataController - GET : http://localhost/textmining
[API-REQUEST] 2016-06-30 15:17:14.256 [main] MetadataController - 
[INFO ] 2016-06-30 15:17:14.258 [main] MetadataController - Request to get DATASET metadata textmining
[INFO ] 2016-06-30 15:17:14.258 [main] MetadataController - GET : http://localhost/textmining/gene-disease-association_lumc
[API-REQUEST] 2016-06-30 15:17:14.259 [main] MetadataController - 
[INFO ] 2016-06-30 15:17:14.262 [main] MetadataController - Request to get DATASET metadata textmining
[INFO ] 2016-06-30 15:17:14.262 [main] MetadataController - GET : http://localhost/textmining/gene-disease-association_lumc
[API-REQUEST] 2016-06-30 15:17:14.285 [main] MetadataController - 
[INFO ] 2016-06-30 15:17:14.290 [main] MetadataController - Request to get DATASET metadata textmining
[INFO ] 2016-06-30 15:17:14.290 [main] MetadataController - GET : http://localhost/textmining/dumpy
[API-REQUEST] 2016-06-30 15:17:14.291 [main] MetadataController - 
[INFO ] 2016-06-30 15:17:14.294 [main] MetadataController - Request to get CATALOG metadata textmining
[INFO ] 2016-06-30 15:17:14.295 [main] MetadataController - GET : http://localhost/textmining
[API-REQUEST] 2016-06-30 15:17:14.296 [main] MetadataController - 
[INFO ] 2016-06-30 15:17:14.307 [main] MetadataController - Request to get CATALOG metadata textmining
[INFO ] 2016-06-30 15:17:14.308 [main] MetadataController - GET : http://localhost/textmining
[API-REQUEST] 2016-06-30 15:17:14.309 [main] MetadataController - 
[INFO ] 2016-06-30 15:17:14.314 [main] MetadataController - Request to get CATALOG metadata dumpy
[INFO ] 2016-06-30 15:17:14.314 [main] MetadataController - GET : http://localhost/dumpy
[API-REQUEST] 2016-06-30 15:17:14.316 [main] MetadataController - 
[INFO ] 2016-06-30 15:17:14.506 [main] RestApiTestContext - Inmemory triple store initialize for test
[INFO ] 2016-06-30 15:17:14.766 [main] DataAccessorController - Request to get dataset's distribution dummy
[INFO ] 2016-06-30 15:17:14.766 [main] DataAccessorController - GET : http://localhost/textmining/gene-disease-association_lumc/dummy
[API-REQUEST] 2016-06-30 15:17:14.767 [main] DataAccessorController - 
[INFO ] 2016-06-30 15:17:14.770 [main] DataAccessorController - Request to get dataset's distribution sparql
[INFO ] 2016-06-30 15:17:14.770 [main] DataAccessorController - GET : http://localhost/textmining/gene-disease-association_lumc/sparql
[API-REQUEST] 2016-06-30 15:17:14.771 [main] DataAccessorController - 
[INFO ] 2016-06-30 15:17:14.773 [main] DataAccessorController - Request to get dataset's distribution sparql
[INFO ] 2016-06-30 15:17:14.773 [main] DataAccessorController - GET : http://localhost/textmining/gene-disease-association_lumc/sparql
[API-REQUEST] 2016-06-30 15:17:14.774 [main] DataAccessorController - 
[INFO ] 2016-06-30 15:17:14.776 [main] DataAccessorController - Request to get dataset's distribution sparql
[INFO ] 2016-06-30 15:17:14.776 [main] DataAccessorController - GET : http://localhost/textmining/gene-disease-association_lumc/sparql
[API-REQUEST] 2016-06-30 15:17:14.777 [main] DataAccessorController - 
[INFO ] 2016-06-30 15:17:14.779 [main] DataAccessorController - Request to get dataset's distribution sparql
[INFO ] 2016-06-30 15:17:14.779 [main] DataAccessorController - GET : http://localhost/textmining/gene-disease-association_lumc/sparql
[API-REQUEST] 2016-06-30 15:17:14.780 [main] DataAccessorController - 
[INFO ] 2016-06-30 15:17:14.784 [main] DataAccessorController - Request to get dataset's distribution sparql
[INFO ] 2016-06-30 15:17:14.784 [main] DataAccessorController - GET : http://localhost/textmining/gene-disease-association_lumc/sparql
[API-REQUEST] 2016-06-30 15:17:14.785 [main] DataAccessorController - 
[INFO ] 2016-06-30 15:17:14.792 [main] DataAccessorController - Request to get dataset's distribution sparql
[INFO ] 2016-06-30 15:17:14.792 [main] DataAccessorController - GET : http://localhost/textmining/gene-disease-association_lumc/sparql
[API-REQUEST] 2016-06-30 15:17:14.793 [main] DataAccessorController - 
[INFO ] 2016-06-30 15:19:48.365 [main] RestApiTestContext - Inmemory triple store initialize for test
[INFO ] 2016-06-30 15:19:49.969 [main] RestApiTestContext - Inmemory triple store initialize for test
[INFO ] 2016-06-30 15:19:50.338 [main] RestApiTestContext - Inmemory triple store initialize for test
[INFO ] 2016-06-30 15:19:50.648 [main] RestApiTestContext - Inmemory triple store initialize for test
[INFO ] 2016-06-30 15:19:50.837 [main] MetadataController - Request to get DATASET metadata textmining
[INFO ] 2016-06-30 15:19:50.837 [main] MetadataController - GET : http://localhost/textmining/gene-disease-association_lumc
[API-REQUEST] 2016-06-30 15:19:50.838 [main] MetadataController - 
[INFO ] 2016-06-30 15:19:50.848 [main] MetadataController - Request to get CATALOG metadata textmining
[INFO ] 2016-06-30 15:19:50.848 [main] MetadataController - GET : http://localhost/textmining
[API-REQUEST] 2016-06-30 15:19:50.849 [main] MetadataController - 
[INFO ] 2016-06-30 15:19:50.851 [main] MetadataController - Request to get CATALOG metadata textmining
[INFO ] 2016-06-30 15:19:50.851 [main] MetadataController - GET : http://localhost/textmining
[API-REQUEST] 2016-06-30 15:19:50.852 [main] MetadataController - 
[INFO ] 2016-06-30 15:19:50.854 [main] MetadataController - Request to get DATASET metadata textmining
[INFO ] 2016-06-30 15:19:50.854 [main] MetadataController - GET : http://localhost/textmining/gene-disease-association_lumc
[API-REQUEST] 2016-06-30 15:19:50.855 [main] MetadataController - 
[INFO ] 2016-06-30 15:19:50.856 [main] MetadataController - Request to get DATASET metadata textmining
[INFO ] 2016-06-30 15:19:50.856 [main] MetadataController - GET : http://localhost/textmining/gene-disease-association_lumc
[API-REQUEST] 2016-06-30 15:19:50.857 [main] MetadataController - 
[INFO ] 2016-06-30 15:19:50.860 [main] MetadataController - Request to get DATASET metadata textmining
[INFO ] 2016-06-30 15:19:50.860 [main] MetadataController - GET : http://localhost/textmining/dumpy
[API-REQUEST] 2016-06-30 15:19:50.860 [main] MetadataController - 
[INFO ] 2016-06-30 15:19:50.862 [main] MetadataController - Request to get CATALOG metadata textmining
[INFO ] 2016-06-30 15:19:50.863 [main] MetadataController - GET : http://localhost/textmining
[API-REQUEST] 2016-06-30 15:19:50.863 [main] MetadataController - 
[INFO ] 2016-06-30 15:19:50.870 [main] MetadataController - Request to get CATALOG metadata textmining
[INFO ] 2016-06-30 15:19:50.870 [main] MetadataController - GET : http://localhost/textmining
[API-REQUEST] 2016-06-30 15:19:50.871 [main] MetadataController - 
[INFO ] 2016-06-30 15:19:50.873 [main] MetadataController - Request to get CATALOG metadata dumpy
[INFO ] 2016-06-30 15:19:50.874 [main] MetadataController - GET : http://localhost/dumpy
[API-REQUEST] 2016-06-30 15:19:50.874 [main] MetadataController - 
[INFO ] 2016-06-30 15:19:50.983 [main] RestApiTestContext - Inmemory triple store initialize for test
[INFO ] 2016-06-30 15:19:51.125 [main] DataAccessorController - Request to get dataset's distribution dummy
[INFO ] 2016-06-30 15:19:51.125 [main] DataAccessorController - GET : http://localhost/textmining/gene-disease-association_lumc/dummy
[API-REQUEST] 2016-06-30 15:19:51.125 [main] DataAccessorController - 
[INFO ] 2016-06-30 15:19:51.129 [main] DataAccessorController - Request to get dataset's distribution sparql
[INFO ] 2016-06-30 15:19:51.130 [main] DataAccessorController - GET : http://localhost/textmining/gene-disease-association_lumc/sparql
[API-REQUEST] 2016-06-30 15:19:51.130 [main] DataAccessorController - 
[INFO ] 2016-06-30 15:19:51.132 [main] DataAccessorController - Request to get dataset's distribution sparql
[INFO ] 2016-06-30 15:19:51.133 [main] DataAccessorController - GET : http://localhost/textmining/gene-disease-association_lumc/sparql
[API-REQUEST] 2016-06-30 15:19:51.133 [main] DataAccessorController - 
[INFO ] 2016-06-30 15:19:51.137 [main] DataAccessorController - Request to get dataset's distribution sparql
[INFO ] 2016-06-30 15:19:51.137 [main] DataAccessorController - GET : http://localhost/textmining/gene-disease-association_lumc/sparql
[API-REQUEST] 2016-06-30 15:19:51.138 [main] DataAccessorController - 
[INFO ] 2016-06-30 15:19:51.140 [main] DataAccessorController - Request to get dataset's distribution sparql
[INFO ] 2016-06-30 15:19:51.140 [main] DataAccessorController - GET : http://localhost/textmining/gene-disease-association_lumc/sparql
[API-REQUEST] 2016-06-30 15:19:51.141 [main] DataAccessorController - 
[INFO ] 2016-06-30 15:19:51.144 [main] DataAccessorController - Request to get dataset's distribution sparql
[INFO ] 2016-06-30 15:19:51.144 [main] DataAccessorController - GET : http://localhost/textmining/gene-disease-association_lumc/sparql
[API-REQUEST] 2016-06-30 15:19:51.145 [main] DataAccessorController - 
[INFO ] 2016-06-30 15:19:51.152 [main] DataAccessorController - Request to get dataset's distribution sparql
[INFO ] 2016-06-30 15:19:51.152 [main] DataAccessorController - GET : http://localhost/textmining/gene-disease-association_lumc/sparql
[API-REQUEST] 2016-06-30 15:19:51.153 [main] DataAccessorController - 
[INFO ] 2016-06-30 15:21:48.546 [main] RestApiTestContext - Inmemory triple store initialize for test
[INFO ] 2016-06-30 15:21:50.280 [main] RestApiTestContext - Inmemory triple store initialize for test
[INFO ] 2016-06-30 15:21:50.707 [main] RestApiTestContext - Inmemory triple store initialize for test
[INFO ] 2016-06-30 15:21:51.086 [main] RestApiTestContext - Inmemory triple store initialize for test
[INFO ] 2016-06-30 15:21:51.286 [main] MetadataController - Request to get DATASET metadata textmining
[INFO ] 2016-06-30 15:21:51.287 [main] MetadataController - GET : http://localhost/textmining/gene-disease-association_lumc
[API-REQUEST] 2016-06-30 15:21:51.288 [main] MetadataController - 
[INFO ] 2016-06-30 15:21:51.296 [main] MetadataController - Request to get CATALOG metadata textmining
[INFO ] 2016-06-30 15:21:51.296 [main] MetadataController - GET : http://localhost/textmining
[API-REQUEST] 2016-06-30 15:21:51.297 [main] MetadataController - 
[INFO ] 2016-06-30 15:21:51.299 [main] MetadataController - Request to get CATALOG metadata textmining
[INFO ] 2016-06-30 15:21:51.299 [main] MetadataController - GET : http://localhost/textmining
[API-REQUEST] 2016-06-30 15:21:51.299 [main] MetadataController - 
[INFO ] 2016-06-30 15:21:51.301 [main] MetadataController - Request to get DATASET metadata textmining
[INFO ] 2016-06-30 15:21:51.301 [main] MetadataController - GET : http://localhost/textmining/gene-disease-association_lumc
[API-REQUEST] 2016-06-30 15:21:51.302 [main] MetadataController - 
[INFO ] 2016-06-30 15:21:51.303 [main] MetadataController - Request to get DATASET metadata textmining
[INFO ] 2016-06-30 15:21:51.303 [main] MetadataController - GET : http://localhost/textmining/gene-disease-association_lumc
[API-REQUEST] 2016-06-30 15:21:51.304 [main] MetadataController - 
[INFO ] 2016-06-30 15:21:51.307 [main] MetadataController - Request to get DATASET metadata textmining
[INFO ] 2016-06-30 15:21:51.307 [main] MetadataController - GET : http://localhost/textmining/dumpy
[API-REQUEST] 2016-06-30 15:21:51.307 [main] MetadataController - 
[INFO ] 2016-06-30 15:21:51.310 [main] MetadataController - Request to get CATALOG metadata textmining
[INFO ] 2016-06-30 15:21:51.311 [main] MetadataController - GET : http://localhost/textmining
[API-REQUEST] 2016-06-30 15:21:51.312 [main] MetadataController - 
[INFO ] 2016-06-30 15:21:51.318 [main] MetadataController - Request to get CATALOG metadata textmining
[INFO ] 2016-06-30 15:21:51.318 [main] MetadataController - GET : http://localhost/textmining
[API-REQUEST] 2016-06-30 15:21:51.319 [main] MetadataController - 
[INFO ] 2016-06-30 15:21:51.321 [main] MetadataController - Request to get CATALOG metadata dumpy
[INFO ] 2016-06-30 15:21:51.322 [main] MetadataController - GET : http://localhost/dumpy
[API-REQUEST] 2016-06-30 15:21:51.322 [main] MetadataController - 
[INFO ] 2016-06-30 15:21:51.465 [main] RestApiTestContext - Inmemory triple store initialize for test
[INFO ] 2016-06-30 15:21:51.623 [main] DataAccessorController - Request to get dataset's distribution dummy
[INFO ] 2016-06-30 15:21:51.623 [main] DataAccessorController - GET : http://localhost/textmining/gene-disease-association_lumc/dummy
[API-REQUEST] 2016-06-30 15:21:51.624 [main] DataAccessorController - 
[INFO ] 2016-06-30 15:21:51.626 [main] DataAccessorController - Request to get dataset's distribution sparql
[INFO ] 2016-06-30 15:21:51.626 [main] DataAccessorController - GET : http://localhost/textmining/gene-disease-association_lumc/sparql
[API-REQUEST] 2016-06-30 15:21:51.627 [main] DataAccessorController - 
[INFO ] 2016-06-30 15:21:51.628 [main] DataAccessorController - Request to get dataset's distribution sparql
[INFO ] 2016-06-30 15:21:51.628 [main] DataAccessorController - GET : http://localhost/textmining/gene-disease-association_lumc/sparql
[API-REQUEST] 2016-06-30 15:21:51.629 [main] DataAccessorController - 
[INFO ] 2016-06-30 15:21:51.631 [main] DataAccessorController - Request to get dataset's distribution sparql
[INFO ] 2016-06-30 15:21:51.631 [main] DataAccessorController - GET : http://localhost/textmining/gene-disease-association_lumc/sparql
[API-REQUEST] 2016-06-30 15:21:51.632 [main] DataAccessorController - 
[INFO ] 2016-06-30 15:21:51.633 [main] DataAccessorController - Request to get dataset's distribution sparql
[INFO ] 2016-06-30 15:21:51.633 [main] DataAccessorController - GET : http://localhost/textmining/gene-disease-association_lumc/sparql
[API-REQUEST] 2016-06-30 15:21:51.634 [main] DataAccessorController - 
[INFO ] 2016-06-30 15:21:51.636 [main] DataAccessorController - Request to get dataset's distribution sparql
[INFO ] 2016-06-30 15:21:51.636 [main] DataAccessorController - GET : http://localhost/textmining/gene-disease-association_lumc/sparql
[API-REQUEST] 2016-06-30 15:21:51.636 [main] DataAccessorController - 
[INFO ] 2016-06-30 15:21:51.640 [main] DataAccessorController - Request to get dataset's distribution sparql
[INFO ] 2016-06-30 15:21:51.640 [main] DataAccessorController - GET : http://localhost/textmining/gene-disease-association_lumc/sparql
[API-REQUEST] 2016-06-30 15:21:51.641 [main] DataAccessorController - 
[INFO ] 2016-06-30 15:26:03.900 [main] RestApiTestContext - Inmemory triple store initialize for test
[INFO ] 2016-06-30 15:26:05.428 [main] RestApiTestContext - Inmemory triple store initialize for test
[INFO ] 2016-06-30 15:26:05.798 [main] RestApiTestContext - Inmemory triple store initialize for test
[INFO ] 2016-06-30 15:26:06.304 [main] RestApiTestContext - Inmemory triple store initialize for test
[INFO ] 2016-06-30 15:26:06.529 [main] MetadataController - Request to get DATASET metadata textmining
[INFO ] 2016-06-30 15:26:06.529 [main] MetadataController - GET : http://localhost/textmining/gene-disease-association_lumc
[API-REQUEST] 2016-06-30 15:26:06.531 [main] MetadataController - 
[INFO ] 2016-06-30 15:26:06.540 [main] MetadataController - Request to get CATALOG metadata textmining
[INFO ] 2016-06-30 15:26:06.541 [main] MetadataController - GET : http://localhost/textmining
[API-REQUEST] 2016-06-30 15:26:06.541 [main] MetadataController - 
[INFO ] 2016-06-30 15:26:06.543 [main] MetadataController - Request to get CATALOG metadata textmining
[INFO ] 2016-06-30 15:26:06.543 [main] MetadataController - GET : http://localhost/textmining
[API-REQUEST] 2016-06-30 15:26:06.544 [main] MetadataController - 
[INFO ] 2016-06-30 15:26:06.546 [main] MetadataController - Request to get DATASET metadata textmining
[INFO ] 2016-06-30 15:26:06.546 [main] MetadataController - GET : http://localhost/textmining/gene-disease-association_lumc
[API-REQUEST] 2016-06-30 15:26:06.547 [main] MetadataController - 
[INFO ] 2016-06-30 15:26:06.548 [main] MetadataController - Request to get DATASET metadata textmining
[INFO ] 2016-06-30 15:26:06.549 [main] MetadataController - GET : http://localhost/textmining/gene-disease-association_lumc
[API-REQUEST] 2016-06-30 15:26:06.549 [main] MetadataController - 
[INFO ] 2016-06-30 15:26:06.553 [main] MetadataController - Request to get DATASET metadata textmining
[INFO ] 2016-06-30 15:26:06.553 [main] MetadataController - GET : http://localhost/textmining/dumpy
[API-REQUEST] 2016-06-30 15:26:06.553 [main] MetadataController - 
[INFO ] 2016-06-30 15:26:06.556 [main] MetadataController - Request to get CATALOG metadata textmining
[INFO ] 2016-06-30 15:26:06.556 [main] MetadataController - GET : http://localhost/textmining
[API-REQUEST] 2016-06-30 15:26:06.556 [main] MetadataController - 
[INFO ] 2016-06-30 15:26:06.563 [main] MetadataController - Request to get CATALOG metadata textmining
[INFO ] 2016-06-30 15:26:06.563 [main] MetadataController - GET : http://localhost/textmining
[API-REQUEST] 2016-06-30 15:26:06.563 [main] MetadataController - 
[INFO ] 2016-06-30 15:26:06.566 [main] MetadataController - Request to get CATALOG metadata dumpy
[INFO ] 2016-06-30 15:26:06.567 [main] MetadataController - GET : http://localhost/dumpy
[API-REQUEST] 2016-06-30 15:26:06.567 [main] MetadataController - 
[INFO ] 2016-06-30 15:26:06.722 [main] RestApiTestContext - Inmemory triple store initialize for test
[INFO ] 2016-06-30 15:26:06.905 [main] DataAccessorController - Request to get dataset's distribution dummy
[INFO ] 2016-06-30 15:26:06.905 [main] DataAccessorController - GET : http://localhost/textmining/gene-disease-association_lumc/dummy
[API-REQUEST] 2016-06-30 15:26:06.905 [main] DataAccessorController - 
[INFO ] 2016-06-30 15:26:06.909 [main] DataAccessorController - Request to get dataset's distribution sparql
[INFO ] 2016-06-30 15:26:06.909 [main] DataAccessorController - GET : http://localhost/textmining/gene-disease-association_lumc/sparql
[API-REQUEST] 2016-06-30 15:26:06.910 [main] DataAccessorController - 
[INFO ] 2016-06-30 15:26:06.912 [main] DataAccessorController - Request to get dataset's distribution sparql
[INFO ] 2016-06-30 15:26:06.912 [main] DataAccessorController - GET : http://localhost/textmining/gene-disease-association_lumc/sparql
[API-REQUEST] 2016-06-30 15:26:06.913 [main] DataAccessorController - 
[INFO ] 2016-06-30 15:26:06.915 [main] DataAccessorController - Request to get dataset's distribution sparql
[INFO ] 2016-06-30 15:26:06.915 [main] DataAccessorController - GET : http://localhost/textmining/gene-disease-association_lumc/sparql
[API-REQUEST] 2016-06-30 15:26:06.915 [main] DataAccessorController - 
[INFO ] 2016-06-30 15:26:06.917 [main] DataAccessorController - Request to get dataset's distribution sparql
[INFO ] 2016-06-30 15:26:06.917 [main] DataAccessorController - GET : http://localhost/textmining/gene-disease-association_lumc/sparql
[API-REQUEST] 2016-06-30 15:26:06.918 [main] DataAccessorController - 
[INFO ] 2016-06-30 15:26:06.921 [main] DataAccessorController - Request to get dataset's distribution sparql
[INFO ] 2016-06-30 15:26:06.921 [main] DataAccessorController - GET : http://localhost/textmining/gene-disease-association_lumc/sparql
[API-REQUEST] 2016-06-30 15:26:06.922 [main] DataAccessorController - 
[INFO ] 2016-06-30 15:26:06.928 [main] DataAccessorController - Request to get dataset's distribution sparql
[INFO ] 2016-06-30 15:26:06.928 [main] DataAccessorController - GET : http://localhost/textmining/gene-disease-association_lumc/sparql
[API-REQUEST] 2016-06-30 15:26:06.929 [main] DataAccessorController - 
[INFO ] 2016-06-30 15:28:13.066 [main] RestApiTestContext - Inmemory triple store initialize for test
[INFO ] 2016-06-30 15:28:14.697 [main] RestApiTestContext - Inmemory triple store initialize for test
[INFO ] 2016-06-30 15:28:15.103 [main] RestApiTestContext - Inmemory triple store initialize for test
[INFO ] 2016-06-30 15:28:15.488 [main] RestApiTestContext - Inmemory triple store initialize for test
[INFO ] 2016-06-30 15:28:15.695 [main] MetadataController - Request to get DATASET metadata textmining
[INFO ] 2016-06-30 15:28:15.696 [main] MetadataController - GET : http://localhost/textmining/gene-disease-association_lumc
[API-REQUEST] 2016-06-30 15:28:15.699 [main] MetadataController - 
[INFO ] 2016-06-30 15:28:15.712 [main] MetadataController - Request to get CATALOG metadata textmining
[INFO ] 2016-06-30 15:28:15.712 [main] MetadataController - GET : http://localhost/textmining
[API-REQUEST] 2016-06-30 15:28:15.713 [main] MetadataController - 
[INFO ] 2016-06-30 15:28:15.716 [main] MetadataController - Request to get CATALOG metadata textmining
[INFO ] 2016-06-30 15:28:15.716 [main] MetadataController - GET : http://localhost/textmining
[API-REQUEST] 2016-06-30 15:28:15.716 [main] MetadataController - 
[INFO ] 2016-06-30 15:28:15.718 [main] MetadataController - Request to get DATASET metadata textmining
[INFO ] 2016-06-30 15:28:15.719 [main] MetadataController - GET : http://localhost/textmining/gene-disease-association_lumc
[API-REQUEST] 2016-06-30 15:28:15.719 [main] MetadataController - 
[INFO ] 2016-06-30 15:28:15.722 [main] MetadataController - Request to get DATASET metadata textmining
[INFO ] 2016-06-30 15:28:15.722 [main] MetadataController - GET : http://localhost/textmining/gene-disease-association_lumc
[API-REQUEST] 2016-06-30 15:28:15.722 [main] MetadataController - 
[INFO ] 2016-06-30 15:28:15.726 [main] MetadataController - Request to get DATASET metadata textmining
[INFO ] 2016-06-30 15:28:15.726 [main] MetadataController - GET : http://localhost/textmining/dumpy
[API-REQUEST] 2016-06-30 15:28:15.727 [main] MetadataController - 
[INFO ] 2016-06-30 15:28:15.730 [main] MetadataController - Request to get CATALOG metadata textmining
[INFO ] 2016-06-30 15:28:15.730 [main] MetadataController - GET : http://localhost/textmining
[API-REQUEST] 2016-06-30 15:28:15.730 [main] MetadataController - 
[INFO ] 2016-06-30 15:28:15.736 [main] MetadataController - Request to get CATALOG metadata textmining
[INFO ] 2016-06-30 15:28:15.736 [main] MetadataController - GET : http://localhost/textmining
[API-REQUEST] 2016-06-30 15:28:15.737 [main] MetadataController - 
[INFO ] 2016-06-30 15:28:15.740 [main] MetadataController - Request to get CATALOG metadata dumpy
[INFO ] 2016-06-30 15:28:15.740 [main] MetadataController - GET : http://localhost/dumpy
[API-REQUEST] 2016-06-30 15:28:15.741 [main] MetadataController - 
[INFO ] 2016-06-30 15:28:15.908 [main] RestApiTestContext - Inmemory triple store initialize for test
[INFO ] 2016-06-30 15:28:16.150 [main] DataAccessorController - Request to get dataset's distribution dummy
[INFO ] 2016-06-30 15:28:16.150 [main] DataAccessorController - GET : http://localhost/textmining/gene-disease-association_lumc/dummy
[API-REQUEST] 2016-06-30 15:28:16.151 [main] DataAccessorController - 
[INFO ] 2016-06-30 15:28:16.153 [main] DataAccessorController - Request to get dataset's distribution sparql
[INFO ] 2016-06-30 15:28:16.153 [main] DataAccessorController - GET : http://localhost/textmining/gene-disease-association_lumc/sparql
[API-REQUEST] 2016-06-30 15:28:16.154 [main] DataAccessorController - 
[INFO ] 2016-06-30 15:28:16.156 [main] DataAccessorController - Request to get dataset's distribution sparql
[INFO ] 2016-06-30 15:28:16.156 [main] DataAccessorController - GET : http://localhost/textmining/gene-disease-association_lumc/sparql
[API-REQUEST] 2016-06-30 15:28:16.156 [main] DataAccessorController - 
[INFO ] 2016-06-30 15:28:16.158 [main] DataAccessorController - Request to get dataset's distribution sparql
[INFO ] 2016-06-30 15:28:16.158 [main] DataAccessorController - GET : http://localhost/textmining/gene-disease-association_lumc/sparql
[API-REQUEST] 2016-06-30 15:28:16.158 [main] DataAccessorController - 
[INFO ] 2016-06-30 15:28:16.159 [main] DataAccessorController - Request to get dataset's distribution sparql
[INFO ] 2016-06-30 15:28:16.159 [main] DataAccessorController - GET : http://localhost/textmining/gene-disease-association_lumc/sparql
[API-REQUEST] 2016-06-30 15:28:16.160 [main] DataAccessorController - 
[INFO ] 2016-06-30 15:28:16.162 [main] DataAccessorController - Request to get dataset's distribution sparql
[INFO ] 2016-06-30 15:28:16.162 [main] DataAccessorController - GET : http://localhost/textmining/gene-disease-association_lumc/sparql
[API-REQUEST] 2016-06-30 15:28:16.162 [main] DataAccessorController - 
[INFO ] 2016-06-30 15:28:16.167 [main] DataAccessorController - Request to get dataset's distribution sparql
[INFO ] 2016-06-30 15:28:16.167 [main] DataAccessorController - GET : http://localhost/textmining/gene-disease-association_lumc/sparql
[API-REQUEST] 2016-06-30 15:28:16.167 [main] DataAccessorController - 
[INFO ] 2016-06-30 15:30:31.538 [main] RestApiTestContext - Inmemory triple store initialize for test
[INFO ] 2016-06-30 15:30:33.081 [main] RestApiTestContext - Inmemory triple store initialize for test
[INFO ] 2016-06-30 15:30:33.540 [main] RestApiTestContext - Inmemory triple store initialize for test
[INFO ] 2016-06-30 15:30:34.028 [main] RestApiTestContext - Inmemory triple store initialize for test
[INFO ] 2016-06-30 15:30:34.328 [main] MetadataController - Request to get DATASET metadata textmining
[INFO ] 2016-06-30 15:30:34.328 [main] MetadataController - GET : http://localhost/textmining/gene-disease-association_lumc
[API-REQUEST] 2016-06-30 15:30:34.330 [main] MetadataController - 
[INFO ] 2016-06-30 15:30:34.344 [main] MetadataController - Request to get CATALOG metadata textmining
[INFO ] 2016-06-30 15:30:34.345 [main] MetadataController - GET : http://localhost/textmining
[API-REQUEST] 2016-06-30 15:30:34.345 [main] MetadataController - 
[INFO ] 2016-06-30 15:30:34.347 [main] MetadataController - Request to get CATALOG metadata textmining
[INFO ] 2016-06-30 15:30:34.348 [main] MetadataController - GET : http://localhost/textmining
[API-REQUEST] 2016-06-30 15:30:34.348 [main] MetadataController - 
[INFO ] 2016-06-30 15:30:34.350 [main] MetadataController - Request to get DATASET metadata textmining
[INFO ] 2016-06-30 15:30:34.351 [main] MetadataController - GET : http://localhost/textmining/gene-disease-association_lumc
[API-REQUEST] 2016-06-30 15:30:34.351 [main] MetadataController - 
[INFO ] 2016-06-30 15:30:34.353 [main] MetadataController - Request to get DATASET metadata textmining
[INFO ] 2016-06-30 15:30:34.354 [main] MetadataController - GET : http://localhost/textmining/gene-disease-association_lumc
[API-REQUEST] 2016-06-30 15:30:34.355 [main] MetadataController - 
[INFO ] 2016-06-30 15:30:34.358 [main] MetadataController - Request to get DATASET metadata textmining
[INFO ] 2016-06-30 15:30:34.358 [main] MetadataController - GET : http://localhost/textmining/dumpy
[API-REQUEST] 2016-06-30 15:30:34.359 [main] MetadataController - 
[INFO ] 2016-06-30 15:30:34.361 [main] MetadataController - Request to get CATALOG metadata textmining
[INFO ] 2016-06-30 15:30:34.361 [main] MetadataController - GET : http://localhost/textmining
[API-REQUEST] 2016-06-30 15:30:34.362 [main] MetadataController - 
[INFO ] 2016-06-30 15:30:34.374 [main] MetadataController - Request to get CATALOG metadata textmining
[INFO ] 2016-06-30 15:30:34.374 [main] MetadataController - GET : http://localhost/textmining
[API-REQUEST] 2016-06-30 15:30:34.375 [main] MetadataController - 
[INFO ] 2016-06-30 15:30:34.378 [main] MetadataController - Request to get CATALOG metadata dumpy
[INFO ] 2016-06-30 15:30:34.378 [main] MetadataController - GET : http://localhost/dumpy
[API-REQUEST] 2016-06-30 15:30:34.379 [main] MetadataController - 
[INFO ] 2016-06-30 15:30:34.532 [main] RestApiTestContext - Inmemory triple store initialize for test
[INFO ] 2016-06-30 15:30:34.714 [main] DataAccessorController - Request to get dataset's distribution dummy
[INFO ] 2016-06-30 15:30:34.714 [main] DataAccessorController - GET : http://localhost/textmining/gene-disease-association_lumc/dummy
[API-REQUEST] 2016-06-30 15:30:34.715 [main] DataAccessorController - 
[INFO ] 2016-06-30 15:30:34.717 [main] DataAccessorController - Request to get dataset's distribution sparql
[INFO ] 2016-06-30 15:30:34.717 [main] DataAccessorController - GET : http://localhost/textmining/gene-disease-association_lumc/sparql
[API-REQUEST] 2016-06-30 15:30:34.717 [main] DataAccessorController - 
[INFO ] 2016-06-30 15:30:34.719 [main] DataAccessorController - Request to get dataset's distribution sparql
[INFO ] 2016-06-30 15:30:34.719 [main] DataAccessorController - GET : http://localhost/textmining/gene-disease-association_lumc/sparql
[API-REQUEST] 2016-06-30 15:30:34.719 [main] DataAccessorController - 
[INFO ] 2016-06-30 15:30:34.720 [main] DataAccessorController - Request to get dataset's distribution sparql
[INFO ] 2016-06-30 15:30:34.720 [main] DataAccessorController - GET : http://localhost/textmining/gene-disease-association_lumc/sparql
[API-REQUEST] 2016-06-30 15:30:34.721 [main] DataAccessorController - 
[INFO ] 2016-06-30 15:30:34.722 [main] DataAccessorController - Request to get dataset's distribution sparql
[INFO ] 2016-06-30 15:30:34.723 [main] DataAccessorController - GET : http://localhost/textmining/gene-disease-association_lumc/sparql
[API-REQUEST] 2016-06-30 15:30:34.723 [main] DataAccessorController - 
[INFO ] 2016-06-30 15:30:34.726 [main] DataAccessorController - Request to get dataset's distribution sparql
[INFO ] 2016-06-30 15:30:34.726 [main] DataAccessorController - GET : http://localhost/textmining/gene-disease-association_lumc/sparql
[API-REQUEST] 2016-06-30 15:30:34.727 [main] DataAccessorController - 
[INFO ] 2016-06-30 15:30:34.731 [main] DataAccessorController - Request to get dataset's distribution sparql
[INFO ] 2016-06-30 15:30:34.731 [main] DataAccessorController - GET : http://localhost/textmining/gene-disease-association_lumc/sparql
[API-REQUEST] 2016-06-30 15:30:34.732 [main] DataAccessorController - 
[INFO ] 2016-06-30 15:36:54.983 [main] RestApiTestContext - Inmemory triple store initialize for test
[INFO ] 2016-06-30 15:36:56.509 [main] RestApiTestContext - Inmemory triple store initialize for test
[INFO ] 2016-06-30 15:36:56.890 [main] RestApiTestContext - Inmemory triple store initialize for test
[INFO ] 2016-06-30 15:36:57.374 [main] RestApiTestContext - Inmemory triple store initialize for test
[INFO ] 2016-06-30 15:36:57.615 [main] MetadataController - Request to get DATASET metadata textmining
[INFO ] 2016-06-30 15:36:57.615 [main] MetadataController - GET : http://localhost/textmining/gene-disease-association_lumc
[API-REQUEST] 2016-06-30 15:36:57.617 [main] MetadataController - 
[INFO ] 2016-06-30 15:36:57.630 [main] MetadataController - Request to get CATALOG metadata textmining
[INFO ] 2016-06-30 15:36:57.630 [main] MetadataController - GET : http://localhost/textmining
[API-REQUEST] 2016-06-30 15:36:57.631 [main] MetadataController - 
[INFO ] 2016-06-30 15:36:57.633 [main] MetadataController - Request to get CATALOG metadata textmining
[INFO ] 2016-06-30 15:36:57.633 [main] MetadataController - GET : http://localhost/textmining
[API-REQUEST] 2016-06-30 15:36:57.633 [main] MetadataController - 
[INFO ] 2016-06-30 15:36:57.635 [main] MetadataController - Request to get DATASET metadata textmining
[INFO ] 2016-06-30 15:36:57.635 [main] MetadataController - GET : http://localhost/textmining/gene-disease-association_lumc
[API-REQUEST] 2016-06-30 15:36:57.636 [main] MetadataController - 
[INFO ] 2016-06-30 15:36:57.638 [main] MetadataController - Request to get DATASET metadata textmining
[INFO ] 2016-06-30 15:36:57.638 [main] MetadataController - GET : http://localhost/textmining/gene-disease-association_lumc
[API-REQUEST] 2016-06-30 15:36:57.638 [main] MetadataController - 
[INFO ] 2016-06-30 15:36:57.642 [main] MetadataController - Request to get DATASET metadata textmining
[INFO ] 2016-06-30 15:36:57.642 [main] MetadataController - GET : http://localhost/textmining/dumpy
[API-REQUEST] 2016-06-30 15:36:57.642 [main] MetadataController - 
[INFO ] 2016-06-30 15:36:57.647 [main] MetadataController - Request to get CATALOG metadata textmining
[INFO ] 2016-06-30 15:36:57.647 [main] MetadataController - GET : http://localhost/textmining
[API-REQUEST] 2016-06-30 15:36:57.647 [main] MetadataController - 
[INFO ] 2016-06-30 15:36:57.654 [main] MetadataController - Request to get CATALOG metadata textmining
[INFO ] 2016-06-30 15:36:57.655 [main] MetadataController - GET : http://localhost/textmining
[API-REQUEST] 2016-06-30 15:36:57.655 [main] MetadataController - 
[INFO ] 2016-06-30 15:36:57.659 [main] MetadataController - Request to get CATALOG metadata dumpy
[INFO ] 2016-06-30 15:36:57.659 [main] MetadataController - GET : http://localhost/dumpy
[API-REQUEST] 2016-06-30 15:36:57.660 [main] MetadataController - 
[INFO ] 2016-06-30 15:36:57.813 [main] RestApiTestContext - Inmemory triple store initialize for test
[INFO ] 2016-06-30 15:36:58.113 [main] DataAccessorController - Request to get dataset's distribution dummy
[INFO ] 2016-06-30 15:36:58.114 [main] DataAccessorController - GET : http://localhost/textmining/gene-disease-association_lumc/dummy
[API-REQUEST] 2016-06-30 15:36:58.115 [main] DataAccessorController - 
[INFO ] 2016-06-30 15:36:58.118 [main] DataAccessorController - Request to get dataset's distribution sparql
[INFO ] 2016-06-30 15:36:58.120 [main] DataAccessorController - GET : http://localhost/textmining/gene-disease-association_lumc/sparql
[API-REQUEST] 2016-06-30 15:36:58.121 [main] DataAccessorController - 
[INFO ] 2016-06-30 15:36:58.124 [main] DataAccessorController - Request to get dataset's distribution sparql
[INFO ] 2016-06-30 15:36:58.125 [main] DataAccessorController - GET : http://localhost/textmining/gene-disease-association_lumc/sparql
[API-REQUEST] 2016-06-30 15:36:58.126 [main] DataAccessorController - 
[INFO ] 2016-06-30 15:36:58.130 [main] DataAccessorController - Request to get dataset's distribution sparql
[INFO ] 2016-06-30 15:36:58.131 [main] DataAccessorController - GET : http://localhost/textmining/gene-disease-association_lumc/sparql
[API-REQUEST] 2016-06-30 15:36:58.136 [main] DataAccessorController - 
[INFO ] 2016-06-30 15:36:58.139 [main] DataAccessorController - Request to get dataset's distribution sparql
[INFO ] 2016-06-30 15:36:58.140 [main] DataAccessorController - GET : http://localhost/textmining/gene-disease-association_lumc/sparql
[API-REQUEST] 2016-06-30 15:36:58.145 [main] DataAccessorController - 
[INFO ] 2016-06-30 15:36:58.148 [main] DataAccessorController - Request to get dataset's distribution sparql
[INFO ] 2016-06-30 15:36:58.149 [main] DataAccessorController - GET : http://localhost/textmining/gene-disease-association_lumc/sparql
[API-REQUEST] 2016-06-30 15:36:58.151 [main] DataAccessorController - 
[INFO ] 2016-06-30 15:36:58.158 [main] DataAccessorController - Request to get dataset's distribution sparql
[INFO ] 2016-06-30 15:36:58.159 [main] DataAccessorController - GET : http://localhost/textmining/gene-disease-association_lumc/sparql
[API-REQUEST] 2016-06-30 15:36:58.160 [main] DataAccessorController - 
[INFO ] 2016-06-30 15:41:58.483 [main] RestApiTestContext - Inmemory triple store initialize for test
[INFO ] 2016-06-30 15:41:58.854 [main] RestApiTestContext - Inmemory triple store initialize for test
[INFO ] 2016-06-30 15:41:59.059 [main] RestApiTestContext - Inmemory triple store initialize for test
[INFO ] 2016-06-30 15:41:59.324 [main] RestApiTestContext - Inmemory triple store initialize for test
[INFO ] 2016-06-30 15:41:59.475 [main] RestApiTestContext - Inmemory triple store initialize for test
[INFO ] 2016-06-30 15:41:59.656 [main] RestApiTestContext - Inmemory triple store initialize for test
[INFO ] 2016-06-30 15:41:59.800 [main] RestApiTestContext - Inmemory triple store initialize for test
[INFO ] 2016-06-30 15:41:59.943 [main] RestApiTestContext - Inmemory triple store initialize for test
[INFO ] 2016-06-30 15:42:00.079 [main] RestApiTestContext - Inmemory triple store initialize for test
[INFO ] 2016-06-30 15:42:00.284 [main] RestApiTestContext - Inmemory triple store initialize for test
[INFO ] 2016-06-30 15:42:00.474 [main] RestApiTestContext - Inmemory triple store initialize for test
[INFO ] 2016-06-30 15:42:00.677 [main] RestApiTestContext - Inmemory triple store initialize for test
[INFO ] 2016-06-30 15:42:00.952 [main] RestApiTestContext - Inmemory triple store initialize for test
[INFO ] 2016-06-30 15:42:01.170 [main] RestApiTestContext - Inmemory triple store initialize for test
[INFO ] 2016-06-30 15:42:01.394 [main] RestApiTestContext - Inmemory triple store initialize for test
[INFO ] 2016-06-30 15:42:01.657 [main] RestApiTestContext - Inmemory triple store initialize for test
[INFO ] 2016-06-30 15:42:01.900 [main] RestApiTestContext - Inmemory triple store initialize for test
[INFO ] 2016-06-30 15:42:02.184 [main] RestApiTestContext - Inmemory triple store initialize for test
[INFO ] 2016-06-30 15:42:02.456 [main] RestApiTestContext - Inmemory triple store initialize for test
[INFO ] 2016-06-30 15:42:02.677 [main] RestApiTestContext - Inmemory triple store initialize for test
[INFO ] 2016-06-30 15:42:02.913 [main] RestApiTestContext - Inmemory triple store initialize for test
[INFO ] 2016-06-30 15:42:03.127 [main] RestApiTestContext - Inmemory triple store initialize for test
[INFO ] 2016-06-30 15:42:03.433 [main] RestApiTestContext - Inmemory triple store initialize for test
[INFO ] 2016-06-30 15:42:03.641 [main] RestApiTestContext - Inmemory triple store initialize for test
[INFO ] 2016-06-30 15:42:03.826 [main] RestApiTestContext - Inmemory triple store initialize for test
[INFO ] 2016-06-30 15:42:04.000 [main] RestApiTestContext - Inmemory triple store initialize for test
[INFO ] 2016-06-30 15:42:04.150 [main] RestApiTestContext - Inmemory triple store initialize for test
[INFO ] 2016-06-30 15:42:04.332 [main] RestApiTestContext - Inmemory triple store initialize for test
[INFO ] 2016-06-30 15:42:04.549 [main] RestApiTestContext - Inmemory triple store initialize for test
[INFO ] 2016-06-30 15:42:04.814 [main] RestApiTestContext - Inmemory triple store initialize for test
[INFO ] 2016-06-30 15:42:04.995 [main] RestApiTestContext - Inmemory triple store initialize for test
[INFO ] 2016-06-30 15:42:05.221 [main] RestApiTestContext - Inmemory triple store initialize for test
[INFO ] 2016-06-30 15:42:05.449 [main] RestApiTestContext - Inmemory triple store initialize for test
[INFO ] 2016-06-30 15:42:08.080 [main] RestApiTestContext - Inmemory triple store initialize for test
[INFO ] 2016-06-30 15:42:08.422 [main] RestApiTestContext - Inmemory triple store initialize for test
[INFO ] 2016-06-30 15:42:08.619 [main] RestApiTestContext - Inmemory triple store initialize for test
[INFO ] 2016-06-30 15:42:08.796 [main] RestApiTestContext - Inmemory triple store initialize for test
[INFO ] 2016-06-30 15:42:08.943 [main] RestApiTestContext - Inmemory triple store initialize for test
[INFO ] 2016-06-30 15:42:09.164 [main] RestApiTestContext - Inmemory triple store initialize for test
[INFO ] 2016-06-30 15:42:09.315 [main] RestApiTestContext - Inmemory triple store initialize for test
[INFO ] 2016-06-30 15:42:09.454 [main] RestApiTestContext - Inmemory triple store initialize for test
[INFO ] 2016-06-30 15:42:09.585 [main] RestApiTestContext - Inmemory triple store initialize for test
[INFO ] 2016-06-30 15:42:09.796 [main] RestApiTestContext - Inmemory triple store initialize for test
[INFO ] 2016-06-30 15:42:09.964 [main] RestApiTestContext - Inmemory triple store initialize for test
[INFO ] 2016-06-30 15:42:10.152 [main] RestApiTestContext - Inmemory triple store initialize for test
[INFO ] 2016-06-30 15:42:10.317 [main] RestApiTestContext - Inmemory triple store initialize for test
[INFO ] 2016-06-30 15:42:10.433 [main] RestApiTestContext - Inmemory triple store initialize for test
[INFO ] 2016-06-30 15:42:10.559 [main] RestApiTestContext - Inmemory triple store initialize for test
[INFO ] 2016-06-30 15:42:10.689 [main] RestApiTestContext - Inmemory triple store initialize for test
[INFO ] 2016-06-30 15:42:10.807 [main] RestApiTestContext - Inmemory triple store initialize for test
[INFO ] 2016-06-30 15:42:10.962 [main] RestApiTestContext - Inmemory triple store initialize for test
[INFO ] 2016-06-30 15:42:11.126 [main] RestApiTestContext - Inmemory triple store initialize for test
[INFO ] 2016-06-30 15:42:11.302 [main] RestApiTestContext - Inmemory triple store initialize for test
[INFO ] 2016-06-30 15:42:11.471 [main] RestApiTestContext - Inmemory triple store initialize for test
[INFO ] 2016-06-30 15:42:11.631 [main] RestApiTestContext - Inmemory triple store initialize for test
[INFO ] 2016-06-30 15:42:11.887 [main] RestApiTestContext - Inmemory triple store initialize for test
[INFO ] 2016-06-30 15:42:12.040 [main] RestApiTestContext - Inmemory triple store initialize for test
[INFO ] 2016-06-30 15:42:12.183 [main] RestApiTestContext - Inmemory triple store initialize for test
[INFO ] 2016-06-30 15:42:12.319 [main] RestApiTestContext - Inmemory triple store initialize for test
[INFO ] 2016-06-30 15:42:12.426 [main] RestApiTestContext - Inmemory triple store initialize for test
[INFO ] 2016-06-30 15:42:12.551 [main] RestApiTestContext - Inmemory triple store initialize for test
[INFO ] 2016-06-30 15:42:12.696 [main] RestApiTestContext - Inmemory triple store initialize for test
[INFO ] 2016-06-30 15:42:12.806 [main] RestApiTestContext - Inmemory triple store initialize for test
[INFO ] 2016-06-30 15:42:12.895 [main] RestApiTestContext - Inmemory triple store initialize for test
[INFO ] 2016-06-30 15:42:12.986 [main] RestApiTestContext - Inmemory triple store initialize for test
[INFO ] 2016-06-30 15:42:13.078 [main] RestApiTestContext - Inmemory triple store initialize for test
[INFO ] 2016-06-30 15:45:25.698 [main] RestApiTestContext - Inmemory triple store initialize for test
[INFO ] 2016-06-30 15:45:27.279 [main] RestApiTestContext - Inmemory triple store initialize for test
[INFO ] 2016-06-30 15:45:27.634 [main] RestApiTestContext - Inmemory triple store initialize for test
[INFO ] 2016-06-30 15:45:28.005 [main] RestApiTestContext - Inmemory triple store initialize for test
[INFO ] 2016-06-30 15:45:28.189 [main] MetadataController - Request to get DATASET metadata textmining
[INFO ] 2016-06-30 15:45:28.189 [main] MetadataController - GET : http://localhost/textmining/gene-disease-association_lumc
[API-REQUEST] 2016-06-30 15:45:28.191 [main] MetadataController - 
[INFO ] 2016-06-30 15:45:28.199 [main] MetadataController - Request to get CATALOG metadata textmining
[INFO ] 2016-06-30 15:45:28.200 [main] MetadataController - GET : http://localhost/textmining
[API-REQUEST] 2016-06-30 15:45:28.201 [main] MetadataController - 
[INFO ] 2016-06-30 15:45:28.205 [main] MetadataController - Request to get CATALOG metadata textmining
[INFO ] 2016-06-30 15:45:28.205 [main] MetadataController - GET : http://localhost/textmining
[API-REQUEST] 2016-06-30 15:45:28.206 [main] MetadataController - 
[INFO ] 2016-06-30 15:45:28.208 [main] MetadataController - Request to get DATASET metadata textmining
[INFO ] 2016-06-30 15:45:28.209 [main] MetadataController - GET : http://localhost/textmining/gene-disease-association_lumc
[API-REQUEST] 2016-06-30 15:45:28.209 [main] MetadataController - 
[INFO ] 2016-06-30 15:45:28.211 [main] MetadataController - Request to get DATASET metadata textmining
[INFO ] 2016-06-30 15:45:28.211 [main] MetadataController - GET : http://localhost/textmining/gene-disease-association_lumc
[API-REQUEST] 2016-06-30 15:45:28.212 [main] MetadataController - 
[INFO ] 2016-06-30 15:45:28.216 [main] MetadataController - Request to get DATASET metadata textmining
[INFO ] 2016-06-30 15:45:28.216 [main] MetadataController - GET : http://localhost/textmining/dumpy
[API-REQUEST] 2016-06-30 15:45:28.216 [main] MetadataController - 
[INFO ] 2016-06-30 15:45:28.219 [main] MetadataController - Request to get CATALOG metadata textmining
[INFO ] 2016-06-30 15:45:28.219 [main] MetadataController - GET : http://localhost/textmining
[API-REQUEST] 2016-06-30 15:45:28.219 [main] MetadataController - 
[INFO ] 2016-06-30 15:45:28.225 [main] MetadataController - Request to get CATALOG metadata textmining
[INFO ] 2016-06-30 15:45:28.226 [main] MetadataController - GET : http://localhost/textmining
[API-REQUEST] 2016-06-30 15:45:28.226 [main] MetadataController - 
[INFO ] 2016-06-30 15:45:28.229 [main] MetadataController - Request to get CATALOG metadata dumpy
[INFO ] 2016-06-30 15:45:28.229 [main] MetadataController - GET : http://localhost/dumpy
[API-REQUEST] 2016-06-30 15:45:28.230 [main] MetadataController - 
[INFO ] 2016-06-30 15:45:28.347 [main] RestApiTestContext - Inmemory triple store initialize for test
[INFO ] 2016-06-30 15:45:28.487 [main] DataAccessorController - Request to get dataset's distribution dummy
[INFO ] 2016-06-30 15:45:28.487 [main] DataAccessorController - GET : http://localhost/textmining/gene-disease-association_lumc/dummy
[API-REQUEST] 2016-06-30 15:45:28.488 [main] DataAccessorController - 
[INFO ] 2016-06-30 15:45:28.490 [main] DataAccessorController - Request to get dataset's distribution sparql
[INFO ] 2016-06-30 15:45:28.491 [main] DataAccessorController - GET : http://localhost/textmining/gene-disease-association_lumc/sparql
[API-REQUEST] 2016-06-30 15:45:28.491 [main] DataAccessorController - 
[INFO ] 2016-06-30 15:45:28.493 [main] DataAccessorController - Request to get dataset's distribution sparql
[INFO ] 2016-06-30 15:45:28.493 [main] DataAccessorController - GET : http://localhost/textmining/gene-disease-association_lumc/sparql
[API-REQUEST] 2016-06-30 15:45:28.493 [main] DataAccessorController - 
[INFO ] 2016-06-30 15:45:28.495 [main] DataAccessorController - Request to get dataset's distribution sparql
[INFO ] 2016-06-30 15:45:28.495 [main] DataAccessorController - GET : http://localhost/textmining/gene-disease-association_lumc/sparql
[API-REQUEST] 2016-06-30 15:45:28.495 [main] DataAccessorController - 
[INFO ] 2016-06-30 15:45:28.497 [main] DataAccessorController - Request to get dataset's distribution sparql
[INFO ] 2016-06-30 15:45:28.497 [main] DataAccessorController - GET : http://localhost/textmining/gene-disease-association_lumc/sparql
[API-REQUEST] 2016-06-30 15:45:28.497 [main] DataAccessorController - 
[INFO ] 2016-06-30 15:45:28.500 [main] DataAccessorController - Request to get dataset's distribution sparql
[INFO ] 2016-06-30 15:45:28.500 [main] DataAccessorController - GET : http://localhost/textmining/gene-disease-association_lumc/sparql
[API-REQUEST] 2016-06-30 15:45:28.501 [main] DataAccessorController - 
[INFO ] 2016-06-30 15:45:28.505 [main] DataAccessorController - Request to get dataset's distribution sparql
[INFO ] 2016-06-30 15:45:28.506 [main] DataAccessorController - GET : http://localhost/textmining/gene-disease-association_lumc/sparql
[API-REQUEST] 2016-06-30 15:45:28.506 [main] DataAccessorController - 
