[INFO ] 2016-05-25 20:01:54.699 [main] RestApiTestContext - Inmemory triple store initialize for test
[INFO ] 2016-05-25 20:01:59.235 [main] RestApiTestContext - Inmemory triple store initialize for test
[INFO ] 2016-05-25 20:01:59.854 [main] RestApiTestContext - Inmemory triple store initialize for test
[INFO ] 2016-05-25 20:02:00.270 [main] RestApiTestContext - Inmemory triple store initialize for test
[INFO ] 2016-05-25 20:02:00.500 [main] MetadataController - Request to get DATASET metadata textmining
[INFO ] 2016-05-25 20:02:00.500 [main] MetadataController - GET : http://localhost/textmining/gene-disease-association_lumc
[API-REQUEST] 2016-05-25 20:02:00.501 [main] MetadataController - 
[INFO ] 2016-05-25 20:02:00.511 [main] MetadataController - Request to get CATALOG metadata textmining
[INFO ] 2016-05-25 20:02:00.511 [main] MetadataController - GET : http://localhost/textmining
[API-REQUEST] 2016-05-25 20:02:00.512 [main] MetadataController - 
[INFO ] 2016-05-25 20:02:00.514 [main] MetadataController - Request to get CATALOG metadata textmining
[INFO ] 2016-05-25 20:02:00.514 [main] MetadataController - GET : http://localhost/textmining
[API-REQUEST] 2016-05-25 20:02:00.515 [main] MetadataController - 
[INFO ] 2016-05-25 20:02:00.517 [main] MetadataController - Request to get DATASET metadata textmining
[INFO ] 2016-05-25 20:02:00.517 [main] MetadataController - GET : http://localhost/textmining/gene-disease-association_lumc
[API-REQUEST] 2016-05-25 20:02:00.518 [main] MetadataController - 
[INFO ] 2016-05-25 20:02:00.520 [main] MetadataController - Request to get DATASET metadata textmining
[INFO ] 2016-05-25 20:02:00.520 [main] MetadataController - GET : http://localhost/textmining/gene-disease-association_lumc
[API-REQUEST] 2016-05-25 20:02:00.521 [main] MetadataController - 
[INFO ] 2016-05-25 20:02:00.527 [main] MetadataController - Request to get DATASET metadata textmining
[INFO ] 2016-05-25 20:02:00.528 [main] MetadataController - GET : http://localhost/textmining/dumpy
[API-REQUEST] 2016-05-25 20:02:00.529 [main] MetadataController - 
[INFO ] 2016-05-25 20:02:00.531 [main] MetadataController - Request to get CATALOG metadata textmining
[INFO ] 2016-05-25 20:02:00.532 [main] MetadataController - GET : http://localhost/textmining
[API-REQUEST] 2016-05-25 20:02:00.533 [main] MetadataController - 
[INFO ] 2016-05-25 20:02:00.541 [main] MetadataController - Request to get CATALOG metadata textmining
[INFO ] 2016-05-25 20:02:00.542 [main] MetadataController - GET : http://localhost/textmining
[API-REQUEST] 2016-05-25 20:02:00.542 [main] MetadataController - 
[INFO ] 2016-05-25 20:02:00.546 [main] MetadataController - Request to get CATALOG metadata dumpy
[INFO ] 2016-05-25 20:02:00.546 [main] MetadataController - GET : http://localhost/dumpy
[API-REQUEST] 2016-05-25 20:02:00.547 [main] MetadataController - 
[INFO ] 2016-05-25 20:02:00.730 [main] RestApiTestContext - Inmemory triple store initialize for test
[INFO ] 2016-05-25 20:02:00.948 [main] DataAccessorController - Request to get dataset's distribution dummy
[INFO ] 2016-05-25 20:02:00.948 [main] DataAccessorController - GET : http://localhost/textmining/gene-disease-association_lumc/dummy
[API-REQUEST] 2016-05-25 20:02:00.949 [main] DataAccessorController - 
[INFO ] 2016-05-25 20:02:00.952 [main] DataAccessorController - Request to get dataset's distribution sparql
[INFO ] 2016-05-25 20:02:00.953 [main] DataAccessorController - GET : http://localhost/textmining/gene-disease-association_lumc/sparql
[API-REQUEST] 2016-05-25 20:02:00.953 [main] DataAccessorController - 
[INFO ] 2016-05-25 20:02:00.956 [main] DataAccessorController - Request to get dataset's distribution sparql
[INFO ] 2016-05-25 20:02:00.956 [main] DataAccessorController - GET : http://localhost/textmining/gene-disease-association_lumc/sparql
[API-REQUEST] 2016-05-25 20:02:00.957 [main] DataAccessorController - 
[INFO ] 2016-05-25 20:02:00.958 [main] DataAccessorController - Request to get dataset's distribution sparql
[INFO ] 2016-05-25 20:02:00.959 [main] DataAccessorController - GET : http://localhost/textmining/gene-disease-association_lumc/sparql
[API-REQUEST] 2016-05-25 20:02:00.959 [main] DataAccessorController - 
[INFO ] 2016-05-25 20:02:00.961 [main] DataAccessorController - Request to get dataset's distribution sparql
[INFO ] 2016-05-25 20:02:00.961 [main] DataAccessorController - GET : http://localhost/textmining/gene-disease-association_lumc/sparql
[API-REQUEST] 2016-05-25 20:02:00.962 [main] DataAccessorController - 
[INFO ] 2016-05-25 20:02:00.965 [main] DataAccessorController - Request to get dataset's distribution sparql
[INFO ] 2016-05-25 20:02:00.965 [main] DataAccessorController - GET : http://localhost/textmining/gene-disease-association_lumc/sparql
[API-REQUEST] 2016-05-25 20:02:00.966 [main] DataAccessorController - 
[INFO ] 2016-05-25 20:02:00.971 [main] DataAccessorController - Request to get dataset's distribution sparql
[INFO ] 2016-05-25 20:02:00.972 [main] DataAccessorController - GET : http://localhost/textmining/gene-disease-association_lumc/sparql
[API-REQUEST] 2016-05-25 20:02:00.972 [main] DataAccessorController - 
[INFO ] 2016-05-25 20:02:08.257 [main] RestApiTestContext - Inmemory triple store initialize for test
[INFO ] 2016-05-25 20:02:11.040 [main] RestApiTestContext - Inmemory triple store initialize for test
[INFO ] 2016-05-25 20:02:11.673 [main] RestApiTestContext - Inmemory triple store initialize for test
[INFO ] 2016-05-25 20:02:12.425 [main] RestApiTestContext - Inmemory triple store initialize for test
[INFO ] 2016-05-25 20:02:12.808 [main] MetadataController - Request to get DATASET metadata textmining
[INFO ] 2016-05-25 20:02:12.809 [main] MetadataController - GET : http://localhost/textmining/gene-disease-association_lumc
[API-REQUEST] 2016-05-25 20:02:12.812 [main] MetadataController - 
[INFO ] 2016-05-25 20:02:12.841 [main] MetadataController - Request to get CATALOG metadata textmining
[INFO ] 2016-05-25 20:02:12.844 [main] MetadataController - GET : http://localhost/textmining
[API-REQUEST] 2016-05-25 20:02:12.846 [main] MetadataController - 
[INFO ] 2016-05-25 20:02:12.853 [main] MetadataController - Request to get CATALOG metadata textmining
[INFO ] 2016-05-25 20:02:12.855 [main] MetadataController - GET : http://localhost/textmining
[API-REQUEST] 2016-05-25 20:02:12.857 [main] MetadataController - 
[INFO ] 2016-05-25 20:02:12.867 [main] MetadataController - Request to get DATASET metadata textmining
[INFO ] 2016-05-25 20:02:12.868 [main] MetadataController - GET : http://localhost/textmining/gene-disease-association_lumc
[API-REQUEST] 2016-05-25 20:02:12.870 [main] MetadataController - 
[INFO ] 2016-05-25 20:02:12.882 [main] MetadataController - Request to get DATASET metadata textmining
[INFO ] 2016-05-25 20:02:12.883 [main] MetadataController - GET : http://localhost/textmining/gene-disease-association_lumc
[API-REQUEST] 2016-05-25 20:02:12.886 [main] MetadataController - 
[INFO ] 2016-05-25 20:02:12.901 [main] MetadataController - Request to get DATASET metadata textmining
[INFO ] 2016-05-25 20:02:12.902 [main] MetadataController - GET : http://localhost/textmining/dumpy
[API-REQUEST] 2016-05-25 20:02:12.903 [main] MetadataController - 
[INFO ] 2016-05-25 20:02:12.918 [main] MetadataController - Request to get CATALOG metadata textmining
[INFO ] 2016-05-25 20:02:12.919 [main] MetadataController - GET : http://localhost/textmining
[API-REQUEST] 2016-05-25 20:02:12.920 [main] MetadataController - 
[INFO ] 2016-05-25 20:02:12.942 [main] MetadataController - Request to get CATALOG metadata textmining
[INFO ] 2016-05-25 20:02:12.944 [main] MetadataController - GET : http://localhost/textmining
[API-REQUEST] 2016-05-25 20:02:12.947 [main] MetadataController - 
[INFO ] 2016-05-25 20:02:12.956 [main] MetadataController - Request to get CATALOG metadata dumpy
[INFO ] 2016-05-25 20:02:12.957 [main] MetadataController - GET : http://localhost/dumpy
[API-REQUEST] 2016-05-25 20:02:12.959 [main] MetadataController - 
[INFO ] 2016-05-25 20:02:13.255 [main] RestApiTestContext - Inmemory triple store initialize for test
[INFO ] 2016-05-25 20:02:13.681 [main] DataAccessorController - Request to get dataset's distribution dummy
[INFO ] 2016-05-25 20:02:13.682 [main] DataAccessorController - GET : http://localhost/textmining/gene-disease-association_lumc/dummy
[API-REQUEST] 2016-05-25 20:02:13.683 [main] DataAccessorController - 
[INFO ] 2016-05-25 20:02:13.691 [main] DataAccessorController - Request to get dataset's distribution sparql
[INFO ] 2016-05-25 20:02:13.691 [main] DataAccessorController - GET : http://localhost/textmining/gene-disease-association_lumc/sparql
[API-REQUEST] 2016-05-25 20:02:13.692 [main] DataAccessorController - 
[INFO ] 2016-05-25 20:02:13.705 [main] DataAccessorController - Request to get dataset's distribution sparql
[INFO ] 2016-05-25 20:02:13.705 [main] DataAccessorController - GET : http://localhost/textmining/gene-disease-association_lumc/sparql
[API-REQUEST] 2016-05-25 20:02:13.706 [main] DataAccessorController - 
[INFO ] 2016-05-25 20:02:13.709 [main] DataAccessorController - Request to get dataset's distribution sparql
[INFO ] 2016-05-25 20:02:13.710 [main] DataAccessorController - GET : http://localhost/textmining/gene-disease-association_lumc/sparql
[API-REQUEST] 2016-05-25 20:02:13.716 [main] DataAccessorController - 
[INFO ] 2016-05-25 20:02:13.718 [main] DataAccessorController - Request to get dataset's distribution sparql
[INFO ] 2016-05-25 20:02:13.718 [main] DataAccessorController - GET : http://localhost/textmining/gene-disease-association_lumc/sparql
[API-REQUEST] 2016-05-25 20:02:13.719 [main] DataAccessorController - 
[INFO ] 2016-05-25 20:02:13.723 [main] DataAccessorController - Request to get dataset's distribution sparql
[INFO ] 2016-05-25 20:02:13.723 [main] DataAccessorController - GET : http://localhost/textmining/gene-disease-association_lumc/sparql
[API-REQUEST] 2016-05-25 20:02:13.724 [main] DataAccessorController - 
[INFO ] 2016-05-25 20:02:13.733 [main] DataAccessorController - Request to get dataset's distribution sparql
[INFO ] 2016-05-25 20:02:13.733 [main] DataAccessorController - GET : http://localhost/textmining/gene-disease-association_lumc/sparql
[API-REQUEST] 2016-05-25 20:02:13.735 [main] DataAccessorController - 
[INFO ] 2016-05-25 20:58:14.463 [main] RestApiTestContext - Inmemory triple store initialize for test
[INFO ] 2016-05-25 20:58:16.643 [main] RestApiTestContext - Inmemory triple store initialize for test
[INFO ] 2016-05-25 20:58:17.121 [main] RestApiTestContext - Inmemory triple store initialize for test
[INFO ] 2016-05-25 20:58:17.585 [main] RestApiTestContext - Inmemory triple store initialize for test
[INFO ] 2016-05-25 20:58:17.803 [main] MetadataController - Request to get DATASET metadata textmining
[INFO ] 2016-05-25 20:58:17.803 [main] MetadataController - GET : http://localhost/textmining/gene-disease-association_lumc
[API-REQUEST] 2016-05-25 20:58:17.806 [main] MetadataController - 
[INFO ] 2016-05-25 20:58:17.831 [main] MetadataController - Request to get CATALOG metadata textmining
[INFO ] 2016-05-25 20:58:17.832 [main] MetadataController - GET : http://localhost/textmining
[API-REQUEST] 2016-05-25 20:58:17.833 [main] MetadataController - 
[INFO ] 2016-05-25 20:58:17.835 [main] MetadataController - Request to get CATALOG metadata textmining
[INFO ] 2016-05-25 20:58:17.836 [main] MetadataController - GET : http://localhost/textmining
[API-REQUEST] 2016-05-25 20:58:17.836 [main] MetadataController - 
[INFO ] 2016-05-25 20:58:17.839 [main] MetadataController - Request to get DATASET metadata textmining
[INFO ] 2016-05-25 20:58:17.839 [main] MetadataController - GET : http://localhost/textmining/gene-disease-association_lumc
[API-REQUEST] 2016-05-25 20:58:17.839 [main] MetadataController - 
[INFO ] 2016-05-25 20:58:17.842 [main] MetadataController - Request to get DATASET metadata textmining
[INFO ] 2016-05-25 20:58:17.842 [main] MetadataController - GET : http://localhost/textmining/gene-disease-association_lumc
[API-REQUEST] 2016-05-25 20:58:17.843 [main] MetadataController - 
[INFO ] 2016-05-25 20:58:17.846 [main] MetadataController - Request to get DATASET metadata textmining
[INFO ] 2016-05-25 20:58:17.846 [main] MetadataController - GET : http://localhost/textmining/dumpy
[API-REQUEST] 2016-05-25 20:58:17.847 [main] MetadataController - 
[INFO ] 2016-05-25 20:58:17.850 [main] MetadataController - Request to get CATALOG metadata textmining
[INFO ] 2016-05-25 20:58:17.851 [main] MetadataController - GET : http://localhost/textmining
[API-REQUEST] 2016-05-25 20:58:17.851 [main] MetadataController - 
[INFO ] 2016-05-25 20:58:17.861 [main] MetadataController - Request to get CATALOG metadata textmining
[INFO ] 2016-05-25 20:58:17.861 [main] MetadataController - GET : http://localhost/textmining
[API-REQUEST] 2016-05-25 20:58:17.862 [main] MetadataController - 
[INFO ] 2016-05-25 20:58:17.868 [main] MetadataController - Request to get CATALOG metadata dumpy
[INFO ] 2016-05-25 20:58:17.868 [main] MetadataController - GET : http://localhost/dumpy
[API-REQUEST] 2016-05-25 20:58:17.869 [main] MetadataController - 
[INFO ] 2016-05-25 20:58:18.042 [main] RestApiTestContext - Inmemory triple store initialize for test
[INFO ] 2016-05-25 20:58:18.239 [main] DataAccessorController - Request to get dataset's distribution dummy
[INFO ] 2016-05-25 20:58:18.239 [main] DataAccessorController - GET : http://localhost/textmining/gene-disease-association_lumc/dummy
[API-REQUEST] 2016-05-25 20:58:18.240 [main] DataAccessorController - 
[INFO ] 2016-05-25 20:58:18.242 [main] DataAccessorController - Request to get dataset's distribution sparql
[INFO ] 2016-05-25 20:58:18.243 [main] DataAccessorController - GET : http://localhost/textmining/gene-disease-association_lumc/sparql
[API-REQUEST] 2016-05-25 20:58:18.243 [main] DataAccessorController - 
[INFO ] 2016-05-25 20:58:18.245 [main] DataAccessorController - Request to get dataset's distribution sparql
[INFO ] 2016-05-25 20:58:18.246 [main] DataAccessorController - GET : http://localhost/textmining/gene-disease-association_lumc/sparql
[API-REQUEST] 2016-05-25 20:58:18.246 [main] DataAccessorController - 
[INFO ] 2016-05-25 20:58:18.248 [main] DataAccessorController - Request to get dataset's distribution sparql
[INFO ] 2016-05-25 20:58:18.248 [main] DataAccessorController - GET : http://localhost/textmining/gene-disease-association_lumc/sparql
[API-REQUEST] 2016-05-25 20:58:18.249 [main] DataAccessorController - 
[INFO ] 2016-05-25 20:58:18.253 [main] DataAccessorController - Request to get dataset's distribution sparql
[INFO ] 2016-05-25 20:58:18.254 [main] DataAccessorController - GET : http://localhost/textmining/gene-disease-association_lumc/sparql
[API-REQUEST] 2016-05-25 20:58:18.254 [main] DataAccessorController - 
[INFO ] 2016-05-25 20:58:18.257 [main] DataAccessorController - Request to get dataset's distribution sparql
[INFO ] 2016-05-25 20:58:18.257 [main] DataAccessorController - GET : http://localhost/textmining/gene-disease-association_lumc/sparql
[API-REQUEST] 2016-05-25 20:58:18.258 [main] DataAccessorController - 
[INFO ] 2016-05-25 20:58:18.264 [main] DataAccessorController - Request to get dataset's distribution sparql
[INFO ] 2016-05-25 20:58:18.264 [main] DataAccessorController - GET : http://localhost/textmining/gene-disease-association_lumc/sparql
[API-REQUEST] 2016-05-25 20:58:18.265 [main] DataAccessorController - 
