[INFO ] 2016-06-02 12:10:14.488 [main] RestApiTestContext - Inmemory triple store initialize for test
[INFO ] 2016-06-02 12:10:21.561 [main] RestApiTestContext - Inmemory triple store initialize for test
[INFO ] 2016-06-02 12:10:22.013 [main] RestApiTestContext - Inmemory triple store initialize for test
[INFO ] 2016-06-02 12:10:22.513 [main] RestApiTestContext - Inmemory triple store initialize for test
[INFO ] 2016-06-02 12:10:22.835 [main] MetadataController - Request to get DATASET metadata textmining
[INFO ] 2016-06-02 12:10:22.835 [main] MetadataController - GET : http://localhost/textmining/gene-disease-association_lumc
[API-REQUEST] 2016-06-02 12:10:22.839 [main] MetadataController - 
[INFO ] 2016-06-02 12:10:22.853 [main] MetadataController - Request to get CATALOG metadata textmining
[INFO ] 2016-06-02 12:10:22.853 [main] MetadataController - GET : http://localhost/textmining
[API-REQUEST] 2016-06-02 12:10:22.854 [main] MetadataController - 
[INFO ] 2016-06-02 12:10:22.857 [main] MetadataController - Request to get CATALOG metadata textmining
[INFO ] 2016-06-02 12:10:22.857 [main] MetadataController - GET : http://localhost/textmining
[API-REQUEST] 2016-06-02 12:10:22.858 [main] MetadataController - 
[INFO ] 2016-06-02 12:10:22.860 [main] MetadataController - Request to get DATASET metadata textmining
[INFO ] 2016-06-02 12:10:22.860 [main] MetadataController - GET : http://localhost/textmining/gene-disease-association_lumc
[API-REQUEST] 2016-06-02 12:10:22.861 [main] MetadataController - 
[INFO ] 2016-06-02 12:10:22.865 [main] MetadataController - Request to get DATASET metadata textmining
[INFO ] 2016-06-02 12:10:22.865 [main] MetadataController - GET : http://localhost/textmining/gene-disease-association_lumc
[API-REQUEST] 2016-06-02 12:10:22.865 [main] MetadataController - 
[INFO ] 2016-06-02 12:10:22.869 [main] MetadataController - Request to get DATASET metadata textmining
[INFO ] 2016-06-02 12:10:22.869 [main] MetadataController - GET : http://localhost/textmining/dumpy
[API-REQUEST] 2016-06-02 12:10:22.869 [main] MetadataController - 
[INFO ] 2016-06-02 12:10:22.872 [main] MetadataController - Request to get CATALOG metadata textmining
[INFO ] 2016-06-02 12:10:22.873 [main] MetadataController - GET : http://localhost/textmining
[API-REQUEST] 2016-06-02 12:10:22.873 [main] MetadataController - 
[INFO ] 2016-06-02 12:10:22.883 [main] MetadataController - Request to get CATALOG metadata textmining
[INFO ] 2016-06-02 12:10:22.883 [main] MetadataController - GET : http://localhost/textmining
[API-REQUEST] 2016-06-02 12:10:22.884 [main] MetadataController - 
[INFO ] 2016-06-02 12:10:22.889 [main] MetadataController - Request to get CATALOG metadata dumpy
[INFO ] 2016-06-02 12:10:22.889 [main] MetadataController - GET : http://localhost/dumpy
[API-REQUEST] 2016-06-02 12:10:22.889 [main] MetadataController - 
[INFO ] 2016-06-02 12:10:23.093 [main] RestApiTestContext - Inmemory triple store initialize for test
[INFO ] 2016-06-02 12:10:23.308 [main] DataAccessorController - Request to get dataset's distribution dummy
[INFO ] 2016-06-02 12:10:23.308 [main] DataAccessorController - GET : http://localhost/textmining/gene-disease-association_lumc/dummy
[API-REQUEST] 2016-06-02 12:10:23.308 [main] DataAccessorController - 
[INFO ] 2016-06-02 12:10:23.312 [main] DataAccessorController - Request to get dataset's distribution sparql
[INFO ] 2016-06-02 12:10:23.312 [main] DataAccessorController - GET : http://localhost/textmining/gene-disease-association_lumc/sparql
[API-REQUEST] 2016-06-02 12:10:23.313 [main] DataAccessorController - 
[INFO ] 2016-06-02 12:10:23.315 [main] DataAccessorController - Request to get dataset's distribution sparql
[INFO ] 2016-06-02 12:10:23.316 [main] DataAccessorController - GET : http://localhost/textmining/gene-disease-association_lumc/sparql
[API-REQUEST] 2016-06-02 12:10:23.316 [main] DataAccessorController - 
[INFO ] 2016-06-02 12:10:23.318 [main] DataAccessorController - Request to get dataset's distribution sparql
[INFO ] 2016-06-02 12:10:23.319 [main] DataAccessorController - GET : http://localhost/textmining/gene-disease-association_lumc/sparql
[API-REQUEST] 2016-06-02 12:10:23.319 [main] DataAccessorController - 
[INFO ] 2016-06-02 12:10:23.321 [main] DataAccessorController - Request to get dataset's distribution sparql
[INFO ] 2016-06-02 12:10:23.321 [main] DataAccessorController - GET : http://localhost/textmining/gene-disease-association_lumc/sparql
[API-REQUEST] 2016-06-02 12:10:23.322 [main] DataAccessorController - 
[INFO ] 2016-06-02 12:10:23.325 [main] DataAccessorController - Request to get dataset's distribution sparql
[INFO ] 2016-06-02 12:10:23.326 [main] DataAccessorController - GET : http://localhost/textmining/gene-disease-association_lumc/sparql
[API-REQUEST] 2016-06-02 12:10:23.326 [main] DataAccessorController - 
[INFO ] 2016-06-02 12:10:23.333 [main] DataAccessorController - Request to get dataset's distribution sparql
[INFO ] 2016-06-02 12:10:23.333 [main] DataAccessorController - GET : http://localhost/textmining/gene-disease-association_lumc/sparql
[API-REQUEST] 2016-06-02 12:10:23.333 [main] DataAccessorController - 
[INFO ] 2016-06-02 12:10:44.514 [main] RestApiTestContext - Inmemory triple store initialize for test
[INFO ] 2016-06-02 12:10:47.773 [main] RestApiTestContext - Inmemory triple store initialize for test
[INFO ] 2016-06-02 12:10:48.580 [main] RestApiTestContext - Inmemory triple store initialize for test
[INFO ] 2016-06-02 12:10:49.329 [main] RestApiTestContext - Inmemory triple store initialize for test
[INFO ] 2016-06-02 12:10:49.576 [main] MetadataController - Request to get DATASET metadata textmining
[INFO ] 2016-06-02 12:10:49.576 [main] MetadataController - GET : http://localhost/textmining/gene-disease-association_lumc
[API-REQUEST] 2016-06-02 12:10:49.578 [main] MetadataController - 
[INFO ] 2016-06-02 12:10:49.593 [main] MetadataController - Request to get CATALOG metadata textmining
[INFO ] 2016-06-02 12:10:49.594 [main] MetadataController - GET : http://localhost/textmining
[API-REQUEST] 2016-06-02 12:10:49.596 [main] MetadataController - 
[INFO ] 2016-06-02 12:10:49.598 [main] MetadataController - Request to get CATALOG metadata textmining
[INFO ] 2016-06-02 12:10:49.601 [main] MetadataController - GET : http://localhost/textmining
[API-REQUEST] 2016-06-02 12:10:49.602 [main] MetadataController - 
[INFO ] 2016-06-02 12:10:49.606 [main] MetadataController - Request to get DATASET metadata textmining
[INFO ] 2016-06-02 12:10:49.609 [main] MetadataController - GET : http://localhost/textmining/gene-disease-association_lumc
[API-REQUEST] 2016-06-02 12:10:49.610 [main] MetadataController - 
[INFO ] 2016-06-02 12:10:49.613 [main] MetadataController - Request to get DATASET metadata textmining
[INFO ] 2016-06-02 12:10:49.613 [main] MetadataController - GET : http://localhost/textmining/gene-disease-association_lumc
[API-REQUEST] 2016-06-02 12:10:49.614 [main] MetadataController - 
[INFO ] 2016-06-02 12:10:49.627 [main] MetadataController - Request to get DATASET metadata textmining
[INFO ] 2016-06-02 12:10:49.631 [main] MetadataController - GET : http://localhost/textmining/dumpy
[API-REQUEST] 2016-06-02 12:10:49.632 [main] MetadataController - 
[INFO ] 2016-06-02 12:10:49.635 [main] MetadataController - Request to get CATALOG metadata textmining
[INFO ] 2016-06-02 12:10:49.635 [main] MetadataController - GET : http://localhost/textmining
[API-REQUEST] 2016-06-02 12:10:49.636 [main] MetadataController - 
[INFO ] 2016-06-02 12:10:49.663 [main] MetadataController - Request to get CATALOG metadata textmining
[INFO ] 2016-06-02 12:10:49.664 [main] MetadataController - GET : http://localhost/textmining
[API-REQUEST] 2016-06-02 12:10:49.666 [main] MetadataController - 
[INFO ] 2016-06-02 12:10:49.676 [main] MetadataController - Request to get CATALOG metadata dumpy
[INFO ] 2016-06-02 12:10:49.678 [main] MetadataController - GET : http://localhost/dumpy
[API-REQUEST] 2016-06-02 12:10:49.679 [main] MetadataController - 
[INFO ] 2016-06-02 12:10:49.907 [main] RestApiTestContext - Inmemory triple store initialize for test
[INFO ] 2016-06-02 12:10:50.298 [main] DataAccessorController - Request to get dataset's distribution dummy
[INFO ] 2016-06-02 12:10:50.298 [main] DataAccessorController - GET : http://localhost/textmining/gene-disease-association_lumc/dummy
[API-REQUEST] 2016-06-02 12:10:50.299 [main] DataAccessorController - 
[INFO ] 2016-06-02 12:10:50.305 [main] DataAccessorController - Request to get dataset's distribution sparql
[INFO ] 2016-06-02 12:10:50.305 [main] DataAccessorController - GET : http://localhost/textmining/gene-disease-association_lumc/sparql
[API-REQUEST] 2016-06-02 12:10:50.307 [main] DataAccessorController - 
[INFO ] 2016-06-02 12:10:50.320 [main] DataAccessorController - Request to get dataset's distribution sparql
[INFO ] 2016-06-02 12:10:50.322 [main] DataAccessorController - GET : http://localhost/textmining/gene-disease-association_lumc/sparql
[API-REQUEST] 2016-06-02 12:10:50.327 [main] DataAccessorController - 
[INFO ] 2016-06-02 12:10:50.334 [main] DataAccessorController - Request to get dataset's distribution sparql
[INFO ] 2016-06-02 12:10:50.334 [main] DataAccessorController - GET : http://localhost/textmining/gene-disease-association_lumc/sparql
[API-REQUEST] 2016-06-02 12:10:50.335 [main] DataAccessorController - 
[INFO ] 2016-06-02 12:10:50.337 [main] DataAccessorController - Request to get dataset's distribution sparql
[INFO ] 2016-06-02 12:10:50.337 [main] DataAccessorController - GET : http://localhost/textmining/gene-disease-association_lumc/sparql
[API-REQUEST] 2016-06-02 12:10:50.338 [main] DataAccessorController - 
[INFO ] 2016-06-02 12:10:50.343 [main] DataAccessorController - Request to get dataset's distribution sparql
[INFO ] 2016-06-02 12:10:50.343 [main] DataAccessorController - GET : http://localhost/textmining/gene-disease-association_lumc/sparql
[API-REQUEST] 2016-06-02 12:10:50.345 [main] DataAccessorController - 
[INFO ] 2016-06-02 12:10:50.362 [main] DataAccessorController - Request to get dataset's distribution sparql
[INFO ] 2016-06-02 12:10:50.363 [main] DataAccessorController - GET : http://localhost/textmining/gene-disease-association_lumc/sparql
[API-REQUEST] 2016-06-02 12:10:50.364 [main] DataAccessorController - 
[INFO ] 2016-06-02 12:21:59.109 [main] RestApiTestContext - Inmemory triple store initialize for test
[INFO ] 2016-06-02 12:22:00.872 [main] RestApiTestContext - Inmemory triple store initialize for test
[INFO ] 2016-06-02 12:22:01.186 [main] RestApiTestContext - Inmemory triple store initialize for test
[INFO ] 2016-06-02 12:22:01.747 [main] RestApiTestContext - Inmemory triple store initialize for test
[INFO ] 2016-06-02 12:22:01.984 [main] MetadataController - Request to get DATASET metadata textmining
[INFO ] 2016-06-02 12:22:01.984 [main] MetadataController - GET : http://localhost/textmining/gene-disease-association_lumc
[API-REQUEST] 2016-06-02 12:22:01.986 [main] MetadataController - 
[INFO ] 2016-06-02 12:22:02.034 [main] MetadataController - Request to get CATALOG metadata textmining
[INFO ] 2016-06-02 12:22:02.034 [main] MetadataController - GET : http://localhost/textmining
[API-REQUEST] 2016-06-02 12:22:02.035 [main] MetadataController - 
[INFO ] 2016-06-02 12:22:02.037 [main] MetadataController - Request to get CATALOG metadata textmining
[INFO ] 2016-06-02 12:22:02.038 [main] MetadataController - GET : http://localhost/textmining
[API-REQUEST] 2016-06-02 12:22:02.038 [main] MetadataController - 
[INFO ] 2016-06-02 12:22:02.041 [main] MetadataController - Request to get DATASET metadata textmining
[INFO ] 2016-06-02 12:22:02.041 [main] MetadataController - GET : http://localhost/textmining/gene-disease-association_lumc
[API-REQUEST] 2016-06-02 12:22:02.042 [main] MetadataController - 
[INFO ] 2016-06-02 12:22:02.044 [main] MetadataController - Request to get DATASET metadata textmining
[INFO ] 2016-06-02 12:22:02.044 [main] MetadataController - GET : http://localhost/textmining/gene-disease-association_lumc
[API-REQUEST] 2016-06-02 12:22:02.045 [main] MetadataController - 
[INFO ] 2016-06-02 12:22:02.048 [main] MetadataController - Request to get DATASET metadata textmining
[INFO ] 2016-06-02 12:22:02.048 [main] MetadataController - GET : http://localhost/textmining/dumpy
[API-REQUEST] 2016-06-02 12:22:02.049 [main] MetadataController - 
[INFO ] 2016-06-02 12:22:02.051 [main] MetadataController - Request to get CATALOG metadata textmining
[INFO ] 2016-06-02 12:22:02.051 [main] MetadataController - GET : http://localhost/textmining
[API-REQUEST] 2016-06-02 12:22:02.052 [main] MetadataController - 
[INFO ] 2016-06-02 12:22:02.059 [main] MetadataController - Request to get CATALOG metadata textmining
[INFO ] 2016-06-02 12:22:02.059 [main] MetadataController - GET : http://localhost/textmining
[API-REQUEST] 2016-06-02 12:22:02.060 [main] MetadataController - 
[INFO ] 2016-06-02 12:22:02.063 [main] MetadataController - Request to get CATALOG metadata dumpy
[INFO ] 2016-06-02 12:22:02.063 [main] MetadataController - GET : http://localhost/dumpy
[API-REQUEST] 2016-06-02 12:22:02.063 [main] MetadataController - 
[INFO ] 2016-06-02 12:22:02.224 [main] RestApiTestContext - Inmemory triple store initialize for test
[INFO ] 2016-06-02 12:22:02.405 [main] DataAccessorController - Request to get dataset's distribution dummy
[INFO ] 2016-06-02 12:22:02.405 [main] DataAccessorController - GET : http://localhost/textmining/gene-disease-association_lumc/dummy
[API-REQUEST] 2016-06-02 12:22:02.405 [main] DataAccessorController - 
[INFO ] 2016-06-02 12:22:02.408 [main] DataAccessorController - Request to get dataset's distribution sparql
[INFO ] 2016-06-02 12:22:02.408 [main] DataAccessorController - GET : http://localhost/textmining/gene-disease-association_lumc/sparql
[API-REQUEST] 2016-06-02 12:22:02.409 [main] DataAccessorController - 
[INFO ] 2016-06-02 12:22:02.411 [main] DataAccessorController - Request to get dataset's distribution sparql
[INFO ] 2016-06-02 12:22:02.411 [main] DataAccessorController - GET : http://localhost/textmining/gene-disease-association_lumc/sparql
[API-REQUEST] 2016-06-02 12:22:02.411 [main] DataAccessorController - 
[INFO ] 2016-06-02 12:22:02.413 [main] DataAccessorController - Request to get dataset's distribution sparql
[INFO ] 2016-06-02 12:22:02.413 [main] DataAccessorController - GET : http://localhost/textmining/gene-disease-association_lumc/sparql
[API-REQUEST] 2016-06-02 12:22:02.414 [main] DataAccessorController - 
[INFO ] 2016-06-02 12:22:02.415 [main] DataAccessorController - Request to get dataset's distribution sparql
[INFO ] 2016-06-02 12:22:02.415 [main] DataAccessorController - GET : http://localhost/textmining/gene-disease-association_lumc/sparql
[API-REQUEST] 2016-06-02 12:22:02.416 [main] DataAccessorController - 
[INFO ] 2016-06-02 12:22:02.418 [main] DataAccessorController - Request to get dataset's distribution sparql
[INFO ] 2016-06-02 12:22:02.418 [main] DataAccessorController - GET : http://localhost/textmining/gene-disease-association_lumc/sparql
[API-REQUEST] 2016-06-02 12:22:02.419 [main] DataAccessorController - 
[INFO ] 2016-06-02 12:22:02.423 [main] DataAccessorController - Request to get dataset's distribution sparql
[INFO ] 2016-06-02 12:22:02.424 [main] DataAccessorController - GET : http://localhost/textmining/gene-disease-association_lumc/sparql
[API-REQUEST] 2016-06-02 12:22:02.424 [main] DataAccessorController - 
[INFO ] 2016-06-02 12:22:36.399 [main] RestApiTestContext - Inmemory triple store initialize for test
[INFO ] 2016-06-02 12:22:37.941 [main] RestApiTestContext - Inmemory triple store initialize for test
[INFO ] 2016-06-02 12:22:38.351 [main] RestApiTestContext - Inmemory triple store initialize for test
[INFO ] 2016-06-02 12:22:38.682 [main] RestApiTestContext - Inmemory triple store initialize for test
[INFO ] 2016-06-02 12:22:38.845 [main] MetadataController - Request to get DATASET metadata textmining
[INFO ] 2016-06-02 12:22:38.845 [main] MetadataController - GET : http://localhost/textmining/gene-disease-association_lumc
[API-REQUEST] 2016-06-02 12:22:38.847 [main] MetadataController - 
[INFO ] 2016-06-02 12:22:38.854 [main] MetadataController - Request to get CATALOG metadata textmining
[INFO ] 2016-06-02 12:22:38.854 [main] MetadataController - GET : http://localhost/textmining
[API-REQUEST] 2016-06-02 12:22:38.855 [main] MetadataController - 
[INFO ] 2016-06-02 12:22:38.856 [main] MetadataController - Request to get CATALOG metadata textmining
[INFO ] 2016-06-02 12:22:38.857 [main] MetadataController - GET : http://localhost/textmining
[API-REQUEST] 2016-06-02 12:22:38.857 [main] MetadataController - 
[INFO ] 2016-06-02 12:22:38.859 [main] MetadataController - Request to get DATASET metadata textmining
[INFO ] 2016-06-02 12:22:38.859 [main] MetadataController - GET : http://localhost/textmining/gene-disease-association_lumc
[API-REQUEST] 2016-06-02 12:22:38.859 [main] MetadataController - 
[INFO ] 2016-06-02 12:22:38.861 [main] MetadataController - Request to get DATASET metadata textmining
[INFO ] 2016-06-02 12:22:38.861 [main] MetadataController - GET : http://localhost/textmining/gene-disease-association_lumc
[API-REQUEST] 2016-06-02 12:22:38.861 [main] MetadataController - 
[INFO ] 2016-06-02 12:22:38.864 [main] MetadataController - Request to get DATASET metadata textmining
[INFO ] 2016-06-02 12:22:38.864 [main] MetadataController - GET : http://localhost/textmining/dumpy
[API-REQUEST] 2016-06-02 12:22:38.864 [main] MetadataController - 
[INFO ] 2016-06-02 12:22:38.867 [main] MetadataController - Request to get CATALOG metadata textmining
[INFO ] 2016-06-02 12:22:38.867 [main] MetadataController - GET : http://localhost/textmining
[API-REQUEST] 2016-06-02 12:22:38.867 [main] MetadataController - 
[INFO ] 2016-06-02 12:22:38.874 [main] MetadataController - Request to get CATALOG metadata textmining
[INFO ] 2016-06-02 12:22:38.874 [main] MetadataController - GET : http://localhost/textmining
[API-REQUEST] 2016-06-02 12:22:38.875 [main] MetadataController - 
[INFO ] 2016-06-02 12:22:38.877 [main] MetadataController - Request to get CATALOG metadata dumpy
[INFO ] 2016-06-02 12:22:38.877 [main] MetadataController - GET : http://localhost/dumpy
[API-REQUEST] 2016-06-02 12:22:38.878 [main] MetadataController - 
[INFO ] 2016-06-02 12:22:38.997 [main] RestApiTestContext - Inmemory triple store initialize for test
[INFO ] 2016-06-02 12:22:39.133 [main] DataAccessorController - Request to get dataset's distribution dummy
[INFO ] 2016-06-02 12:22:39.133 [main] DataAccessorController - GET : http://localhost/textmining/gene-disease-association_lumc/dummy
[API-REQUEST] 2016-06-02 12:22:39.133 [main] DataAccessorController - 
[INFO ] 2016-06-02 12:22:39.135 [main] DataAccessorController - Request to get dataset's distribution sparql
[INFO ] 2016-06-02 12:22:39.135 [main] DataAccessorController - GET : http://localhost/textmining/gene-disease-association_lumc/sparql
[API-REQUEST] 2016-06-02 12:22:39.136 [main] DataAccessorController - 
[INFO ] 2016-06-02 12:22:39.137 [main] DataAccessorController - Request to get dataset's distribution sparql
[INFO ] 2016-06-02 12:22:39.137 [main] DataAccessorController - GET : http://localhost/textmining/gene-disease-association_lumc/sparql
[API-REQUEST] 2016-06-02 12:22:39.138 [main] DataAccessorController - 
[INFO ] 2016-06-02 12:22:39.139 [main] DataAccessorController - Request to get dataset's distribution sparql
[INFO ] 2016-06-02 12:22:39.139 [main] DataAccessorController - GET : http://localhost/textmining/gene-disease-association_lumc/sparql
[API-REQUEST] 2016-06-02 12:22:39.139 [main] DataAccessorController - 
[INFO ] 2016-06-02 12:22:39.140 [main] DataAccessorController - Request to get dataset's distribution sparql
[INFO ] 2016-06-02 12:22:39.141 [main] DataAccessorController - GET : http://localhost/textmining/gene-disease-association_lumc/sparql
[API-REQUEST] 2016-06-02 12:22:39.141 [main] DataAccessorController - 
[INFO ] 2016-06-02 12:22:39.143 [main] DataAccessorController - Request to get dataset's distribution sparql
[INFO ] 2016-06-02 12:22:39.143 [main] DataAccessorController - GET : http://localhost/textmining/gene-disease-association_lumc/sparql
[API-REQUEST] 2016-06-02 12:22:39.143 [main] DataAccessorController - 
[INFO ] 2016-06-02 12:22:39.146 [main] DataAccessorController - Request to get dataset's distribution sparql
[INFO ] 2016-06-02 12:22:39.147 [main] DataAccessorController - GET : http://localhost/textmining/gene-disease-association_lumc/sparql
[API-REQUEST] 2016-06-02 12:22:39.147 [main] DataAccessorController - 
[INFO ] 2016-06-02 12:32:34.796 [main] RestApiTestContext - Inmemory triple store initialize for test
[INFO ] 2016-06-02 12:32:42.036 [main] RestApiTestContext - Inmemory triple store initialize for test
[INFO ] 2016-06-02 12:32:56.414 [main] RestApiTestContext - Inmemory triple store initialize for test
[INFO ] 2016-06-02 12:32:58.522 [main] RestApiTestContext - Inmemory triple store initialize for test
[INFO ] 2016-06-02 12:32:58.870 [main] RestApiTestContext - Inmemory triple store initialize for test
[INFO ] 2016-06-02 12:32:59.508 [main] RestApiTestContext - Inmemory triple store initialize for test
[INFO ] 2016-06-02 12:32:59.761 [main] MetadataController - Request to get DATASET metadata textmining
[INFO ] 2016-06-02 12:32:59.761 [main] MetadataController - GET : http://localhost/textmining/gene-disease-association_lumc
[API-REQUEST] 2016-06-02 12:32:59.763 [main] MetadataController - 
[INFO ] 2016-06-02 12:32:59.824 [main] MetadataController - Request to get CATALOG metadata textmining
[INFO ] 2016-06-02 12:32:59.824 [main] MetadataController - GET : http://localhost/textmining
[API-REQUEST] 2016-06-02 12:32:59.824 [main] MetadataController - 
[INFO ] 2016-06-02 12:32:59.827 [main] MetadataController - Request to get CATALOG metadata textmining
[INFO ] 2016-06-02 12:32:59.827 [main] MetadataController - GET : http://localhost/textmining
[API-REQUEST] 2016-06-02 12:32:59.827 [main] MetadataController - 
[INFO ] 2016-06-02 12:32:59.829 [main] MetadataController - Request to get DATASET metadata textmining
[INFO ] 2016-06-02 12:32:59.830 [main] MetadataController - GET : http://localhost/textmining/gene-disease-association_lumc
[API-REQUEST] 2016-06-02 12:32:59.830 [main] MetadataController - 
[INFO ] 2016-06-02 12:32:59.835 [main] MetadataController - Request to get DATASET metadata textmining
[INFO ] 2016-06-02 12:32:59.835 [main] MetadataController - GET : http://localhost/textmining/gene-disease-association_lumc
[API-REQUEST] 2016-06-02 12:32:59.836 [main] MetadataController - 
[INFO ] 2016-06-02 12:32:59.840 [main] MetadataController - Request to get DATASET metadata textmining
[INFO ] 2016-06-02 12:32:59.840 [main] MetadataController - GET : http://localhost/textmining/dumpy
[API-REQUEST] 2016-06-02 12:32:59.841 [main] MetadataController - 
[INFO ] 2016-06-02 12:32:59.843 [main] MetadataController - Request to get CATALOG metadata textmining
[INFO ] 2016-06-02 12:32:59.843 [main] MetadataController - GET : http://localhost/textmining
[API-REQUEST] 2016-06-02 12:32:59.844 [main] MetadataController - 
[INFO ] 2016-06-02 12:32:59.849 [main] MetadataController - Request to get CATALOG metadata textmining
[INFO ] 2016-06-02 12:32:59.849 [main] MetadataController - GET : http://localhost/textmining
[API-REQUEST] 2016-06-02 12:32:59.850 [main] MetadataController - 
[INFO ] 2016-06-02 12:32:59.854 [main] MetadataController - Request to get CATALOG metadata dumpy
[INFO ] 2016-06-02 12:32:59.854 [main] MetadataController - GET : http://localhost/dumpy
[API-REQUEST] 2016-06-02 12:32:59.854 [main] MetadataController - 
[INFO ] 2016-06-02 12:33:00.001 [main] RestApiTestContext - Inmemory triple store initialize for test
[INFO ] 2016-06-02 12:33:00.191 [main] DataAccessorController - Request to get dataset's distribution dummy
[INFO ] 2016-06-02 12:33:00.192 [main] DataAccessorController - GET : http://localhost/textmining/gene-disease-association_lumc/dummy
[API-REQUEST] 2016-06-02 12:33:00.192 [main] DataAccessorController - 
[INFO ] 2016-06-02 12:33:00.194 [main] DataAccessorController - Request to get dataset's distribution sparql
[INFO ] 2016-06-02 12:33:00.194 [main] DataAccessorController - GET : http://localhost/textmining/gene-disease-association_lumc/sparql
[API-REQUEST] 2016-06-02 12:33:00.195 [main] DataAccessorController - 
[INFO ] 2016-06-02 12:33:00.196 [main] DataAccessorController - Request to get dataset's distribution sparql
[INFO ] 2016-06-02 12:33:00.196 [main] DataAccessorController - GET : http://localhost/textmining/gene-disease-association_lumc/sparql
[API-REQUEST] 2016-06-02 12:33:00.197 [main] DataAccessorController - 
[INFO ] 2016-06-02 12:33:00.199 [main] DataAccessorController - Request to get dataset's distribution sparql
[INFO ] 2016-06-02 12:33:00.199 [main] DataAccessorController - GET : http://localhost/textmining/gene-disease-association_lumc/sparql
[API-REQUEST] 2016-06-02 12:33:00.200 [main] DataAccessorController - 
[INFO ] 2016-06-02 12:33:00.202 [main] DataAccessorController - Request to get dataset's distribution sparql
[INFO ] 2016-06-02 12:33:00.202 [main] DataAccessorController - GET : http://localhost/textmining/gene-disease-association_lumc/sparql
[API-REQUEST] 2016-06-02 12:33:00.203 [main] DataAccessorController - 
[INFO ] 2016-06-02 12:33:00.208 [main] DataAccessorController - Request to get dataset's distribution sparql
[INFO ] 2016-06-02 12:33:00.208 [main] DataAccessorController - GET : http://localhost/textmining/gene-disease-association_lumc/sparql
[API-REQUEST] 2016-06-02 12:33:00.208 [main] DataAccessorController - 
[INFO ] 2016-06-02 12:33:00.213 [main] DataAccessorController - Request to get dataset's distribution sparql
[INFO ] 2016-06-02 12:33:00.213 [main] DataAccessorController - GET : http://localhost/textmining/gene-disease-association_lumc/sparql
[API-REQUEST] 2016-06-02 12:33:00.213 [main] DataAccessorController - 
[INFO ] 2016-06-02 12:33:07.729 [main] RestApiTestContext - Inmemory triple store initialize for test
[INFO ] 2016-06-02 12:33:09.413 [main] RestApiTestContext - Inmemory triple store initialize for test
[INFO ] 2016-06-02 12:33:09.830 [main] RestApiTestContext - Inmemory triple store initialize for test
[INFO ] 2016-06-02 12:33:10.302 [main] RestApiTestContext - Inmemory triple store initialize for test
[INFO ] 2016-06-02 12:33:10.551 [main] MetadataController - Request to get DATASET metadata textmining
[INFO ] 2016-06-02 12:33:10.551 [main] MetadataController - GET : http://localhost/textmining/gene-disease-association_lumc
[API-REQUEST] 2016-06-02 12:33:10.553 [main] MetadataController - 
[INFO ] 2016-06-02 12:33:10.563 [main] MetadataController - Request to get CATALOG metadata textmining
[INFO ] 2016-06-02 12:33:10.563 [main] MetadataController - GET : http://localhost/textmining
[API-REQUEST] 2016-06-02 12:33:10.563 [main] MetadataController - 
[INFO ] 2016-06-02 12:33:10.566 [main] MetadataController - Request to get CATALOG metadata textmining
[INFO ] 2016-06-02 12:33:10.566 [main] MetadataController - GET : http://localhost/textmining
[API-REQUEST] 2016-06-02 12:33:10.567 [main] MetadataController - 
[INFO ] 2016-06-02 12:33:10.569 [main] MetadataController - Request to get DATASET metadata textmining
[INFO ] 2016-06-02 12:33:10.569 [main] MetadataController - GET : http://localhost/textmining/gene-disease-association_lumc
[API-REQUEST] 2016-06-02 12:33:10.570 [main] MetadataController - 
[INFO ] 2016-06-02 12:33:10.572 [main] MetadataController - Request to get DATASET metadata textmining
[INFO ] 2016-06-02 12:33:10.573 [main] MetadataController - GET : http://localhost/textmining/gene-disease-association_lumc
[API-REQUEST] 2016-06-02 12:33:10.573 [main] MetadataController - 
[INFO ] 2016-06-02 12:33:10.578 [main] MetadataController - Request to get DATASET metadata textmining
[INFO ] 2016-06-02 12:33:10.578 [main] MetadataController - GET : http://localhost/textmining/dumpy
[API-REQUEST] 2016-06-02 12:33:10.579 [main] MetadataController - 
[INFO ] 2016-06-02 12:33:10.581 [main] MetadataController - Request to get CATALOG metadata textmining
[INFO ] 2016-06-02 12:33:10.581 [main] MetadataController - GET : http://localhost/textmining
[API-REQUEST] 2016-06-02 12:33:10.582 [main] MetadataController - 
[INFO ] 2016-06-02 12:33:10.589 [main] MetadataController - Request to get CATALOG metadata textmining
[INFO ] 2016-06-02 12:33:10.589 [main] MetadataController - GET : http://localhost/textmining
[API-REQUEST] 2016-06-02 12:33:10.590 [main] MetadataController - 
[INFO ] 2016-06-02 12:33:10.594 [main] MetadataController - Request to get CATALOG metadata dumpy
[INFO ] 2016-06-02 12:33:10.594 [main] MetadataController - GET : http://localhost/dumpy
[API-REQUEST] 2016-06-02 12:33:10.594 [main] MetadataController - 
[INFO ] 2016-06-02 12:33:10.724 [main] RestApiTestContext - Inmemory triple store initialize for test
[INFO ] 2016-06-02 12:33:10.897 [main] DataAccessorController - Request to get dataset's distribution dummy
[INFO ] 2016-06-02 12:33:10.898 [main] DataAccessorController - GET : http://localhost/textmining/gene-disease-association_lumc/dummy
[API-REQUEST] 2016-06-02 12:33:10.898 [main] DataAccessorController - 
[INFO ] 2016-06-02 12:33:10.900 [main] DataAccessorController - Request to get dataset's distribution sparql
[INFO ] 2016-06-02 12:33:10.900 [main] DataAccessorController - GET : http://localhost/textmining/gene-disease-association_lumc/sparql
[API-REQUEST] 2016-06-02 12:33:10.900 [main] DataAccessorController - 
[INFO ] 2016-06-02 12:33:10.902 [main] DataAccessorController - Request to get dataset's distribution sparql
[INFO ] 2016-06-02 12:33:10.902 [main] DataAccessorController - GET : http://localhost/textmining/gene-disease-association_lumc/sparql
[API-REQUEST] 2016-06-02 12:33:10.902 [main] DataAccessorController - 
[INFO ] 2016-06-02 12:33:10.904 [main] DataAccessorController - Request to get dataset's distribution sparql
[INFO ] 2016-06-02 12:33:10.904 [main] DataAccessorController - GET : http://localhost/textmining/gene-disease-association_lumc/sparql
[API-REQUEST] 2016-06-02 12:33:10.904 [main] DataAccessorController - 
[INFO ] 2016-06-02 12:33:10.905 [main] DataAccessorController - Request to get dataset's distribution sparql
[INFO ] 2016-06-02 12:33:10.905 [main] DataAccessorController - GET : http://localhost/textmining/gene-disease-association_lumc/sparql
[API-REQUEST] 2016-06-02 12:33:10.906 [main] DataAccessorController - 
[INFO ] 2016-06-02 12:33:10.910 [main] DataAccessorController - Request to get dataset's distribution sparql
[INFO ] 2016-06-02 12:33:10.910 [main] DataAccessorController - GET : http://localhost/textmining/gene-disease-association_lumc/sparql
[API-REQUEST] 2016-06-02 12:33:10.911 [main] DataAccessorController - 
[INFO ] 2016-06-02 12:33:10.915 [main] DataAccessorController - Request to get dataset's distribution sparql
[INFO ] 2016-06-02 12:33:10.915 [main] DataAccessorController - GET : http://localhost/textmining/gene-disease-association_lumc/sparql
[API-REQUEST] 2016-06-02 12:33:10.916 [main] DataAccessorController - 
[INFO ] 2016-06-02 12:37:56.299 [main] RestApiTestContext - Inmemory triple store initialize for test
[INFO ] 2016-06-02 12:37:57.971 [main] RestApiTestContext - Inmemory triple store initialize for test
[INFO ] 2016-06-02 12:37:58.381 [main] RestApiTestContext - Inmemory triple store initialize for test
[INFO ] 2016-06-02 12:37:59.105 [main] RestApiTestContext - Inmemory triple store initialize for test
[INFO ] 2016-06-02 12:37:59.342 [main] MetadataController - Request to get DATASET metadata textmining
[INFO ] 2016-06-02 12:37:59.343 [main] MetadataController - GET : http://localhost/textmining/gene-disease-association_lumc
[API-REQUEST] 2016-06-02 12:37:59.345 [main] MetadataController - 
[INFO ] 2016-06-02 12:37:59.356 [main] MetadataController - Request to get CATALOG metadata textmining
[INFO ] 2016-06-02 12:37:59.356 [main] MetadataController - GET : http://localhost/textmining
[API-REQUEST] 2016-06-02 12:37:59.357 [main] MetadataController - 
[INFO ] 2016-06-02 12:37:59.359 [main] MetadataController - Request to get CATALOG metadata textmining
[INFO ] 2016-06-02 12:37:59.359 [main] MetadataController - GET : http://localhost/textmining
[API-REQUEST] 2016-06-02 12:37:59.360 [main] MetadataController - 
[INFO ] 2016-06-02 12:37:59.361 [main] MetadataController - Request to get DATASET metadata textmining
[INFO ] 2016-06-02 12:37:59.361 [main] MetadataController - GET : http://localhost/textmining/gene-disease-association_lumc
[API-REQUEST] 2016-06-02 12:37:59.362 [main] MetadataController - 
[INFO ] 2016-06-02 12:37:59.364 [main] MetadataController - Request to get DATASET metadata textmining
[INFO ] 2016-06-02 12:37:59.365 [main] MetadataController - GET : http://localhost/textmining/gene-disease-association_lumc
[API-REQUEST] 2016-06-02 12:37:59.366 [main] MetadataController - 
[INFO ] 2016-06-02 12:37:59.370 [main] MetadataController - Request to get DATASET metadata textmining
[INFO ] 2016-06-02 12:37:59.370 [main] MetadataController - GET : http://localhost/textmining/dumpy
[API-REQUEST] 2016-06-02 12:37:59.371 [main] MetadataController - 
[INFO ] 2016-06-02 12:37:59.373 [main] MetadataController - Request to get CATALOG metadata textmining
[INFO ] 2016-06-02 12:37:59.373 [main] MetadataController - GET : http://localhost/textmining
[API-REQUEST] 2016-06-02 12:37:59.374 [main] MetadataController - 
[INFO ] 2016-06-02 12:37:59.381 [main] MetadataController - Request to get CATALOG metadata textmining
[INFO ] 2016-06-02 12:37:59.382 [main] MetadataController - GET : http://localhost/textmining
[API-REQUEST] 2016-06-02 12:37:59.383 [main] MetadataController - 
[INFO ] 2016-06-02 12:37:59.387 [main] MetadataController - Request to get CATALOG metadata dumpy
[INFO ] 2016-06-02 12:37:59.387 [main] MetadataController - GET : http://localhost/dumpy
[API-REQUEST] 2016-06-02 12:37:59.388 [main] MetadataController - 
[INFO ] 2016-06-02 12:37:59.561 [main] RestApiTestContext - Inmemory triple store initialize for test
[INFO ] 2016-06-02 12:37:59.772 [main] DataAccessorController - Request to get dataset's distribution dummy
[INFO ] 2016-06-02 12:37:59.772 [main] DataAccessorController - GET : http://localhost/textmining/gene-disease-association_lumc/dummy
[API-REQUEST] 2016-06-02 12:37:59.773 [main] DataAccessorController - 
[INFO ] 2016-06-02 12:37:59.775 [main] DataAccessorController - Request to get dataset's distribution sparql
[INFO ] 2016-06-02 12:37:59.776 [main] DataAccessorController - GET : http://localhost/textmining/gene-disease-association_lumc/sparql
[API-REQUEST] 2016-06-02 12:37:59.776 [main] DataAccessorController - 
[INFO ] 2016-06-02 12:37:59.778 [main] DataAccessorController - Request to get dataset's distribution sparql
[INFO ] 2016-06-02 12:37:59.778 [main] DataAccessorController - GET : http://localhost/textmining/gene-disease-association_lumc/sparql
[API-REQUEST] 2016-06-02 12:37:59.779 [main] DataAccessorController - 
[INFO ] 2016-06-02 12:37:59.781 [main] DataAccessorController - Request to get dataset's distribution sparql
[INFO ] 2016-06-02 12:37:59.782 [main] DataAccessorController - GET : http://localhost/textmining/gene-disease-association_lumc/sparql
[API-REQUEST] 2016-06-02 12:37:59.782 [main] DataAccessorController - 
[INFO ] 2016-06-02 12:37:59.785 [main] DataAccessorController - Request to get dataset's distribution sparql
[INFO ] 2016-06-02 12:37:59.785 [main] DataAccessorController - GET : http://localhost/textmining/gene-disease-association_lumc/sparql
[API-REQUEST] 2016-06-02 12:37:59.785 [main] DataAccessorController - 
[INFO ] 2016-06-02 12:37:59.788 [main] DataAccessorController - Request to get dataset's distribution sparql
[INFO ] 2016-06-02 12:37:59.788 [main] DataAccessorController - GET : http://localhost/textmining/gene-disease-association_lumc/sparql
[API-REQUEST] 2016-06-02 12:37:59.789 [main] DataAccessorController - 
[INFO ] 2016-06-02 12:37:59.793 [main] DataAccessorController - Request to get dataset's distribution sparql
[INFO ] 2016-06-02 12:37:59.793 [main] DataAccessorController - GET : http://localhost/textmining/gene-disease-association_lumc/sparql
[API-REQUEST] 2016-06-02 12:37:59.794 [main] DataAccessorController - 
[INFO ] 2016-06-02 13:29:06.107 [main] RestApiTestContext - Inmemory triple store initialize for test
[INFO ] 2016-06-02 13:29:10.082 [main] RestApiTestContext - Inmemory triple store initialize for test
[INFO ] 2016-06-02 13:29:13.168 [main] RestApiTestContext - Inmemory triple store initialize for test
[INFO ] 2016-06-02 13:29:13.187 [main] RestApiTestContext - Inmemory triple store initialize for test
[INFO ] 2016-06-02 13:29:15.579 [main] RestApiTestContext - Inmemory triple store initialize for test
[INFO ] 2016-06-02 13:29:15.640 [main] RestApiTestContext - Inmemory triple store initialize for test
[INFO ] 2016-06-02 13:29:16.386 [main] RestApiTestContext - Inmemory triple store initialize for test
[INFO ] 2016-06-02 13:29:16.440 [main] RestApiTestContext - Inmemory triple store initialize for test
[INFO ] 2016-06-02 13:29:16.720 [main] RestApiTestContext - Inmemory triple store initialize for test
[INFO ] 2016-06-02 13:29:16.956 [main] RestApiTestContext - Inmemory triple store initialize for test
[INFO ] 2016-06-02 13:29:19.866 [main] RestApiTestContext - Inmemory triple store initialize for test
[INFO ] 2016-06-02 13:29:22.724 [main] RestApiTestContext - Inmemory triple store initialize for test
[INFO ] 2016-06-02 13:29:22.773 [main] RestApiTestContext - Inmemory triple store initialize for test
[INFO ] 2016-06-02 13:29:22.943 [main] RestApiTestContext - Inmemory triple store initialize for test
[INFO ] 2016-06-02 13:29:23.027 [main] RestApiTestContext - Inmemory triple store initialize for test
[INFO ] 2016-06-02 13:29:24.230 [main] RestApiTestContext - Inmemory triple store initialize for test
[INFO ] 2016-06-02 13:29:24.237 [main] RestApiTestContext - Inmemory triple store initialize for test
[INFO ] 2016-06-02 13:29:24.994 [main] RestApiTestContext - Inmemory triple store initialize for test
[INFO ] 2016-06-02 13:29:25.050 [main] RestApiTestContext - Inmemory triple store initialize for test
[INFO ] 2016-06-02 13:29:25.204 [main] RestApiTestContext - Inmemory triple store initialize for test
[INFO ] 2016-06-02 13:29:25.322 [main] RestApiTestContext - Inmemory triple store initialize for test
[INFO ] 2016-06-02 13:29:25.462 [main] RestApiTestContext - Inmemory triple store initialize for test
[INFO ] 2016-06-02 13:29:25.672 [main] RestApiTestContext - Inmemory triple store initialize for test
[INFO ] 2016-06-02 13:29:26.094 [main] RestApiTestContext - Inmemory triple store initialize for test
[INFO ] 2016-06-02 13:29:26.128 [main] RestApiTestContext - Inmemory triple store initialize for test
[INFO ] 2016-06-02 13:29:29.556 [main] RestApiTestContext - Inmemory triple store initialize for test
[INFO ] 2016-06-02 13:29:29.634 [main] RestApiTestContext - Inmemory triple store initialize for test
[INFO ] 2016-06-02 13:29:29.790 [main] RestApiTestContext - Inmemory triple store initialize for test
[INFO ] 2016-06-02 13:29:29.851 [main] RestApiTestContext - Inmemory triple store initialize for test
[INFO ] 2016-06-02 13:29:30.077 [main] RestApiTestContext - Inmemory triple store initialize for test
[INFO ] 2016-06-02 13:29:30.107 [main] RestApiTestContext - Inmemory triple store initialize for test
[INFO ] 2016-06-02 13:29:30.372 [main] RestApiTestContext - Inmemory triple store initialize for test
[INFO ] 2016-06-02 13:29:30.421 [main] RestApiTestContext - Inmemory triple store initialize for test
[INFO ] 2016-06-02 13:29:30.616 [main] RestApiTestContext - Inmemory triple store initialize for test
[INFO ] 2016-06-02 13:29:30.699 [main] RestApiTestContext - Inmemory triple store initialize for test
[INFO ] 2016-06-02 13:29:31.515 [main] RestApiTestContext - Inmemory triple store initialize for test
[INFO ] 2016-06-02 13:29:36.444 [main] RestApiTestContext - Inmemory triple store initialize for test
[INFO ] 2016-06-02 13:29:36.496 [main] RestApiTestContext - Inmemory triple store initialize for test
[INFO ] 2016-06-02 13:29:36.595 [main] RestApiTestContext - Inmemory triple store initialize for test
[INFO ] 2016-06-02 13:29:36.746 [main] RestApiTestContext - Inmemory triple store initialize for test
[INFO ] 2016-06-02 13:29:36.814 [main] RestApiTestContext - Inmemory triple store initialize for test
[INFO ] 2016-06-02 13:29:36.978 [main] RestApiTestContext - Inmemory triple store initialize for test
[INFO ] 2016-06-02 13:29:37.152 [main] RestApiTestContext - Inmemory triple store initialize for test
[INFO ] 2016-06-02 13:29:37.235 [main] RestApiTestContext - Inmemory triple store initialize for test
[INFO ] 2016-06-02 13:29:37.371 [main] RestApiTestContext - Inmemory triple store initialize for test
[INFO ] 2016-06-02 13:29:37.391 [main] RestApiTestContext - Inmemory triple store initialize for test
[INFO ] 2016-06-02 13:29:37.523 [main] RestApiTestContext - Inmemory triple store initialize for test
[INFO ] 2016-06-02 13:29:37.630 [main] RestApiTestContext - Inmemory triple store initialize for test
[INFO ] 2016-06-02 13:29:38.468 [main] RestApiTestContext - Inmemory triple store initialize for test
[INFO ] 2016-06-02 13:29:38.482 [main] RestApiTestContext - Inmemory triple store initialize for test
[INFO ] 2016-06-02 13:29:38.648 [main] RestApiTestContext - Inmemory triple store initialize for test
[INFO ] 2016-06-02 13:29:39.952 [main] RestApiTestContext - Inmemory triple store initialize for test
[INFO ] 2016-06-02 13:29:40.066 [main] RestApiTestContext - Inmemory triple store initialize for test
[INFO ] 2016-06-02 13:29:40.730 [main] RestApiTestContext - Inmemory triple store initialize for test
[INFO ] 2016-06-02 13:29:43.868 [main] RestApiTestContext - Inmemory triple store initialize for test
[INFO ] 2016-06-02 13:29:43.879 [main] RestApiTestContext - Inmemory triple store initialize for test
[INFO ] 2016-06-02 13:29:44.022 [main] RestApiTestContext - Inmemory triple store initialize for test
[INFO ] 2016-06-02 13:29:44.076 [main] RestApiTestContext - Inmemory triple store initialize for test
[INFO ] 2016-06-02 13:29:46.393 [main] RestApiTestContext - Inmemory triple store initialize for test
[INFO ] 2016-06-02 13:29:46.393 [main] RestApiTestContext - Inmemory triple store initialize for test
[INFO ] 2016-06-02 13:29:56.184 [main] RestApiTestContext - Inmemory triple store initialize for test
[INFO ] 2016-06-02 13:29:56.185 [main] RestApiTestContext - Inmemory triple store initialize for test
[INFO ] 2016-06-02 13:29:56.304 [main] RestApiTestContext - Inmemory triple store initialize for test
[INFO ] 2016-06-02 13:29:56.332 [main] RestApiTestContext - Inmemory triple store initialize for test
[INFO ] 2016-06-02 13:29:56.504 [main] RestApiTestContext - Inmemory triple store initialize for test
[INFO ] 2016-06-02 13:29:56.726 [main] RestApiTestContext - Inmemory triple store initialize for test
