 - - [24/02/2016:13:17:26 -0504] "GET /textmining/gene-disease-association_lumc/dummy http" 404 
 - - [24/02/2016:13:17:26 -0515] "GET /textmining/gene-disease-association_lumc/sparql http" 200 
 - - [24/02/2016:13:17:26 -0522] "GET /textmining/gene-disease-association_lumc/sparql http" 200 858
 - - [24/02/2016:13:17:26 -0526] "GET /textmining/gene-disease-association_lumc/sparql http" 200 858
 - - [24/02/2016:13:17:26 -0529] "GET /textmining/gene-disease-association_lumc/sparql http" 200 858
 - - [24/02/2016:13:17:26 -0533] "GET /textmining/gene-disease-association_lumc/sparql http" 200 
 - - [24/02/2016:13:17:26 -0541] "GET /textmining/gene-disease-association_lumc/sparql http" 200 
 - - [24/02/2016:13:17:27 -0079] "GET /textmining/gene-disease-association_lumc http" 200 
 - - [24/02/2016:13:17:27 -0085] "GET /textmining http" 200 
 - - [24/02/2016:13:17:27 -0090] "GET /textmining http" 200 912
 - - [24/02/2016:13:17:27 -0093] "GET /textmining/gene-disease-association_lumc http" 200 912
 - - [24/02/2016:13:17:27 -0097] "GET /textmining/gene-disease-association_lumc http" 200 912
 - - [24/02/2016:13:17:27 -0101] "GET /textmining/dumpy http" 404 
 - - [24/02/2016:13:17:27 -0104] "GET /textmining http" 200 
 - - [24/02/2016:13:17:27 -0110] "GET /textmining http" 200 
 - - [24/02/2016:13:17:27 -0113] "GET /dumpy http" 404 
 - - [24/02/2016:13:17:57 -0035] "GET /textmining/gene-disease-association_lumc/dummy http" 404 
 - - [24/02/2016:13:17:57 -0046] "GET /textmining/gene-disease-association_lumc/sparql http" 200 
 - - [24/02/2016:13:17:57 -0053] "GET /textmining/gene-disease-association_lumc/sparql http" 200 858
 - - [24/02/2016:13:17:57 -0057] "GET /textmining/gene-disease-association_lumc/sparql http" 200 858
 - - [24/02/2016:13:17:57 -0060] "GET /textmining/gene-disease-association_lumc/sparql http" 200 858
 - - [24/02/2016:13:17:57 -0064] "GET /textmining/gene-disease-association_lumc/sparql http" 200 
 - - [24/02/2016:13:17:57 -0072] "GET /textmining/gene-disease-association_lumc/sparql http" 200 
 - - [24/02/2016:13:17:57 -0580] "GET /textmining/gene-disease-association_lumc http" 200 
 - - [24/02/2016:13:17:57 -0585] "GET /textmining http" 200 
 - - [24/02/2016:13:17:57 -0588] "GET /textmining http" 200 912
 - - [24/02/2016:13:17:57 -0591] "GET /textmining/gene-disease-association_lumc http" 200 912
 - - [24/02/2016:13:17:57 -0595] "GET /textmining/gene-disease-association_lumc http" 200 912
 - - [24/02/2016:13:17:57 -0599] "GET /textmining/dumpy http" 404 
 - - [24/02/2016:13:17:57 -0602] "GET /textmining http" 200 
 - - [24/02/2016:13:17:57 -0607] "GET /textmining http" 200 
 - - [24/02/2016:13:17:57 -0610] "GET /dumpy http" 404 
 - - [24/02/2016:13:39:04 -0112] "GET /textmining/gene-disease-association_lumc/dummy http" 404 
 - - [24/02/2016:13:39:04 -0123] "GET /textmining/gene-disease-association_lumc/sparql http" 200 
 - - [24/02/2016:13:39:04 -0130] "GET /textmining/gene-disease-association_lumc/sparql http" 200 882
 - - [24/02/2016:13:39:04 -0133] "GET /textmining/gene-disease-association_lumc/sparql http" 200 882
 - - [24/02/2016:13:39:04 -0137] "GET /textmining/gene-disease-association_lumc/sparql http" 200 882
 - - [24/02/2016:13:39:04 -0141] "GET /textmining/gene-disease-association_lumc/sparql http" 200 
 - - [24/02/2016:13:39:04 -0149] "GET /textmining/gene-disease-association_lumc/sparql http" 200 
 - - [24/02/2016:13:39:04 -0681] "GET /textmining/gene-disease-association_lumc http" 200 
 - - [24/02/2016:13:39:04 -0686] "GET /textmining http" 200 
 - - [24/02/2016:13:39:04 -0689] "GET /textmining http" 200 936
 - - [24/02/2016:13:39:04 -0693] "GET /textmining/gene-disease-association_lumc http" 200 936
 - - [24/02/2016:13:39:04 -0697] "GET /textmining/gene-disease-association_lumc http" 200 936
 - - [24/02/2016:13:39:04 -0700] "GET /textmining/dumpy http" 404 
 - - [24/02/2016:13:39:04 -0703] "GET /textmining http" 200 
 - - [24/02/2016:13:39:04 -0708] "GET /textmining http" 200 
 - - [24/02/2016:13:39:04 -0711] "GET /dumpy http" 404 
 - - [24/02/2016:13:45:10 -0377] "GET /textmining/gene-disease-association_lumc/dummy http" 404 
 - - [24/02/2016:13:45:10 -0387] "GET /textmining/gene-disease-association_lumc/sparql http" 200 
 - - [24/02/2016:13:45:10 -0394] "GET /textmining/gene-disease-association_lumc/sparql http" 200 882
 - - [24/02/2016:13:45:10 -0397] "GET /textmining/gene-disease-association_lumc/sparql http" 200 882
 - - [24/02/2016:13:45:10 -0401] "GET /textmining/gene-disease-association_lumc/sparql http" 200 882
 - - [24/02/2016:13:45:10 -0405] "GET /textmining/gene-disease-association_lumc/sparql http" 200 
 - - [24/02/2016:13:45:10 -0412] "GET /textmining/gene-disease-association_lumc/sparql http" 200 
 - - [24/02/2016:13:45:10 -0914] "GET /textmining/gene-disease-association_lumc http" 200 
 - - [24/02/2016:13:45:10 -0919] "GET /textmining http" 200 
 - - [24/02/2016:13:45:10 -0922] "GET /textmining http" 200 936
 - - [24/02/2016:13:45:10 -0925] "GET /textmining/gene-disease-association_lumc http" 200 936
 - - [24/02/2016:13:45:10 -0929] "GET /textmining/gene-disease-association_lumc http" 200 936
 - - [24/02/2016:13:45:10 -0933] "GET /textmining/dumpy http" 404 
 - - [24/02/2016:13:45:10 -0935] "GET /textmining http" 200 
 - - [24/02/2016:13:45:10 -0941] "GET /textmining http" 200 
 - - [24/02/2016:13:45:10 -0944] "GET /dumpy http" 404 
 - - [24/02/2016:13:47:32 -0094] "GET /textmining/gene-disease-association_lumc/dummy http" 404 
 - - [24/02/2016:13:47:32 -0105] "GET /textmining/gene-disease-association_lumc/sparql http" 200 
 - - [24/02/2016:13:47:32 -0113] "GET /textmining/gene-disease-association_lumc/sparql http" 200 882
 - - [24/02/2016:13:47:32 -0116] "GET /textmining/gene-disease-association_lumc/sparql http" 200 882
 - - [24/02/2016:13:47:32 -0120] "GET /textmining/gene-disease-association_lumc/sparql http" 200 882
 - - [24/02/2016:13:47:32 -0124] "GET /textmining/gene-disease-association_lumc/sparql http" 200 
 - - [24/02/2016:13:47:32 -0132] "GET /textmining/gene-disease-association_lumc/sparql http" 200 
 - - [24/02/2016:13:47:32 -0692] "GET /textmining/gene-disease-association_lumc http" 200 
 - - [24/02/2016:13:47:32 -0697] "GET /textmining http" 200 
 - - [24/02/2016:13:47:32 -0701] "GET /textmining http" 200 936
 - - [24/02/2016:13:47:32 -0704] "GET /textmining/gene-disease-association_lumc http" 200 936
 - - [24/02/2016:13:47:32 -0708] "GET /textmining/gene-disease-association_lumc http" 200 936
 - - [24/02/2016:13:47:32 -0712] "GET /textmining/dumpy http" 404 
 - - [24/02/2016:13:47:32 -0715] "GET /textmining http" 200 
 - - [24/02/2016:13:47:32 -0723] "GET /textmining http" 200 
 - - [24/02/2016:13:47:32 -0726] "GET /dumpy http" 404 
 - - [24/02/2016:13:50:59 -0072] "GET /textmining/gene-disease-association_lumc/dummy http" 404 
 - - [24/02/2016:13:50:59 -0082] "GET /textmining/gene-disease-association_lumc/sparql http" 200 
 - - [24/02/2016:13:50:59 -0089] "GET /textmining/gene-disease-association_lumc/sparql http" 200 882
 - - [24/02/2016:13:50:59 -0093] "GET /textmining/gene-disease-association_lumc/sparql http" 200 882
 - - [24/02/2016:13:50:59 -0096] "GET /textmining/gene-disease-association_lumc/sparql http" 200 882
 - - [24/02/2016:13:50:59 -0100] "GET /textmining/gene-disease-association_lumc/sparql http" 200 
 - - [24/02/2016:13:50:59 -0108] "GET /textmining/gene-disease-association_lumc/sparql http" 200 
 - - [24/02/2016:13:50:59 -0608] "GET /textmining/gene-disease-association_lumc http" 200 
 - - [24/02/2016:13:50:59 -0613] "GET /textmining http" 200 
 - - [24/02/2016:13:50:59 -0616] "GET /textmining http" 200 936
 - - [24/02/2016:13:50:59 -0620] "GET /textmining/gene-disease-association_lumc http" 200 936
 - - [24/02/2016:13:50:59 -0624] "GET /textmining/gene-disease-association_lumc http" 200 936
 - - [24/02/2016:13:50:59 -0627] "GET /textmining/dumpy http" 404 
 - - [24/02/2016:13:50:59 -0630] "GET /textmining http" 200 
 - - [24/02/2016:13:50:59 -0635] "GET /textmining http" 200 
 - - [24/02/2016:13:50:59 -0638] "GET /dumpy http" 404 
 - - [24/02/2016:14:20:21 -0749] "GET /textmining/gene-disease-association_lumc/dummy http" 404 
 - - [24/02/2016:14:20:21 -0761] "GET /textmining/gene-disease-association_lumc/sparql http" 200 
 - - [24/02/2016:14:20:21 -0769] "GET /textmining/gene-disease-association_lumc/sparql http" 200 882
 - - [24/02/2016:14:20:21 -0773] "GET /textmining/gene-disease-association_lumc/sparql http" 200 882
 - - [24/02/2016:14:20:21 -0777] "GET /textmining/gene-disease-association_lumc/sparql http" 200 882
 - - [24/02/2016:14:20:21 -0781] "GET /textmining/gene-disease-association_lumc/sparql http" 200 
 - - [24/02/2016:14:20:21 -0790] "GET /textmining/gene-disease-association_lumc/sparql http" 200 
 - - [24/02/2016:14:20:22 -0319] "GET /textmining/gene-disease-association_lumc http" 200 
 - - [24/02/2016:14:20:22 -0325] "GET /textmining http" 200 
 - - [24/02/2016:14:20:22 -0328] "GET /textmining http" 200 936
 - - [24/02/2016:14:20:22 -0332] "GET /textmining/gene-disease-association_lumc http" 200 936
 - - [24/02/2016:14:20:22 -0336] "GET /textmining/gene-disease-association_lumc http" 200 936
 - - [24/02/2016:14:20:22 -0340] "GET /textmining/dumpy http" 404 
 - - [24/02/2016:14:20:22 -0343] "GET /textmining http" 200 
 - - [24/02/2016:14:20:22 -0349] "GET /textmining http" 200 
 - - [24/02/2016:14:20:22 -0352] "GET /dumpy http" 404 
 - - [19/07/2016:15:20:23 -0224] "GET /textmining/gene-disease-association_lumc/dummy http" 404 
 - - [19/07/2016:15:20:23 -0229] "GET /textmining/gene-disease-association_lumc/sparql http" 404 
 - - [19/07/2016:15:20:23 -0232] "GET /textmining/gene-disease-association_lumc/sparql http" 404 
 - - [19/07/2016:15:20:23 -0238] "GET /textmining/gene-disease-association_lumc/sparql http" 404 
 - - [19/07/2016:15:20:24 -0253] "GET /textmining/gene-disease-association_lumc http" 404 
 - - [19/07/2016:15:20:24 -0257] "GET /textmining http" 404 
 - - [19/07/2016:15:20:24 -0261] "GET /textmining/dumpy http" 404 
 - - [19/07/2016:15:20:24 -0263] "GET /textmining http" 404 
 - - [19/07/2016:15:20:24 -0269] "GET /textmining http" 404 
 - - [19/07/2016:15:20:24 -0273] "GET /dumpy http" 404 
 - - [19/07/2016:15:24:08 -0334] "GET /textmining/gene-disease-association_lumc/dummy http" 404 
 - - [19/07/2016:15:24:08 -0339] "GET /textmining/gene-disease-association_lumc/sparql http" 404 
 - - [19/07/2016:15:24:08 -0344] "GET /textmining/gene-disease-association_lumc/sparql http" 404 
 - - [19/07/2016:15:24:08 -0352] "GET /textmining/gene-disease-association_lumc/sparql http" 404 
 - - [19/07/2016:15:24:09 -0096] "GET /textmining/gene-disease-association_lumc http" 404 
 - - [19/07/2016:15:24:09 -0101] "GET /textmining http" 404 
 - - [19/07/2016:15:24:09 -0105] "GET /textmining/dumpy http" 404 
 - - [19/07/2016:15:24:09 -0109] "GET /textmining http" 404 
 - - [19/07/2016:15:24:09 -0121] "GET /textmining http" 404 
 - - [19/07/2016:15:24:09 -0126] "GET /dumpy http" 404 
 - - [19/07/2016:15:27:47 -0226] "GET /textmining/gene-disease-association_lumc/dummy http" 404 
 - - [19/07/2016:15:27:47 -0229] "GET /textmining/gene-disease-association_lumc/sparql http" 404 
 - - [19/07/2016:15:27:47 -0233] "GET /textmining/gene-disease-association_lumc/sparql http" 404 
 - - [19/07/2016:15:27:47 -0257] "GET /textmining/gene-disease-association_lumc/sparql http" 404 
 - - [19/07/2016:15:27:47 -0874] "GET /textmining/gene-disease-association_lumc http" 404 
 - - [19/07/2016:15:27:47 -0879] "GET /textmining http" 404 
 - - [19/07/2016:15:27:47 -0883] "GET /textmining/dumpy http" 404 
 - - [19/07/2016:15:27:47 -0887] "GET /textmining http" 404 
 - - [19/07/2016:15:27:47 -0893] "GET /textmining http" 404 
 - - [19/07/2016:15:27:47 -0897] "GET /dumpy http" 404 
 - - [19/07/2016:15:29:18 -0282] "GET /textmining/gene-disease-association_lumc/dummy http" 404 
 - - [19/07/2016:15:29:18 -0321] "GET /textmining/gene-disease-association_lumc/sparql http" 404 
 - - [19/07/2016:15:29:18 -0327] "GET /textmining/gene-disease-association_lumc/sparql http" 404 
 - - [19/07/2016:15:29:18 -0335] "GET /textmining/gene-disease-association_lumc/sparql http" 404 
 - - [19/07/2016:15:29:19 -0402] "GET /textmining/gene-disease-association_lumc http" 404 
 - - [19/07/2016:15:29:19 -0406] "GET /textmining http" 404 
 - - [19/07/2016:15:29:19 -0410] "GET /textmining/dumpy http" 404 
 - - [19/07/2016:15:29:19 -0413] "GET /textmining http" 404 
 - - [19/07/2016:15:29:19 -0418] "GET /textmining http" 404 
 - - [19/07/2016:15:29:19 -0422] "GET /dumpy http" 404 
 - - [19/07/2016:15:29:35 -0291] "GET /textmining/gene-disease-association_lumc/dummy http" 404 
 - - [19/07/2016:15:29:35 -0296] "GET /textmining/gene-disease-association_lumc/sparql http" 404 
 - - [19/07/2016:15:29:35 -0300] "GET /textmining/gene-disease-association_lumc/sparql http" 404 
 - - [19/07/2016:15:29:35 -0328] "GET /textmining/gene-disease-association_lumc/sparql http" 404 
 - - [19/07/2016:15:29:36 -0502] "GET /textmining/gene-disease-association_lumc http" 404 
 - - [19/07/2016:15:29:36 -0505] "GET /textmining http" 404 
 - - [19/07/2016:15:29:36 -0508] "GET /textmining/dumpy http" 404 
 - - [19/07/2016:15:29:36 -0510] "GET /textmining http" 404 
 - - [19/07/2016:15:29:36 -0514] "GET /textmining http" 404 
 - - [19/07/2016:15:29:36 -0517] "GET /dumpy http" 404 
 - - [19/07/2016:17:03:28 -0589] "GET /textmining/gene-disease-association_lumc/dummy http" 404 
 - - [19/07/2016:17:03:28 -0594] "GET /textmining/gene-disease-association_lumc/sparql http" 404 
 - - [19/07/2016:17:03:28 -0628] "GET /textmining/gene-disease-association_lumc/sparql http" 404 
 - - [19/07/2016:17:03:28 -0636] "GET /textmining/gene-disease-association_lumc/sparql http" 404 
 - - [19/07/2016:17:03:29 -0535] "GET /textmining/gene-disease-association_lumc http" 404 
 - - [19/07/2016:17:03:29 -0538] "GET /textmining http" 404 
 - - [19/07/2016:17:03:29 -0541] "GET /textmining/dumpy http" 404 
 - - [19/07/2016:17:03:29 -0544] "GET /textmining http" 404 
 - - [19/07/2016:17:03:29 -0548] "GET /textmining http" 404 
 - - [19/07/2016:17:03:29 -0551] "GET /dumpy http" 404 
 - - [19/07/2016:17:07:13 -0334] "GET /textmining/gene-disease-association_lumc/dummy http" 404 
 - - [19/07/2016:17:07:13 -0363] "GET /textmining/gene-disease-association_lumc/sparql http" 404 
 - - [19/07/2016:17:07:13 -0368] "GET /textmining/gene-disease-association_lumc/sparql http" 404 
 - - [19/07/2016:17:07:13 -0375] "GET /textmining/gene-disease-association_lumc/sparql http" 404 
 - - [19/07/2016:17:07:14 -0386] "GET /textmining/gene-disease-association_lumc http" 404 
 - - [19/07/2016:17:07:14 -0390] "GET /textmining http" 404 
 - - [19/07/2016:17:07:14 -0393] "GET /textmining/dumpy http" 404 
 - - [19/07/2016:17:07:14 -0396] "GET /textmining http" 404 
 - - [19/07/2016:17:07:14 -0402] "GET /textmining http" 404 
 - - [19/07/2016:17:07:14 -0406] "GET /dumpy http" 404 
 - - [19/07/2016:17:09:36 -0539] "GET /textmining/gene-disease-association_lumc/dummy http" 404 
 - - [19/07/2016:17:09:36 -0543] "GET /textmining/gene-disease-association_lumc/sparql http" 404 
 - - [19/07/2016:17:09:36 -0548] "GET /textmining/gene-disease-association_lumc/sparql http" 404 
 - - [19/07/2016:17:09:36 -0557] "GET /textmining/gene-disease-association_lumc/sparql http" 404 
 - - [19/07/2016:17:09:37 -0645] "GET /textmining/gene-disease-association_lumc http" 404 
 - - [19/07/2016:17:09:37 -0649] "GET /textmining http" 404 
 - - [19/07/2016:17:09:37 -0652] "GET /textmining/dumpy http" 404 
 - - [19/07/2016:17:09:37 -0655] "GET /textmining http" 404 
 - - [19/07/2016:17:09:37 -0659] "GET /textmining http" 404 
 - - [19/07/2016:17:09:37 -0665] "GET /dumpy http" 404 
 - - [19/07/2016:17:27:38 -0859] "GET /textmining/gene-disease-association_lumc/dummy http" 404 
 - - [19/07/2016:17:27:38 -0864] "GET /textmining/gene-disease-association_lumc/sparql http" 200 
 - - [19/07/2016:17:27:38 -0873] "GET /textmining/gene-disease-association_lumc/sparql http" 200 928
 - - [19/07/2016:17:27:38 -0876] "GET /textmining/gene-disease-association_lumc/sparql http" 200 928
 - - [19/07/2016:17:27:38 -0902] "GET /textmining/gene-disease-association_lumc/sparql http" 200 928
 - - [19/07/2016:17:27:38 -0906] "GET /textmining/gene-disease-association_lumc/sparql http" 200 
 - - [19/07/2016:17:27:38 -0913] "GET /textmining/gene-disease-association_lumc/sparql http" 200 
 - - [19/07/2016:17:27:39 -0618] "GET /textmining/gene-disease-association_lumc http" 200 
 - - [19/07/2016:17:27:39 -0621] "GET /textmining http" 200 
 - - [19/07/2016:17:27:39 -0623] "GET /textmining http" 200 975
 - - [19/07/2016:17:27:39 -0625] "GET /textmining/gene-disease-association_lumc http" 200 975
 - - [19/07/2016:17:27:39 -0628] "GET /textmining/gene-disease-association_lumc http" 200 975
 - - [19/07/2016:17:27:39 -0633] "GET /textmining/dumpy http" 404 
 - - [19/07/2016:17:27:39 -0638] "GET /textmining http" 200 
 - - [19/07/2016:17:27:39 -0644] "GET /textmining http" 200 
 - - [19/07/2016:17:27:39 -0647] "GET /dumpy http" 404 
 - - [19/07/2016:17:33:13 -0027] "GET /textmining/gene-disease-association_lumc/dummy http" 404 
 - - [19/07/2016:17:33:13 -0031] "GET /textmining/gene-disease-association_lumc/sparql http" 200 
 - - [19/07/2016:17:33:13 -0039] "GET /textmining/gene-disease-association_lumc/sparql http" 200 928
 - - [19/07/2016:17:33:13 -0042] "GET /textmining/gene-disease-association_lumc/sparql http" 200 928
 - - [19/07/2016:17:33:13 -0045] "GET /textmining/gene-disease-association_lumc/sparql http" 200 928
 - - [19/07/2016:17:33:13 -0051] "GET /textmining/gene-disease-association_lumc/sparql http" 200 
 - - [19/07/2016:17:33:13 -0059] "GET /textmining/gene-disease-association_lumc/sparql http" 200 
 - - [19/07/2016:17:33:13 -0389] "GET /textmining/gene-disease-association_lumc http" 200 
 - - [19/07/2016:17:33:13 -0393] "GET /textmining http" 200 
 - - [19/07/2016:17:33:13 -0394] "GET /textmining http" 200 975
 - - [19/07/2016:17:33:13 -0397] "GET /textmining/gene-disease-association_lumc http" 200 975
 - - [19/07/2016:17:33:13 -0399] "GET /textmining/gene-disease-association_lumc http" 200 975
 - - [19/07/2016:17:33:13 -0402] "GET /textmining/dumpy http" 404 
 - - [19/07/2016:17:33:13 -0404] "GET /textmining http" 200 
 - - [19/07/2016:17:33:13 -0408] "GET /textmining http" 200 
 - - [19/07/2016:17:33:13 -0411] "GET /dumpy http" 404 
 - - [19/07/2016:17:34:10 -0594] "GET /textmining/gene-disease-association_lumc/dummy http" 404 
 - - [19/07/2016:17:34:10 -0599] "GET /textmining/gene-disease-association_lumc/sparql http" 200 
 - - [19/07/2016:17:34:10 -0607] "GET /textmining/gene-disease-association_lumc/sparql http" 200 928
 - - [19/07/2016:17:34:10 -0610] "GET /textmining/gene-disease-association_lumc/sparql http" 200 928
 - - [19/07/2016:17:34:10 -0615] "GET /textmining/gene-disease-association_lumc/sparql http" 200 928
 - - [19/07/2016:17:34:10 -0621] "GET /textmining/gene-disease-association_lumc/sparql http" 200 
 - - [19/07/2016:17:34:10 -0663] "GET /textmining/gene-disease-association_lumc/sparql http" 200 
 - - [19/07/2016:17:34:10 -0985] "GET /textmining/gene-disease-association_lumc http" 200 
 - - [19/07/2016:17:34:10 -0990] "GET /textmining http" 200 
 - - [19/07/2016:17:34:10 -0992] "GET /textmining http" 200 975
 - - [19/07/2016:17:34:10 -0996] "GET /textmining/gene-disease-association_lumc http" 200 975
 - - [19/07/2016:17:34:10 -0999] "GET /textmining/gene-disease-association_lumc http" 200 975
 - - [19/07/2016:17:34:11 -0003] "GET /textmining/dumpy http" 404 
 - - [19/07/2016:17:34:11 -0005] "GET /textmining http" 200 
 - - [19/07/2016:17:34:11 -0010] "GET /textmining http" 200 
 - - [19/07/2016:17:34:11 -0013] "GET /dumpy http" 404 
 - - [19/07/2016:17:37:08 -0432] "GET /textmining/gene-disease-association_lumc/dummy http" 404 
 - - [19/07/2016:17:37:08 -0471] "GET /textmining/gene-disease-association_lumc/sparql http" 200 
 - - [19/07/2016:17:37:08 -0480] "GET /textmining/gene-disease-association_lumc/sparql http" 200 928
 - - [19/07/2016:17:37:08 -0483] "GET /textmining/gene-disease-association_lumc/sparql http" 200 928
 - - [19/07/2016:17:37:08 -0486] "GET /textmining/gene-disease-association_lumc/sparql http" 200 928
 - - [19/07/2016:17:37:08 -0489] "GET /textmining/gene-disease-association_lumc/sparql http" 200 
 - - [19/07/2016:17:37:08 -0498] "GET /textmining/gene-disease-association_lumc/sparql http" 200 
 - - [19/07/2016:17:37:08 -0875] "GET /textmining/gene-disease-association_lumc http" 200 
 - - [19/07/2016:17:37:08 -0880] "GET /textmining http" 200 
 - - [19/07/2016:17:37:08 -0882] "GET /textmining http" 200 975
 - - [19/07/2016:17:37:08 -0884] "GET /textmining/gene-disease-association_lumc http" 200 975
 - - [19/07/2016:17:37:08 -0887] "GET /textmining/gene-disease-association_lumc http" 200 975
 - - [19/07/2016:17:37:08 -0891] "GET /textmining/dumpy http" 404 
 - - [19/07/2016:17:37:08 -0894] "GET /textmining http" 200 
 - - [19/07/2016:17:37:08 -0901] "GET /textmining http" 200 
 - - [19/07/2016:17:37:08 -0905] "GET /dumpy http" 404 
 - - [19/07/2016:17:40:12 -0046] "GET /textmining/gene-disease-association_lumc/dummy http" 404 
 - - [19/07/2016:17:40:12 -0050] "GET /textmining/gene-disease-association_lumc/sparql http" 200 
 - - [19/07/2016:17:40:12 -0057] "GET /textmining/gene-disease-association_lumc/sparql http" 200 928
 - - [19/07/2016:17:40:12 -0059] "GET /textmining/gene-disease-association_lumc/sparql http" 200 928
 - - [19/07/2016:17:40:12 -0061] "GET /textmining/gene-disease-association_lumc/sparql http" 200 928
 - - [19/07/2016:17:40:12 -0064] "GET /textmining/gene-disease-association_lumc/sparql http" 200 
 - - [19/07/2016:17:40:12 -0089] "GET /textmining/gene-disease-association_lumc/sparql http" 200 
 - - [19/07/2016:17:40:12 -0585] "GET /textmining/gene-disease-association_lumc http" 200 
 - - [19/07/2016:17:40:12 -0588] "GET /textmining http" 200 
 - - [19/07/2016:17:40:12 -0590] "GET /textmining http" 200 975
 - - [19/07/2016:17:40:12 -0592] "GET /textmining/gene-disease-association_lumc http" 200 975
 - - [19/07/2016:17:40:12 -0594] "GET /textmining/gene-disease-association_lumc http" 200 975
 - - [19/07/2016:17:40:12 -0596] "GET /textmining/dumpy http" 404 
 - - [19/07/2016:17:40:12 -0598] "GET /textmining http" 200 
 - - [19/07/2016:17:40:12 -0602] "GET /textmining http" 200 
 - - [19/07/2016:17:40:12 -0604] "GET /dumpy http" 404 
 - - [19/07/2016:17:44:06 -0469] "GET /textmining/gene-disease-association_lumc/dummy http" 404 
 - - [19/07/2016:17:44:06 -0473] "GET /textmining/gene-disease-association_lumc/sparql http" 200 
 - - [19/07/2016:17:44:06 -0482] "GET /textmining/gene-disease-association_lumc/sparql http" 200 928
 - - [19/07/2016:17:44:06 -0486] "GET /textmining/gene-disease-association_lumc/sparql http" 200 928
 - - [19/07/2016:17:44:06 -0489] "GET /textmining/gene-disease-association_lumc/sparql http" 200 928
 - - [19/07/2016:17:44:06 -0493] "GET /textmining/gene-disease-association_lumc/sparql http" 200 
 - - [19/07/2016:17:44:06 -0502] "GET /textmining/gene-disease-association_lumc/sparql http" 200 
 - - [19/07/2016:17:44:06 -0883] "GET /textmining/gene-disease-association_lumc http" 200 
 - - [19/07/2016:17:44:06 -0888] "GET /textmining http" 200 
 - - [19/07/2016:17:44:06 -0890] "GET /textmining http" 200 975
 - - [19/07/2016:17:44:06 -0895] "GET /textmining/gene-disease-association_lumc http" 200 975
 - - [19/07/2016:17:44:06 -0899] "GET /textmining/gene-disease-association_lumc http" 200 975
 - - [19/07/2016:17:44:06 -0902] "GET /textmining/dumpy http" 404 
 - - [19/07/2016:17:44:06 -0906] "GET /textmining http" 200 
 - - [19/07/2016:17:44:06 -0913] "GET /textmining http" 200 
 - - [19/07/2016:17:44:06 -0916] "GET /dumpy http" 404 
 - - [19/07/2016:17:44:24 -0860] "GET /textmining/gene-disease-association_lumc/dummy http" 404 
 - - [19/07/2016:17:44:24 -0863] "GET /textmining/gene-disease-association_lumc/sparql http" 200 
 - - [19/07/2016:17:44:24 -0870] "GET /textmining/gene-disease-association_lumc/sparql http" 200 928
 - - [19/07/2016:17:44:24 -0872] "GET /textmining/gene-disease-association_lumc/sparql http" 200 928
 - - [19/07/2016:17:44:24 -0873] "GET /textmining/gene-disease-association_lumc/sparql http" 200 928
 - - [19/07/2016:17:44:24 -0876] "GET /textmining/gene-disease-association_lumc/sparql http" 200 
 - - [19/07/2016:17:44:24 -0881] "GET /textmining/gene-disease-association_lumc/sparql http" 200 
 - - [19/07/2016:17:44:25 -0126] "GET /textmining/gene-disease-association_lumc http" 200 
 - - [19/07/2016:17:44:25 -0129] "GET /textmining http" 200 
 - - [19/07/2016:17:44:25 -0130] "GET /textmining http" 200 975
 - - [19/07/2016:17:44:25 -0132] "GET /textmining/gene-disease-association_lumc http" 200 975
 - - [19/07/2016:17:44:25 -0134] "GET /textmining/gene-disease-association_lumc http" 200 975
 - - [19/07/2016:17:44:25 -0136] "GET /textmining/dumpy http" 404 
 - - [19/07/2016:17:44:25 -0138] "GET /textmining http" 200 
 - - [19/07/2016:17:44:25 -0142] "GET /textmining http" 200 
 - - [19/07/2016:17:44:25 -0145] "GET /dumpy http" 404 
 - - [19/07/2016:17:45:40 -0962] "GET /textmining/gene-disease-association_lumc/dummy http" 404 
 - - [19/07/2016:17:45:40 -0966] "GET /textmining/gene-disease-association_lumc/sparql http" 200 
 - - [19/07/2016:17:45:40 -0975] "GET /textmining/gene-disease-association_lumc/sparql http" 200 928
 - - [19/07/2016:17:45:40 -0977] "GET /textmining/gene-disease-association_lumc/sparql http" 200 928
 - - [19/07/2016:17:45:40 -0980] "GET /textmining/gene-disease-association_lumc/sparql http" 200 928
 - - [19/07/2016:17:45:40 -0984] "GET /textmining/gene-disease-association_lumc/sparql http" 200 
 - - [19/07/2016:17:45:40 -0992] "GET /textmining/gene-disease-association_lumc/sparql http" 200 
 - - [19/07/2016:17:45:41 -0328] "GET /textmining/gene-disease-association_lumc http" 200 
 - - [19/07/2016:17:45:41 -0331] "GET /textmining http" 200 
 - - [19/07/2016:17:45:41 -0333] "GET /textmining http" 200 975
 - - [19/07/2016:17:45:41 -0334] "GET /textmining/gene-disease-association_lumc http" 200 975
 - - [19/07/2016:17:45:41 -0336] "GET /textmining/gene-disease-association_lumc http" 200 975
 - - [19/07/2016:17:45:41 -0339] "GET /textmining/dumpy http" 404 
 - - [19/07/2016:17:45:41 -0343] "GET /textmining http" 200 
 - - [19/07/2016:17:45:41 -0347] "GET /textmining http" 200 
 - - [19/07/2016:17:45:41 -0350] "GET /dumpy http" 404 
 - - [19/07/2016:17:47:42 -0617] "GET /textmining/gene-disease-association_lumc/dummy http" 404 
 - - [19/07/2016:17:47:42 -0621] "GET /textmining/gene-disease-association_lumc/sparql http" 200 
 - - [19/07/2016:17:47:42 -0628] "GET /textmining/gene-disease-association_lumc/sparql http" 200 928
 - - [19/07/2016:17:47:42 -0630] "GET /textmining/gene-disease-association_lumc/sparql http" 200 928
 - - [19/07/2016:17:47:42 -0632] "GET /textmining/gene-disease-association_lumc/sparql http" 200 928
 - - [19/07/2016:17:47:42 -0635] "GET /textmining/gene-disease-association_lumc/sparql http" 200 
 - - [19/07/2016:17:47:42 -0642] "GET /textmining/gene-disease-association_lumc/sparql http" 200 
 - - [19/07/2016:17:47:42 -0969] "GET /textmining/gene-disease-association_lumc http" 200 
 - - [19/07/2016:17:47:42 -0973] "GET /textmining http" 200 
 - - [19/07/2016:17:47:42 -0976] "GET /textmining http" 200 975
 - - [19/07/2016:17:47:42 -0978] "GET /textmining/gene-disease-association_lumc http" 200 975
 - - [19/07/2016:17:47:42 -0981] "GET /textmining/gene-disease-association_lumc http" 200 975
 - - [19/07/2016:17:47:42 -0984] "GET /textmining/dumpy http" 404 
 - - [19/07/2016:17:47:42 -0987] "GET /textmining http" 200 
 - - [19/07/2016:17:47:42 -0994] "GET /textmining http" 200 
 - - [19/07/2016:17:47:42 -0998] "GET /dumpy http" 404 
 - - [19/07/2016:17:51:43 -0153] "GET /textmining/gene-disease-association_lumc/dummy http" 404 
 - - [19/07/2016:17:51:43 -0159] "GET /textmining/gene-disease-association_lumc/sparql http" 200 
 - - [19/07/2016:17:51:43 -0174] "GET /textmining/gene-disease-association_lumc/sparql http" 200 928
 - - [19/07/2016:17:51:43 -0179] "GET /textmining/gene-disease-association_lumc/sparql http" 200 928
 - - [19/07/2016:17:51:43 -0183] "GET /textmining/gene-disease-association_lumc/sparql http" 200 928
 - - [19/07/2016:17:51:43 -0192] "GET /textmining/gene-disease-association_lumc/sparql http" 200 
 - - [19/07/2016:17:51:43 -0215] "GET /textmining/gene-disease-association_lumc/sparql http" 200 
 - - [19/07/2016:17:51:43 -0660] "GET /textmining/gene-disease-association_lumc http" 200 
 - - [19/07/2016:17:51:43 -0664] "GET /textmining http" 200 
 - - [19/07/2016:17:51:43 -0667] "GET /textmining http" 200 975
 - - [19/07/2016:17:51:43 -0669] "GET /textmining/gene-disease-association_lumc http" 200 975
 - - [19/07/2016:17:51:43 -0673] "GET /textmining/gene-disease-association_lumc http" 200 975
 - - [19/07/2016:17:51:43 -0675] "GET /textmining/dumpy http" 404 
 - - [19/07/2016:17:51:43 -0677] "GET /textmining http" 200 
 - - [19/07/2016:17:51:43 -0681] "GET /textmining http" 200 
 - - [19/07/2016:17:51:43 -0684] "GET /dumpy http" 404 
 - - [19/07/2016:17:52:07 -0640] "GET /textmining/gene-disease-association_lumc/dummy http" 404 
 - - [19/07/2016:17:52:07 -0644] "GET /textmining/gene-disease-association_lumc/sparql http" 200 
 - - [19/07/2016:17:52:07 -0651] "GET /textmining/gene-disease-association_lumc/sparql http" 200 928
 - - [19/07/2016:17:52:07 -0654] "GET /textmining/gene-disease-association_lumc/sparql http" 200 928
 - - [19/07/2016:17:52:07 -0657] "GET /textmining/gene-disease-association_lumc/sparql http" 200 928
 - - [19/07/2016:17:52:07 -0662] "GET /textmining/gene-disease-association_lumc/sparql http" 200 
 - - [19/07/2016:17:52:07 -0671] "GET /textmining/gene-disease-association_lumc/sparql http" 200 
 - - [19/07/2016:17:52:07 -0945] "GET /textmining/gene-disease-association_lumc http" 200 
 - - [19/07/2016:17:52:07 -0950] "GET /textmining http" 200 
 - - [19/07/2016:17:52:07 -0951] "GET /textmining http" 200 975
 - - [19/07/2016:17:52:07 -0953] "GET /textmining/gene-disease-association_lumc http" 200 975
 - - [19/07/2016:17:52:07 -0954] "GET /textmining/gene-disease-association_lumc http" 200 975
 - - [19/07/2016:17:52:07 -0957] "GET /textmining/dumpy http" 404 
 - - [19/07/2016:17:52:07 -0959] "GET /textmining http" 200 
 - - [19/07/2016:17:52:07 -0963] "GET /textmining http" 200 
 - - [19/07/2016:17:52:07 -0965] "GET /dumpy http" 404 
 - - [19/07/2016:17:53:38 -0534] "GET /textmining/gene-disease-association_lumc/dummy http" 404 
 - - [19/07/2016:17:53:38 -0538] "GET /textmining/gene-disease-association_lumc/sparql http" 200 
 - - [19/07/2016:17:53:38 -0547] "GET /textmining/gene-disease-association_lumc/sparql http" 200 928
 - - [19/07/2016:17:53:38 -0550] "GET /textmining/gene-disease-association_lumc/sparql http" 200 928
 - - [19/07/2016:17:53:38 -0553] "GET /textmining/gene-disease-association_lumc/sparql http" 200 928
 - - [19/07/2016:17:53:38 -0557] "GET /textmining/gene-disease-association_lumc/sparql http" 200 
 - - [19/07/2016:17:53:38 -0566] "GET /textmining/gene-disease-association_lumc/sparql http" 200 
 - - [19/07/2016:17:53:38 -0867] "GET /textmining/gene-disease-association_lumc http" 200 
 - - [19/07/2016:17:53:38 -0871] "GET /textmining http" 200 
 - - [19/07/2016:17:53:38 -0872] "GET /textmining http" 200 975
 - - [19/07/2016:17:53:38 -0874] "GET /textmining/gene-disease-association_lumc http" 200 975
 - - [19/07/2016:17:53:38 -0876] "GET /textmining/gene-disease-association_lumc http" 200 975
 - - [19/07/2016:17:53:38 -0879] "GET /textmining/dumpy http" 404 
 - - [19/07/2016:17:53:38 -0882] "GET /textmining http" 200 
 - - [19/07/2016:17:53:38 -0888] "GET /textmining http" 200 
 - - [19/07/2016:17:53:38 -0892] "GET /dumpy http" 404 
 - - [19/07/2016:17:54:58 -0550] "GET /textmining/gene-disease-association_lumc/dummy http" 404 
 - - [19/07/2016:17:54:58 -0556] "GET /textmining/gene-disease-association_lumc/sparql http" 200 
 - - [19/07/2016:17:54:58 -0573] "GET /textmining/gene-disease-association_lumc/sparql http" 200 928
 - - [19/07/2016:17:54:58 -0580] "GET /textmining/gene-disease-association_lumc/sparql http" 200 928
 - - [19/07/2016:17:54:58 -0587] "GET /textmining/gene-disease-association_lumc/sparql http" 200 928
 - - [19/07/2016:17:54:58 -0600] "GET /textmining/gene-disease-association_lumc/sparql http" 200 
 - - [19/07/2016:17:54:58 -0623] "GET /textmining/gene-disease-association_lumc/sparql http" 200 
 - - [19/07/2016:17:54:59 -0462] "GET /textmining/gene-disease-association_lumc http" 200 
 - - [19/07/2016:17:54:59 -0475] "GET /textmining http" 200 
 - - [19/07/2016:17:54:59 -0481] "GET /textmining http" 200 975
 - - [19/07/2016:17:54:59 -0501] "GET /textmining/gene-disease-association_lumc http" 200 975
 - - [19/07/2016:17:54:59 -0504] "GET /textmining/gene-disease-association_lumc http" 200 975
 - - [19/07/2016:17:54:59 -0509] "GET /textmining/dumpy http" 404 
 - - [19/07/2016:17:54:59 -0513] "GET /textmining http" 200 
 - - [19/07/2016:17:54:59 -0525] "GET /textmining http" 200 
 - - [19/07/2016:17:54:59 -0535] "GET /dumpy http" 404 
 - - [19/07/2016:17:55:08 -0882] "GET /textmining/gene-disease-association_lumc/dummy http" 404 
 - - [19/07/2016:17:55:08 -0888] "GET /textmining/gene-disease-association_lumc/sparql http" 200 
 - - [19/07/2016:17:55:08 -0904] "GET /textmining/gene-disease-association_lumc/sparql http" 200 928
 - - [19/07/2016:17:55:08 -0908] "GET /textmining/gene-disease-association_lumc/sparql http" 200 928
 - - [19/07/2016:17:55:08 -0911] "GET /textmining/gene-disease-association_lumc/sparql http" 200 928
 - - [19/07/2016:17:55:08 -0916] "GET /textmining/gene-disease-association_lumc/sparql http" 200 
 - - [19/07/2016:17:55:08 -0926] "GET /textmining/gene-disease-association_lumc/sparql http" 200 
 - - [19/07/2016:17:55:09 -0250] "GET /textmining/gene-disease-association_lumc http" 200 
 - - [19/07/2016:17:55:09 -0253] "GET /textmining http" 200 
 - - [19/07/2016:17:55:09 -0255] "GET /textmining http" 200 975
 - - [19/07/2016:17:55:09 -0258] "GET /textmining/gene-disease-association_lumc http" 200 975
 - - [19/07/2016:17:55:09 -0260] "GET /textmining/gene-disease-association_lumc http" 200 975
 - - [19/07/2016:17:55:09 -0262] "GET /textmining/dumpy http" 404 
 - - [19/07/2016:17:55:09 -0265] "GET /textmining http" 200 
 - - [19/07/2016:17:55:09 -0270] "GET /textmining http" 200 
 - - [19/07/2016:17:55:09 -0272] "GET /dumpy http" 404 
 - - [19/07/2016:17:57:07 -0585] "GET /textmining/gene-disease-association_lumc/dummy http" 404 
 - - [19/07/2016:17:57:07 -0588] "GET /textmining/gene-disease-association_lumc/sparql http" 200 
 - - [19/07/2016:17:57:07 -0595] "GET /textmining/gene-disease-association_lumc/sparql http" 200 928
 - - [19/07/2016:17:57:07 -0598] "GET /textmining/gene-disease-association_lumc/sparql http" 200 928
 - - [19/07/2016:17:57:07 -0600] "GET /textmining/gene-disease-association_lumc/sparql http" 200 928
 - - [19/07/2016:17:57:07 -0603] "GET /textmining/gene-disease-association_lumc/sparql http" 200 
 - - [19/07/2016:17:57:07 -0609] "GET /textmining/gene-disease-association_lumc/sparql http" 200 
 - - [19/07/2016:17:57:07 -0898] "GET /textmining/gene-disease-association_lumc http" 200 
 - - [19/07/2016:17:57:07 -0901] "GET /textmining http" 200 
 - - [19/07/2016:17:57:07 -0903] "GET /textmining http" 200 975
 - - [19/07/2016:17:57:07 -0905] "GET /textmining/gene-disease-association_lumc http" 200 975
 - - [19/07/2016:17:57:07 -0908] "GET /textmining/gene-disease-association_lumc http" 200 975
 - - [19/07/2016:17:57:07 -0911] "GET /textmining/dumpy http" 404 
 - - [19/07/2016:17:57:07 -0914] "GET /textmining http" 200 
 - - [19/07/2016:17:57:07 -0919] "GET /textmining http" 200 
 - - [19/07/2016:17:57:07 -0922] "GET /dumpy http" 404 
 - - [19/07/2016:17:59:02 -0622] "GET /textmining/gene-disease-association_lumc/dummy http" 404 
 - - [19/07/2016:17:59:02 -0626] "GET /textmining/gene-disease-association_lumc/sparql http" 200 
 - - [19/07/2016:17:59:02 -0634] "GET /textmining/gene-disease-association_lumc/sparql http" 200 928
 - - [19/07/2016:17:59:02 -0637] "GET /textmining/gene-disease-association_lumc/sparql http" 200 928
 - - [19/07/2016:17:59:02 -0640] "GET /textmining/gene-disease-association_lumc/sparql http" 200 928
 - - [19/07/2016:17:59:02 -0643] "GET /textmining/gene-disease-association_lumc/sparql http" 200 
 - - [19/07/2016:17:59:02 -0649] "GET /textmining/gene-disease-association_lumc/sparql http" 200 
 - - [19/07/2016:17:59:02 -0920] "GET /textmining/gene-disease-association_lumc http" 200 
 - - [19/07/2016:17:59:02 -0924] "GET /textmining http" 200 
 - - [19/07/2016:17:59:02 -0926] "GET /textmining http" 200 975
 - - [19/07/2016:17:59:02 -0928] "GET /textmining/gene-disease-association_lumc http" 200 975
 - - [19/07/2016:17:59:02 -0930] "GET /textmining/gene-disease-association_lumc http" 200 975
 - - [19/07/2016:17:59:02 -0934] "GET /textmining/dumpy http" 404 
 - - [19/07/2016:17:59:02 -0936] "GET /textmining http" 200 
 - - [19/07/2016:17:59:02 -0942] "GET /textmining http" 200 
 - - [19/07/2016:17:59:02 -0945] "GET /dumpy http" 404 
 - - [19/07/2016:18:10:18 -0218] "GET /textmining/gene-disease-association_lumc/dummy http" 404 
 - - [19/07/2016:18:10:18 -0226] "GET /textmining/gene-disease-association_lumc/sparql http" 200 
 - - [19/07/2016:18:10:18 -0256] "GET /textmining/gene-disease-association_lumc/sparql http" 200 928
 - - [19/07/2016:18:10:18 -0264] "GET /textmining/gene-disease-association_lumc/sparql http" 200 928
 - - [19/07/2016:18:10:18 -0269] "GET /textmining/gene-disease-association_lumc/sparql http" 200 928
 - - [19/07/2016:18:10:18 -0275] "GET /textmining/gene-disease-association_lumc/sparql http" 200 
 - - [19/07/2016:18:10:18 -0288] "GET /textmining/gene-disease-association_lumc/sparql http" 200 
 - - [19/07/2016:18:10:19 -0026] "GET /textmining/gene-disease-association_lumc http" 200 
 - - [19/07/2016:18:10:19 -0032] "GET /textmining http" 200 
 - - [19/07/2016:18:10:19 -0036] "GET /textmining http" 200 975
 - - [19/07/2016:18:10:19 -0040] "GET /textmining/gene-disease-association_lumc http" 200 975
 - - [19/07/2016:18:10:19 -0044] "GET /textmining/gene-disease-association_lumc http" 200 975
 - - [19/07/2016:18:10:19 -0048] "GET /textmining/dumpy http" 404 
 - - [19/07/2016:18:10:19 -0052] "GET /textmining http" 200 
 - - [19/07/2016:18:10:19 -0062] "GET /textmining http" 200 
 - - [19/07/2016:18:10:19 -0067] "GET /dumpy http" 404 
 - - [19/07/2016:18:10:41 -0799] "GET /textmining/gene-disease-association_lumc/dummy http" 404 
 - - [19/07/2016:18:10:41 -0803] "GET /textmining/gene-disease-association_lumc/sparql http" 200 
 - - [19/07/2016:18:10:41 -0809] "GET /textmining/gene-disease-association_lumc/sparql http" 200 928
 - - [19/07/2016:18:10:41 -0811] "GET /textmining/gene-disease-association_lumc/sparql http" 200 928
 - - [19/07/2016:18:10:41 -0814] "GET /textmining/gene-disease-association_lumc/sparql http" 200 928
 - - [19/07/2016:18:10:41 -0817] "GET /textmining/gene-disease-association_lumc/sparql http" 200 
 - - [19/07/2016:18:10:41 -0824] "GET /textmining/gene-disease-association_lumc/sparql http" 200 
 - - [19/07/2016:18:10:42 -0132] "GET /textmining/gene-disease-association_lumc http" 200 
 - - [19/07/2016:18:10:42 -0135] "GET /textmining http" 200 
 - - [19/07/2016:18:10:42 -0136] "GET /textmining http" 200 975
 - - [19/07/2016:18:10:42 -0138] "GET /textmining/gene-disease-association_lumc http" 200 975
 - - [19/07/2016:18:10:42 -0139] "GET /textmining/gene-disease-association_lumc http" 200 975
 - - [19/07/2016:18:10:42 -0142] "GET /textmining/dumpy http" 404 
 - - [19/07/2016:18:10:42 -0144] "GET /textmining http" 200 
 - - [19/07/2016:18:10:42 -0150] "GET /textmining http" 200 
 - - [19/07/2016:18:10:42 -0153] "GET /dumpy http" 404 
 - - [19/07/2016:18:14:47 -0255] "GET /textmining/gene-disease-association_lumc/dummy http" 404 
 - - [19/07/2016:18:14:47 -0259] "GET /textmining/gene-disease-association_lumc/sparql http" 200 
 - - [19/07/2016:18:14:47 -0269] "GET /textmining/gene-disease-association_lumc/sparql http" 200 928
 - - [19/07/2016:18:14:47 -0272] "GET /textmining/gene-disease-association_lumc/sparql http" 200 928
 - - [19/07/2016:18:14:47 -0275] "GET /textmining/gene-disease-association_lumc/sparql http" 200 928
 - - [19/07/2016:18:14:47 -0279] "GET /textmining/gene-disease-association_lumc/sparql http" 200 
 - - [19/07/2016:18:14:47 -0288] "GET /textmining/gene-disease-association_lumc/sparql http" 200 
 - - [19/07/2016:18:14:47 -0675] "GET /textmining/gene-disease-association_lumc http" 200 
 - - [19/07/2016:18:14:47 -0679] "GET /textmining http" 200 
 - - [19/07/2016:18:14:47 -0681] "GET /textmining http" 200 975
 - - [19/07/2016:18:14:47 -0684] "GET /textmining/gene-disease-association_lumc http" 200 975
 - - [19/07/2016:18:14:47 -0686] "GET /textmining/gene-disease-association_lumc http" 200 975
 - - [19/07/2016:18:14:47 -0690] "GET /textmining/dumpy http" 404 
 - - [19/07/2016:18:14:47 -0694] "GET /textmining http" 200 
 - - [19/07/2016:18:14:47 -0701] "GET /textmining http" 200 
 - - [19/07/2016:18:14:47 -0705] "GET /dumpy http" 404 
 - - [19/07/2016:18:17:31 -0983] "GET /textmining/gene-disease-association_lumc/dummy http" 404 
 - - [19/07/2016:18:17:31 -0988] "GET /textmining/gene-disease-association_lumc/sparql http" 200 
 - - [19/07/2016:18:17:31 -0999] "GET /textmining/gene-disease-association_lumc/sparql http" 200 928
 - - [19/07/2016:18:17:32 -0002] "GET /textmining/gene-disease-association_lumc/sparql http" 200 928
 - - [19/07/2016:18:17:32 -0006] "GET /textmining/gene-disease-association_lumc/sparql http" 200 928
 - - [19/07/2016:18:17:32 -0011] "GET /textmining/gene-disease-association_lumc/sparql http" 200 
 - - [19/07/2016:18:17:32 -0020] "GET /textmining/gene-disease-association_lumc/sparql http" 200 
 - - [19/07/2016:18:17:32 -0375] "GET /textmining/gene-disease-association_lumc http" 200 
 - - [19/07/2016:18:17:32 -0382] "GET /textmining http" 200 
 - - [19/07/2016:18:17:32 -0388] "GET /textmining http" 200 975
 - - [19/07/2016:18:17:32 -0391] "GET /textmining/gene-disease-association_lumc http" 200 975
 - - [19/07/2016:18:17:32 -0394] "GET /textmining/gene-disease-association_lumc http" 200 975
 - - [19/07/2016:18:17:32 -0398] "GET /textmining/dumpy http" 404 
 - - [19/07/2016:18:17:32 -0401] "GET /textmining http" 200 
 - - [19/07/2016:18:17:32 -0407] "GET /textmining http" 200 
 - - [19/07/2016:18:17:32 -0415] "GET /dumpy http" 404 
 - - [19/07/2016:18:27:49 -0504] "GET /textmining/gene-disease-association_lumc/dummy http" 404 
 - - [19/07/2016:18:27:49 -0508] "GET /textmining/gene-disease-association_lumc/sparql http" 200 
 - - [19/07/2016:18:27:49 -0515] "GET /textmining/gene-disease-association_lumc/sparql http" 200 928
 - - [19/07/2016:18:27:49 -0518] "GET /textmining/gene-disease-association_lumc/sparql http" 200 928
 - - [19/07/2016:18:27:49 -0520] "GET /textmining/gene-disease-association_lumc/sparql http" 200 928
 - - [19/07/2016:18:27:49 -0524] "GET /textmining/gene-disease-association_lumc/sparql http" 200 
 - - [19/07/2016:18:27:49 -0531] "GET /textmining/gene-disease-association_lumc/sparql http" 200 
 - - [19/07/2016:18:27:49 -0826] "GET /textmining/gene-disease-association_lumc http" 200 
 - - [19/07/2016:18:27:49 -0829] "GET /textmining http" 200 
 - - [19/07/2016:18:27:49 -0830] "GET /textmining http" 200 975
 - - [19/07/2016:18:27:49 -0832] "GET /textmining/gene-disease-association_lumc http" 200 975
 - - [19/07/2016:18:27:49 -0834] "GET /textmining/gene-disease-association_lumc http" 200 975
 - - [19/07/2016:18:27:49 -0836] "GET /textmining/dumpy http" 404 
 - - [19/07/2016:18:27:49 -0839] "GET /textmining http" 200 
 - - [19/07/2016:18:27:49 -0843] "GET /textmining http" 200 
 - - [19/07/2016:18:27:49 -0845] "GET /dumpy http" 404 
 - - [19/07/2016:18:31:09 -0027] "GET /textmining/gene-disease-association_lumc/dummy http" 404 
 - - [19/07/2016:18:31:09 -0032] "GET /textmining/gene-disease-association_lumc/sparql http" 200 
 - - [19/07/2016:18:31:09 -0043] "GET /textmining/gene-disease-association_lumc/sparql http" 200 928
 - - [19/07/2016:18:31:09 -0048] "GET /textmining/gene-disease-association_lumc/sparql http" 200 928
 - - [19/07/2016:18:31:09 -0052] "GET /textmining/gene-disease-association_lumc/sparql http" 200 928
 - - [19/07/2016:18:31:09 -0057] "GET /textmining/gene-disease-association_lumc/sparql http" 200 
 - - [19/07/2016:18:31:09 -0066] "GET /textmining/gene-disease-association_lumc/sparql http" 200 
 - - [19/07/2016:18:31:09 -0450] "GET /textmining/gene-disease-association_lumc http" 200 
 - - [19/07/2016:18:31:09 -0454] "GET /textmining http" 200 
 - - [19/07/2016:18:31:09 -0457] "GET /textmining http" 200 975
 - - [19/07/2016:18:31:09 -0459] "GET /textmining/gene-disease-association_lumc http" 200 975
 - - [19/07/2016:18:31:09 -0462] "GET /textmining/gene-disease-association_lumc http" 200 975
 - - [19/07/2016:18:31:09 -0466] "GET /textmining/dumpy http" 404 
 - - [19/07/2016:18:31:09 -0469] "GET /textmining http" 200 
 - - [19/07/2016:18:31:09 -0474] "GET /textmining http" 200 
 - - [19/07/2016:18:31:09 -0477] "GET /dumpy http" 404 
 - - [19/07/2016:18:32:23 -0256] "GET /textmining/gene-disease-association_lumc/dummy http" 404 
 - - [19/07/2016:18:32:23 -0260] "GET /textmining/gene-disease-association_lumc/sparql http" 200 
 - - [19/07/2016:18:32:23 -0269] "GET /textmining/gene-disease-association_lumc/sparql http" 200 928
 - - [19/07/2016:18:32:23 -0272] "GET /textmining/gene-disease-association_lumc/sparql http" 200 928
 - - [19/07/2016:18:32:23 -0275] "GET /textmining/gene-disease-association_lumc/sparql http" 200 928
 - - [19/07/2016:18:32:23 -0279] "GET /textmining/gene-disease-association_lumc/sparql http" 200 
 - - [19/07/2016:18:32:23 -0287] "GET /textmining/gene-disease-association_lumc/sparql http" 200 
 - - [19/07/2016:18:32:23 -0708] "GET /textmining/gene-disease-association_lumc http" 200 
 - - [19/07/2016:18:32:23 -0714] "GET /textmining http" 200 
 - - [19/07/2016:18:32:23 -0717] "GET /textmining http" 200 975
 - - [19/07/2016:18:32:23 -0719] "GET /textmining/gene-disease-association_lumc http" 200 975
 - - [19/07/2016:18:32:23 -0722] "GET /textmining/gene-disease-association_lumc http" 200 975
 - - [19/07/2016:18:32:23 -0725] "GET /textmining/dumpy http" 404 
 - - [19/07/2016:18:32:23 -0728] "GET /textmining http" 200 
 - - [19/07/2016:18:32:23 -0733] "GET /textmining http" 200 
 - - [19/07/2016:18:32:23 -0736] "GET /dumpy http" 404 
 - - [19/07/2016:18:33:10 -0657] "GET /textmining/gene-disease-association_lumc/dummy http" 404 
 - - [19/07/2016:18:33:10 -0661] "GET /textmining/gene-disease-association_lumc/sparql http" 200 
 - - [19/07/2016:18:33:10 -0670] "GET /textmining/gene-disease-association_lumc/sparql http" 200 928
 - - [19/07/2016:18:33:10 -0673] "GET /textmining/gene-disease-association_lumc/sparql http" 200 928
 - - [19/07/2016:18:33:10 -0676] "GET /textmining/gene-disease-association_lumc/sparql http" 200 928
 - - [19/07/2016:18:33:10 -0680] "GET /textmining/gene-disease-association_lumc/sparql http" 200 
 - - [19/07/2016:18:33:10 -0688] "GET /textmining/gene-disease-association_lumc/sparql http" 200 
 - - [19/07/2016:18:33:11 -0076] "GET /textmining/gene-disease-association_lumc http" 200 
 - - [19/07/2016:18:33:11 -0081] "GET /textmining http" 200 
 - - [19/07/2016:18:33:11 -0084] "GET /textmining http" 200 975
 - - [19/07/2016:18:33:11 -0086] "GET /textmining/gene-disease-association_lumc http" 200 975
 - - [19/07/2016:18:33:11 -0089] "GET /textmining/gene-disease-association_lumc http" 200 975
 - - [19/07/2016:18:33:11 -0092] "GET /textmining/dumpy http" 404 
 - - [19/07/2016:18:33:11 -0094] "GET /textmining http" 200 
 - - [19/07/2016:18:33:11 -0100] "GET /textmining http" 200 
 - - [19/07/2016:18:33:11 -0104] "GET /dumpy http" 404 
 - - [19/07/2016:18:34:46 -0933] "GET /textmining/gene-disease-association_lumc/dummy http" 404 
 - - [19/07/2016:18:34:46 -0939] "GET /textmining/gene-disease-association_lumc/sparql http" 200 
 - - [19/07/2016:18:34:46 -0952] "GET /textmining/gene-disease-association_lumc/sparql http" 200 928
 - - [19/07/2016:18:34:46 -0956] "GET /textmining/gene-disease-association_lumc/sparql http" 200 928
 - - [19/07/2016:18:34:46 -0959] "GET /textmining/gene-disease-association_lumc/sparql http" 200 928
 - - [19/07/2016:18:34:46 -0964] "GET /textmining/gene-disease-association_lumc/sparql http" 200 
 - - [19/07/2016:18:34:46 -0975] "GET /textmining/gene-disease-association_lumc/sparql http" 200 
 - - [19/07/2016:18:34:47 -0261] "GET /textmining/gene-disease-association_lumc http" 200 
 - - [19/07/2016:18:34:47 -0265] "GET /textmining http" 200 
 - - [19/07/2016:18:34:47 -0267] "GET /textmining http" 200 975
 - - [19/07/2016:18:34:47 -0269] "GET /textmining/gene-disease-association_lumc http" 200 975
 - - [19/07/2016:18:34:47 -0271] "GET /textmining/gene-disease-association_lumc http" 200 975
 - - [19/07/2016:18:34:47 -0274] "GET /textmining/dumpy http" 404 
 - - [19/07/2016:18:34:47 -0277] "GET /textmining http" 200 
 - - [19/07/2016:18:34:47 -0281] "GET /textmining http" 200 
 - - [19/07/2016:18:34:47 -0284] "GET /dumpy http" 404 
 - - [19/07/2016:18:40:04 -0494] "GET /textmining/gene-disease-association_lumc/dummy http" 404 
 - - [19/07/2016:18:40:04 -0498] "GET /textmining/gene-disease-association_lumc/sparql http" 200 
 - - [19/07/2016:18:40:04 -0505] "GET /textmining/gene-disease-association_lumc/sparql http" 200 928
 - - [19/07/2016:18:40:04 -0509] "GET /textmining/gene-disease-association_lumc/sparql http" 200 928
 - - [19/07/2016:18:40:04 -0511] "GET /textmining/gene-disease-association_lumc/sparql http" 200 928
 - - [19/07/2016:18:40:04 -0515] "GET /textmining/gene-disease-association_lumc/sparql http" 200 
 - - [19/07/2016:18:40:04 -0522] "GET /textmining/gene-disease-association_lumc/sparql http" 200 
 - - [19/07/2016:18:40:04 -0810] "GET /textmining/gene-disease-association_lumc http" 200 
 - - [19/07/2016:18:40:04 -0815] "GET /textmining http" 200 
 - - [19/07/2016:18:40:04 -0818] "GET /textmining http" 200 975
 - - [19/07/2016:18:40:04 -0820] "GET /textmining/gene-disease-association_lumc http" 200 975
 - - [19/07/2016:18:40:04 -0822] "GET /textmining/gene-disease-association_lumc http" 200 975
 - - [19/07/2016:18:40:04 -0824] "GET /textmining/dumpy http" 404 
 - - [19/07/2016:18:40:04 -0827] "GET /textmining http" 200 
 - - [19/07/2016:18:40:04 -0833] "GET /textmining http" 200 
 - - [19/07/2016:18:40:04 -0835] "GET /dumpy http" 404 
 - - [19/07/2016:18:42:54 -0310] "GET /textmining/gene-disease-association_lumc/dummy http" 404 
 - - [19/07/2016:18:42:54 -0314] "GET /textmining/gene-disease-association_lumc/sparql http" 200 
 - - [19/07/2016:18:42:54 -0322] "GET /textmining/gene-disease-association_lumc/sparql http" 200 928
 - - [19/07/2016:18:42:54 -0325] "GET /textmining/gene-disease-association_lumc/sparql http" 200 928
 - - [19/07/2016:18:42:54 -0328] "GET /textmining/gene-disease-association_lumc/sparql http" 200 928
 - - [19/07/2016:18:42:54 -0332] "GET /textmining/gene-disease-association_lumc/sparql http" 200 
 - - [19/07/2016:18:42:54 -0339] "GET /textmining/gene-disease-association_lumc/sparql http" 200 
 - - [19/07/2016:18:42:54 -0736] "GET /textmining/gene-disease-association_lumc http" 200 
 - - [19/07/2016:18:42:54 -0741] "GET /textmining http" 200 
 - - [19/07/2016:18:42:54 -0743] "GET /textmining http" 200 975
 - - [19/07/2016:18:42:54 -0746] "GET /textmining/gene-disease-association_lumc http" 200 975
 - - [19/07/2016:18:42:54 -0749] "GET /textmining/gene-disease-association_lumc http" 200 975
 - - [19/07/2016:18:42:54 -0752] "GET /textmining/dumpy http" 404 
 - - [19/07/2016:18:42:54 -0758] "GET /textmining http" 200 
 - - [19/07/2016:18:42:54 -0765] "GET /textmining http" 200 
 - - [19/07/2016:18:42:54 -0769] "GET /dumpy http" 404 
 - - [19/07/2016:18:46:28 -0203] "GET /textmining/gene-disease-association_lumc/dummy http" 404 
 - - [19/07/2016:18:46:28 -0208] "GET /textmining/gene-disease-association_lumc/sparql http" 200 
 - - [19/07/2016:18:46:28 -0216] "GET /textmining/gene-disease-association_lumc/sparql http" 200 928
 - - [19/07/2016:18:46:28 -0219] "GET /textmining/gene-disease-association_lumc/sparql http" 200 928
 - - [19/07/2016:18:46:28 -0221] "GET /textmining/gene-disease-association_lumc/sparql http" 200 928
 - - [19/07/2016:18:46:28 -0225] "GET /textmining/gene-disease-association_lumc/sparql http" 200 
 - - [19/07/2016:18:46:28 -0233] "GET /textmining/gene-disease-association_lumc/sparql http" 200 
 - - [19/07/2016:18:46:28 -0580] "GET /textmining/gene-disease-association_lumc http" 200 
 - - [19/07/2016:18:46:28 -0583] "GET /textmining http" 200 
 - - [19/07/2016:18:46:28 -0585] "GET /textmining http" 200 975
 - - [19/07/2016:18:46:28 -0587] "GET /textmining/gene-disease-association_lumc http" 200 975
 - - [19/07/2016:18:46:28 -0589] "GET /textmining/gene-disease-association_lumc http" 200 975
 - - [19/07/2016:18:46:28 -0592] "GET /textmining/dumpy http" 404 
 - - [19/07/2016:18:46:28 -0595] "GET /textmining http" 200 
 - - [19/07/2016:18:46:28 -0600] "GET /textmining http" 200 
 - - [19/07/2016:18:46:28 -0602] "GET /dumpy http" 404 
 - - [19/07/2016:18:48:09 -0761] "GET /textmining/gene-disease-association_lumc/dummy http" 404 
 - - [19/07/2016:18:48:09 -0764] "GET /textmining/gene-disease-association_lumc/sparql http" 200 
 - - [19/07/2016:18:48:09 -0773] "GET /textmining/gene-disease-association_lumc/sparql http" 200 928
 - - [19/07/2016:18:48:09 -0775] "GET /textmining/gene-disease-association_lumc/sparql http" 200 928
 - - [19/07/2016:18:48:09 -0776] "GET /textmining/gene-disease-association_lumc/sparql http" 200 928
 - - [19/07/2016:18:48:09 -0779] "GET /textmining/gene-disease-association_lumc/sparql http" 200 
 - - [19/07/2016:18:48:09 -0784] "GET /textmining/gene-disease-association_lumc/sparql http" 200 
 - - [19/07/2016:18:48:10 -0166] "GET /textmining/gene-disease-association_lumc http" 200 
 - - [19/07/2016:18:48:10 -0170] "GET /textmining http" 200 
 - - [19/07/2016:18:48:10 -0172] "GET /textmining http" 200 975
 - - [19/07/2016:18:48:10 -0175] "GET /textmining/gene-disease-association_lumc http" 200 975
 - - [19/07/2016:18:48:10 -0177] "GET /textmining/gene-disease-association_lumc http" 200 975
 - - [19/07/2016:18:48:10 -0181] "GET /textmining/dumpy http" 404 
 - - [19/07/2016:18:48:10 -0184] "GET /textmining http" 200 
 - - [19/07/2016:18:48:10 -0190] "GET /textmining http" 200 
 - - [19/07/2016:18:48:10 -0194] "GET /dumpy http" 404 
 - - [19/07/2016:18:52:51 -0935] "GET /textmining/gene-disease-association_lumc/dummy http" 404 
 - - [19/07/2016:18:52:51 -0940] "GET /textmining/gene-disease-association_lumc/sparql http" 200 
 - - [19/07/2016:18:52:51 -0953] "GET /textmining/gene-disease-association_lumc/sparql http" 200 928
 - - [19/07/2016:18:52:51 -0956] "GET /textmining/gene-disease-association_lumc/sparql http" 200 928
 - - [19/07/2016:18:52:51 -0960] "GET /textmining/gene-disease-association_lumc/sparql http" 200 928
 - - [19/07/2016:18:52:51 -0965] "GET /textmining/gene-disease-association_lumc/sparql http" 200 
 - - [19/07/2016:18:52:51 -0975] "GET /textmining/gene-disease-association_lumc/sparql http" 200 
 - - [19/07/2016:18:52:52 -0343] "GET /textmining/gene-disease-association_lumc http" 200 
 - - [19/07/2016:18:52:52 -0346] "GET /textmining http" 200 
 - - [19/07/2016:18:52:52 -0348] "GET /textmining http" 200 975
 - - [19/07/2016:18:52:52 -0350] "GET /textmining/gene-disease-association_lumc http" 200 975
 - - [19/07/2016:18:52:52 -0352] "GET /textmining/gene-disease-association_lumc http" 200 975
 - - [19/07/2016:18:52:52 -0355] "GET /textmining/dumpy http" 404 
 - - [19/07/2016:18:52:52 -0358] "GET /textmining http" 200 
 - - [19/07/2016:18:52:52 -0363] "GET /textmining http" 200 
 - - [19/07/2016:18:52:52 -0366] "GET /dumpy http" 404 
 - - [19/07/2016:18:56:20 -0875] "GET /textmining/gene-disease-association_lumc/dummy http" 404 
 - - [19/07/2016:18:56:20 -0880] "GET /textmining/gene-disease-association_lumc/sparql http" 200 
 - - [19/07/2016:18:56:20 -0890] "GET /textmining/gene-disease-association_lumc/sparql http" 200 928
 - - [19/07/2016:18:56:20 -0892] "GET /textmining/gene-disease-association_lumc/sparql http" 200 928
 - - [19/07/2016:18:56:20 -0895] "GET /textmining/gene-disease-association_lumc/sparql http" 200 928
 - - [19/07/2016:18:56:20 -0898] "GET /textmining/gene-disease-association_lumc/sparql http" 200 
 - - [19/07/2016:18:56:20 -0905] "GET /textmining/gene-disease-association_lumc/sparql http" 200 
 - - [19/07/2016:18:56:21 -0178] "GET /textmining/gene-disease-association_lumc http" 200 
 - - [19/07/2016:18:56:21 -0181] "GET /textmining http" 200 
 - - [19/07/2016:18:56:21 -0183] "GET /textmining http" 200 975
 - - [19/07/2016:18:56:21 -0185] "GET /textmining/gene-disease-association_lumc http" 200 975
 - - [19/07/2016:18:56:21 -0187] "GET /textmining/gene-disease-association_lumc http" 200 975
 - - [19/07/2016:18:56:21 -0190] "GET /textmining/dumpy http" 404 
 - - [19/07/2016:18:56:21 -0193] "GET /textmining http" 200 
 - - [19/07/2016:18:56:21 -0199] "GET /textmining http" 200 
 - - [19/07/2016:18:56:21 -0202] "GET /dumpy http" 404 
 - - [19/07/2016:19:01:38 -0666] "GET /textmining/gene-disease-association_lumc/dummy http" 404 
 - - [19/07/2016:19:01:38 -0671] "GET /textmining/gene-disease-association_lumc/sparql http" 200 
 - - [19/07/2016:19:01:38 -0680] "GET /textmining/gene-disease-association_lumc/sparql http" 200 928
 - - [19/07/2016:19:01:38 -0683] "GET /textmining/gene-disease-association_lumc/sparql http" 200 928
 - - [19/07/2016:19:01:38 -0686] "GET /textmining/gene-disease-association_lumc/sparql http" 200 928
 - - [19/07/2016:19:01:38 -0690] "GET /textmining/gene-disease-association_lumc/sparql http" 200 
 - - [19/07/2016:19:01:38 -0698] "GET /textmining/gene-disease-association_lumc/sparql http" 200 
 - - [19/07/2016:19:01:39 -0067] "GET /textmining/gene-disease-association_lumc http" 200 
 - - [19/07/2016:19:01:39 -0071] "GET /textmining http" 200 
 - - [19/07/2016:19:01:39 -0074] "GET /textmining http" 200 975
 - - [19/07/2016:19:01:39 -0077] "GET /textmining/gene-disease-association_lumc http" 200 975
 - - [19/07/2016:19:01:39 -0079] "GET /textmining/gene-disease-association_lumc http" 200 975
 - - [19/07/2016:19:01:39 -0082] "GET /textmining/dumpy http" 404 
 - - [19/07/2016:19:01:39 -0084] "GET /textmining http" 200 
 - - [19/07/2016:19:01:39 -0092] "GET /textmining http" 200 
 - - [19/07/2016:19:01:39 -0096] "GET /dumpy http" 404 
 - - [19/07/2016:19:03:11 -0049] "GET /textmining/gene-disease-association_lumc/dummy http" 404 
 - - [19/07/2016:19:03:11 -0052] "GET /textmining/gene-disease-association_lumc/sparql http" 200 
 - - [19/07/2016:19:03:11 -0060] "GET /textmining/gene-disease-association_lumc/sparql http" 200 928
 - - [19/07/2016:19:03:11 -0062] "GET /textmining/gene-disease-association_lumc/sparql http" 200 928
 - - [19/07/2016:19:03:11 -0064] "GET /textmining/gene-disease-association_lumc/sparql http" 200 928
 - - [19/07/2016:19:03:11 -0067] "GET /textmining/gene-disease-association_lumc/sparql http" 200 
 - - [19/07/2016:19:03:11 -0072] "GET /textmining/gene-disease-association_lumc/sparql http" 200 
 - - [19/07/2016:19:03:11 -0449] "GET /textmining/gene-disease-association_lumc http" 200 
 - - [19/07/2016:19:03:11 -0455] "GET /textmining http" 200 
 - - [19/07/2016:19:03:11 -0459] "GET /textmining http" 200 975
 - - [19/07/2016:19:03:11 -0462] "GET /textmining/gene-disease-association_lumc http" 200 975
 - - [19/07/2016:19:03:11 -0465] "GET /textmining/gene-disease-association_lumc http" 200 975
 - - [19/07/2016:19:03:11 -0469] "GET /textmining/dumpy http" 404 
 - - [19/07/2016:19:03:11 -0473] "GET /textmining http" 200 
 - - [19/07/2016:19:03:11 -0480] "GET /textmining http" 200 
 - - [19/07/2016:19:03:11 -0483] "GET /dumpy http" 404 
 - - [19/07/2016:20:13:02 -0199] "GET /textmining/gene-disease-association_lumc/dummy http" 404 
 - - [19/07/2016:20:13:02 -0203] "GET /textmining/gene-disease-association_lumc/sparql http" 200 
 - - [19/07/2016:20:13:02 -0210] "GET /textmining/gene-disease-association_lumc/sparql http" 200 928
 - - [19/07/2016:20:13:02 -0212] "GET /textmining/gene-disease-association_lumc/sparql http" 200 928
 - - [19/07/2016:20:13:02 -0215] "GET /textmining/gene-disease-association_lumc/sparql http" 200 928
 - - [19/07/2016:20:13:02 -0218] "GET /textmining/gene-disease-association_lumc/sparql http" 200 
 - - [19/07/2016:20:13:02 -0226] "GET /textmining/gene-disease-association_lumc/sparql http" 200 
 - - [19/07/2016:20:13:02 -0696] "GET /textmining/gene-disease-association_lumc http" 200 
 - - [19/07/2016:20:13:02 -0703] "GET /textmining http" 200 
 - - [19/07/2016:20:13:02 -0708] "GET /textmining http" 200 975
 - - [19/07/2016:20:13:02 -0712] "GET /textmining/gene-disease-association_lumc http" 200 975
 - - [19/07/2016:20:13:02 -0715] "GET /textmining/gene-disease-association_lumc http" 200 975
 - - [19/07/2016:20:13:02 -0719] "GET /textmining/dumpy http" 404 
 - - [19/07/2016:20:13:02 -0724] "GET /textmining http" 200 
 - - [19/07/2016:20:13:02 -0731] "GET /textmining http" 200 
 - - [19/07/2016:20:13:02 -0735] "GET /dumpy http" 404 
 - - [19/07/2016:20:13:53 -0438] "GET /textmining/gene-disease-association_lumc/dummy http" 404 
 - - [19/07/2016:20:13:53 -0442] "GET /textmining/gene-disease-association_lumc/sparql http" 200 
 - - [19/07/2016:20:13:53 -0450] "GET /textmining/gene-disease-association_lumc/sparql http" 200 928
 - - [19/07/2016:20:13:53 -0453] "GET /textmining/gene-disease-association_lumc/sparql http" 200 928
 - - [19/07/2016:20:13:53 -0455] "GET /textmining/gene-disease-association_lumc/sparql http" 200 928
 - - [19/07/2016:20:13:53 -0460] "GET /textmining/gene-disease-association_lumc/sparql http" 200 
 - - [19/07/2016:20:13:53 -0471] "GET /textmining/gene-disease-association_lumc/sparql http" 200 
 - - [19/07/2016:20:13:53 -0950] "GET /textmining/gene-disease-association_lumc http" 200 
 - - [19/07/2016:20:13:53 -0955] "GET /textmining http" 200 
 - - [19/07/2016:20:13:53 -0960] "GET /textmining http" 200 975
 - - [19/07/2016:20:13:53 -0964] "GET /textmining/gene-disease-association_lumc http" 200 975
 - - [19/07/2016:20:13:53 -0967] "GET /textmining/gene-disease-association_lumc http" 200 975
 - - [19/07/2016:20:13:53 -0972] "GET /textmining/dumpy http" 404 
 - - [19/07/2016:20:13:53 -0975] "GET /textmining http" 200 
 - - [19/07/2016:20:13:53 -0981] "GET /textmining http" 200 
 - - [19/07/2016:20:13:53 -0985] "GET /dumpy http" 404 
 - - [19/07/2016:20:16:02 -0310] "GET /textmining/gene-disease-association_lumc/dummy http" 404 
 - - [19/07/2016:20:16:02 -0314] "GET /textmining/gene-disease-association_lumc/sparql http" 200 
 - - [19/07/2016:20:16:02 -0326] "GET /textmining/gene-disease-association_lumc/sparql http" 200 928
 - - [19/07/2016:20:16:02 -0329] "GET /textmining/gene-disease-association_lumc/sparql http" 200 928
 - - [19/07/2016:20:16:02 -0332] "GET /textmining/gene-disease-association_lumc/sparql http" 200 928
 - - [19/07/2016:20:16:02 -0336] "GET /textmining/gene-disease-association_lumc/sparql http" 200 
 - - [19/07/2016:20:16:02 -0348] "GET /textmining/gene-disease-association_lumc/sparql http" 200 
 - - [19/07/2016:20:16:02 -0745] "GET /textmining/gene-disease-association_lumc http" 200 
 - - [19/07/2016:20:16:02 -0748] "GET /textmining http" 200 
 - - [19/07/2016:20:16:02 -0751] "GET /textmining http" 200 975
 - - [19/07/2016:20:16:02 -0754] "GET /textmining/gene-disease-association_lumc http" 200 975
 - - [19/07/2016:20:16:02 -0756] "GET /textmining/gene-disease-association_lumc http" 200 975
 - - [19/07/2016:20:16:02 -0759] "GET /textmining/dumpy http" 404 
 - - [19/07/2016:20:16:02 -0762] "GET /textmining http" 200 
 - - [19/07/2016:20:16:02 -0769] "GET /textmining http" 200 
 - - [19/07/2016:20:16:02 -0774] "GET /dumpy http" 404 
 - - [19/07/2016:20:39:04 -0139] "GET /textmining/gene-disease-association_lumc/dummy http" 404 
 - - [19/07/2016:20:39:04 -0144] "GET /textmining/gene-disease-association_lumc/sparql http" 200 
 - - [19/07/2016:20:39:04 -0155] "GET /textmining/gene-disease-association_lumc/sparql http" 200 928
 - - [19/07/2016:20:39:04 -0158] "GET /textmining/gene-disease-association_lumc/sparql http" 200 928
 - - [19/07/2016:20:39:04 -0161] "GET /textmining/gene-disease-association_lumc/sparql http" 200 928
 - - [19/07/2016:20:39:04 -0165] "GET /textmining/gene-disease-association_lumc/sparql http" 200 
 - - [19/07/2016:20:39:04 -0175] "GET /textmining/gene-disease-association_lumc/sparql http" 200 
 - - [19/07/2016:20:39:04 -0748] "GET /textmining/gene-disease-association_lumc http" 200 
 - - [19/07/2016:20:39:04 -0757] "GET /textmining http" 200 
 - - [19/07/2016:20:39:04 -0764] "GET /textmining http" 200 975
 - - [19/07/2016:20:39:04 -0773] "GET /textmining/gene-disease-association_lumc http" 200 975
 - - [19/07/2016:20:39:04 -0777] "GET /textmining/gene-disease-association_lumc http" 200 975
 - - [19/07/2016:20:39:04 -0781] "GET /textmining/dumpy http" 404 
 - - [19/07/2016:20:39:04 -0785] "GET /textmining http" 200 
 - - [19/07/2016:20:39:04 -0792] "GET /textmining http" 200 
 - - [19/07/2016:20:39:04 -0796] "GET /dumpy http" 404 
 - - [19/07/2016:21:13:08 -0469] "GET /textmining/gene-disease-association_lumc/dummy http" 404 
 - - [19/07/2016:21:13:08 -0474] "GET /textmining/gene-disease-association_lumc/sparql http" 200 
 - - [19/07/2016:21:13:08 -0482] "GET /textmining/gene-disease-association_lumc/sparql http" 200 928
 - - [19/07/2016:21:13:08 -0484] "GET /textmining/gene-disease-association_lumc/sparql http" 200 928
 - - [19/07/2016:21:13:08 -0487] "GET /textmining/gene-disease-association_lumc/sparql http" 200 928
 - - [19/07/2016:21:13:08 -0491] "GET /textmining/gene-disease-association_lumc/sparql http" 200 
 - - [19/07/2016:21:13:08 -0502] "GET /textmining/gene-disease-association_lumc/sparql http" 200 
 - - [19/07/2016:21:13:08 -0887] "GET /textmining/gene-disease-association_lumc http" 200 
 - - [19/07/2016:21:13:08 -0891] "GET /textmining http" 200 
 - - [19/07/2016:21:13:08 -0893] "GET /textmining http" 200 975
 - - [19/07/2016:21:13:08 -0896] "GET /textmining/gene-disease-association_lumc http" 200 975
 - - [19/07/2016:21:13:08 -0898] "GET /textmining/gene-disease-association_lumc http" 200 975
 - - [19/07/2016:21:13:08 -0901] "GET /textmining/dumpy http" 404 
 - - [19/07/2016:21:13:08 -0905] "GET /textmining http" 200 
 - - [19/07/2016:21:13:08 -0911] "GET /textmining http" 200 
 - - [19/07/2016:21:13:08 -0915] "GET /dumpy http" 404 
 - - [19/07/2016:21:16:51 -0211] "GET /textmining/gene-disease-association_lumc/dummy http" 404 
 - - [19/07/2016:21:16:51 -0218] "GET /textmining/gene-disease-association_lumc/sparql http" 200 
 - - [19/07/2016:21:16:51 -0229] "GET /textmining/gene-disease-association_lumc/sparql http" 200 928
 - - [19/07/2016:21:16:51 -0234] "GET /textmining/gene-disease-association_lumc/sparql http" 200 928
 - - [19/07/2016:21:16:51 -0239] "GET /textmining/gene-disease-association_lumc/sparql http" 200 928
 - - [19/07/2016:21:16:51 -0248] "GET /textmining/gene-disease-association_lumc/sparql http" 200 
 - - [19/07/2016:21:16:51 -0261] "GET /textmining/gene-disease-association_lumc/sparql http" 200 
 - - [19/07/2016:21:16:51 -0713] "GET /textmining/gene-disease-association_lumc http" 200 
 - - [19/07/2016:21:16:51 -0718] "GET /textmining http" 200 
 - - [19/07/2016:21:16:51 -0721] "GET /textmining http" 200 975
 - - [19/07/2016:21:16:51 -0723] "GET /textmining/gene-disease-association_lumc http" 200 975
 - - [19/07/2016:21:16:51 -0727] "GET /textmining/gene-disease-association_lumc http" 200 975
 - - [19/07/2016:21:16:51 -0731] "GET /textmining/dumpy http" 404 
 - - [19/07/2016:21:16:51 -0734] "GET /textmining http" 200 
 - - [19/07/2016:21:16:51 -0741] "GET /textmining http" 200 
 - - [19/07/2016:21:16:51 -0745] "GET /dumpy http" 404 
 - - [19/07/2016:21:36:13 -0412] "GET /textmining/gene-disease-association_lumc/dummy http" 404 
 - - [19/07/2016:21:36:13 -0431] "GET /textmining/gene-disease-association_lumc/sparql http" 200 
 - - [19/07/2016:21:36:13 -0450] "GET /textmining/gene-disease-association_lumc/sparql http" 200 928
 - - [19/07/2016:21:36:13 -0453] "GET /textmining/gene-disease-association_lumc/sparql http" 200 928
 - - [19/07/2016:21:36:13 -0459] "GET /textmining/gene-disease-association_lumc/sparql http" 200 928
 - - [19/07/2016:21:36:13 -0466] "GET /textmining/gene-disease-association_lumc/sparql http" 200 
 - - [19/07/2016:21:36:13 -0479] "GET /textmining/gene-disease-association_lumc/sparql http" 200 
 - - [19/07/2016:21:36:14 -0233] "GET /textmining/gene-disease-association_lumc http" 200 
 - - [19/07/2016:21:36:14 -0240] "GET /textmining http" 200 
 - - [19/07/2016:21:36:14 -0243] "GET /textmining http" 200 975
 - - [19/07/2016:21:36:14 -0247] "GET /textmining/gene-disease-association_lumc http" 200 975
 - - [19/07/2016:21:36:14 -0250] "GET /textmining/gene-disease-association_lumc http" 200 975
 - - [19/07/2016:21:36:14 -0255] "GET /textmining/dumpy http" 404 
 - - [19/07/2016:21:36:14 -0261] "GET /textmining http" 200 
 - - [19/07/2016:21:36:14 -0270] "GET /textmining http" 200 
 - - [19/07/2016:21:36:14 -0276] "GET /dumpy http" 404 
 - - [19/07/2016:21:37:00 -0287] "GET /textmining/gene-disease-association_lumc/dummy http" 404 
 - - [19/07/2016:21:37:00 -0317] "GET /textmining/gene-disease-association_lumc/sparql http" 200 
 - - [19/07/2016:21:37:00 -0337] "GET /textmining/gene-disease-association_lumc/sparql http" 200 928
 - - [19/07/2016:21:37:00 -0343] "GET /textmining/gene-disease-association_lumc/sparql http" 200 928
 - - [19/07/2016:21:37:00 -0349] "GET /textmining/gene-disease-association_lumc/sparql http" 200 928
 - - [19/07/2016:21:37:00 -0363] "GET /textmining/gene-disease-association_lumc/sparql http" 200 
 - - [19/07/2016:21:37:00 -0379] "GET /textmining/gene-disease-association_lumc/sparql http" 200 
 - - [19/07/2016:21:37:01 -0010] "GET /textmining/gene-disease-association_lumc http" 200 
 - - [19/07/2016:21:37:01 -0019] "GET /textmining http" 200 
 - - [19/07/2016:21:37:01 -0023] "GET /textmining http" 200 975
 - - [19/07/2016:21:37:01 -0026] "GET /textmining/gene-disease-association_lumc http" 200 975
 - - [19/07/2016:21:37:01 -0029] "GET /textmining/gene-disease-association_lumc http" 200 975
 - - [19/07/2016:21:37:01 -0034] "GET /textmining/dumpy http" 404 
 - - [19/07/2016:21:37:01 -0039] "GET /textmining http" 200 
 - - [19/07/2016:21:37:01 -0047] "GET /textmining http" 200 
 - - [19/07/2016:21:37:01 -0058] "GET /dumpy http" 404 
 - - [19/07/2016:21:37:40 -0863] "GET /textmining/gene-disease-association_lumc/dummy http" 404 
 - - [19/07/2016:21:37:40 -0885] "GET /textmining/gene-disease-association_lumc/sparql http" 200 
 - - [19/07/2016:21:37:40 -0896] "GET /textmining/gene-disease-association_lumc/sparql http" 200 928
 - - [19/07/2016:21:37:40 -0900] "GET /textmining/gene-disease-association_lumc/sparql http" 200 928
 - - [19/07/2016:21:37:40 -0903] "GET /textmining/gene-disease-association_lumc/sparql http" 200 928
 - - [19/07/2016:21:37:40 -0907] "GET /textmining/gene-disease-association_lumc/sparql http" 200 
 - - [19/07/2016:21:37:40 -0922] "GET /textmining/gene-disease-association_lumc/sparql http" 200 
 - - [19/07/2016:21:37:41 -0380] "GET /textmining/gene-disease-association_lumc http" 200 
 - - [19/07/2016:21:37:41 -0387] "GET /textmining http" 200 
 - - [19/07/2016:21:37:41 -0389] "GET /textmining http" 200 975
 - - [19/07/2016:21:37:41 -0393] "GET /textmining/gene-disease-association_lumc http" 200 975
 - - [19/07/2016:21:37:41 -0398] "GET /textmining/gene-disease-association_lumc http" 200 975
 - - [19/07/2016:21:37:41 -0402] "GET /textmining/dumpy http" 404 
 - - [19/07/2016:21:37:41 -0406] "GET /textmining http" 200 
 - - [19/07/2016:21:37:41 -0417] "GET /textmining http" 200 
 - - [19/07/2016:21:37:41 -0425] "GET /dumpy http" 404 
 - - [19/07/2016:21:39:14 -0460] "GET /textmining/gene-disease-association_lumc/dummy http" 404 
 - - [19/07/2016:21:39:14 -0477] "GET /textmining/gene-disease-association_lumc/sparql http" 200 
 - - [19/07/2016:21:39:14 -0488] "GET /textmining/gene-disease-association_lumc/sparql http" 200 928
 - - [19/07/2016:21:39:14 -0491] "GET /textmining/gene-disease-association_lumc/sparql http" 200 928
 - - [19/07/2016:21:39:14 -0493] "GET /textmining/gene-disease-association_lumc/sparql http" 200 928
 - - [19/07/2016:21:39:14 -0497] "GET /textmining/gene-disease-association_lumc/sparql http" 200 
 - - [19/07/2016:21:39:14 -0504] "GET /textmining/gene-disease-association_lumc/sparql http" 200 
 - - [19/07/2016:21:39:15 -0022] "GET /textmining/gene-disease-association_lumc http" 200 
 - - [19/07/2016:21:39:15 -0028] "GET /textmining http" 200 
 - - [19/07/2016:21:39:15 -0030] "GET /textmining http" 200 975
 - - [19/07/2016:21:39:15 -0034] "GET /textmining/gene-disease-association_lumc http" 200 975
 - - [19/07/2016:21:39:15 -0037] "GET /textmining/gene-disease-association_lumc http" 200 975
 - - [19/07/2016:21:39:15 -0041] "GET /textmining/dumpy http" 404 
 - - [19/07/2016:21:39:15 -0045] "GET /textmining http" 200 
 - - [19/07/2016:21:39:15 -0057] "GET /textmining http" 200 
 - - [19/07/2016:21:39:15 -0062] "GET /dumpy http" 404 
 - - [19/07/2016:21:39:40 -0573] "GET /textmining/gene-disease-association_lumc/dummy http" 404 
 - - [19/07/2016:21:39:40 -0589] "GET /textmining/gene-disease-association_lumc/sparql http" 200 
 - - [19/07/2016:21:39:40 -0599] "GET /textmining/gene-disease-association_lumc/sparql http" 200 928
 - - [19/07/2016:21:39:40 -0601] "GET /textmining/gene-disease-association_lumc/sparql http" 200 928
 - - [19/07/2016:21:39:40 -0603] "GET /textmining/gene-disease-association_lumc/sparql http" 200 928
 - - [19/07/2016:21:39:40 -0607] "GET /textmining/gene-disease-association_lumc/sparql http" 200 
 - - [19/07/2016:21:39:40 -0614] "GET /textmining/gene-disease-association_lumc/sparql http" 200 
 - - [19/07/2016:21:39:41 -0119] "GET /textmining/gene-disease-association_lumc http" 200 
 - - [19/07/2016:21:39:41 -0127] "GET /textmining http" 200 
 - - [19/07/2016:21:39:41 -0131] "GET /textmining http" 200 975
 - - [19/07/2016:21:39:41 -0135] "GET /textmining/gene-disease-association_lumc http" 200 975
 - - [19/07/2016:21:39:41 -0138] "GET /textmining/gene-disease-association_lumc http" 200 975
 - - [19/07/2016:21:39:41 -0142] "GET /textmining/dumpy http" 404 
 - - [19/07/2016:21:39:41 -0145] "GET /textmining http" 200 
 - - [19/07/2016:21:39:41 -0154] "GET /textmining http" 200 
 - - [19/07/2016:21:39:41 -0159] "GET /dumpy http" 404 
 - - [19/07/2016:21:49:12 -0413] "GET /textmining/gene-disease-association_lumc/dummy http" 404 
 - - [19/07/2016:21:49:12 -0430] "GET /textmining/gene-disease-association_lumc/sparql http" 200 
 - - [19/07/2016:21:49:12 -0437] "GET /textmining/gene-disease-association_lumc/sparql http" 200 928
 - - [19/07/2016:21:49:12 -0441] "GET /textmining/gene-disease-association_lumc/sparql http" 200 928
 - - [19/07/2016:21:49:12 -0444] "GET /textmining/gene-disease-association_lumc/sparql http" 200 928
 - - [19/07/2016:21:49:12 -0450] "GET /textmining/gene-disease-association_lumc/sparql http" 200 
 - - [19/07/2016:21:49:12 -0461] "GET /textmining/gene-disease-association_lumc/sparql http" 200 
 - - [19/07/2016:21:49:12 -0963] "GET /textmining/gene-disease-association_lumc http" 200 
 - - [19/07/2016:21:49:12 -0971] "GET /textmining http" 200 
 - - [19/07/2016:21:49:12 -0973] "GET /textmining http" 200 975
 - - [19/07/2016:21:49:12 -0976] "GET /textmining/gene-disease-association_lumc http" 200 975
 - - [19/07/2016:21:49:12 -0979] "GET /textmining/gene-disease-association_lumc http" 200 975
 - - [19/07/2016:21:49:12 -0985] "GET /textmining/dumpy http" 404 
 - - [19/07/2016:21:49:12 -0988] "GET /textmining http" 200 
 - - [19/07/2016:21:49:12 -0996] "GET /textmining http" 200 
 - - [19/07/2016:21:49:13 -0002] "GET /dumpy http" 404 
 - - [19/07/2016:22:23:53 -0383] "GET /textmining/gene-disease-association_lumc/dummy http" 404 
 - - [19/07/2016:22:23:53 -0387] "GET /textmining/gene-disease-association_lumc/sparql http" 200 
 - - [19/07/2016:22:23:53 -0400] "GET /textmining/gene-disease-association_lumc/sparql http" 200 928
 - - [19/07/2016:22:23:53 -0405] "GET /textmining/gene-disease-association_lumc/sparql http" 200 928
 - - [19/07/2016:22:23:53 -0412] "GET /textmining/gene-disease-association_lumc/sparql http" 200 928
 - - [19/07/2016:22:23:53 -0418] "GET /textmining/gene-disease-association_lumc/sparql http" 200 
 - - [19/07/2016:22:23:53 -0427] "GET /textmining/gene-disease-association_lumc/sparql http" 200 
 - - [19/07/2016:22:23:54 -0002] "GET /textmining/gene-disease-association_lumc http" 200 
 - - [19/07/2016:22:23:54 -0005] "GET /textmining http" 200 
 - - [19/07/2016:22:23:54 -0007] "GET /textmining http" 200 975
 - - [19/07/2016:22:23:54 -0009] "GET /textmining/gene-disease-association_lumc http" 200 975
 - - [19/07/2016:22:23:54 -0011] "GET /textmining/gene-disease-association_lumc http" 200 975
 - - [19/07/2016:22:23:54 -0015] "GET /textmining/dumpy http" 404 
 - - [19/07/2016:22:23:54 -0018] "GET /textmining http" 200 
 - - [19/07/2016:22:23:54 -0025] "GET /textmining http" 200 
 - - [19/07/2016:22:23:54 -0031] "GET /dumpy http" 404 
 - - [19/07/2016:22:26:17 -0788] "GET /textmining/gene-disease-association_lumc/dummy http" 404 
 - - [19/07/2016:22:26:17 -0792] "GET /textmining/gene-disease-association_lumc/sparql http" 200 
 - - [19/07/2016:22:26:17 -0801] "GET /textmining/gene-disease-association_lumc/sparql http" 200 928
 - - [19/07/2016:22:26:17 -0803] "GET /textmining/gene-disease-association_lumc/sparql http" 200 928
 - - [19/07/2016:22:26:17 -0806] "GET /textmining/gene-disease-association_lumc/sparql http" 200 928
 - - [19/07/2016:22:26:17 -0809] "GET /textmining/gene-disease-association_lumc/sparql http" 200 
 - - [19/07/2016:22:26:17 -0816] "GET /textmining/gene-disease-association_lumc/sparql http" 200 
 - - [19/07/2016:22:26:18 -0102] "GET /textmining/gene-disease-association_lumc http" 200 
 - - [19/07/2016:22:26:18 -0107] "GET /textmining http" 200 
 - - [19/07/2016:22:26:18 -0110] "GET /textmining http" 200 975
 - - [19/07/2016:22:26:18 -0113] "GET /textmining/gene-disease-association_lumc http" 200 975
 - - [19/07/2016:22:26:18 -0116] "GET /textmining/gene-disease-association_lumc http" 200 975
 - - [19/07/2016:22:26:18 -0120] "GET /textmining/dumpy http" 404 
 - - [19/07/2016:22:26:18 -0124] "GET /textmining http" 200 
 - - [19/07/2016:22:26:18 -0130] "GET /textmining http" 200 
 - - [19/07/2016:22:26:18 -0134] "GET /dumpy http" 404 
 - - [19/07/2016:22:27:40 -0326] "GET /textmining/gene-disease-association_lumc/dummy http" 404 
 - - [19/07/2016:22:27:40 -0332] "GET /textmining/gene-disease-association_lumc/sparql http" 200 
 - - [19/07/2016:22:27:40 -0346] "GET /textmining/gene-disease-association_lumc/sparql http" 200 928
 - - [19/07/2016:22:27:40 -0351] "GET /textmining/gene-disease-association_lumc/sparql http" 200 928
 - - [19/07/2016:22:27:40 -0354] "GET /textmining/gene-disease-association_lumc/sparql http" 200 928
 - - [19/07/2016:22:27:40 -0359] "GET /textmining/gene-disease-association_lumc/sparql http" 200 
 - - [19/07/2016:22:27:40 -0373] "GET /textmining/gene-disease-association_lumc/sparql http" 200 
 - - [19/07/2016:22:27:40 -0849] "GET /textmining/gene-disease-association_lumc http" 200 
 - - [19/07/2016:22:27:40 -0854] "GET /textmining http" 200 
 - - [19/07/2016:22:27:40 -0857] "GET /textmining http" 200 975
 - - [19/07/2016:22:27:40 -0861] "GET /textmining/gene-disease-association_lumc http" 200 975
 - - [19/07/2016:22:27:40 -0865] "GET /textmining/gene-disease-association_lumc http" 200 975
 - - [19/07/2016:22:27:40 -0868] "GET /textmining/dumpy http" 404 
 - - [19/07/2016:22:27:40 -0872] "GET /textmining http" 200 
 - - [19/07/2016:22:27:40 -0878] "GET /textmining http" 200 
 - - [19/07/2016:22:27:40 -0882] "GET /dumpy http" 404 
 - - [19/07/2016:22:27:55 -0368] "GET /textmining/gene-disease-association_lumc/dummy http" 404 
 - - [19/07/2016:22:27:55 -0372] "GET /textmining/gene-disease-association_lumc/sparql http" 200 
 - - [19/07/2016:22:27:55 -0380] "GET /textmining/gene-disease-association_lumc/sparql http" 200 928
 - - [19/07/2016:22:27:55 -0383] "GET /textmining/gene-disease-association_lumc/sparql http" 200 928
 - - [19/07/2016:22:27:55 -0386] "GET /textmining/gene-disease-association_lumc/sparql http" 200 928
 - - [19/07/2016:22:27:55 -0390] "GET /textmining/gene-disease-association_lumc/sparql http" 200 
 - - [19/07/2016:22:27:55 -0399] "GET /textmining/gene-disease-association_lumc/sparql http" 200 
 - - [19/07/2016:22:27:55 -0814] "GET /textmining/gene-disease-association_lumc http" 200 
 - - [19/07/2016:22:27:55 -0820] "GET /textmining http" 200 
 - - [19/07/2016:22:27:55 -0823] "GET /textmining http" 200 975
 - - [19/07/2016:22:27:55 -0826] "GET /textmining/gene-disease-association_lumc http" 200 975
 - - [19/07/2016:22:27:55 -0828] "GET /textmining/gene-disease-association_lumc http" 200 975
 - - [19/07/2016:22:27:55 -0832] "GET /textmining/dumpy http" 404 
 - - [19/07/2016:22:27:55 -0836] "GET /textmining http" 200 
 - - [19/07/2016:22:27:55 -0845] "GET /textmining http" 200 
 - - [19/07/2016:22:27:55 -0849] "GET /dumpy http" 404 
 - - [19/07/2016:22:29:39 -0937] "GET /textmining/gene-disease-association_lumc/dummy http" 404 
 - - [19/07/2016:22:29:39 -0942] "GET /textmining/gene-disease-association_lumc/sparql http" 200 
 - - [19/07/2016:22:29:39 -0951] "GET /textmining/gene-disease-association_lumc/sparql http" 200 928
 - - [19/07/2016:22:29:39 -0953] "GET /textmining/gene-disease-association_lumc/sparql http" 200 928
 - - [19/07/2016:22:29:39 -0955] "GET /textmining/gene-disease-association_lumc/sparql http" 200 928
 - - [19/07/2016:22:29:39 -0959] "GET /textmining/gene-disease-association_lumc/sparql http" 200 
 - - [19/07/2016:22:29:39 -0965] "GET /textmining/gene-disease-association_lumc/sparql http" 200 
 - - [19/07/2016:22:29:40 -0296] "GET /textmining/gene-disease-association_lumc http" 200 
 - - [19/07/2016:22:29:40 -0301] "GET /textmining http" 200 
 - - [19/07/2016:22:29:40 -0304] "GET /textmining http" 200 975
 - - [19/07/2016:22:29:40 -0307] "GET /textmining/gene-disease-association_lumc http" 200 975
 - - [19/07/2016:22:29:40 -0309] "GET /textmining/gene-disease-association_lumc http" 200 975
 - - [19/07/2016:22:29:40 -0313] "GET /textmining/dumpy http" 404 
 - - [19/07/2016:22:29:40 -0315] "GET /textmining http" 200 
 - - [19/07/2016:22:29:40 -0321] "GET /textmining http" 200 
 - - [19/07/2016:22:29:40 -0324] "GET /dumpy http" 404 
 - - [19/07/2016:22:37:10 -0139] "GET /textmining/gene-disease-association_lumc/dummy http" 404 
 - - [19/07/2016:22:37:10 -0144] "GET /textmining/gene-disease-association_lumc/sparql http" 200 
 - - [19/07/2016:22:37:10 -0159] "GET /textmining/gene-disease-association_lumc/sparql http" 200 928
 - - [19/07/2016:22:37:10 -0163] "GET /textmining/gene-disease-association_lumc/sparql http" 200 928
 - - [19/07/2016:22:37:10 -0166] "GET /textmining/gene-disease-association_lumc/sparql http" 200 928
 - - [19/07/2016:22:37:10 -0170] "GET /textmining/gene-disease-association_lumc/sparql http" 200 
 - - [19/07/2016:22:37:10 -0178] "GET /textmining/gene-disease-association_lumc/sparql http" 200 
 - - [19/07/2016:22:37:10 -0621] "GET /textmining/gene-disease-association_lumc http" 200 
 - - [19/07/2016:22:37:10 -0628] "GET /textmining http" 200 
 - - [19/07/2016:22:37:10 -0632] "GET /textmining http" 200 975
 - - [19/07/2016:22:37:10 -0636] "GET /textmining/gene-disease-association_lumc http" 200 975
 - - [19/07/2016:22:37:10 -0639] "GET /textmining/gene-disease-association_lumc http" 200 975
 - - [19/07/2016:22:37:10 -0644] "GET /textmining/dumpy http" 404 
 - - [19/07/2016:22:37:10 -0648] "GET /textmining http" 200 
 - - [19/07/2016:22:37:10 -0654] "GET /textmining http" 200 
 - - [19/07/2016:22:37:10 -0660] "GET /dumpy http" 404 
